2020-12-03T19:16:20.5694793+03:00 [INF] () Application Starting.
2020-12-03T19:16:27.2527948+03:00 [INF] (Microsoft.Hosting.Lifetime) Application started. Press Ctrl+C to shut down.
2020-12-03T19:16:27.2605052+03:00 [INF] (Microsoft.Hosting.Lifetime) Hosting environment: "Production"
2020-12-03T19:16:27.2654870+03:00 [INF] (Microsoft.Hosting.Lifetime) Content root path: "D:\STUDY\ASP\Shop-asp.net-core\BakeryShop\BakeryShop"
2020-12-03T19:16:34.8237156+03:00 [INF] (Microsoft.EntityFrameworkCore.Database.Command) Executed DbCommand ("190"ms) [Parameters=[""], CommandType='Text', CommandTimeout='30']"
""SELECT [p].[PieId], [p].[AllergyInfo], [p].[CategoryId], [p].[ImageThumbnailUrl], [p].[ImageUrl], [p].[InStock], [p].[IsPieOfTheWeek], [p].[LongDescription], [p].[Name], [p].[Price], [p].[ShortDescription], [c].[CategoryId], [c].[CategoryName], [c].[Description]
FROM [Pies] AS [p]
INNER JOIN [Categories] AS [c] ON [p].[CategoryId] = [c].[CategoryId]
WHERE [p].[IsPieOfTheWeek] = CAST(1 AS bit)"
2020-12-03T19:16:35.6042552+03:00 [INF] (Microsoft.EntityFrameworkCore.Database.Command) Executed DbCommand ("11"ms) [Parameters=[""], CommandType='Text', CommandTimeout='30']"
""SELECT [c].[CategoryId], [c].[CategoryName], [c].[Description]
FROM [Categories] AS [c]"
2020-12-03T19:16:35.7496194+03:00 [INF] (Microsoft.EntityFrameworkCore.Database.Command) Executed DbCommand ("62"ms) [Parameters=["@__ShoppingCartId_0='?' (Size = 4000)"], CommandType='Text', CommandTimeout='30']"
""SELECT [s].[ShoppingCartItemId], [s].[Amount], [s].[PieId], [s].[ShoppingCartId], [p].[PieId], [p].[AllergyInfo], [p].[CategoryId], [p].[ImageThumbnailUrl], [p].[ImageUrl], [p].[InStock], [p].[IsPieOfTheWeek], [p].[LongDescription], [p].[Name], [p].[Price], [p].[ShortDescription]
FROM [ShoppingCartItems] AS [s]
LEFT JOIN [Pies] AS [p] ON [s].[PieId] = [p].[PieId]
WHERE [s].[ShoppingCartId] = @__ShoppingCartId_0"
2020-12-03T19:16:35.8453882+03:00 [INF] (Microsoft.EntityFrameworkCore.Database.Command) Executed DbCommand ("10"ms) [Parameters=["@__ShoppingCartId_0='?' (Size = 4000)"], CommandType='Text', CommandTimeout='30']"
""SELECT COALESCE(SUM([p].[Price] * CAST([s].[Amount] AS decimal(18,2))), 0.0)
FROM [ShoppingCartItems] AS [s]
LEFT JOIN [Pies] AS [p] ON [s].[PieId] = [p].[PieId]
WHERE [s].[ShoppingCartId] = @__ShoppingCartId_0"
2020-12-03T19:16:35.9185016+03:00 [INF] (Serilog.AspNetCore.RequestLoggingMiddleware) HTTP "GET" "/" responded 200 in 8504.9100 ms
2020-12-03T19:16:36.7947468+03:00 [INF] (Serilog.AspNetCore.RequestLoggingMiddleware) HTTP "GET" "/favicon.ico" responded 404 in 4.4237 ms
2020-12-03T19:16:37.0261589+03:00 [INF] (Microsoft.EntityFrameworkCore.Database.Command) Executed DbCommand ("2"ms) [Parameters=[""], CommandType='Text', CommandTimeout='30']"
""SELECT [c].[CategoryId], [c].[CategoryName], [c].[Description]
FROM [Categories] AS [c]"
2020-12-03T19:16:37.0383466+03:00 [INF] (Microsoft.EntityFrameworkCore.Database.Command) Executed DbCommand ("1"ms) [Parameters=["@__ShoppingCartId_0='?' (Size = 4000)"], CommandType='Text', CommandTimeout='30']"
""SELECT [s].[ShoppingCartItemId], [s].[Amount], [s].[PieId], [s].[ShoppingCartId], [p].[PieId], [p].[AllergyInfo], [p].[CategoryId], [p].[ImageThumbnailUrl], [p].[ImageUrl], [p].[InStock], [p].[IsPieOfTheWeek], [p].[LongDescription], [p].[Name], [p].[Price], [p].[ShortDescription]
FROM [ShoppingCartItems] AS [s]
LEFT JOIN [Pies] AS [p] ON [s].[PieId] = [p].[PieId]
WHERE [s].[ShoppingCartId] = @__ShoppingCartId_0"
2020-12-03T19:16:37.0405030+03:00 [INF] (Microsoft.EntityFrameworkCore.Database.Command) Executed DbCommand ("1"ms) [Parameters=["@__ShoppingCartId_0='?' (Size = 4000)"], CommandType='Text', CommandTimeout='30']"
""SELECT COALESCE(SUM([p].[Price] * CAST([s].[Amount] AS decimal(18,2))), 0.0)
FROM [ShoppingCartItems] AS [s]
LEFT JOIN [Pies] AS [p] ON [s].[PieId] = [p].[PieId]
WHERE [s].[ShoppingCartId] = @__ShoppingCartId_0"
2020-12-03T19:16:37.0436317+03:00 [INF] (Serilog.AspNetCore.RequestLoggingMiddleware) HTTP "GET" "/Error/404" responded 200 in 219.9750 ms
2020-12-03T19:17:19.7700353+03:00 [INF] () Application Starting.
2020-12-03T19:17:23.5147343+03:00 [INF] (Microsoft.Hosting.Lifetime) Application started. Press Ctrl+C to shut down.
2020-12-03T19:17:23.5210572+03:00 [INF] (Microsoft.Hosting.Lifetime) Hosting environment: "Production"
2020-12-03T19:17:23.5244151+03:00 [INF] (Microsoft.Hosting.Lifetime) Content root path: "D:\STUDY\ASP\Shop-asp.net-core\BakeryShop\BakeryShop"
2020-12-03T19:17:32.7468893+03:00 [INF] (Microsoft.EntityFrameworkCore.Database.Command) Executed DbCommand ("237"ms) [Parameters=[""], CommandType='Text', CommandTimeout='30']"
""SELECT [p].[PieId], [p].[AllergyInfo], [p].[CategoryId], [p].[ImageThumbnailUrl], [p].[ImageUrl], [p].[InStock], [p].[IsPieOfTheWeek], [p].[LongDescription], [p].[Name], [p].[Price], [p].[ShortDescription], [c].[CategoryId], [c].[CategoryName], [c].[Description]
FROM [Pies] AS [p]
INNER JOIN [Categories] AS [c] ON [p].[CategoryId] = [c].[CategoryId]
WHERE [p].[IsPieOfTheWeek] = CAST(1 AS bit)"
2020-12-03T19:17:33.7763577+03:00 [INF] (Microsoft.EntityFrameworkCore.Database.Command) Executed DbCommand ("15"ms) [Parameters=[""], CommandType='Text', CommandTimeout='30']"
""SELECT [c].[CategoryId], [c].[CategoryName], [c].[Description]
FROM [Categories] AS [c]"
2020-12-03T19:17:34.0398222+03:00 [INF] (Microsoft.EntityFrameworkCore.Database.Command) Executed DbCommand ("131"ms) [Parameters=["@__ShoppingCartId_0='?' (Size = 4000)"], CommandType='Text', CommandTimeout='30']"
""SELECT [s].[ShoppingCartItemId], [s].[Amount], [s].[PieId], [s].[ShoppingCartId], [p].[PieId], [p].[AllergyInfo], [p].[CategoryId], [p].[ImageThumbnailUrl], [p].[ImageUrl], [p].[InStock], [p].[IsPieOfTheWeek], [p].[LongDescription], [p].[Name], [p].[Price], [p].[ShortDescription]
FROM [ShoppingCartItems] AS [s]
LEFT JOIN [Pies] AS [p] ON [s].[PieId] = [p].[PieId]
WHERE [s].[ShoppingCartId] = @__ShoppingCartId_0"
2020-12-03T19:17:34.1549569+03:00 [INF] (Microsoft.EntityFrameworkCore.Database.Command) Executed DbCommand ("25"ms) [Parameters=["@__ShoppingCartId_0='?' (Size = 4000)"], CommandType='Text', CommandTimeout='30']"
""SELECT COALESCE(SUM([p].[Price] * CAST([s].[Amount] AS decimal(18,2))), 0.0)
FROM [ShoppingCartItems] AS [s]
LEFT JOIN [Pies] AS [p] ON [s].[PieId] = [p].[PieId]
WHERE [s].[ShoppingCartId] = @__ShoppingCartId_0"
2020-12-03T19:17:34.2449290+03:00 [INF] (Serilog.AspNetCore.RequestLoggingMiddleware) HTTP "GET" "/" responded 200 in 10505.7430 ms
2020-12-03T19:17:36.8043329+03:00 [INF] (Serilog.AspNetCore.RequestLoggingMiddleware) HTTP "GET" "/favicon.ico" responded 404 in 7.9605 ms
2020-12-03T19:17:37.1383772+03:00 [INF] (Microsoft.EntityFrameworkCore.Database.Command) Executed DbCommand ("2"ms) [Parameters=[""], CommandType='Text', CommandTimeout='30']"
""SELECT [c].[CategoryId], [c].[CategoryName], [c].[Description]
FROM [Categories] AS [c]"
2020-12-03T19:17:37.1544777+03:00 [INF] (Microsoft.EntityFrameworkCore.Database.Command) Executed DbCommand ("2"ms) [Parameters=["@__ShoppingCartId_0='?' (Size = 4000)"], CommandType='Text', CommandTimeout='30']"
""SELECT [s].[ShoppingCartItemId], [s].[Amount], [s].[PieId], [s].[ShoppingCartId], [p].[PieId], [p].[AllergyInfo], [p].[CategoryId], [p].[ImageThumbnailUrl], [p].[ImageUrl], [p].[InStock], [p].[IsPieOfTheWeek], [p].[LongDescription], [p].[Name], [p].[Price], [p].[ShortDescription]
FROM [ShoppingCartItems] AS [s]
LEFT JOIN [Pies] AS [p] ON [s].[PieId] = [p].[PieId]
WHERE [s].[ShoppingCartId] = @__ShoppingCartId_0"
2020-12-03T19:17:37.1574625+03:00 [INF] (Microsoft.EntityFrameworkCore.Database.Command) Executed DbCommand ("1"ms) [Parameters=["@__ShoppingCartId_0='?' (Size = 4000)"], CommandType='Text', CommandTimeout='30']"
""SELECT COALESCE(SUM([p].[Price] * CAST([s].[Amount] AS decimal(18,2))), 0.0)
FROM [ShoppingCartItems] AS [s]
LEFT JOIN [Pies] AS [p] ON [s].[PieId] = [p].[PieId]
WHERE [s].[ShoppingCartId] = @__ShoppingCartId_0"
2020-12-03T19:17:37.1613472+03:00 [INF] (Serilog.AspNetCore.RequestLoggingMiddleware) HTTP "GET" "/Error/404" responded 200 in 333.5755 ms
2020-12-03T19:18:26.2054038+03:00 [INF] (Microsoft.EntityFrameworkCore.Database.Command) Executed DbCommand ("2"ms) [Parameters=[""], CommandType='Text', CommandTimeout='30']"
""SELECT [p].[PieId], [p].[AllergyInfo], [p].[CategoryId], [p].[ImageThumbnailUrl], [p].[ImageUrl], [p].[InStock], [p].[IsPieOfTheWeek], [p].[LongDescription], [p].[Name], [p].[Price], [p].[ShortDescription], [c].[CategoryId], [c].[CategoryName], [c].[Description]
FROM [Pies] AS [p]
INNER JOIN [Categories] AS [c] ON [p].[CategoryId] = [c].[CategoryId]
WHERE [p].[IsPieOfTheWeek] = CAST(1 AS bit)"
2020-12-03T19:18:26.2357254+03:00 [INF] (Microsoft.EntityFrameworkCore.Database.Command) Executed DbCommand ("1"ms) [Parameters=[""], CommandType='Text', CommandTimeout='30']"
""SELECT [c].[CategoryId], [c].[CategoryName], [c].[Description]
FROM [Categories] AS [c]"
2020-12-03T19:18:26.2429880+03:00 [INF] (Microsoft.EntityFrameworkCore.Database.Command) Executed DbCommand ("1"ms) [Parameters=["@__ShoppingCartId_0='?' (Size = 4000)"], CommandType='Text', CommandTimeout='30']"
""SELECT [s].[ShoppingCartItemId], [s].[Amount], [s].[PieId], [s].[ShoppingCartId], [p].[PieId], [p].[AllergyInfo], [p].[CategoryId], [p].[ImageThumbnailUrl], [p].[ImageUrl], [p].[InStock], [p].[IsPieOfTheWeek], [p].[LongDescription], [p].[Name], [p].[Price], [p].[ShortDescription]
FROM [ShoppingCartItems] AS [s]
LEFT JOIN [Pies] AS [p] ON [s].[PieId] = [p].[PieId]
WHERE [s].[ShoppingCartId] = @__ShoppingCartId_0"
2020-12-03T19:18:26.2460023+03:00 [INF] (Microsoft.EntityFrameworkCore.Database.Command) Executed DbCommand ("1"ms) [Parameters=["@__ShoppingCartId_0='?' (Size = 4000)"], CommandType='Text', CommandTimeout='30']"
""SELECT COALESCE(SUM([p].[Price] * CAST([s].[Amount] AS decimal(18,2))), 0.0)
FROM [ShoppingCartItems] AS [s]
LEFT JOIN [Pies] AS [p] ON [s].[PieId] = [p].[PieId]
WHERE [s].[ShoppingCartId] = @__ShoppingCartId_0"
2020-12-03T19:18:26.2558223+03:00 [INF] (Serilog.AspNetCore.RequestLoggingMiddleware) HTTP "GET" "/" responded 200 in 132.5953 ms
2020-12-03T19:18:26.3454286+03:00 [INF] (Serilog.AspNetCore.RequestLoggingMiddleware) HTTP "GET" "/favicon.ico" responded 404 in 0.4976 ms
2020-12-03T19:18:26.3661221+03:00 [INF] (Microsoft.EntityFrameworkCore.Database.Command) Executed DbCommand ("1"ms) [Parameters=[""], CommandType='Text', CommandTimeout='30']"
""SELECT [c].[CategoryId], [c].[CategoryName], [c].[Description]
FROM [Categories] AS [c]"
2020-12-03T19:18:26.3703777+03:00 [INF] (Microsoft.EntityFrameworkCore.Database.Command) Executed DbCommand ("1"ms) [Parameters=["@__ShoppingCartId_0='?' (Size = 4000)"], CommandType='Text', CommandTimeout='30']"
""SELECT [s].[ShoppingCartItemId], [s].[Amount], [s].[PieId], [s].[ShoppingCartId], [p].[PieId], [p].[AllergyInfo], [p].[CategoryId], [p].[ImageThumbnailUrl], [p].[ImageUrl], [p].[InStock], [p].[IsPieOfTheWeek], [p].[LongDescription], [p].[Name], [p].[Price], [p].[ShortDescription]
FROM [ShoppingCartItems] AS [s]
LEFT JOIN [Pies] AS [p] ON [s].[PieId] = [p].[PieId]
WHERE [s].[ShoppingCartId] = @__ShoppingCartId_0"
2020-12-03T19:18:26.3757320+03:00 [INF] (Microsoft.EntityFrameworkCore.Database.Command) Executed DbCommand ("2"ms) [Parameters=["@__ShoppingCartId_0='?' (Size = 4000)"], CommandType='Text', CommandTimeout='30']"
""SELECT COALESCE(SUM([p].[Price] * CAST([s].[Amount] AS decimal(18,2))), 0.0)
FROM [ShoppingCartItems] AS [s]
LEFT JOIN [Pies] AS [p] ON [s].[PieId] = [p].[PieId]
WHERE [s].[ShoppingCartId] = @__ShoppingCartId_0"
2020-12-03T19:18:26.3780025+03:00 [INF] (Serilog.AspNetCore.RequestLoggingMiddleware) HTTP "GET" "/Error/404" responded 200 in 21.4477 ms
2020-12-03T19:18:28.1671573+03:00 [INF] (Microsoft.EntityFrameworkCore.Database.Command) Executed DbCommand ("5"ms) [Parameters=[""], CommandType='Text', CommandTimeout='30']"
""SELECT [p].[PieId], [p].[AllergyInfo], [p].[CategoryId], [p].[ImageThumbnailUrl], [p].[ImageUrl], [p].[InStock], [p].[IsPieOfTheWeek], [p].[LongDescription], [p].[Name], [p].[Price], [p].[ShortDescription], [c].[CategoryId], [c].[CategoryName], [c].[Description]
FROM [Pies] AS [p]
INNER JOIN [Categories] AS [c] ON [p].[CategoryId] = [c].[CategoryId]"
2020-12-03T19:18:28.1800336+03:00 [INF] (Microsoft.EntityFrameworkCore.Database.Command) Executed DbCommand ("1"ms) [Parameters=[""], CommandType='Text', CommandTimeout='30']"
""SELECT [c].[CategoryId], [c].[CategoryName], [c].[Description]
FROM [Categories] AS [c]"
2020-12-03T19:18:28.1844181+03:00 [INF] (Microsoft.EntityFrameworkCore.Database.Command) Executed DbCommand ("1"ms) [Parameters=["@__ShoppingCartId_0='?' (Size = 4000)"], CommandType='Text', CommandTimeout='30']"
""SELECT [s].[ShoppingCartItemId], [s].[Amount], [s].[PieId], [s].[ShoppingCartId], [p].[PieId], [p].[AllergyInfo], [p].[CategoryId], [p].[ImageThumbnailUrl], [p].[ImageUrl], [p].[InStock], [p].[IsPieOfTheWeek], [p].[LongDescription], [p].[Name], [p].[Price], [p].[ShortDescription]
FROM [ShoppingCartItems] AS [s]
LEFT JOIN [Pies] AS [p] ON [s].[PieId] = [p].[PieId]
WHERE [s].[ShoppingCartId] = @__ShoppingCartId_0"
2020-12-03T19:18:28.1879130+03:00 [INF] (Microsoft.EntityFrameworkCore.Database.Command) Executed DbCommand ("1"ms) [Parameters=["@__ShoppingCartId_0='?' (Size = 4000)"], CommandType='Text', CommandTimeout='30']"
""SELECT COALESCE(SUM([p].[Price] * CAST([s].[Amount] AS decimal(18,2))), 0.0)
FROM [ShoppingCartItems] AS [s]
LEFT JOIN [Pies] AS [p] ON [s].[PieId] = [p].[PieId]
WHERE [s].[ShoppingCartId] = @__ShoppingCartId_0"
2020-12-03T19:18:28.1918826+03:00 [INF] (Serilog.AspNetCore.RequestLoggingMiddleware) HTTP "GET" "/Pie/List?currentCategory=Apple%20pies" responded 200 in 187.8851 ms
2020-12-03T19:18:28.3311762+03:00 [INF] (Serilog.AspNetCore.RequestLoggingMiddleware) HTTP "GET" "/favicon.ico" responded 404 in 0.2126 ms
2020-12-03T19:18:28.3452495+03:00 [INF] (Microsoft.EntityFrameworkCore.Database.Command) Executed DbCommand ("1"ms) [Parameters=[""], CommandType='Text', CommandTimeout='30']"
""SELECT [c].[CategoryId], [c].[CategoryName], [c].[Description]
FROM [Categories] AS [c]"
2020-12-03T19:18:28.3501468+03:00 [INF] (Microsoft.EntityFrameworkCore.Database.Command) Executed DbCommand ("1"ms) [Parameters=["@__ShoppingCartId_0='?' (Size = 4000)"], CommandType='Text', CommandTimeout='30']"
""SELECT [s].[ShoppingCartItemId], [s].[Amount], [s].[PieId], [s].[ShoppingCartId], [p].[PieId], [p].[AllergyInfo], [p].[CategoryId], [p].[ImageThumbnailUrl], [p].[ImageUrl], [p].[InStock], [p].[IsPieOfTheWeek], [p].[LongDescription], [p].[Name], [p].[Price], [p].[ShortDescription]
FROM [ShoppingCartItems] AS [s]
LEFT JOIN [Pies] AS [p] ON [s].[PieId] = [p].[PieId]
WHERE [s].[ShoppingCartId] = @__ShoppingCartId_0"
2020-12-03T19:18:28.3529264+03:00 [INF] (Microsoft.EntityFrameworkCore.Database.Command) Executed DbCommand ("1"ms) [Parameters=["@__ShoppingCartId_0='?' (Size = 4000)"], CommandType='Text', CommandTimeout='30']"
""SELECT COALESCE(SUM([p].[Price] * CAST([s].[Amount] AS decimal(18,2))), 0.0)
FROM [ShoppingCartItems] AS [s]
LEFT JOIN [Pies] AS [p] ON [s].[PieId] = [p].[PieId]
WHERE [s].[ShoppingCartId] = @__ShoppingCartId_0"
2020-12-03T19:18:28.3552564+03:00 [INF] (Serilog.AspNetCore.RequestLoggingMiddleware) HTTP "GET" "/Error/404" responded 200 in 18.1066 ms
2020-12-03T19:19:37.2286990+03:00 [INF] () Application Starting.
2020-12-03T19:19:40.2831019+03:00 [INF] (Microsoft.Hosting.Lifetime) Application started. Press Ctrl+C to shut down.
2020-12-03T19:19:40.2901732+03:00 [INF] (Microsoft.Hosting.Lifetime) Hosting environment: "Production"
2020-12-03T19:19:40.2942521+03:00 [INF] (Microsoft.Hosting.Lifetime) Content root path: "D:\STUDY\ASP\Shop-asp.net-core\BakeryShop\BakeryShop"
2020-12-03T19:19:47.4316139+03:00 [INF] (Microsoft.EntityFrameworkCore.Database.Command) Executed DbCommand ("196"ms) [Parameters=[""], CommandType='Text', CommandTimeout='30']"
""SELECT [p].[PieId], [p].[AllergyInfo], [p].[CategoryId], [p].[ImageThumbnailUrl], [p].[ImageUrl], [p].[InStock], [p].[IsPieOfTheWeek], [p].[LongDescription], [p].[Name], [p].[Price], [p].[ShortDescription], [c].[CategoryId], [c].[CategoryName], [c].[Description]
FROM [Pies] AS [p]
INNER JOIN [Categories] AS [c] ON [p].[CategoryId] = [c].[CategoryId]
WHERE [p].[IsPieOfTheWeek] = CAST(1 AS bit)"
2020-12-03T19:19:48.3296847+03:00 [INF] (Microsoft.EntityFrameworkCore.Database.Command) Executed DbCommand ("8"ms) [Parameters=[""], CommandType='Text', CommandTimeout='30']"
""SELECT [c].[CategoryId], [c].[CategoryName], [c].[Description]
FROM [Categories] AS [c]"
2020-12-03T19:19:48.5389378+03:00 [INF] (Microsoft.EntityFrameworkCore.Database.Command) Executed DbCommand ("82"ms) [Parameters=["@__ShoppingCartId_0='?' (Size = 4000)"], CommandType='Text', CommandTimeout='30']"
""SELECT [s].[ShoppingCartItemId], [s].[Amount], [s].[PieId], [s].[ShoppingCartId], [p].[PieId], [p].[AllergyInfo], [p].[CategoryId], [p].[ImageThumbnailUrl], [p].[ImageUrl], [p].[InStock], [p].[IsPieOfTheWeek], [p].[LongDescription], [p].[Name], [p].[Price], [p].[ShortDescription]
FROM [ShoppingCartItems] AS [s]
LEFT JOIN [Pies] AS [p] ON [s].[PieId] = [p].[PieId]
WHERE [s].[ShoppingCartId] = @__ShoppingCartId_0"
2020-12-03T19:19:48.6258991+03:00 [INF] (Microsoft.EntityFrameworkCore.Database.Command) Executed DbCommand ("10"ms) [Parameters=["@__ShoppingCartId_0='?' (Size = 4000)"], CommandType='Text', CommandTimeout='30']"
""SELECT COALESCE(SUM([p].[Price] * CAST([s].[Amount] AS decimal(18,2))), 0.0)
FROM [ShoppingCartItems] AS [s]
LEFT JOIN [Pies] AS [p] ON [s].[PieId] = [p].[PieId]
WHERE [s].[ShoppingCartId] = @__ShoppingCartId_0"
2020-12-03T19:19:48.7413916+03:00 [INF] (Serilog.AspNetCore.RequestLoggingMiddleware) HTTP "GET" "/" responded 200 in 8324.2475 ms
2020-12-03T19:19:49.1286785+03:00 [INF] (Serilog.AspNetCore.RequestLoggingMiddleware) HTTP "GET" "/favicon.ico" responded 404 in 1.7712 ms
2020-12-03T19:19:49.3410631+03:00 [INF] (Microsoft.EntityFrameworkCore.Database.Command) Executed DbCommand ("3"ms) [Parameters=[""], CommandType='Text', CommandTimeout='30']"
""SELECT [c].[CategoryId], [c].[CategoryName], [c].[Description]
FROM [Categories] AS [c]"
2020-12-03T19:19:49.3583058+03:00 [INF] (Microsoft.EntityFrameworkCore.Database.Command) Executed DbCommand ("2"ms) [Parameters=["@__ShoppingCartId_0='?' (Size = 4000)"], CommandType='Text', CommandTimeout='30']"
""SELECT [s].[ShoppingCartItemId], [s].[Amount], [s].[PieId], [s].[ShoppingCartId], [p].[PieId], [p].[AllergyInfo], [p].[CategoryId], [p].[ImageThumbnailUrl], [p].[ImageUrl], [p].[InStock], [p].[IsPieOfTheWeek], [p].[LongDescription], [p].[Name], [p].[Price], [p].[ShortDescription]
FROM [ShoppingCartItems] AS [s]
LEFT JOIN [Pies] AS [p] ON [s].[PieId] = [p].[PieId]
WHERE [s].[ShoppingCartId] = @__ShoppingCartId_0"
2020-12-03T19:19:49.3621262+03:00 [INF] (Microsoft.EntityFrameworkCore.Database.Command) Executed DbCommand ("1"ms) [Parameters=["@__ShoppingCartId_0='?' (Size = 4000)"], CommandType='Text', CommandTimeout='30']"
""SELECT COALESCE(SUM([p].[Price] * CAST([s].[Amount] AS decimal(18,2))), 0.0)
FROM [ShoppingCartItems] AS [s]
LEFT JOIN [Pies] AS [p] ON [s].[PieId] = [p].[PieId]
WHERE [s].[ShoppingCartId] = @__ShoppingCartId_0"
2020-12-03T19:19:49.3699140+03:00 [INF] (Serilog.AspNetCore.RequestLoggingMiddleware) HTTP "GET" "/Error/404" responded 200 in 220.5879 ms
2020-12-03T19:25:44.5197248+03:00 [INF] (Microsoft.EntityFrameworkCore.Database.Command) Executed DbCommand ("10"ms) [Parameters=[""], CommandType='Text', CommandTimeout='30']"
""SELECT [p].[PieId], [p].[AllergyInfo], [p].[CategoryId], [p].[ImageThumbnailUrl], [p].[ImageUrl], [p].[InStock], [p].[IsPieOfTheWeek], [p].[LongDescription], [p].[Name], [p].[Price], [p].[ShortDescription], [c].[CategoryId], [c].[CategoryName], [c].[Description]
FROM [Pies] AS [p]
INNER JOIN [Categories] AS [c] ON [p].[CategoryId] = [c].[CategoryId]"
2020-12-03T19:25:44.5905414+03:00 [INF] (Microsoft.EntityFrameworkCore.Database.Command) Executed DbCommand ("3"ms) [Parameters=[""], CommandType='Text', CommandTimeout='30']"
""SELECT [c].[CategoryId], [c].[CategoryName], [c].[Description]
FROM [Categories] AS [c]"
2020-12-03T19:25:44.6061349+03:00 [INF] (Microsoft.EntityFrameworkCore.Database.Command) Executed DbCommand ("3"ms) [Parameters=["@__ShoppingCartId_0='?' (Size = 4000)"], CommandType='Text', CommandTimeout='30']"
""SELECT [s].[ShoppingCartItemId], [s].[Amount], [s].[PieId], [s].[ShoppingCartId], [p].[PieId], [p].[AllergyInfo], [p].[CategoryId], [p].[ImageThumbnailUrl], [p].[ImageUrl], [p].[InStock], [p].[IsPieOfTheWeek], [p].[LongDescription], [p].[Name], [p].[Price], [p].[ShortDescription]
FROM [ShoppingCartItems] AS [s]
LEFT JOIN [Pies] AS [p] ON [s].[PieId] = [p].[PieId]
WHERE [s].[ShoppingCartId] = @__ShoppingCartId_0"
2020-12-03T19:25:44.6139547+03:00 [INF] (Microsoft.EntityFrameworkCore.Database.Command) Executed DbCommand ("3"ms) [Parameters=["@__ShoppingCartId_0='?' (Size = 4000)"], CommandType='Text', CommandTimeout='30']"
""SELECT COALESCE(SUM([p].[Price] * CAST([s].[Amount] AS decimal(18,2))), 0.0)
FROM [ShoppingCartItems] AS [s]
LEFT JOIN [Pies] AS [p] ON [s].[PieId] = [p].[PieId]
WHERE [s].[ShoppingCartId] = @__ShoppingCartId_0"
2020-12-03T19:25:44.6246842+03:00 [INF] (Serilog.AspNetCore.RequestLoggingMiddleware) HTTP "GET" "/Pie/List?currentCategory=Apple%20pies" responded 200 in 284.6307 ms
2020-12-03T19:25:44.7869153+03:00 [INF] (Serilog.AspNetCore.RequestLoggingMiddleware) HTTP "GET" "/favicon.ico" responded 404 in 3.2466 ms
2020-12-03T19:25:44.8310464+03:00 [INF] (Microsoft.EntityFrameworkCore.Database.Command) Executed DbCommand ("1"ms) [Parameters=[""], CommandType='Text', CommandTimeout='30']"
""SELECT [c].[CategoryId], [c].[CategoryName], [c].[Description]
FROM [Categories] AS [c]"
2020-12-03T19:25:44.8387907+03:00 [INF] (Microsoft.EntityFrameworkCore.Database.Command) Executed DbCommand ("2"ms) [Parameters=["@__ShoppingCartId_0='?' (Size = 4000)"], CommandType='Text', CommandTimeout='30']"
""SELECT [s].[ShoppingCartItemId], [s].[Amount], [s].[PieId], [s].[ShoppingCartId], [p].[PieId], [p].[AllergyInfo], [p].[CategoryId], [p].[ImageThumbnailUrl], [p].[ImageUrl], [p].[InStock], [p].[IsPieOfTheWeek], [p].[LongDescription], [p].[Name], [p].[Price], [p].[ShortDescription]
FROM [ShoppingCartItems] AS [s]
LEFT JOIN [Pies] AS [p] ON [s].[PieId] = [p].[PieId]
WHERE [s].[ShoppingCartId] = @__ShoppingCartId_0"
2020-12-03T19:25:44.8439336+03:00 [INF] (Microsoft.EntityFrameworkCore.Database.Command) Executed DbCommand ("3"ms) [Parameters=["@__ShoppingCartId_0='?' (Size = 4000)"], CommandType='Text', CommandTimeout='30']"
""SELECT COALESCE(SUM([p].[Price] * CAST([s].[Amount] AS decimal(18,2))), 0.0)
FROM [ShoppingCartItems] AS [s]
LEFT JOIN [Pies] AS [p] ON [s].[PieId] = [p].[PieId]
WHERE [s].[ShoppingCartId] = @__ShoppingCartId_0"
2020-12-03T19:25:44.8466132+03:00 [INF] (Serilog.AspNetCore.RequestLoggingMiddleware) HTTP "GET" "/Error/404" responded 200 in 28.9257 ms
2020-12-03T19:25:46.8974512+03:00 [INF] (Microsoft.EntityFrameworkCore.Database.Command) Executed DbCommand ("11"ms) [Parameters=[""], CommandType='Text', CommandTimeout='30']"
""SELECT [p].[PieId], [p].[AllergyInfo], [p].[CategoryId], [p].[ImageThumbnailUrl], [p].[ImageUrl], [p].[InStock], [p].[IsPieOfTheWeek], [p].[LongDescription], [p].[Name], [p].[Price], [p].[ShortDescription], [c].[CategoryId], [c].[CategoryName], [c].[Description]
FROM [Pies] AS [p]
INNER JOIN [Categories] AS [c] ON [p].[CategoryId] = [c].[CategoryId]"
2020-12-03T19:25:46.9216177+03:00 [INF] (Microsoft.EntityFrameworkCore.Database.Command) Executed DbCommand ("2"ms) [Parameters=[""], CommandType='Text', CommandTimeout='30']"
""SELECT [c].[CategoryId], [c].[CategoryName], [c].[Description]
FROM [Categories] AS [c]"
2020-12-03T19:25:46.9285428+03:00 [INF] (Microsoft.EntityFrameworkCore.Database.Command) Executed DbCommand ("1"ms) [Parameters=["@__ShoppingCartId_0='?' (Size = 4000)"], CommandType='Text', CommandTimeout='30']"
""SELECT [s].[ShoppingCartItemId], [s].[Amount], [s].[PieId], [s].[ShoppingCartId], [p].[PieId], [p].[AllergyInfo], [p].[CategoryId], [p].[ImageThumbnailUrl], [p].[ImageUrl], [p].[InStock], [p].[IsPieOfTheWeek], [p].[LongDescription], [p].[Name], [p].[Price], [p].[ShortDescription]
FROM [ShoppingCartItems] AS [s]
LEFT JOIN [Pies] AS [p] ON [s].[PieId] = [p].[PieId]
WHERE [s].[ShoppingCartId] = @__ShoppingCartId_0"
2020-12-03T19:25:46.9319443+03:00 [INF] (Microsoft.EntityFrameworkCore.Database.Command) Executed DbCommand ("1"ms) [Parameters=["@__ShoppingCartId_0='?' (Size = 4000)"], CommandType='Text', CommandTimeout='30']"
""SELECT COALESCE(SUM([p].[Price] * CAST([s].[Amount] AS decimal(18,2))), 0.0)
FROM [ShoppingCartItems] AS [s]
LEFT JOIN [Pies] AS [p] ON [s].[PieId] = [p].[PieId]
WHERE [s].[ShoppingCartId] = @__ShoppingCartId_0"
2020-12-03T19:25:46.9351425+03:00 [INF] (Serilog.AspNetCore.RequestLoggingMiddleware) HTTP "GET" "/Pie/List?currentCategory=Cheesecakes" responded 200 in 91.9855 ms
2020-12-03T19:25:47.0501867+03:00 [INF] (Serilog.AspNetCore.RequestLoggingMiddleware) HTTP "GET" "/favicon.ico" responded 404 in 0.4083 ms
2020-12-03T19:25:47.0669020+03:00 [INF] (Microsoft.EntityFrameworkCore.Database.Command) Executed DbCommand ("1"ms) [Parameters=[""], CommandType='Text', CommandTimeout='30']"
""SELECT [c].[CategoryId], [c].[CategoryName], [c].[Description]
FROM [Categories] AS [c]"
2020-12-03T19:25:47.0722541+03:00 [INF] (Microsoft.EntityFrameworkCore.Database.Command) Executed DbCommand ("2"ms) [Parameters=["@__ShoppingCartId_0='?' (Size = 4000)"], CommandType='Text', CommandTimeout='30']"
""SELECT [s].[ShoppingCartItemId], [s].[Amount], [s].[PieId], [s].[ShoppingCartId], [p].[PieId], [p].[AllergyInfo], [p].[CategoryId], [p].[ImageThumbnailUrl], [p].[ImageUrl], [p].[InStock], [p].[IsPieOfTheWeek], [p].[LongDescription], [p].[Name], [p].[Price], [p].[ShortDescription]
FROM [ShoppingCartItems] AS [s]
LEFT JOIN [Pies] AS [p] ON [s].[PieId] = [p].[PieId]
WHERE [s].[ShoppingCartId] = @__ShoppingCartId_0"
2020-12-03T19:25:47.0760534+03:00 [INF] (Microsoft.EntityFrameworkCore.Database.Command) Executed DbCommand ("1"ms) [Parameters=["@__ShoppingCartId_0='?' (Size = 4000)"], CommandType='Text', CommandTimeout='30']"
""SELECT COALESCE(SUM([p].[Price] * CAST([s].[Amount] AS decimal(18,2))), 0.0)
FROM [ShoppingCartItems] AS [s]
LEFT JOIN [Pies] AS [p] ON [s].[PieId] = [p].[PieId]
WHERE [s].[ShoppingCartId] = @__ShoppingCartId_0"
2020-12-03T19:25:47.0785921+03:00 [INF] (Serilog.AspNetCore.RequestLoggingMiddleware) HTTP "GET" "/Error/404" responded 200 in 21.6729 ms
2020-12-03T19:36:32.6599355+03:00 [INF] () Application Starting.
2020-12-03T19:36:36.0327205+03:00 [INF] (Microsoft.Hosting.Lifetime) Application started. Press Ctrl+C to shut down.
2020-12-03T19:36:36.0420649+03:00 [INF] (Microsoft.Hosting.Lifetime) Hosting environment: "Production"
2020-12-03T19:36:36.0458794+03:00 [INF] (Microsoft.Hosting.Lifetime) Content root path: "D:\STUDY\ASP\Shop-asp.net-core\BakeryShop\BakeryShop"
2020-12-03T19:36:40.5234741+03:00 [INF] (Microsoft.EntityFrameworkCore.Database.Command) Executed DbCommand ("142"ms) [Parameters=[""], CommandType='Text', CommandTimeout='30']"
""SELECT [p].[PieId], [p].[AllergyInfo], [p].[CategoryId], [p].[ImageThumbnailUrl], [p].[ImageUrl], [p].[InStock], [p].[IsPieOfTheWeek], [p].[LongDescription], [p].[Name], [p].[Price], [p].[ShortDescription], [c].[CategoryId], [c].[CategoryName], [c].[Description]
FROM [Pies] AS [p]
INNER JOIN [Categories] AS [c] ON [p].[CategoryId] = [c].[CategoryId]
WHERE [p].[IsPieOfTheWeek] = CAST(1 AS bit)"
2020-12-03T19:36:41.2224367+03:00 [INF] (Microsoft.EntityFrameworkCore.Database.Command) Executed DbCommand ("8"ms) [Parameters=[""], CommandType='Text', CommandTimeout='30']"
""SELECT [c].[CategoryId], [c].[CategoryName], [c].[Description]
FROM [Categories] AS [c]"
2020-12-03T19:36:41.3978994+03:00 [INF] (Microsoft.EntityFrameworkCore.Database.Command) Executed DbCommand ("71"ms) [Parameters=["@__ShoppingCartId_0='?' (Size = 4000)"], CommandType='Text', CommandTimeout='30']"
""SELECT [s].[ShoppingCartItemId], [s].[Amount], [s].[PieId], [s].[ShoppingCartId], [p].[PieId], [p].[AllergyInfo], [p].[CategoryId], [p].[ImageThumbnailUrl], [p].[ImageUrl], [p].[InStock], [p].[IsPieOfTheWeek], [p].[LongDescription], [p].[Name], [p].[Price], [p].[ShortDescription]
FROM [ShoppingCartItems] AS [s]
LEFT JOIN [Pies] AS [p] ON [s].[PieId] = [p].[PieId]
WHERE [s].[ShoppingCartId] = @__ShoppingCartId_0"
2020-12-03T19:36:41.4693942+03:00 [INF] (Microsoft.EntityFrameworkCore.Database.Command) Executed DbCommand ("7"ms) [Parameters=["@__ShoppingCartId_0='?' (Size = 4000)"], CommandType='Text', CommandTimeout='30']"
""SELECT COALESCE(SUM([p].[Price] * CAST([s].[Amount] AS decimal(18,2))), 0.0)
FROM [ShoppingCartItems] AS [s]
LEFT JOIN [Pies] AS [p] ON [s].[PieId] = [p].[PieId]
WHERE [s].[ShoppingCartId] = @__ShoppingCartId_0"
2020-12-03T19:36:41.5272163+03:00 [INF] (Serilog.AspNetCore.RequestLoggingMiddleware) HTTP "GET" "/" responded 200 in 5341.9300 ms
2020-12-03T19:36:42.0175617+03:00 [INF] (Serilog.AspNetCore.RequestLoggingMiddleware) HTTP "GET" "/favicon.ico" responded 404 in 19.2250 ms
2020-12-03T19:36:42.2431098+03:00 [INF] (Microsoft.EntityFrameworkCore.Database.Command) Executed DbCommand ("1"ms) [Parameters=[""], CommandType='Text', CommandTimeout='30']"
""SELECT [c].[CategoryId], [c].[CategoryName], [c].[Description]
FROM [Categories] AS [c]"
2020-12-03T19:36:42.2529362+03:00 [INF] (Microsoft.EntityFrameworkCore.Database.Command) Executed DbCommand ("1"ms) [Parameters=["@__ShoppingCartId_0='?' (Size = 4000)"], CommandType='Text', CommandTimeout='30']"
""SELECT [s].[ShoppingCartItemId], [s].[Amount], [s].[PieId], [s].[ShoppingCartId], [p].[PieId], [p].[AllergyInfo], [p].[CategoryId], [p].[ImageThumbnailUrl], [p].[ImageUrl], [p].[InStock], [p].[IsPieOfTheWeek], [p].[LongDescription], [p].[Name], [p].[Price], [p].[ShortDescription]
FROM [ShoppingCartItems] AS [s]
LEFT JOIN [Pies] AS [p] ON [s].[PieId] = [p].[PieId]
WHERE [s].[ShoppingCartId] = @__ShoppingCartId_0"
2020-12-03T19:36:42.2557081+03:00 [INF] (Microsoft.EntityFrameworkCore.Database.Command) Executed DbCommand ("1"ms) [Parameters=["@__ShoppingCartId_0='?' (Size = 4000)"], CommandType='Text', CommandTimeout='30']"
""SELECT COALESCE(SUM([p].[Price] * CAST([s].[Amount] AS decimal(18,2))), 0.0)
FROM [ShoppingCartItems] AS [s]
LEFT JOIN [Pies] AS [p] ON [s].[PieId] = [p].[PieId]
WHERE [s].[ShoppingCartId] = @__ShoppingCartId_0"
2020-12-03T19:36:42.2589926+03:00 [INF] (Serilog.AspNetCore.RequestLoggingMiddleware) HTTP "GET" "/Error/404" responded 200 in 219.8137 ms
2020-12-03T19:36:52.1722955+03:00 [INF] (Microsoft.EntityFrameworkCore.Database.Command) Executed DbCommand ("4"ms) [Parameters=[""], CommandType='Text', CommandTimeout='30']"
""SELECT [p].[PieId], [p].[AllergyInfo], [p].[CategoryId], [p].[ImageThumbnailUrl], [p].[ImageUrl], [p].[InStock], [p].[IsPieOfTheWeek], [p].[LongDescription], [p].[Name], [p].[Price], [p].[ShortDescription], [c].[CategoryId], [c].[CategoryName], [c].[Description]
FROM [Pies] AS [p]
INNER JOIN [Categories] AS [c] ON [p].[CategoryId] = [c].[CategoryId]"
2020-12-03T19:36:52.1996635+03:00 [INF] (Microsoft.EntityFrameworkCore.Database.Command) Executed DbCommand ("1"ms) [Parameters=[""], CommandType='Text', CommandTimeout='30']"
""SELECT [c].[CategoryId], [c].[CategoryName], [c].[Description]
FROM [Categories] AS [c]"
2020-12-03T19:36:52.2053448+03:00 [INF] (Microsoft.EntityFrameworkCore.Database.Command) Executed DbCommand ("1"ms) [Parameters=["@__ShoppingCartId_0='?' (Size = 4000)"], CommandType='Text', CommandTimeout='30']"
""SELECT [s].[ShoppingCartItemId], [s].[Amount], [s].[PieId], [s].[ShoppingCartId], [p].[PieId], [p].[AllergyInfo], [p].[CategoryId], [p].[ImageThumbnailUrl], [p].[ImageUrl], [p].[InStock], [p].[IsPieOfTheWeek], [p].[LongDescription], [p].[Name], [p].[Price], [p].[ShortDescription]
FROM [ShoppingCartItems] AS [s]
LEFT JOIN [Pies] AS [p] ON [s].[PieId] = [p].[PieId]
WHERE [s].[ShoppingCartId] = @__ShoppingCartId_0"
2020-12-03T19:36:52.2081128+03:00 [INF] (Microsoft.EntityFrameworkCore.Database.Command) Executed DbCommand ("1"ms) [Parameters=["@__ShoppingCartId_0='?' (Size = 4000)"], CommandType='Text', CommandTimeout='30']"
""SELECT COALESCE(SUM([p].[Price] * CAST([s].[Amount] AS decimal(18,2))), 0.0)
FROM [ShoppingCartItems] AS [s]
LEFT JOIN [Pies] AS [p] ON [s].[PieId] = [p].[PieId]
WHERE [s].[ShoppingCartId] = @__ShoppingCartId_0"
2020-12-03T19:36:52.2131409+03:00 [INF] (Serilog.AspNetCore.RequestLoggingMiddleware) HTTP "GET" "/Pie/List?currentCategory=Apple%20pies" responded 200 in 141.3293 ms
2020-12-03T19:36:52.3341151+03:00 [INF] (Serilog.AspNetCore.RequestLoggingMiddleware) HTTP "GET" "/favicon.ico" responded 404 in 0.2000 ms
2020-12-03T19:36:52.3561682+03:00 [INF] (Microsoft.EntityFrameworkCore.Database.Command) Executed DbCommand ("1"ms) [Parameters=[""], CommandType='Text', CommandTimeout='30']"
""SELECT [c].[CategoryId], [c].[CategoryName], [c].[Description]
FROM [Categories] AS [c]"
2020-12-03T19:36:52.3639013+03:00 [INF] (Microsoft.EntityFrameworkCore.Database.Command) Executed DbCommand ("4"ms) [Parameters=["@__ShoppingCartId_0='?' (Size = 4000)"], CommandType='Text', CommandTimeout='30']"
""SELECT [s].[ShoppingCartItemId], [s].[Amount], [s].[PieId], [s].[ShoppingCartId], [p].[PieId], [p].[AllergyInfo], [p].[CategoryId], [p].[ImageThumbnailUrl], [p].[ImageUrl], [p].[InStock], [p].[IsPieOfTheWeek], [p].[LongDescription], [p].[Name], [p].[Price], [p].[ShortDescription]
FROM [ShoppingCartItems] AS [s]
LEFT JOIN [Pies] AS [p] ON [s].[PieId] = [p].[PieId]
WHERE [s].[ShoppingCartId] = @__ShoppingCartId_0"
2020-12-03T19:36:52.3667913+03:00 [INF] (Microsoft.EntityFrameworkCore.Database.Command) Executed DbCommand ("1"ms) [Parameters=["@__ShoppingCartId_0='?' (Size = 4000)"], CommandType='Text', CommandTimeout='30']"
""SELECT COALESCE(SUM([p].[Price] * CAST([s].[Amount] AS decimal(18,2))), 0.0)
FROM [ShoppingCartItems] AS [s]
LEFT JOIN [Pies] AS [p] ON [s].[PieId] = [p].[PieId]
WHERE [s].[ShoppingCartId] = @__ShoppingCartId_0"
2020-12-03T19:36:52.3691651+03:00 [INF] (Serilog.AspNetCore.RequestLoggingMiddleware) HTTP "GET" "/Error/404" responded 200 in 23.2981 ms
2020-12-03T19:36:56.4459532+03:00 [INF] (Microsoft.EntityFrameworkCore.Database.Command) Executed DbCommand ("6"ms) [Parameters=[""], CommandType='Text', CommandTimeout='30']"
""SELECT [p].[PieId], [p].[AllergyInfo], [p].[CategoryId], [p].[ImageThumbnailUrl], [p].[ImageUrl], [p].[InStock], [p].[IsPieOfTheWeek], [p].[LongDescription], [p].[Name], [p].[Price], [p].[ShortDescription], [c].[CategoryId], [c].[CategoryName], [c].[Description]
FROM [Pies] AS [p]
INNER JOIN [Categories] AS [c] ON [p].[CategoryId] = [c].[CategoryId]"
2020-12-03T19:36:56.4583497+03:00 [INF] (Microsoft.EntityFrameworkCore.Database.Command) Executed DbCommand ("1"ms) [Parameters=[""], CommandType='Text', CommandTimeout='30']"
""SELECT [c].[CategoryId], [c].[CategoryName], [c].[Description]
FROM [Categories] AS [c]"
2020-12-03T19:36:56.4649371+03:00 [INF] (Microsoft.EntityFrameworkCore.Database.Command) Executed DbCommand ("1"ms) [Parameters=["@__ShoppingCartId_0='?' (Size = 4000)"], CommandType='Text', CommandTimeout='30']"
""SELECT [s].[ShoppingCartItemId], [s].[Amount], [s].[PieId], [s].[ShoppingCartId], [p].[PieId], [p].[AllergyInfo], [p].[CategoryId], [p].[ImageThumbnailUrl], [p].[ImageUrl], [p].[InStock], [p].[IsPieOfTheWeek], [p].[LongDescription], [p].[Name], [p].[Price], [p].[ShortDescription]
FROM [ShoppingCartItems] AS [s]
LEFT JOIN [Pies] AS [p] ON [s].[PieId] = [p].[PieId]
WHERE [s].[ShoppingCartId] = @__ShoppingCartId_0"
2020-12-03T19:36:56.4677891+03:00 [INF] (Microsoft.EntityFrameworkCore.Database.Command) Executed DbCommand ("1"ms) [Parameters=["@__ShoppingCartId_0='?' (Size = 4000)"], CommandType='Text', CommandTimeout='30']"
""SELECT COALESCE(SUM([p].[Price] * CAST([s].[Amount] AS decimal(18,2))), 0.0)
FROM [ShoppingCartItems] AS [s]
LEFT JOIN [Pies] AS [p] ON [s].[PieId] = [p].[PieId]
WHERE [s].[ShoppingCartId] = @__ShoppingCartId_0"
2020-12-03T19:36:56.4707893+03:00 [INF] (Serilog.AspNetCore.RequestLoggingMiddleware) HTTP "GET" "/Pie/List?currentCategory=Ice%20cream%20pie" responded 200 in 63.5065 ms
2020-12-03T19:36:56.5701743+03:00 [INF] (Serilog.AspNetCore.RequestLoggingMiddleware) HTTP "GET" "/favicon.ico" responded 404 in 0.5301 ms
2020-12-03T19:36:56.5869863+03:00 [INF] (Microsoft.EntityFrameworkCore.Database.Command) Executed DbCommand ("1"ms) [Parameters=[""], CommandType='Text', CommandTimeout='30']"
""SELECT [c].[CategoryId], [c].[CategoryName], [c].[Description]
FROM [Categories] AS [c]"
2020-12-03T19:36:56.5909981+03:00 [INF] (Microsoft.EntityFrameworkCore.Database.Command) Executed DbCommand ("1"ms) [Parameters=["@__ShoppingCartId_0='?' (Size = 4000)"], CommandType='Text', CommandTimeout='30']"
""SELECT [s].[ShoppingCartItemId], [s].[Amount], [s].[PieId], [s].[ShoppingCartId], [p].[PieId], [p].[AllergyInfo], [p].[CategoryId], [p].[ImageThumbnailUrl], [p].[ImageUrl], [p].[InStock], [p].[IsPieOfTheWeek], [p].[LongDescription], [p].[Name], [p].[Price], [p].[ShortDescription]
FROM [ShoppingCartItems] AS [s]
LEFT JOIN [Pies] AS [p] ON [s].[PieId] = [p].[PieId]
WHERE [s].[ShoppingCartId] = @__ShoppingCartId_0"
2020-12-03T19:36:56.5941601+03:00 [INF] (Microsoft.EntityFrameworkCore.Database.Command) Executed DbCommand ("1"ms) [Parameters=["@__ShoppingCartId_0='?' (Size = 4000)"], CommandType='Text', CommandTimeout='30']"
""SELECT COALESCE(SUM([p].[Price] * CAST([s].[Amount] AS decimal(18,2))), 0.0)
FROM [ShoppingCartItems] AS [s]
LEFT JOIN [Pies] AS [p] ON [s].[PieId] = [p].[PieId]
WHERE [s].[ShoppingCartId] = @__ShoppingCartId_0"
2020-12-03T19:36:56.5958346+03:00 [INF] (Serilog.AspNetCore.RequestLoggingMiddleware) HTTP "GET" "/Error/404" responded 200 in 12.7890 ms
2020-12-03T21:45:30.6865577+03:00 [INF] () Application Starting.
2020-12-03T21:45:34.1047167+03:00 [INF] (Microsoft.Hosting.Lifetime) Application started. Press Ctrl+C to shut down.
2020-12-03T21:45:34.1109978+03:00 [INF] (Microsoft.Hosting.Lifetime) Hosting environment: "Production"
2020-12-03T21:45:34.1152483+03:00 [INF] (Microsoft.Hosting.Lifetime) Content root path: "D:\STUDY\ASP\Shop-asp.net-core\BakeryShop\BakeryShop"
2020-12-03T21:45:39.9858195+03:00 [INF] (Microsoft.EntityFrameworkCore.Database.Command) Executed DbCommand ("137"ms) [Parameters=[""], CommandType='Text', CommandTimeout='30']"
""SELECT [p].[PieId], [p].[AllergyInfo], [p].[CategoryId], [p].[ImageThumbnailUrl], [p].[ImageUrl], [p].[InStock], [p].[IsPieOfTheWeek], [p].[LongDescription], [p].[Name], [p].[Price], [p].[ShortDescription], [c].[CategoryId], [c].[CategoryName], [c].[Description]
FROM [Pies] AS [p]
INNER JOIN [Categories] AS [c] ON [p].[CategoryId] = [c].[CategoryId]
WHERE [p].[IsPieOfTheWeek] = CAST(1 AS bit)"
2020-12-03T21:45:40.8061774+03:00 [INF] (Microsoft.EntityFrameworkCore.Database.Command) Executed DbCommand ("10"ms) [Parameters=[""], CommandType='Text', CommandTimeout='30']"
""SELECT [c].[CategoryId], [c].[CategoryName], [c].[Description]
FROM [Categories] AS [c]"
2020-12-03T21:45:40.9857036+03:00 [INF] (Microsoft.EntityFrameworkCore.Database.Command) Executed DbCommand ("78"ms) [Parameters=["@__ShoppingCartId_0='?' (Size = 4000)"], CommandType='Text', CommandTimeout='30']"
""SELECT [s].[ShoppingCartItemId], [s].[Amount], [s].[PieId], [s].[ShoppingCartId], [p].[PieId], [p].[AllergyInfo], [p].[CategoryId], [p].[ImageThumbnailUrl], [p].[ImageUrl], [p].[InStock], [p].[IsPieOfTheWeek], [p].[LongDescription], [p].[Name], [p].[Price], [p].[ShortDescription]
FROM [ShoppingCartItems] AS [s]
LEFT JOIN [Pies] AS [p] ON [s].[PieId] = [p].[PieId]
WHERE [s].[ShoppingCartId] = @__ShoppingCartId_0"
2020-12-03T21:45:41.0948472+03:00 [INF] (Microsoft.EntityFrameworkCore.Database.Command) Executed DbCommand ("10"ms) [Parameters=["@__ShoppingCartId_0='?' (Size = 4000)"], CommandType='Text', CommandTimeout='30']"
""SELECT COALESCE(SUM([p].[Price] * CAST([s].[Amount] AS decimal(18,2))), 0.0)
FROM [ShoppingCartItems] AS [s]
LEFT JOIN [Pies] AS [p] ON [s].[PieId] = [p].[PieId]
WHERE [s].[ShoppingCartId] = @__ShoppingCartId_0"
2020-12-03T21:45:41.1617645+03:00 [INF] (Serilog.AspNetCore.RequestLoggingMiddleware) HTTP "GET" "/" responded 200 in 6865.0176 ms
2020-12-03T21:45:41.9402683+03:00 [INF] (Serilog.AspNetCore.RequestLoggingMiddleware) HTTP "GET" "/favicon.ico" responded 404 in 1.2841 ms
2020-12-03T21:45:42.2263593+03:00 [INF] (Microsoft.EntityFrameworkCore.Database.Command) Executed DbCommand ("2"ms) [Parameters=[""], CommandType='Text', CommandTimeout='30']"
""SELECT [c].[CategoryId], [c].[CategoryName], [c].[Description]
FROM [Categories] AS [c]"
2020-12-03T21:45:42.2385233+03:00 [INF] (Microsoft.EntityFrameworkCore.Database.Command) Executed DbCommand ("1"ms) [Parameters=["@__ShoppingCartId_0='?' (Size = 4000)"], CommandType='Text', CommandTimeout='30']"
""SELECT [s].[ShoppingCartItemId], [s].[Amount], [s].[PieId], [s].[ShoppingCartId], [p].[PieId], [p].[AllergyInfo], [p].[CategoryId], [p].[ImageThumbnailUrl], [p].[ImageUrl], [p].[InStock], [p].[IsPieOfTheWeek], [p].[LongDescription], [p].[Name], [p].[Price], [p].[ShortDescription]
FROM [ShoppingCartItems] AS [s]
LEFT JOIN [Pies] AS [p] ON [s].[PieId] = [p].[PieId]
WHERE [s].[ShoppingCartId] = @__ShoppingCartId_0"
2020-12-03T21:45:42.2419734+03:00 [INF] (Microsoft.EntityFrameworkCore.Database.Command) Executed DbCommand ("1"ms) [Parameters=["@__ShoppingCartId_0='?' (Size = 4000)"], CommandType='Text', CommandTimeout='30']"
""SELECT COALESCE(SUM([p].[Price] * CAST([s].[Amount] AS decimal(18,2))), 0.0)
FROM [ShoppingCartItems] AS [s]
LEFT JOIN [Pies] AS [p] ON [s].[PieId] = [p].[PieId]
WHERE [s].[ShoppingCartId] = @__ShoppingCartId_0"
2020-12-03T21:45:42.2468018+03:00 [INF] (Serilog.AspNetCore.RequestLoggingMiddleware) HTTP "GET" "/Error/404" responded 200 in 234.8926 ms
2020-12-03T21:45:48.3885096+03:00 [INF] (Microsoft.EntityFrameworkCore.Database.Command) Executed DbCommand ("5"ms) [Parameters=[""], CommandType='Text', CommandTimeout='30']"
""SELECT [c].[CommentId], [c].[CommentMessage], [c].[NameComment]
FROM [Comments] AS [c]"
2020-12-03T21:45:48.4461638+03:00 [INF] (Microsoft.EntityFrameworkCore.Database.Command) Executed DbCommand ("1"ms) [Parameters=[""], CommandType='Text', CommandTimeout='30']"
""SELECT [c].[CategoryId], [c].[CategoryName], [c].[Description]
FROM [Categories] AS [c]"
2020-12-03T21:45:48.4539890+03:00 [INF] (Microsoft.EntityFrameworkCore.Database.Command) Executed DbCommand ("2"ms) [Parameters=["@__ShoppingCartId_0='?' (Size = 4000)"], CommandType='Text', CommandTimeout='30']"
""SELECT [s].[ShoppingCartItemId], [s].[Amount], [s].[PieId], [s].[ShoppingCartId], [p].[PieId], [p].[AllergyInfo], [p].[CategoryId], [p].[ImageThumbnailUrl], [p].[ImageUrl], [p].[InStock], [p].[IsPieOfTheWeek], [p].[LongDescription], [p].[Name], [p].[Price], [p].[ShortDescription]
FROM [ShoppingCartItems] AS [s]
LEFT JOIN [Pies] AS [p] ON [s].[PieId] = [p].[PieId]
WHERE [s].[ShoppingCartId] = @__ShoppingCartId_0"
2020-12-03T21:45:48.4572668+03:00 [INF] (Microsoft.EntityFrameworkCore.Database.Command) Executed DbCommand ("1"ms) [Parameters=["@__ShoppingCartId_0='?' (Size = 4000)"], CommandType='Text', CommandTimeout='30']"
""SELECT COALESCE(SUM([p].[Price] * CAST([s].[Amount] AS decimal(18,2))), 0.0)
FROM [ShoppingCartItems] AS [s]
LEFT JOIN [Pies] AS [p] ON [s].[PieId] = [p].[PieId]
WHERE [s].[ShoppingCartId] = @__ShoppingCartId_0"
2020-12-03T21:45:48.4631144+03:00 [INF] (Serilog.AspNetCore.RequestLoggingMiddleware) HTTP "GET" "/Reviews" responded 200 in 151.0410 ms
2020-12-03T21:45:48.7402831+03:00 [INF] (Serilog.AspNetCore.RequestLoggingMiddleware) HTTP "GET" "/favicon.ico" responded 404 in 0.1568 ms
2020-12-03T21:45:48.7663326+03:00 [INF] (Microsoft.EntityFrameworkCore.Database.Command) Executed DbCommand ("1"ms) [Parameters=[""], CommandType='Text', CommandTimeout='30']"
""SELECT [c].[CategoryId], [c].[CategoryName], [c].[Description]
FROM [Categories] AS [c]"
2020-12-03T21:45:48.7722140+03:00 [INF] (Microsoft.EntityFrameworkCore.Database.Command) Executed DbCommand ("2"ms) [Parameters=["@__ShoppingCartId_0='?' (Size = 4000)"], CommandType='Text', CommandTimeout='30']"
""SELECT [s].[ShoppingCartItemId], [s].[Amount], [s].[PieId], [s].[ShoppingCartId], [p].[PieId], [p].[AllergyInfo], [p].[CategoryId], [p].[ImageThumbnailUrl], [p].[ImageUrl], [p].[InStock], [p].[IsPieOfTheWeek], [p].[LongDescription], [p].[Name], [p].[Price], [p].[ShortDescription]
FROM [ShoppingCartItems] AS [s]
LEFT JOIN [Pies] AS [p] ON [s].[PieId] = [p].[PieId]
WHERE [s].[ShoppingCartId] = @__ShoppingCartId_0"
2020-12-03T21:45:48.7792605+03:00 [INF] (Serilog.AspNetCore.RequestLoggingMiddleware) HTTP "POST" "/commentHub/negotiate?negotiateVersion=1" responded 200 in 41.0079 ms
2020-12-03T21:45:48.7813540+03:00 [INF] (Microsoft.EntityFrameworkCore.Database.Command) Executed DbCommand ("7"ms) [Parameters=["@__ShoppingCartId_0='?' (Size = 4000)"], CommandType='Text', CommandTimeout='30']"
""SELECT COALESCE(SUM([p].[Price] * CAST([s].[Amount] AS decimal(18,2))), 0.0)
FROM [ShoppingCartItems] AS [s]
LEFT JOIN [Pies] AS [p] ON [s].[PieId] = [p].[PieId]
WHERE [s].[ShoppingCartId] = @__ShoppingCartId_0"
2020-12-03T21:45:48.7866048+03:00 [INF] (Serilog.AspNetCore.RequestLoggingMiddleware) HTTP "GET" "/Error/404" responded 200 in 30.2217 ms
2020-12-03T21:57:43.9397451+03:00 [INF] () Application Starting.
2020-12-03T21:57:47.3503061+03:00 [INF] (Microsoft.Hosting.Lifetime) Application started. Press Ctrl+C to shut down.
2020-12-03T21:57:47.3555846+03:00 [INF] (Microsoft.Hosting.Lifetime) Hosting environment: "Production"
2020-12-03T21:57:47.3594098+03:00 [INF] (Microsoft.Hosting.Lifetime) Content root path: "D:\STUDY\ASP\Shop-asp.net-core\BakeryShop\BakeryShop"
2020-12-03T21:57:54.8280607+03:00 [INF] (Microsoft.EntityFrameworkCore.Database.Command) Executed DbCommand ("143"ms) [Parameters=[""], CommandType='Text', CommandTimeout='30']"
""SELECT [p].[PieId], [p].[AllergyInfo], [p].[CategoryId], [p].[ImageThumbnailUrl], [p].[ImageUrl], [p].[InStock], [p].[IsPieOfTheWeek], [p].[LongDescription], [p].[Name], [p].[Price], [p].[ShortDescription], [c].[CategoryId], [c].[CategoryName], [c].[Description]
FROM [Pies] AS [p]
INNER JOIN [Categories] AS [c] ON [p].[CategoryId] = [c].[CategoryId]
WHERE [p].[IsPieOfTheWeek] = CAST(1 AS bit)"
2020-12-03T21:57:55.6062630+03:00 [INF] (Microsoft.EntityFrameworkCore.Database.Command) Executed DbCommand ("10"ms) [Parameters=[""], CommandType='Text', CommandTimeout='30']"
""SELECT [c].[CategoryId], [c].[CategoryName], [c].[Description]
FROM [Categories] AS [c]"
2020-12-03T21:57:55.7872748+03:00 [INF] (Microsoft.EntityFrameworkCore.Database.Command) Executed DbCommand ("78"ms) [Parameters=["@__ShoppingCartId_0='?' (Size = 4000)"], CommandType='Text', CommandTimeout='30']"
""SELECT [s].[ShoppingCartItemId], [s].[Amount], [s].[PieId], [s].[ShoppingCartId], [p].[PieId], [p].[AllergyInfo], [p].[CategoryId], [p].[ImageThumbnailUrl], [p].[ImageUrl], [p].[InStock], [p].[IsPieOfTheWeek], [p].[LongDescription], [p].[Name], [p].[Price], [p].[ShortDescription]
FROM [ShoppingCartItems] AS [s]
LEFT JOIN [Pies] AS [p] ON [s].[PieId] = [p].[PieId]
WHERE [s].[ShoppingCartId] = @__ShoppingCartId_0"
2020-12-03T21:57:55.8534763+03:00 [INF] (Microsoft.EntityFrameworkCore.Database.Command) Executed DbCommand ("6"ms) [Parameters=["@__ShoppingCartId_0='?' (Size = 4000)"], CommandType='Text', CommandTimeout='30']"
""SELECT COALESCE(SUM([p].[Price] * CAST([s].[Amount] AS decimal(18,2))), 0.0)
FROM [ShoppingCartItems] AS [s]
LEFT JOIN [Pies] AS [p] ON [s].[PieId] = [p].[PieId]
WHERE [s].[ShoppingCartId] = @__ShoppingCartId_0"
2020-12-03T21:57:55.9100395+03:00 [INF] (Serilog.AspNetCore.RequestLoggingMiddleware) HTTP "GET" "/" responded 200 in 8397.5064 ms
2020-12-03T21:57:56.4437404+03:00 [INF] (Serilog.AspNetCore.RequestLoggingMiddleware) HTTP "GET" "/favicon.ico" responded 404 in 1.5294 ms
2020-12-03T21:57:56.6846948+03:00 [INF] (Microsoft.EntityFrameworkCore.Database.Command) Executed DbCommand ("2"ms) [Parameters=[""], CommandType='Text', CommandTimeout='30']"
""SELECT [c].[CategoryId], [c].[CategoryName], [c].[Description]
FROM [Categories] AS [c]"
2020-12-03T21:57:56.6973530+03:00 [INF] (Microsoft.EntityFrameworkCore.Database.Command) Executed DbCommand ("1"ms) [Parameters=["@__ShoppingCartId_0='?' (Size = 4000)"], CommandType='Text', CommandTimeout='30']"
""SELECT [s].[ShoppingCartItemId], [s].[Amount], [s].[PieId], [s].[ShoppingCartId], [p].[PieId], [p].[AllergyInfo], [p].[CategoryId], [p].[ImageThumbnailUrl], [p].[ImageUrl], [p].[InStock], [p].[IsPieOfTheWeek], [p].[LongDescription], [p].[Name], [p].[Price], [p].[ShortDescription]
FROM [ShoppingCartItems] AS [s]
LEFT JOIN [Pies] AS [p] ON [s].[PieId] = [p].[PieId]
WHERE [s].[ShoppingCartId] = @__ShoppingCartId_0"
2020-12-03T21:57:56.7008871+03:00 [INF] (Microsoft.EntityFrameworkCore.Database.Command) Executed DbCommand ("1"ms) [Parameters=["@__ShoppingCartId_0='?' (Size = 4000)"], CommandType='Text', CommandTimeout='30']"
""SELECT COALESCE(SUM([p].[Price] * CAST([s].[Amount] AS decimal(18,2))), 0.0)
FROM [ShoppingCartItems] AS [s]
LEFT JOIN [Pies] AS [p] ON [s].[PieId] = [p].[PieId]
WHERE [s].[ShoppingCartId] = @__ShoppingCartId_0"
2020-12-03T21:57:56.7049242+03:00 [INF] (Serilog.AspNetCore.RequestLoggingMiddleware) HTTP "GET" "/Error/404" responded 200 in 215.8290 ms
2020-12-03T21:58:01.6761574+03:00 [INF] (Microsoft.EntityFrameworkCore.Database.Command) Executed DbCommand ("7"ms) [Parameters=[""], CommandType='Text', CommandTimeout='30']"
""SELECT [c].[CommentId], [c].[CommentMessage], [c].[NameComment]
FROM [Comments] AS [c]"
2020-12-03T21:58:01.7627337+03:00 [INF] (Microsoft.EntityFrameworkCore.Database.Command) Executed DbCommand ("3"ms) [Parameters=[""], CommandType='Text', CommandTimeout='30']"
""SELECT [c].[CategoryId], [c].[CategoryName], [c].[Description]
FROM [Categories] AS [c]"
2020-12-03T21:58:01.7859180+03:00 [INF] (Microsoft.EntityFrameworkCore.Database.Command) Executed DbCommand ("4"ms) [Parameters=["@__ShoppingCartId_0='?' (Size = 4000)"], CommandType='Text', CommandTimeout='30']"
""SELECT [s].[ShoppingCartItemId], [s].[Amount], [s].[PieId], [s].[ShoppingCartId], [p].[PieId], [p].[AllergyInfo], [p].[CategoryId], [p].[ImageThumbnailUrl], [p].[ImageUrl], [p].[InStock], [p].[IsPieOfTheWeek], [p].[LongDescription], [p].[Name], [p].[Price], [p].[ShortDescription]
FROM [ShoppingCartItems] AS [s]
LEFT JOIN [Pies] AS [p] ON [s].[PieId] = [p].[PieId]
WHERE [s].[ShoppingCartId] = @__ShoppingCartId_0"
2020-12-03T21:58:01.7951000+03:00 [INF] (Microsoft.EntityFrameworkCore.Database.Command) Executed DbCommand ("3"ms) [Parameters=["@__ShoppingCartId_0='?' (Size = 4000)"], CommandType='Text', CommandTimeout='30']"
""SELECT COALESCE(SUM([p].[Price] * CAST([s].[Amount] AS decimal(18,2))), 0.0)
FROM [ShoppingCartItems] AS [s]
LEFT JOIN [Pies] AS [p] ON [s].[PieId] = [p].[PieId]
WHERE [s].[ShoppingCartId] = @__ShoppingCartId_0"
2020-12-03T21:58:01.8042157+03:00 [INF] (Serilog.AspNetCore.RequestLoggingMiddleware) HTTP "GET" "/Reviews" responded 200 in 234.5678 ms
2020-12-03T21:58:01.9558146+03:00 [INF] (Serilog.AspNetCore.RequestLoggingMiddleware) HTTP "GET" "/favicon.ico" responded 404 in 0.1569 ms
2020-12-03T21:58:01.9768747+03:00 [INF] (Microsoft.EntityFrameworkCore.Database.Command) Executed DbCommand ("2"ms) [Parameters=[""], CommandType='Text', CommandTimeout='30']"
""SELECT [c].[CategoryId], [c].[CategoryName], [c].[Description]
FROM [Categories] AS [c]"
2020-12-03T21:58:01.9777066+03:00 [INF] (Serilog.AspNetCore.RequestLoggingMiddleware) HTTP "POST" "/commentHub/negotiate?negotiateVersion=1" responded 200 in 30.1814 ms
2020-12-03T21:58:01.9849717+03:00 [INF] (Microsoft.EntityFrameworkCore.Database.Command) Executed DbCommand ("1"ms) [Parameters=["@__ShoppingCartId_0='?' (Size = 4000)"], CommandType='Text', CommandTimeout='30']"
""SELECT [s].[ShoppingCartItemId], [s].[Amount], [s].[PieId], [s].[ShoppingCartId], [p].[PieId], [p].[AllergyInfo], [p].[CategoryId], [p].[ImageThumbnailUrl], [p].[ImageUrl], [p].[InStock], [p].[IsPieOfTheWeek], [p].[LongDescription], [p].[Name], [p].[Price], [p].[ShortDescription]
FROM [ShoppingCartItems] AS [s]
LEFT JOIN [Pies] AS [p] ON [s].[PieId] = [p].[PieId]
WHERE [s].[ShoppingCartId] = @__ShoppingCartId_0"
2020-12-03T21:58:01.9893637+03:00 [INF] (Microsoft.EntityFrameworkCore.Database.Command) Executed DbCommand ("2"ms) [Parameters=["@__ShoppingCartId_0='?' (Size = 4000)"], CommandType='Text', CommandTimeout='30']"
""SELECT COALESCE(SUM([p].[Price] * CAST([s].[Amount] AS decimal(18,2))), 0.0)
FROM [ShoppingCartItems] AS [s]
LEFT JOIN [Pies] AS [p] ON [s].[PieId] = [p].[PieId]
WHERE [s].[ShoppingCartId] = @__ShoppingCartId_0"
2020-12-03T21:58:01.9915910+03:00 [INF] (Serilog.AspNetCore.RequestLoggingMiddleware) HTTP "GET" "/Error/404" responded 200 in 28.6844 ms
2020-12-03T21:58:04.2799917+03:00 [INF] (Serilog.AspNetCore.RequestLoggingMiddleware) HTTP "GET" "/commentHub?id=ozzWhxxf05T9OUt1YgT7kA" responded 101 in 2285.6808 ms
