2020-11-23T22:58:05.1608995+03:00 [INF] () Application Starting.
2020-11-23T22:58:12.0172639+03:00 [INF] (Microsoft.Hosting.Lifetime) Application started. Press Ctrl+C to shut down.
2020-11-23T22:58:12.0403340+03:00 [INF] (Microsoft.Hosting.Lifetime) Hosting environment: "Production"
2020-11-23T22:58:12.0468202+03:00 [INF] (Microsoft.Hosting.Lifetime) Content root path: "D:\STUDY\ASP\Shop-asp.net-core\BakeryShop\BakeryShop"
2020-11-23T22:58:19.9599403+03:00 [INF] (Microsoft.EntityFrameworkCore.Database.Command) Executed DbCommand ("195"ms) [Parameters=[""], CommandType='Text', CommandTimeout='30']"
""SELECT [p].[PieId], [p].[AllergyInfo], [p].[CategoryId], [p].[ImageThumbnailUrl], [p].[ImageUrl], [p].[InStock], [p].[IsPieOfTheWeek], [p].[LongDescription], [p].[Name], [p].[Price], [p].[ShortDescription], [c].[CategoryId], [c].[CategoryName], [c].[Description]
FROM [Pies] AS [p]
INNER JOIN [Categories] AS [c] ON [p].[CategoryId] = [c].[CategoryId]
WHERE [p].[IsPieOfTheWeek] = CAST(1 AS bit)"
2020-11-23T22:58:20.6357265+03:00 [INF] (Microsoft.EntityFrameworkCore.Database.Command) Executed DbCommand ("17"ms) [Parameters=[""], CommandType='Text', CommandTimeout='30']"
""SELECT [c].[CategoryId], [c].[CategoryName], [c].[Description]
FROM [Categories] AS [c]"
2020-11-23T22:58:20.8811148+03:00 [INF] (Microsoft.EntityFrameworkCore.Database.Command) Executed DbCommand ("76"ms) [Parameters=["@__ShoppingCartId_0='?' (Size = 4000)"], CommandType='Text', CommandTimeout='30']"
""SELECT [s].[ShoppingCartItemId], [s].[Amount], [s].[PieId], [s].[ShoppingCartId], [p].[PieId], [p].[AllergyInfo], [p].[CategoryId], [p].[ImageThumbnailUrl], [p].[ImageUrl], [p].[InStock], [p].[IsPieOfTheWeek], [p].[LongDescription], [p].[Name], [p].[Price], [p].[ShortDescription]
FROM [ShoppingCartItems] AS [s]
LEFT JOIN [Pies] AS [p] ON [s].[PieId] = [p].[PieId]
WHERE [s].[ShoppingCartId] = @__ShoppingCartId_0"
2020-11-23T22:58:20.9757940+03:00 [INF] (Microsoft.EntityFrameworkCore.Database.Command) Executed DbCommand ("21"ms) [Parameters=["@__ShoppingCartId_0='?' (Size = 4000)"], CommandType='Text', CommandTimeout='30']"
""SELECT COALESCE(SUM([p].[Price] * CAST([s].[Amount] AS decimal(18,2))), 0.0)
FROM [ShoppingCartItems] AS [s]
LEFT JOIN [Pies] AS [p] ON [s].[PieId] = [p].[PieId]
WHERE [s].[ShoppingCartId] = @__ShoppingCartId_0"
2020-11-23T22:58:21.1026172+03:00 [INF] (Serilog.AspNetCore.RequestLoggingMiddleware) HTTP "GET" "/" responded 200 in 8883.3056 ms
2020-11-23T22:58:22.0283453+03:00 [INF] (Serilog.AspNetCore.RequestLoggingMiddleware) HTTP "GET" "/favicon.ico" responded 404 in 1.6355 ms
2020-11-23T22:58:22.1856029+03:00 [INF] (Microsoft.EntityFrameworkCore.Database.Command) Executed DbCommand ("1"ms) [Parameters=[""], CommandType='Text', CommandTimeout='30']"
""SELECT [c].[CategoryId], [c].[CategoryName], [c].[Description]
FROM [Categories] AS [c]"
2020-11-23T22:58:22.1938599+03:00 [INF] (Microsoft.EntityFrameworkCore.Database.Command) Executed DbCommand ("1"ms) [Parameters=["@__ShoppingCartId_0='?' (Size = 4000)"], CommandType='Text', CommandTimeout='30']"
""SELECT [s].[ShoppingCartItemId], [s].[Amount], [s].[PieId], [s].[ShoppingCartId], [p].[PieId], [p].[AllergyInfo], [p].[CategoryId], [p].[ImageThumbnailUrl], [p].[ImageUrl], [p].[InStock], [p].[IsPieOfTheWeek], [p].[LongDescription], [p].[Name], [p].[Price], [p].[ShortDescription]
FROM [ShoppingCartItems] AS [s]
LEFT JOIN [Pies] AS [p] ON [s].[PieId] = [p].[PieId]
WHERE [s].[ShoppingCartId] = @__ShoppingCartId_0"
2020-11-23T22:58:22.1963112+03:00 [INF] (Microsoft.EntityFrameworkCore.Database.Command) Executed DbCommand ("1"ms) [Parameters=["@__ShoppingCartId_0='?' (Size = 4000)"], CommandType='Text', CommandTimeout='30']"
""SELECT COALESCE(SUM([p].[Price] * CAST([s].[Amount] AS decimal(18,2))), 0.0)
FROM [ShoppingCartItems] AS [s]
LEFT JOIN [Pies] AS [p] ON [s].[PieId] = [p].[PieId]
WHERE [s].[ShoppingCartId] = @__ShoppingCartId_0"
2020-11-23T22:58:22.2020282+03:00 [INF] (Serilog.AspNetCore.RequestLoggingMiddleware) HTTP "GET" "/Error/404" responded 200 in 151.4654 ms
2020-11-23T22:58:29.3400770+03:00 [INF] (Serilog.AspNetCore.RequestLoggingMiddleware) HTTP "GET" "/Pie/Details/2" responded 400 in 29.4365 ms
2020-11-23T22:58:29.4169753+03:00 [INF] (Serilog.AspNetCore.RequestLoggingMiddleware) HTTP "GET" "/favicon.ico" responded 404 in 0.1560 ms
2020-11-23T22:58:29.4600609+03:00 [INF] (Microsoft.EntityFrameworkCore.Database.Command) Executed DbCommand ("1"ms) [Parameters=[""], CommandType='Text', CommandTimeout='30']"
""SELECT [c].[CategoryId], [c].[CategoryName], [c].[Description]
FROM [Categories] AS [c]"
2020-11-23T22:58:29.4660659+03:00 [INF] (Microsoft.EntityFrameworkCore.Database.Command) Executed DbCommand ("1"ms) [Parameters=["@__ShoppingCartId_0='?' (Size = 4000)"], CommandType='Text', CommandTimeout='30']"
""SELECT [s].[ShoppingCartItemId], [s].[Amount], [s].[PieId], [s].[ShoppingCartId], [p].[PieId], [p].[AllergyInfo], [p].[CategoryId], [p].[ImageThumbnailUrl], [p].[ImageUrl], [p].[InStock], [p].[IsPieOfTheWeek], [p].[LongDescription], [p].[Name], [p].[Price], [p].[ShortDescription]
FROM [ShoppingCartItems] AS [s]
LEFT JOIN [Pies] AS [p] ON [s].[PieId] = [p].[PieId]
WHERE [s].[ShoppingCartId] = @__ShoppingCartId_0"
2020-11-23T22:58:29.4686292+03:00 [INF] (Microsoft.EntityFrameworkCore.Database.Command) Executed DbCommand ("1"ms) [Parameters=["@__ShoppingCartId_0='?' (Size = 4000)"], CommandType='Text', CommandTimeout='30']"
""SELECT COALESCE(SUM([p].[Price] * CAST([s].[Amount] AS decimal(18,2))), 0.0)
FROM [ShoppingCartItems] AS [s]
LEFT JOIN [Pies] AS [p] ON [s].[PieId] = [p].[PieId]
WHERE [s].[ShoppingCartId] = @__ShoppingCartId_0"
2020-11-23T22:58:29.4854228+03:00 [INF] (Serilog.AspNetCore.RequestLoggingMiddleware) HTTP "GET" "/Error/404" responded 200 in 57.2865 ms
2020-11-23T22:58:43.3571897+03:00 [INF] (Serilog.AspNetCore.RequestLoggingMiddleware) HTTP "GET" "/Pie/Details" responded 400 in 3.1163 ms
2020-11-23T22:58:43.4267854+03:00 [INF] (Serilog.AspNetCore.RequestLoggingMiddleware) HTTP "GET" "/favicon.ico" responded 404 in 0.9751 ms
2020-11-23T22:58:43.4670185+03:00 [INF] (Microsoft.EntityFrameworkCore.Database.Command) Executed DbCommand ("2"ms) [Parameters=[""], CommandType='Text', CommandTimeout='30']"
""SELECT [c].[CategoryId], [c].[CategoryName], [c].[Description]
FROM [Categories] AS [c]"
2020-11-23T22:58:43.4768117+03:00 [INF] (Microsoft.EntityFrameworkCore.Database.Command) Executed DbCommand ("4"ms) [Parameters=["@__ShoppingCartId_0='?' (Size = 4000)"], CommandType='Text', CommandTimeout='30']"
""SELECT [s].[ShoppingCartItemId], [s].[Amount], [s].[PieId], [s].[ShoppingCartId], [p].[PieId], [p].[AllergyInfo], [p].[CategoryId], [p].[ImageThumbnailUrl], [p].[ImageUrl], [p].[InStock], [p].[IsPieOfTheWeek], [p].[LongDescription], [p].[Name], [p].[Price], [p].[ShortDescription]
FROM [ShoppingCartItems] AS [s]
LEFT JOIN [Pies] AS [p] ON [s].[PieId] = [p].[PieId]
WHERE [s].[ShoppingCartId] = @__ShoppingCartId_0"
2020-11-23T22:58:43.4798918+03:00 [INF] (Microsoft.EntityFrameworkCore.Database.Command) Executed DbCommand ("1"ms) [Parameters=["@__ShoppingCartId_0='?' (Size = 4000)"], CommandType='Text', CommandTimeout='30']"
""SELECT COALESCE(SUM([p].[Price] * CAST([s].[Amount] AS decimal(18,2))), 0.0)
FROM [ShoppingCartItems] AS [s]
LEFT JOIN [Pies] AS [p] ON [s].[PieId] = [p].[PieId]
WHERE [s].[ShoppingCartId] = @__ShoppingCartId_0"
2020-11-23T22:58:43.4823750+03:00 [INF] (Serilog.AspNetCore.RequestLoggingMiddleware) HTTP "GET" "/Error/404" responded 200 in 32.3686 ms
2020-11-23T22:58:51.9577378+03:00 [INF] (Microsoft.EntityFrameworkCore.Database.Command) Executed DbCommand ("2"ms) [Parameters=[""], CommandType='Text', CommandTimeout='30']"
""SELECT [p].[PieId], [p].[AllergyInfo], [p].[CategoryId], [p].[ImageThumbnailUrl], [p].[ImageUrl], [p].[InStock], [p].[IsPieOfTheWeek], [p].[LongDescription], [p].[Name], [p].[Price], [p].[ShortDescription], [c].[CategoryId], [c].[CategoryName], [c].[Description]
FROM [Pies] AS [p]
INNER JOIN [Categories] AS [c] ON [p].[CategoryId] = [c].[CategoryId]
WHERE [p].[IsPieOfTheWeek] = CAST(1 AS bit)"
2020-11-23T22:58:51.9685996+03:00 [INF] (Microsoft.EntityFrameworkCore.Database.Command) Executed DbCommand ("1"ms) [Parameters=[""], CommandType='Text', CommandTimeout='30']"
""SELECT [c].[CategoryId], [c].[CategoryName], [c].[Description]
FROM [Categories] AS [c]"
2020-11-23T22:58:51.9743282+03:00 [INF] (Microsoft.EntityFrameworkCore.Database.Command) Executed DbCommand ("3"ms) [Parameters=["@__ShoppingCartId_0='?' (Size = 4000)"], CommandType='Text', CommandTimeout='30']"
""SELECT [s].[ShoppingCartItemId], [s].[Amount], [s].[PieId], [s].[ShoppingCartId], [p].[PieId], [p].[AllergyInfo], [p].[CategoryId], [p].[ImageThumbnailUrl], [p].[ImageUrl], [p].[InStock], [p].[IsPieOfTheWeek], [p].[LongDescription], [p].[Name], [p].[Price], [p].[ShortDescription]
FROM [ShoppingCartItems] AS [s]
LEFT JOIN [Pies] AS [p] ON [s].[PieId] = [p].[PieId]
WHERE [s].[ShoppingCartId] = @__ShoppingCartId_0"
2020-11-23T22:58:51.9798588+03:00 [INF] (Microsoft.EntityFrameworkCore.Database.Command) Executed DbCommand ("1"ms) [Parameters=["@__ShoppingCartId_0='?' (Size = 4000)"], CommandType='Text', CommandTimeout='30']"
""SELECT COALESCE(SUM([p].[Price] * CAST([s].[Amount] AS decimal(18,2))), 0.0)
FROM [ShoppingCartItems] AS [s]
LEFT JOIN [Pies] AS [p] ON [s].[PieId] = [p].[PieId]
WHERE [s].[ShoppingCartId] = @__ShoppingCartId_0"
2020-11-23T22:58:51.9841572+03:00 [INF] (Serilog.AspNetCore.RequestLoggingMiddleware) HTTP "GET" "/" responded 200 in 37.7562 ms
2020-11-23T22:58:52.3451819+03:00 [INF] (Serilog.AspNetCore.RequestLoggingMiddleware) HTTP "GET" "/favicon.ico" responded 404 in 1.0382 ms
2020-11-23T22:58:52.3697757+03:00 [INF] (Microsoft.EntityFrameworkCore.Database.Command) Executed DbCommand ("1"ms) [Parameters=[""], CommandType='Text', CommandTimeout='30']"
""SELECT [c].[CategoryId], [c].[CategoryName], [c].[Description]
FROM [Categories] AS [c]"
2020-11-23T22:58:52.3757694+03:00 [INF] (Microsoft.EntityFrameworkCore.Database.Command) Executed DbCommand ("1"ms) [Parameters=["@__ShoppingCartId_0='?' (Size = 4000)"], CommandType='Text', CommandTimeout='30']"
""SELECT [s].[ShoppingCartItemId], [s].[Amount], [s].[PieId], [s].[ShoppingCartId], [p].[PieId], [p].[AllergyInfo], [p].[CategoryId], [p].[ImageThumbnailUrl], [p].[ImageUrl], [p].[InStock], [p].[IsPieOfTheWeek], [p].[LongDescription], [p].[Name], [p].[Price], [p].[ShortDescription]
FROM [ShoppingCartItems] AS [s]
LEFT JOIN [Pies] AS [p] ON [s].[PieId] = [p].[PieId]
WHERE [s].[ShoppingCartId] = @__ShoppingCartId_0"
2020-11-23T22:58:52.3781190+03:00 [INF] (Microsoft.EntityFrameworkCore.Database.Command) Executed DbCommand ("1"ms) [Parameters=["@__ShoppingCartId_0='?' (Size = 4000)"], CommandType='Text', CommandTimeout='30']"
""SELECT COALESCE(SUM([p].[Price] * CAST([s].[Amount] AS decimal(18,2))), 0.0)
FROM [ShoppingCartItems] AS [s]
LEFT JOIN [Pies] AS [p] ON [s].[PieId] = [p].[PieId]
WHERE [s].[ShoppingCartId] = @__ShoppingCartId_0"
2020-11-23T22:58:52.3811447+03:00 [INF] (Serilog.AspNetCore.RequestLoggingMiddleware) HTTP "GET" "/Error/404" responded 200 in 20.1746 ms
2020-11-23T22:58:53.8984481+03:00 [INF] (Microsoft.EntityFrameworkCore.Database.Command) Executed DbCommand ("2"ms) [Parameters=[""], CommandType='Text', CommandTimeout='30']"
""SELECT [c].[CategoryId], [c].[CategoryName], [c].[Description]
FROM [Categories] AS [c]"
2020-11-23T22:58:53.9038437+03:00 [INF] (Microsoft.EntityFrameworkCore.Database.Command) Executed DbCommand ("1"ms) [Parameters=["@__ShoppingCartId_0='?' (Size = 4000)"], CommandType='Text', CommandTimeout='30']"
""SELECT [s].[ShoppingCartItemId], [s].[Amount], [s].[PieId], [s].[ShoppingCartId], [p].[PieId], [p].[AllergyInfo], [p].[CategoryId], [p].[ImageThumbnailUrl], [p].[ImageUrl], [p].[InStock], [p].[IsPieOfTheWeek], [p].[LongDescription], [p].[Name], [p].[Price], [p].[ShortDescription]
FROM [ShoppingCartItems] AS [s]
LEFT JOIN [Pies] AS [p] ON [s].[PieId] = [p].[PieId]
WHERE [s].[ShoppingCartId] = @__ShoppingCartId_0"
2020-11-23T22:58:53.9073841+03:00 [INF] (Microsoft.EntityFrameworkCore.Database.Command) Executed DbCommand ("1"ms) [Parameters=["@__ShoppingCartId_0='?' (Size = 4000)"], CommandType='Text', CommandTimeout='30']"
""SELECT COALESCE(SUM([p].[Price] * CAST([s].[Amount] AS decimal(18,2))), 0.0)
FROM [ShoppingCartItems] AS [s]
LEFT JOIN [Pies] AS [p] ON [s].[PieId] = [p].[PieId]
WHERE [s].[ShoppingCartId] = @__ShoppingCartId_0"
2020-11-23T22:58:53.9435294+03:00 [INF] (Serilog.AspNetCore.RequestLoggingMiddleware) HTTP "GET" "/Identity/Account/Register" responded 200 in 209.6889 ms
2020-11-23T22:58:54.3746407+03:00 [INF] (Serilog.AspNetCore.RequestLoggingMiddleware) HTTP "GET" "/favicon.ico" responded 404 in 1.7644 ms
2020-11-23T22:58:54.3991688+03:00 [INF] (Microsoft.EntityFrameworkCore.Database.Command) Executed DbCommand ("3"ms) [Parameters=[""], CommandType='Text', CommandTimeout='30']"
""SELECT [c].[CategoryId], [c].[CategoryName], [c].[Description]
FROM [Categories] AS [c]"
2020-11-23T22:58:54.4157068+03:00 [INF] (Microsoft.EntityFrameworkCore.Database.Command) Executed DbCommand ("4"ms) [Parameters=["@__ShoppingCartId_0='?' (Size = 4000)"], CommandType='Text', CommandTimeout='30']"
""SELECT [s].[ShoppingCartItemId], [s].[Amount], [s].[PieId], [s].[ShoppingCartId], [p].[PieId], [p].[AllergyInfo], [p].[CategoryId], [p].[ImageThumbnailUrl], [p].[ImageUrl], [p].[InStock], [p].[IsPieOfTheWeek], [p].[LongDescription], [p].[Name], [p].[Price], [p].[ShortDescription]
FROM [ShoppingCartItems] AS [s]
LEFT JOIN [Pies] AS [p] ON [s].[PieId] = [p].[PieId]
WHERE [s].[ShoppingCartId] = @__ShoppingCartId_0"
2020-11-23T22:58:54.4244957+03:00 [INF] (Microsoft.EntityFrameworkCore.Database.Command) Executed DbCommand ("2"ms) [Parameters=["@__ShoppingCartId_0='?' (Size = 4000)"], CommandType='Text', CommandTimeout='30']"
""SELECT COALESCE(SUM([p].[Price] * CAST([s].[Amount] AS decimal(18,2))), 0.0)
FROM [ShoppingCartItems] AS [s]
LEFT JOIN [Pies] AS [p] ON [s].[PieId] = [p].[PieId]
WHERE [s].[ShoppingCartId] = @__ShoppingCartId_0"
2020-11-23T22:58:54.4306175+03:00 [INF] (Serilog.AspNetCore.RequestLoggingMiddleware) HTTP "GET" "/Error/404" responded 200 in 47.7407 ms
2020-11-23T22:58:55.7780678+03:00 [INF] (Microsoft.EntityFrameworkCore.Database.Command) Executed DbCommand ("7"ms) [Parameters=[""], CommandType='Text', CommandTimeout='30']"
""SELECT [p].[PieId], [p].[AllergyInfo], [p].[CategoryId], [p].[ImageThumbnailUrl], [p].[ImageUrl], [p].[InStock], [p].[IsPieOfTheWeek], [p].[LongDescription], [p].[Name], [p].[Price], [p].[ShortDescription], [c].[CategoryId], [c].[CategoryName], [c].[Description]
FROM [Pies] AS [p]
INNER JOIN [Categories] AS [c] ON [p].[CategoryId] = [c].[CategoryId]
WHERE [p].[IsPieOfTheWeek] = CAST(1 AS bit)"
2020-11-23T22:58:55.7855459+03:00 [INF] (Microsoft.EntityFrameworkCore.Database.Command) Executed DbCommand ("1"ms) [Parameters=[""], CommandType='Text', CommandTimeout='30']"
""SELECT [c].[CategoryId], [c].[CategoryName], [c].[Description]
FROM [Categories] AS [c]"
2020-11-23T22:58:55.7917047+03:00 [INF] (Microsoft.EntityFrameworkCore.Database.Command) Executed DbCommand ("3"ms) [Parameters=["@__ShoppingCartId_0='?' (Size = 4000)"], CommandType='Text', CommandTimeout='30']"
""SELECT [s].[ShoppingCartItemId], [s].[Amount], [s].[PieId], [s].[ShoppingCartId], [p].[PieId], [p].[AllergyInfo], [p].[CategoryId], [p].[ImageThumbnailUrl], [p].[ImageUrl], [p].[InStock], [p].[IsPieOfTheWeek], [p].[LongDescription], [p].[Name], [p].[Price], [p].[ShortDescription]
FROM [ShoppingCartItems] AS [s]
LEFT JOIN [Pies] AS [p] ON [s].[PieId] = [p].[PieId]
WHERE [s].[ShoppingCartId] = @__ShoppingCartId_0"
2020-11-23T22:58:55.7941203+03:00 [INF] (Microsoft.EntityFrameworkCore.Database.Command) Executed DbCommand ("1"ms) [Parameters=["@__ShoppingCartId_0='?' (Size = 4000)"], CommandType='Text', CommandTimeout='30']"
""SELECT COALESCE(SUM([p].[Price] * CAST([s].[Amount] AS decimal(18,2))), 0.0)
FROM [ShoppingCartItems] AS [s]
LEFT JOIN [Pies] AS [p] ON [s].[PieId] = [p].[PieId]
WHERE [s].[ShoppingCartId] = @__ShoppingCartId_0"
2020-11-23T22:58:55.7975111+03:00 [INF] (Serilog.AspNetCore.RequestLoggingMiddleware) HTTP "GET" "/" responded 200 in 36.4564 ms
2020-11-23T22:58:55.8972600+03:00 [INF] (Serilog.AspNetCore.RequestLoggingMiddleware) HTTP "GET" "/favicon.ico" responded 404 in 0.4505 ms
2020-11-23T22:58:55.9185247+03:00 [INF] (Microsoft.EntityFrameworkCore.Database.Command) Executed DbCommand ("1"ms) [Parameters=[""], CommandType='Text', CommandTimeout='30']"
""SELECT [c].[CategoryId], [c].[CategoryName], [c].[Description]
FROM [Categories] AS [c]"
2020-11-23T22:58:55.9221385+03:00 [INF] (Microsoft.EntityFrameworkCore.Database.Command) Executed DbCommand ("1"ms) [Parameters=["@__ShoppingCartId_0='?' (Size = 4000)"], CommandType='Text', CommandTimeout='30']"
""SELECT [s].[ShoppingCartItemId], [s].[Amount], [s].[PieId], [s].[ShoppingCartId], [p].[PieId], [p].[AllergyInfo], [p].[CategoryId], [p].[ImageThumbnailUrl], [p].[ImageUrl], [p].[InStock], [p].[IsPieOfTheWeek], [p].[LongDescription], [p].[Name], [p].[Price], [p].[ShortDescription]
FROM [ShoppingCartItems] AS [s]
LEFT JOIN [Pies] AS [p] ON [s].[PieId] = [p].[PieId]
WHERE [s].[ShoppingCartId] = @__ShoppingCartId_0"
2020-11-23T22:58:55.9244085+03:00 [INF] (Microsoft.EntityFrameworkCore.Database.Command) Executed DbCommand ("1"ms) [Parameters=["@__ShoppingCartId_0='?' (Size = 4000)"], CommandType='Text', CommandTimeout='30']"
""SELECT COALESCE(SUM([p].[Price] * CAST([s].[Amount] AS decimal(18,2))), 0.0)
FROM [ShoppingCartItems] AS [s]
LEFT JOIN [Pies] AS [p] ON [s].[PieId] = [p].[PieId]
WHERE [s].[ShoppingCartId] = @__ShoppingCartId_0"
2020-11-23T22:58:55.9262172+03:00 [INF] (Serilog.AspNetCore.RequestLoggingMiddleware) HTTP "GET" "/Error/404" responded 200 in 15.3543 ms
2020-11-23T22:58:58.0390051+03:00 [INF] (Microsoft.EntityFrameworkCore.Database.Command) Executed DbCommand ("5"ms) [Parameters=[""], CommandType='Text', CommandTimeout='30']"
""SELECT [p].[PieId], [p].[AllergyInfo], [p].[CategoryId], [p].[ImageThumbnailUrl], [p].[ImageUrl], [p].[InStock], [p].[IsPieOfTheWeek], [p].[LongDescription], [p].[Name], [p].[Price], [p].[ShortDescription], [c].[CategoryId], [c].[CategoryName], [c].[Description]
FROM [Pies] AS [p]
INNER JOIN [Categories] AS [c] ON [p].[CategoryId] = [c].[CategoryId]"
2020-11-23T22:58:58.0481977+03:00 [INF] (Microsoft.EntityFrameworkCore.Database.Command) Executed DbCommand ("1"ms) [Parameters=[""], CommandType='Text', CommandTimeout='30']"
""SELECT [c].[CategoryId], [c].[CategoryName], [c].[Description]
FROM [Categories] AS [c]"
2020-11-23T22:58:58.0521043+03:00 [INF] (Microsoft.EntityFrameworkCore.Database.Command) Executed DbCommand ("2"ms) [Parameters=["@__ShoppingCartId_0='?' (Size = 4000)"], CommandType='Text', CommandTimeout='30']"
""SELECT [s].[ShoppingCartItemId], [s].[Amount], [s].[PieId], [s].[ShoppingCartId], [p].[PieId], [p].[AllergyInfo], [p].[CategoryId], [p].[ImageThumbnailUrl], [p].[ImageUrl], [p].[InStock], [p].[IsPieOfTheWeek], [p].[LongDescription], [p].[Name], [p].[Price], [p].[ShortDescription]
FROM [ShoppingCartItems] AS [s]
LEFT JOIN [Pies] AS [p] ON [s].[PieId] = [p].[PieId]
WHERE [s].[ShoppingCartId] = @__ShoppingCartId_0"
2020-11-23T22:58:58.0550270+03:00 [INF] (Microsoft.EntityFrameworkCore.Database.Command) Executed DbCommand ("1"ms) [Parameters=["@__ShoppingCartId_0='?' (Size = 4000)"], CommandType='Text', CommandTimeout='30']"
""SELECT COALESCE(SUM([p].[Price] * CAST([s].[Amount] AS decimal(18,2))), 0.0)
FROM [ShoppingCartItems] AS [s]
LEFT JOIN [Pies] AS [p] ON [s].[PieId] = [p].[PieId]
WHERE [s].[ShoppingCartId] = @__ShoppingCartId_0"
2020-11-23T22:58:58.0592316+03:00 [INF] (Serilog.AspNetCore.RequestLoggingMiddleware) HTTP "GET" "/Pie/List?currentCategory=Apple%20pies" responded 200 in 74.4420 ms
2020-11-23T22:58:59.0591171+03:00 [INF] (Serilog.AspNetCore.RequestLoggingMiddleware) HTTP "GET" "/favicon.ico" responded 404 in 0.3131 ms
2020-11-23T22:58:59.0851521+03:00 [INF] (Microsoft.EntityFrameworkCore.Database.Command) Executed DbCommand ("1"ms) [Parameters=[""], CommandType='Text', CommandTimeout='30']"
""SELECT [c].[CategoryId], [c].[CategoryName], [c].[Description]
FROM [Categories] AS [c]"
2020-11-23T22:58:59.0960093+03:00 [INF] (Microsoft.EntityFrameworkCore.Database.Command) Executed DbCommand ("2"ms) [Parameters=["@__ShoppingCartId_0='?' (Size = 4000)"], CommandType='Text', CommandTimeout='30']"
""SELECT [s].[ShoppingCartItemId], [s].[Amount], [s].[PieId], [s].[ShoppingCartId], [p].[PieId], [p].[AllergyInfo], [p].[CategoryId], [p].[ImageThumbnailUrl], [p].[ImageUrl], [p].[InStock], [p].[IsPieOfTheWeek], [p].[LongDescription], [p].[Name], [p].[Price], [p].[ShortDescription]
FROM [ShoppingCartItems] AS [s]
LEFT JOIN [Pies] AS [p] ON [s].[PieId] = [p].[PieId]
WHERE [s].[ShoppingCartId] = @__ShoppingCartId_0"
2020-11-23T22:58:59.1008548+03:00 [INF] (Microsoft.EntityFrameworkCore.Database.Command) Executed DbCommand ("1"ms) [Parameters=["@__ShoppingCartId_0='?' (Size = 4000)"], CommandType='Text', CommandTimeout='30']"
""SELECT COALESCE(SUM([p].[Price] * CAST([s].[Amount] AS decimal(18,2))), 0.0)
FROM [ShoppingCartItems] AS [s]
LEFT JOIN [Pies] AS [p] ON [s].[PieId] = [p].[PieId]
WHERE [s].[ShoppingCartId] = @__ShoppingCartId_0"
2020-11-23T22:58:59.1053593+03:00 [INF] (Serilog.AspNetCore.RequestLoggingMiddleware) HTTP "GET" "/Error/404" responded 200 in 36.4271 ms
2020-11-23T22:59:07.1153681+03:00 [INF] (Serilog.AspNetCore.RequestLoggingMiddleware) HTTP "GET" "/Pie/Details/1" responded 400 in 3.4289 ms
2020-11-23T22:59:07.1569863+03:00 [INF] (Serilog.AspNetCore.RequestLoggingMiddleware) HTTP "GET" "/favicon.ico" responded 404 in 0.2219 ms
2020-11-23T22:59:07.1849464+03:00 [INF] (Microsoft.EntityFrameworkCore.Database.Command) Executed DbCommand ("2"ms) [Parameters=[""], CommandType='Text', CommandTimeout='30']"
""SELECT [c].[CategoryId], [c].[CategoryName], [c].[Description]
FROM [Categories] AS [c]"
2020-11-23T22:59:07.1926960+03:00 [INF] (Microsoft.EntityFrameworkCore.Database.Command) Executed DbCommand ("1"ms) [Parameters=["@__ShoppingCartId_0='?' (Size = 4000)"], CommandType='Text', CommandTimeout='30']"
""SELECT [s].[ShoppingCartItemId], [s].[Amount], [s].[PieId], [s].[ShoppingCartId], [p].[PieId], [p].[AllergyInfo], [p].[CategoryId], [p].[ImageThumbnailUrl], [p].[ImageUrl], [p].[InStock], [p].[IsPieOfTheWeek], [p].[LongDescription], [p].[Name], [p].[Price], [p].[ShortDescription]
FROM [ShoppingCartItems] AS [s]
LEFT JOIN [Pies] AS [p] ON [s].[PieId] = [p].[PieId]
WHERE [s].[ShoppingCartId] = @__ShoppingCartId_0"
2020-11-23T22:59:07.1966275+03:00 [INF] (Microsoft.EntityFrameworkCore.Database.Command) Executed DbCommand ("1"ms) [Parameters=["@__ShoppingCartId_0='?' (Size = 4000)"], CommandType='Text', CommandTimeout='30']"
""SELECT COALESCE(SUM([p].[Price] * CAST([s].[Amount] AS decimal(18,2))), 0.0)
FROM [ShoppingCartItems] AS [s]
LEFT JOIN [Pies] AS [p] ON [s].[PieId] = [p].[PieId]
WHERE [s].[ShoppingCartId] = @__ShoppingCartId_0"
2020-11-23T22:59:07.2002428+03:00 [INF] (Serilog.AspNetCore.RequestLoggingMiddleware) HTTP "GET" "/Error/404" responded 200 in 26.2810 ms
2020-11-23T22:59:53.3458325+03:00 [INF] () Application Starting.
2020-11-23T22:59:55.8000231+03:00 [INF] (Microsoft.Hosting.Lifetime) Application started. Press Ctrl+C to shut down.
2020-11-23T22:59:55.8042961+03:00 [INF] (Microsoft.Hosting.Lifetime) Hosting environment: "Production"
2020-11-23T22:59:55.8073400+03:00 [INF] (Microsoft.Hosting.Lifetime) Content root path: "D:\STUDY\ASP\Shop-asp.net-core\BakeryShop\BakeryShop"
2020-11-23T22:59:59.9293024+03:00 [INF] (Microsoft.EntityFrameworkCore.Database.Command) Executed DbCommand ("89"ms) [Parameters=[""], CommandType='Text', CommandTimeout='30']"
""SELECT [p].[PieId], [p].[AllergyInfo], [p].[CategoryId], [p].[ImageThumbnailUrl], [p].[ImageUrl], [p].[InStock], [p].[IsPieOfTheWeek], [p].[LongDescription], [p].[Name], [p].[Price], [p].[ShortDescription], [c].[CategoryId], [c].[CategoryName], [c].[Description]
FROM [Pies] AS [p]
INNER JOIN [Categories] AS [c] ON [p].[CategoryId] = [c].[CategoryId]
WHERE [p].[IsPieOfTheWeek] = CAST(1 AS bit)"
2020-11-23T23:00:00.5677533+03:00 [INF] (Microsoft.EntityFrameworkCore.Database.Command) Executed DbCommand ("14"ms) [Parameters=[""], CommandType='Text', CommandTimeout='30']"
""SELECT [c].[CategoryId], [c].[CategoryName], [c].[Description]
FROM [Categories] AS [c]"
2020-11-23T23:00:00.7474941+03:00 [INF] (Microsoft.EntityFrameworkCore.Database.Command) Executed DbCommand ("68"ms) [Parameters=["@__ShoppingCartId_0='?' (Size = 4000)"], CommandType='Text', CommandTimeout='30']"
""SELECT [s].[ShoppingCartItemId], [s].[Amount], [s].[PieId], [s].[ShoppingCartId], [p].[PieId], [p].[AllergyInfo], [p].[CategoryId], [p].[ImageThumbnailUrl], [p].[ImageUrl], [p].[InStock], [p].[IsPieOfTheWeek], [p].[LongDescription], [p].[Name], [p].[Price], [p].[ShortDescription]
FROM [ShoppingCartItems] AS [s]
LEFT JOIN [Pies] AS [p] ON [s].[PieId] = [p].[PieId]
WHERE [s].[ShoppingCartId] = @__ShoppingCartId_0"
2020-11-23T23:00:00.8019675+03:00 [INF] (Microsoft.EntityFrameworkCore.Database.Command) Executed DbCommand ("5"ms) [Parameters=["@__ShoppingCartId_0='?' (Size = 4000)"], CommandType='Text', CommandTimeout='30']"
""SELECT COALESCE(SUM([p].[Price] * CAST([s].[Amount] AS decimal(18,2))), 0.0)
FROM [ShoppingCartItems] AS [s]
LEFT JOIN [Pies] AS [p] ON [s].[PieId] = [p].[PieId]
WHERE [s].[ShoppingCartId] = @__ShoppingCartId_0"
2020-11-23T23:00:00.8903038+03:00 [INF] (Serilog.AspNetCore.RequestLoggingMiddleware) HTTP "GET" "/" responded 200 in 4927.6759 ms
2020-11-23T23:00:01.3509843+03:00 [INF] (Serilog.AspNetCore.RequestLoggingMiddleware) HTTP "GET" "/favicon.ico" responded 404 in 1.5069 ms
2020-11-23T23:00:01.5235994+03:00 [INF] (Microsoft.EntityFrameworkCore.Database.Command) Executed DbCommand ("2"ms) [Parameters=[""], CommandType='Text', CommandTimeout='30']"
""SELECT [c].[CategoryId], [c].[CategoryName], [c].[Description]
FROM [Categories] AS [c]"
2020-11-23T23:00:01.5321633+03:00 [INF] (Microsoft.EntityFrameworkCore.Database.Command) Executed DbCommand ("1"ms) [Parameters=["@__ShoppingCartId_0='?' (Size = 4000)"], CommandType='Text', CommandTimeout='30']"
""SELECT [s].[ShoppingCartItemId], [s].[Amount], [s].[PieId], [s].[ShoppingCartId], [p].[PieId], [p].[AllergyInfo], [p].[CategoryId], [p].[ImageThumbnailUrl], [p].[ImageUrl], [p].[InStock], [p].[IsPieOfTheWeek], [p].[LongDescription], [p].[Name], [p].[Price], [p].[ShortDescription]
FROM [ShoppingCartItems] AS [s]
LEFT JOIN [Pies] AS [p] ON [s].[PieId] = [p].[PieId]
WHERE [s].[ShoppingCartId] = @__ShoppingCartId_0"
2020-11-23T23:00:01.5343717+03:00 [INF] (Microsoft.EntityFrameworkCore.Database.Command) Executed DbCommand ("1"ms) [Parameters=["@__ShoppingCartId_0='?' (Size = 4000)"], CommandType='Text', CommandTimeout='30']"
""SELECT COALESCE(SUM([p].[Price] * CAST([s].[Amount] AS decimal(18,2))), 0.0)
FROM [ShoppingCartItems] AS [s]
LEFT JOIN [Pies] AS [p] ON [s].[PieId] = [p].[PieId]
WHERE [s].[ShoppingCartId] = @__ShoppingCartId_0"
2020-11-23T23:00:01.5400563+03:00 [INF] (Serilog.AspNetCore.RequestLoggingMiddleware) HTTP "GET" "/Error/404" responded 200 in 163.2044 ms
2020-11-23T23:00:06.9488034+03:00 [INF] (Microsoft.EntityFrameworkCore.Database.Command) Executed DbCommand ("7"ms) [Parameters=[""], CommandType='Text', CommandTimeout='30']"
""SELECT [a].[Id], [a].[AccessFailedCount], [a].[ConcurrencyStamp], [a].[Email], [a].[EmailConfirmed], [a].[LockoutEnabled], [a].[LockoutEnd], [a].[NormalizedEmail], [a].[NormalizedUserName], [a].[PasswordHash], [a].[PhoneNumber], [a].[PhoneNumberConfirmed], [a].[SecurityStamp], [a].[TwoFactorEnabled], [a].[UserName]
FROM [AspNetUsers] AS [a]"
2020-11-23T23:00:07.1037875+03:00 [INF] (Microsoft.EntityFrameworkCore.Database.Command) Executed DbCommand ("1"ms) [Parameters=[""], CommandType='Text', CommandTimeout='30']"
""SELECT [c].[CategoryId], [c].[CategoryName], [c].[Description]
FROM [Categories] AS [c]"
2020-11-23T23:00:07.1118053+03:00 [INF] (Microsoft.EntityFrameworkCore.Database.Command) Executed DbCommand ("1"ms) [Parameters=["@__ShoppingCartId_0='?' (Size = 4000)"], CommandType='Text', CommandTimeout='30']"
""SELECT [s].[ShoppingCartItemId], [s].[Amount], [s].[PieId], [s].[ShoppingCartId], [p].[PieId], [p].[AllergyInfo], [p].[CategoryId], [p].[ImageThumbnailUrl], [p].[ImageUrl], [p].[InStock], [p].[IsPieOfTheWeek], [p].[LongDescription], [p].[Name], [p].[Price], [p].[ShortDescription]
FROM [ShoppingCartItems] AS [s]
LEFT JOIN [Pies] AS [p] ON [s].[PieId] = [p].[PieId]
WHERE [s].[ShoppingCartId] = @__ShoppingCartId_0"
2020-11-23T23:00:07.1143644+03:00 [INF] (Microsoft.EntityFrameworkCore.Database.Command) Executed DbCommand ("1"ms) [Parameters=["@__ShoppingCartId_0='?' (Size = 4000)"], CommandType='Text', CommandTimeout='30']"
""SELECT COALESCE(SUM([p].[Price] * CAST([s].[Amount] AS decimal(18,2))), 0.0)
FROM [ShoppingCartItems] AS [s]
LEFT JOIN [Pies] AS [p] ON [s].[PieId] = [p].[PieId]
WHERE [s].[ShoppingCartId] = @__ShoppingCartId_0"
2020-11-23T23:00:07.1244803+03:00 [INF] (Serilog.AspNetCore.RequestLoggingMiddleware) HTTP "GET" "/Users" responded 200 in 234.6337 ms
2020-11-23T23:00:09.7826382+03:00 [INF] (Serilog.AspNetCore.RequestLoggingMiddleware) HTTP "GET" "/foo" responded 404 in 1.3092 ms
2020-11-23T23:00:09.8274173+03:00 [INF] (Microsoft.EntityFrameworkCore.Database.Command) Executed DbCommand ("3"ms) [Parameters=[""], CommandType='Text', CommandTimeout='30']"
""SELECT [c].[CategoryId], [c].[CategoryName], [c].[Description]
FROM [Categories] AS [c]"
2020-11-23T23:00:09.8336298+03:00 [INF] (Microsoft.EntityFrameworkCore.Database.Command) Executed DbCommand ("1"ms) [Parameters=["@__ShoppingCartId_0='?' (Size = 4000)"], CommandType='Text', CommandTimeout='30']"
""SELECT [s].[ShoppingCartItemId], [s].[Amount], [s].[PieId], [s].[ShoppingCartId], [p].[PieId], [p].[AllergyInfo], [p].[CategoryId], [p].[ImageThumbnailUrl], [p].[ImageUrl], [p].[InStock], [p].[IsPieOfTheWeek], [p].[LongDescription], [p].[Name], [p].[Price], [p].[ShortDescription]
FROM [ShoppingCartItems] AS [s]
LEFT JOIN [Pies] AS [p] ON [s].[PieId] = [p].[PieId]
WHERE [s].[ShoppingCartId] = @__ShoppingCartId_0"
2020-11-23T23:00:09.8416673+03:00 [INF] (Microsoft.EntityFrameworkCore.Database.Command) Executed DbCommand ("4"ms) [Parameters=["@__ShoppingCartId_0='?' (Size = 4000)"], CommandType='Text', CommandTimeout='30']"
""SELECT COALESCE(SUM([p].[Price] * CAST([s].[Amount] AS decimal(18,2))), 0.0)
FROM [ShoppingCartItems] AS [s]
LEFT JOIN [Pies] AS [p] ON [s].[PieId] = [p].[PieId]
WHERE [s].[ShoppingCartId] = @__ShoppingCartId_0"
2020-11-23T23:00:09.8448404+03:00 [INF] (Serilog.AspNetCore.RequestLoggingMiddleware) HTTP "GET" "/Error/404" responded 200 in 41.4912 ms
2020-11-23T23:00:09.9481562+03:00 [INF] (Serilog.AspNetCore.RequestLoggingMiddleware) HTTP "GET" "/favicon.ico" responded 404 in 0.1066 ms
2020-11-23T23:00:09.9659897+03:00 [INF] (Microsoft.EntityFrameworkCore.Database.Command) Executed DbCommand ("1"ms) [Parameters=[""], CommandType='Text', CommandTimeout='30']"
""SELECT [c].[CategoryId], [c].[CategoryName], [c].[Description]
FROM [Categories] AS [c]"
2020-11-23T23:00:09.9705309+03:00 [INF] (Microsoft.EntityFrameworkCore.Database.Command) Executed DbCommand ("2"ms) [Parameters=["@__ShoppingCartId_0='?' (Size = 4000)"], CommandType='Text', CommandTimeout='30']"
""SELECT [s].[ShoppingCartItemId], [s].[Amount], [s].[PieId], [s].[ShoppingCartId], [p].[PieId], [p].[AllergyInfo], [p].[CategoryId], [p].[ImageThumbnailUrl], [p].[ImageUrl], [p].[InStock], [p].[IsPieOfTheWeek], [p].[LongDescription], [p].[Name], [p].[Price], [p].[ShortDescription]
FROM [ShoppingCartItems] AS [s]
LEFT JOIN [Pies] AS [p] ON [s].[PieId] = [p].[PieId]
WHERE [s].[ShoppingCartId] = @__ShoppingCartId_0"
2020-11-23T23:00:09.9737036+03:00 [INF] (Microsoft.EntityFrameworkCore.Database.Command) Executed DbCommand ("1"ms) [Parameters=["@__ShoppingCartId_0='?' (Size = 4000)"], CommandType='Text', CommandTimeout='30']"
""SELECT COALESCE(SUM([p].[Price] * CAST([s].[Amount] AS decimal(18,2))), 0.0)
FROM [ShoppingCartItems] AS [s]
LEFT JOIN [Pies] AS [p] ON [s].[PieId] = [p].[PieId]
WHERE [s].[ShoppingCartId] = @__ShoppingCartId_0"
2020-11-23T23:00:09.9761309+03:00 [INF] (Serilog.AspNetCore.RequestLoggingMiddleware) HTTP "GET" "/Error/404" responded 200 in 20.3616 ms
2020-11-23T23:01:51.4649963+03:00 [INF] () Application Starting.
2020-11-23T23:01:53.8411069+03:00 [INF] (Microsoft.Hosting.Lifetime) Application started. Press Ctrl+C to shut down.
2020-11-23T23:01:53.8467838+03:00 [INF] (Microsoft.Hosting.Lifetime) Hosting environment: "Production"
2020-11-23T23:01:53.8506550+03:00 [INF] (Microsoft.Hosting.Lifetime) Content root path: "D:\STUDY\ASP\Shop-asp.net-core\BakeryShop\BakeryShop"
2020-11-23T23:01:57.7144705+03:00 [INF] (Microsoft.EntityFrameworkCore.Database.Command) Executed DbCommand ("89"ms) [Parameters=[""], CommandType='Text', CommandTimeout='30']"
""SELECT [p].[PieId], [p].[AllergyInfo], [p].[CategoryId], [p].[ImageThumbnailUrl], [p].[ImageUrl], [p].[InStock], [p].[IsPieOfTheWeek], [p].[LongDescription], [p].[Name], [p].[Price], [p].[ShortDescription], [c].[CategoryId], [c].[CategoryName], [c].[Description]
FROM [Pies] AS [p]
INNER JOIN [Categories] AS [c] ON [p].[CategoryId] = [c].[CategoryId]
WHERE [p].[IsPieOfTheWeek] = CAST(1 AS bit)"
2020-11-23T23:01:58.2012431+03:00 [INF] (Microsoft.EntityFrameworkCore.Database.Command) Executed DbCommand ("6"ms) [Parameters=[""], CommandType='Text', CommandTimeout='30']"
""SELECT [c].[CategoryId], [c].[CategoryName], [c].[Description]
FROM [Categories] AS [c]"
2020-11-23T23:01:58.3269015+03:00 [INF] (Microsoft.EntityFrameworkCore.Database.Command) Executed DbCommand ("56"ms) [Parameters=["@__ShoppingCartId_0='?' (Size = 4000)"], CommandType='Text', CommandTimeout='30']"
""SELECT [s].[ShoppingCartItemId], [s].[Amount], [s].[PieId], [s].[ShoppingCartId], [p].[PieId], [p].[AllergyInfo], [p].[CategoryId], [p].[ImageThumbnailUrl], [p].[ImageUrl], [p].[InStock], [p].[IsPieOfTheWeek], [p].[LongDescription], [p].[Name], [p].[Price], [p].[ShortDescription]
FROM [ShoppingCartItems] AS [s]
LEFT JOIN [Pies] AS [p] ON [s].[PieId] = [p].[PieId]
WHERE [s].[ShoppingCartId] = @__ShoppingCartId_0"
2020-11-23T23:01:58.3939259+03:00 [INF] (Microsoft.EntityFrameworkCore.Database.Command) Executed DbCommand ("6"ms) [Parameters=["@__ShoppingCartId_0='?' (Size = 4000)"], CommandType='Text', CommandTimeout='30']"
""SELECT COALESCE(SUM([p].[Price] * CAST([s].[Amount] AS decimal(18,2))), 0.0)
FROM [ShoppingCartItems] AS [s]
LEFT JOIN [Pies] AS [p] ON [s].[PieId] = [p].[PieId]
WHERE [s].[ShoppingCartId] = @__ShoppingCartId_0"
2020-11-23T23:01:58.4758029+03:00 [INF] (Serilog.AspNetCore.RequestLoggingMiddleware) HTTP "GET" "/" responded 200 in 4524.1783 ms
2020-11-23T23:01:58.9217397+03:00 [INF] (Serilog.AspNetCore.RequestLoggingMiddleware) HTTP "GET" "/favicon.ico" responded 404 in 1.4712 ms
2020-11-23T23:01:59.1519691+03:00 [INF] (Microsoft.EntityFrameworkCore.Database.Command) Executed DbCommand ("1"ms) [Parameters=[""], CommandType='Text', CommandTimeout='30']"
""SELECT [c].[CategoryId], [c].[CategoryName], [c].[Description]
FROM [Categories] AS [c]"
2020-11-23T23:01:59.1603759+03:00 [INF] (Microsoft.EntityFrameworkCore.Database.Command) Executed DbCommand ("1"ms) [Parameters=["@__ShoppingCartId_0='?' (Size = 4000)"], CommandType='Text', CommandTimeout='30']"
""SELECT [s].[ShoppingCartItemId], [s].[Amount], [s].[PieId], [s].[ShoppingCartId], [p].[PieId], [p].[AllergyInfo], [p].[CategoryId], [p].[ImageThumbnailUrl], [p].[ImageUrl], [p].[InStock], [p].[IsPieOfTheWeek], [p].[LongDescription], [p].[Name], [p].[Price], [p].[ShortDescription]
FROM [ShoppingCartItems] AS [s]
LEFT JOIN [Pies] AS [p] ON [s].[PieId] = [p].[PieId]
WHERE [s].[ShoppingCartId] = @__ShoppingCartId_0"
2020-11-23T23:01:59.1628945+03:00 [INF] (Microsoft.EntityFrameworkCore.Database.Command) Executed DbCommand ("1"ms) [Parameters=["@__ShoppingCartId_0='?' (Size = 4000)"], CommandType='Text', CommandTimeout='30']"
""SELECT COALESCE(SUM([p].[Price] * CAST([s].[Amount] AS decimal(18,2))), 0.0)
FROM [ShoppingCartItems] AS [s]
LEFT JOIN [Pies] AS [p] ON [s].[PieId] = [p].[PieId]
WHERE [s].[ShoppingCartId] = @__ShoppingCartId_0"
2020-11-23T23:01:59.1701174+03:00 [INF] (Serilog.AspNetCore.RequestLoggingMiddleware) HTTP "GET" "/Error/404" responded 200 in 231.3209 ms
2020-11-23T23:02:05.4894406+03:00 [INF] (Serilog.AspNetCore.RequestLoggingMiddleware) HTTP "GET" "/Pie/Details/2" responded 400 in 18.1211 ms
2020-11-23T23:02:05.5404504+03:00 [INF] (Serilog.AspNetCore.RequestLoggingMiddleware) HTTP "GET" "/favicon.ico" responded 404 in 0.1396 ms
2020-11-23T23:02:05.5866156+03:00 [INF] (Microsoft.EntityFrameworkCore.Database.Command) Executed DbCommand ("3"ms) [Parameters=[""], CommandType='Text', CommandTimeout='30']"
""SELECT [c].[CategoryId], [c].[CategoryName], [c].[Description]
FROM [Categories] AS [c]"
2020-11-23T23:02:05.5944543+03:00 [INF] (Microsoft.EntityFrameworkCore.Database.Command) Executed DbCommand ("2"ms) [Parameters=["@__ShoppingCartId_0='?' (Size = 4000)"], CommandType='Text', CommandTimeout='30']"
""SELECT [s].[ShoppingCartItemId], [s].[Amount], [s].[PieId], [s].[ShoppingCartId], [p].[PieId], [p].[AllergyInfo], [p].[CategoryId], [p].[ImageThumbnailUrl], [p].[ImageUrl], [p].[InStock], [p].[IsPieOfTheWeek], [p].[LongDescription], [p].[Name], [p].[Price], [p].[ShortDescription]
FROM [ShoppingCartItems] AS [s]
LEFT JOIN [Pies] AS [p] ON [s].[PieId] = [p].[PieId]
WHERE [s].[ShoppingCartId] = @__ShoppingCartId_0"
2020-11-23T23:02:05.5972202+03:00 [INF] (Microsoft.EntityFrameworkCore.Database.Command) Executed DbCommand ("1"ms) [Parameters=["@__ShoppingCartId_0='?' (Size = 4000)"], CommandType='Text', CommandTimeout='30']"
""SELECT COALESCE(SUM([p].[Price] * CAST([s].[Amount] AS decimal(18,2))), 0.0)
FROM [ShoppingCartItems] AS [s]
LEFT JOIN [Pies] AS [p] ON [s].[PieId] = [p].[PieId]
WHERE [s].[ShoppingCartId] = @__ShoppingCartId_0"
2020-11-23T23:02:05.6165812+03:00 [INF] (Serilog.AspNetCore.RequestLoggingMiddleware) HTTP "GET" "/Error/404" responded 200 in 60.9683 ms
2020-11-23T23:02:32.1116979+03:00 [INF] () Application Starting.
2020-11-23T23:02:35.0696624+03:00 [INF] (Microsoft.Hosting.Lifetime) Now listening on: "https://localhost:5001"
2020-11-23T23:02:35.0780254+03:00 [INF] (Microsoft.Hosting.Lifetime) Now listening on: "http://localhost:5000"
2020-11-23T23:02:35.0842290+03:00 [INF] (Microsoft.Hosting.Lifetime) Application started. Press Ctrl+C to shut down.
2020-11-23T23:02:35.0853744+03:00 [INF] (Microsoft.Hosting.Lifetime) Hosting environment: "Development"
2020-11-23T23:02:35.0889706+03:00 [INF] (Microsoft.Hosting.Lifetime) Content root path: "D:\STUDY\ASP\Shop-asp.net-core\BakeryShop\BakeryShop"
2020-11-23T23:02:40.2429581+03:00 [INF] (Microsoft.EntityFrameworkCore.Database.Command) Executed DbCommand ("81"ms) [Parameters=[""], CommandType='Text', CommandTimeout='30']"
""SELECT [p].[PieId], [p].[AllergyInfo], [p].[CategoryId], [p].[ImageThumbnailUrl], [p].[ImageUrl], [p].[InStock], [p].[IsPieOfTheWeek], [p].[LongDescription], [p].[Name], [p].[Price], [p].[ShortDescription], [c].[CategoryId], [c].[CategoryName], [c].[Description]
FROM [Pies] AS [p]
INNER JOIN [Categories] AS [c] ON [p].[CategoryId] = [c].[CategoryId]
WHERE [p].[IsPieOfTheWeek] = CAST(1 AS bit)"
2020-11-23T23:02:40.8190238+03:00 [INF] (Microsoft.EntityFrameworkCore.Database.Command) Executed DbCommand ("13"ms) [Parameters=[""], CommandType='Text', CommandTimeout='30']"
""SELECT [c].[CategoryId], [c].[CategoryName], [c].[Description]
FROM [Categories] AS [c]"
2020-11-23T23:02:40.9739044+03:00 [INF] (Microsoft.EntityFrameworkCore.Database.Command) Executed DbCommand ("65"ms) [Parameters=["@__ShoppingCartId_0='?' (Size = 4000)"], CommandType='Text', CommandTimeout='30']"
""SELECT [s].[ShoppingCartItemId], [s].[Amount], [s].[PieId], [s].[ShoppingCartId], [p].[PieId], [p].[AllergyInfo], [p].[CategoryId], [p].[ImageThumbnailUrl], [p].[ImageUrl], [p].[InStock], [p].[IsPieOfTheWeek], [p].[LongDescription], [p].[Name], [p].[Price], [p].[ShortDescription]
FROM [ShoppingCartItems] AS [s]
LEFT JOIN [Pies] AS [p] ON [s].[PieId] = [p].[PieId]
WHERE [s].[ShoppingCartId] = @__ShoppingCartId_0"
2020-11-23T23:02:41.0533343+03:00 [INF] (Microsoft.EntityFrameworkCore.Database.Command) Executed DbCommand ("14"ms) [Parameters=["@__ShoppingCartId_0='?' (Size = 4000)"], CommandType='Text', CommandTimeout='30']"
""SELECT COALESCE(SUM([p].[Price] * CAST([s].[Amount] AS decimal(18,2))), 0.0)
FROM [ShoppingCartItems] AS [s]
LEFT JOIN [Pies] AS [p] ON [s].[PieId] = [p].[PieId]
WHERE [s].[ShoppingCartId] = @__ShoppingCartId_0"
2020-11-23T23:02:41.1247791+03:00 [INF] (Serilog.AspNetCore.RequestLoggingMiddleware) HTTP "GET" "/" responded 200 in 4612.3551 ms
2020-11-23T23:02:41.8452118+03:00 [INF] (Serilog.AspNetCore.RequestLoggingMiddleware) HTTP "GET" "/favicon.ico" responded 404 in 1.1096 ms
2020-11-23T23:02:46.0602911+03:00 [INF] (Serilog.AspNetCore.RequestLoggingMiddleware) HTTP "GET" "/Pie/Details/2" responded 400 in 14.1697 ms
2020-11-23T23:03:07.6763198+03:00 [INF] (Microsoft.Hosting.Lifetime) Application is shutting down...
2020-11-23T23:10:48.0556238+03:00 [INF] () Application Starting.
2020-11-23T23:10:50.9664042+03:00 [INF] (Microsoft.Hosting.Lifetime) Now listening on: "https://localhost:5001"
2020-11-23T23:10:50.9764820+03:00 [INF] (Microsoft.Hosting.Lifetime) Now listening on: "http://localhost:5000"
2020-11-23T23:10:50.9809625+03:00 [INF] (Microsoft.Hosting.Lifetime) Application started. Press Ctrl+C to shut down.
2020-11-23T23:10:50.9821020+03:00 [INF] (Microsoft.Hosting.Lifetime) Hosting environment: "Development"
2020-11-23T23:10:50.9833278+03:00 [INF] (Microsoft.Hosting.Lifetime) Content root path: "D:\STUDY\ASP\Shop-asp.net-core\BakeryShop\BakeryShop"
2020-11-23T23:10:58.3537806+03:00 [INF] (Microsoft.EntityFrameworkCore.Database.Command) Executed DbCommand ("93"ms) [Parameters=[""], CommandType='Text', CommandTimeout='30']"
""SELECT [p].[PieId], [p].[AllergyInfo], [p].[CategoryId], [p].[ImageThumbnailUrl], [p].[ImageUrl], [p].[InStock], [p].[IsPieOfTheWeek], [p].[LongDescription], [p].[Name], [p].[Price], [p].[ShortDescription], [c].[CategoryId], [c].[CategoryName], [c].[Description]
FROM [Pies] AS [p]
INNER JOIN [Categories] AS [c] ON [p].[CategoryId] = [c].[CategoryId]
WHERE [p].[IsPieOfTheWeek] = CAST(1 AS bit)"
2020-11-23T23:10:59.0749178+03:00 [INF] (Microsoft.EntityFrameworkCore.Database.Command) Executed DbCommand ("46"ms) [Parameters=[""], CommandType='Text', CommandTimeout='30']"
""SELECT [c].[CategoryId], [c].[CategoryName], [c].[Description]
FROM [Categories] AS [c]"
2020-11-23T23:10:59.2923417+03:00 [INF] (Microsoft.EntityFrameworkCore.Database.Command) Executed DbCommand ("96"ms) [Parameters=["@__ShoppingCartId_0='?' (Size = 4000)"], CommandType='Text', CommandTimeout='30']"
""SELECT [s].[ShoppingCartItemId], [s].[Amount], [s].[PieId], [s].[ShoppingCartId], [p].[PieId], [p].[AllergyInfo], [p].[CategoryId], [p].[ImageThumbnailUrl], [p].[ImageUrl], [p].[InStock], [p].[IsPieOfTheWeek], [p].[LongDescription], [p].[Name], [p].[Price], [p].[ShortDescription]
FROM [ShoppingCartItems] AS [s]
LEFT JOIN [Pies] AS [p] ON [s].[PieId] = [p].[PieId]
WHERE [s].[ShoppingCartId] = @__ShoppingCartId_0"
2020-11-23T23:10:59.3758367+03:00 [INF] (Microsoft.EntityFrameworkCore.Database.Command) Executed DbCommand ("10"ms) [Parameters=["@__ShoppingCartId_0='?' (Size = 4000)"], CommandType='Text', CommandTimeout='30']"
""SELECT COALESCE(SUM([p].[Price] * CAST([s].[Amount] AS decimal(18,2))), 0.0)
FROM [ShoppingCartItems] AS [s]
LEFT JOIN [Pies] AS [p] ON [s].[PieId] = [p].[PieId]
WHERE [s].[ShoppingCartId] = @__ShoppingCartId_0"
2020-11-23T23:10:59.4720174+03:00 [INF] (Serilog.AspNetCore.RequestLoggingMiddleware) HTTP "GET" "/" responded 200 in 6988.7591 ms
2020-11-23T23:11:13.0200371+03:00 [INF] (Serilog.AspNetCore.RequestLoggingMiddleware) HTTP "GET" "/Pie/Details/2" responded 400 in 23.2255 ms
2020-11-23T23:16:25.1454962+03:00 [INF] () Application Starting.
2020-11-23T23:16:28.1624130+03:00 [INF] (Microsoft.Hosting.Lifetime) Now listening on: "https://localhost:5001"
2020-11-23T23:16:28.1709634+03:00 [INF] (Microsoft.Hosting.Lifetime) Now listening on: "http://localhost:5000"
2020-11-23T23:16:28.1758262+03:00 [INF] (Microsoft.Hosting.Lifetime) Application started. Press Ctrl+C to shut down.
2020-11-23T23:16:28.1769611+03:00 [INF] (Microsoft.Hosting.Lifetime) Hosting environment: "Development"
2020-11-23T23:16:28.1782069+03:00 [INF] (Microsoft.Hosting.Lifetime) Content root path: "D:\STUDY\ASP\Shop-asp.net-core\BakeryShop\BakeryShop"
2020-11-23T23:16:34.7361247+03:00 [INF] (Microsoft.EntityFrameworkCore.Database.Command) Executed DbCommand ("80"ms) [Parameters=[""], CommandType='Text', CommandTimeout='30']"
""SELECT [p].[PieId], [p].[AllergyInfo], [p].[CategoryId], [p].[ImageThumbnailUrl], [p].[ImageUrl], [p].[InStock], [p].[IsPieOfTheWeek], [p].[LongDescription], [p].[Name], [p].[Price], [p].[ShortDescription], [c].[CategoryId], [c].[CategoryName], [c].[Description]
FROM [Pies] AS [p]
INNER JOIN [Categories] AS [c] ON [p].[CategoryId] = [c].[CategoryId]
WHERE [p].[IsPieOfTheWeek] = CAST(1 AS bit)"
2020-11-23T23:16:35.3889888+03:00 [INF] (Microsoft.EntityFrameworkCore.Database.Command) Executed DbCommand ("15"ms) [Parameters=[""], CommandType='Text', CommandTimeout='30']"
""SELECT [c].[CategoryId], [c].[CategoryName], [c].[Description]
FROM [Categories] AS [c]"
2020-11-23T23:16:35.5746365+03:00 [INF] (Microsoft.EntityFrameworkCore.Database.Command) Executed DbCommand ("75"ms) [Parameters=["@__ShoppingCartId_0='?' (Size = 4000)"], CommandType='Text', CommandTimeout='30']"
""SELECT [s].[ShoppingCartItemId], [s].[Amount], [s].[PieId], [s].[ShoppingCartId], [p].[PieId], [p].[AllergyInfo], [p].[CategoryId], [p].[ImageThumbnailUrl], [p].[ImageUrl], [p].[InStock], [p].[IsPieOfTheWeek], [p].[LongDescription], [p].[Name], [p].[Price], [p].[ShortDescription]
FROM [ShoppingCartItems] AS [s]
LEFT JOIN [Pies] AS [p] ON [s].[PieId] = [p].[PieId]
WHERE [s].[ShoppingCartId] = @__ShoppingCartId_0"
2020-11-23T23:16:35.6793128+03:00 [INF] (Microsoft.EntityFrameworkCore.Database.Command) Executed DbCommand ("18"ms) [Parameters=["@__ShoppingCartId_0='?' (Size = 4000)"], CommandType='Text', CommandTimeout='30']"
""SELECT COALESCE(SUM([p].[Price] * CAST([s].[Amount] AS decimal(18,2))), 0.0)
FROM [ShoppingCartItems] AS [s]
LEFT JOIN [Pies] AS [p] ON [s].[PieId] = [p].[PieId]
WHERE [s].[ShoppingCartId] = @__ShoppingCartId_0"
2020-11-23T23:16:35.7529295+03:00 [INF] (Serilog.AspNetCore.RequestLoggingMiddleware) HTTP "GET" "/" responded 200 in 6245.1899 ms
2020-11-23T23:16:42.2124315+03:00 [INF] (Microsoft.EntityFrameworkCore.Database.Command) Executed DbCommand ("16"ms) [Parameters=[""], CommandType='Text', CommandTimeout='30']"
""SELECT [p].[PieId], [p].[AllergyInfo], [p].[CategoryId], [p].[ImageThumbnailUrl], [p].[ImageUrl], [p].[InStock], [p].[IsPieOfTheWeek], [p].[LongDescription], [p].[Name], [p].[Price], [p].[ShortDescription], [c].[CategoryId], [c].[CategoryName], [c].[Description]
FROM [Pies] AS [p]
INNER JOIN [Categories] AS [c] ON [p].[CategoryId] = [c].[CategoryId]"
2020-11-23T23:16:42.2536364+03:00 [INF] (Microsoft.EntityFrameworkCore.Database.Command) Executed DbCommand ("6"ms) [Parameters=[""], CommandType='Text', CommandTimeout='30']"
""SELECT [c].[CategoryId], [c].[CategoryName], [c].[Description]
FROM [Categories] AS [c]"
2020-11-23T23:16:42.2810852+03:00 [INF] (Microsoft.EntityFrameworkCore.Database.Command) Executed DbCommand ("10"ms) [Parameters=["@__ShoppingCartId_0='?' (Size = 4000)"], CommandType='Text', CommandTimeout='30']"
""SELECT [s].[ShoppingCartItemId], [s].[Amount], [s].[PieId], [s].[ShoppingCartId], [p].[PieId], [p].[AllergyInfo], [p].[CategoryId], [p].[ImageThumbnailUrl], [p].[ImageUrl], [p].[InStock], [p].[IsPieOfTheWeek], [p].[LongDescription], [p].[Name], [p].[Price], [p].[ShortDescription]
FROM [ShoppingCartItems] AS [s]
LEFT JOIN [Pies] AS [p] ON [s].[PieId] = [p].[PieId]
WHERE [s].[ShoppingCartId] = @__ShoppingCartId_0"
2020-11-23T23:16:42.3033414+03:00 [INF] (Microsoft.EntityFrameworkCore.Database.Command) Executed DbCommand ("6"ms) [Parameters=["@__ShoppingCartId_0='?' (Size = 4000)"], CommandType='Text', CommandTimeout='30']"
""SELECT COALESCE(SUM([p].[Price] * CAST([s].[Amount] AS decimal(18,2))), 0.0)
FROM [ShoppingCartItems] AS [s]
LEFT JOIN [Pies] AS [p] ON [s].[PieId] = [p].[PieId]
WHERE [s].[ShoppingCartId] = @__ShoppingCartId_0"
2020-11-23T23:16:42.3242540+03:00 [INF] (Serilog.AspNetCore.RequestLoggingMiddleware) HTTP "GET" "/Pie/List?currentCategory=Apple%20pies" responded 200 in 273.9808 ms
2020-11-23T23:16:44.7075946+03:00 [INF] (Microsoft.EntityFrameworkCore.Database.Command) Executed DbCommand ("16"ms) [Parameters=["@__pieId_0='?' (DbType = Int32)"], CommandType='Text', CommandTimeout='30']"
""SELECT TOP(1) [p].[PieId], [p].[AllergyInfo], [p].[CategoryId], [p].[ImageThumbnailUrl], [p].[ImageUrl], [p].[InStock], [p].[IsPieOfTheWeek], [p].[LongDescription], [p].[Name], [p].[Price], [p].[ShortDescription]
FROM [Pies] AS [p]
WHERE [p].[PieId] = @__pieId_0"
2020-11-23T23:16:44.7550227+03:00 [INF] (Microsoft.EntityFrameworkCore.Database.Command) Executed DbCommand ("10"ms) [Parameters=[""], CommandType='Text', CommandTimeout='30']"
""SELECT [c].[CategoryId], [c].[CategoryName], [c].[Description]
FROM [Categories] AS [c]"
2020-11-23T23:16:44.7817563+03:00 [INF] (Microsoft.EntityFrameworkCore.Database.Command) Executed DbCommand ("11"ms) [Parameters=["@__ShoppingCartId_0='?' (Size = 4000)"], CommandType='Text', CommandTimeout='30']"
""SELECT [s].[ShoppingCartItemId], [s].[Amount], [s].[PieId], [s].[ShoppingCartId], [p].[PieId], [p].[AllergyInfo], [p].[CategoryId], [p].[ImageThumbnailUrl], [p].[ImageUrl], [p].[InStock], [p].[IsPieOfTheWeek], [p].[LongDescription], [p].[Name], [p].[Price], [p].[ShortDescription]
FROM [ShoppingCartItems] AS [s]
LEFT JOIN [Pies] AS [p] ON [s].[PieId] = [p].[PieId]
WHERE [s].[ShoppingCartId] = @__ShoppingCartId_0"
2020-11-23T23:16:44.8068427+03:00 [INF] (Microsoft.EntityFrameworkCore.Database.Command) Executed DbCommand ("6"ms) [Parameters=["@__ShoppingCartId_0='?' (Size = 4000)"], CommandType='Text', CommandTimeout='30']"
""SELECT COALESCE(SUM([p].[Price] * CAST([s].[Amount] AS decimal(18,2))), 0.0)
FROM [ShoppingCartItems] AS [s]
LEFT JOIN [Pies] AS [p] ON [s].[PieId] = [p].[PieId]
WHERE [s].[ShoppingCartId] = @__ShoppingCartId_0"
2020-11-23T23:16:44.8386528+03:00 [INF] (Serilog.AspNetCore.RequestLoggingMiddleware) HTTP "GET" "/Pie/Details/1" responded 200 in 201.5495 ms
2020-11-23T23:16:48.7364902+03:00 [INF] (Microsoft.EntityFrameworkCore.Database.Command) Executed DbCommand ("13"ms) [Parameters=[""], CommandType='Text', CommandTimeout='30']"
""SELECT [c].[CategoryId], [c].[CategoryName], [c].[Description]
FROM [Categories] AS [c]"
2020-11-23T23:16:48.7704639+03:00 [INF] (Microsoft.EntityFrameworkCore.Database.Command) Executed DbCommand ("12"ms) [Parameters=["@__ShoppingCartId_0='?' (Size = 4000)"], CommandType='Text', CommandTimeout='30']"
""SELECT [s].[ShoppingCartItemId], [s].[Amount], [s].[PieId], [s].[ShoppingCartId], [p].[PieId], [p].[AllergyInfo], [p].[CategoryId], [p].[ImageThumbnailUrl], [p].[ImageUrl], [p].[InStock], [p].[IsPieOfTheWeek], [p].[LongDescription], [p].[Name], [p].[Price], [p].[ShortDescription]
FROM [ShoppingCartItems] AS [s]
LEFT JOIN [Pies] AS [p] ON [s].[PieId] = [p].[PieId]
WHERE [s].[ShoppingCartId] = @__ShoppingCartId_0"
2020-11-23T23:16:48.7951691+03:00 [INF] (Microsoft.EntityFrameworkCore.Database.Command) Executed DbCommand ("7"ms) [Parameters=["@__ShoppingCartId_0='?' (Size = 4000)"], CommandType='Text', CommandTimeout='30']"
""SELECT COALESCE(SUM([p].[Price] * CAST([s].[Amount] AS decimal(18,2))), 0.0)
FROM [ShoppingCartItems] AS [s]
LEFT JOIN [Pies] AS [p] ON [s].[PieId] = [p].[PieId]
WHERE [s].[ShoppingCartId] = @__ShoppingCartId_0"
2020-11-23T23:16:48.8288328+03:00 [INF] (Serilog.AspNetCore.RequestLoggingMiddleware) HTTP "GET" "/Identity/Account/Register" responded 200 in 258.5230 ms
2020-11-23T23:16:52.5189338+03:00 [INF] (Microsoft.EntityFrameworkCore.Database.Command) Executed DbCommand ("9"ms) [Parameters=[""], CommandType='Text', CommandTimeout='30']"
""SELECT [p].[PieId], [p].[AllergyInfo], [p].[CategoryId], [p].[ImageThumbnailUrl], [p].[ImageUrl], [p].[InStock], [p].[IsPieOfTheWeek], [p].[LongDescription], [p].[Name], [p].[Price], [p].[ShortDescription], [c].[CategoryId], [c].[CategoryName], [c].[Description]
FROM [Pies] AS [p]
INNER JOIN [Categories] AS [c] ON [p].[CategoryId] = [c].[CategoryId]
WHERE [p].[IsPieOfTheWeek] = CAST(1 AS bit)"
2020-11-23T23:16:52.5520562+03:00 [INF] (Microsoft.EntityFrameworkCore.Database.Command) Executed DbCommand ("6"ms) [Parameters=[""], CommandType='Text', CommandTimeout='30']"
""SELECT [c].[CategoryId], [c].[CategoryName], [c].[Description]
FROM [Categories] AS [c]"
2020-11-23T23:16:52.5805997+03:00 [INF] (Microsoft.EntityFrameworkCore.Database.Command) Executed DbCommand ("11"ms) [Parameters=["@__ShoppingCartId_0='?' (Size = 4000)"], CommandType='Text', CommandTimeout='30']"
""SELECT [s].[ShoppingCartItemId], [s].[Amount], [s].[PieId], [s].[ShoppingCartId], [p].[PieId], [p].[AllergyInfo], [p].[CategoryId], [p].[ImageThumbnailUrl], [p].[ImageUrl], [p].[InStock], [p].[IsPieOfTheWeek], [p].[LongDescription], [p].[Name], [p].[Price], [p].[ShortDescription]
FROM [ShoppingCartItems] AS [s]
LEFT JOIN [Pies] AS [p] ON [s].[PieId] = [p].[PieId]
WHERE [s].[ShoppingCartId] = @__ShoppingCartId_0"
2020-11-23T23:16:52.6025145+03:00 [INF] (Microsoft.EntityFrameworkCore.Database.Command) Executed DbCommand ("5"ms) [Parameters=["@__ShoppingCartId_0='?' (Size = 4000)"], CommandType='Text', CommandTimeout='30']"
""SELECT COALESCE(SUM([p].[Price] * CAST([s].[Amount] AS decimal(18,2))), 0.0)
FROM [ShoppingCartItems] AS [s]
LEFT JOIN [Pies] AS [p] ON [s].[PieId] = [p].[PieId]
WHERE [s].[ShoppingCartId] = @__ShoppingCartId_0"
2020-11-23T23:16:52.6154227+03:00 [INF] (Serilog.AspNetCore.RequestLoggingMiddleware) HTTP "GET" "/" responded 200 in 127.6539 ms
2020-11-23T23:16:58.8234281+03:00 [INF] (Serilog.AspNetCore.RequestLoggingMiddleware) HTTP "GET" "/Comments" responded 400 in 21.7643 ms
2020-11-23T23:18:36.9710837+03:00 [INF] () Application Starting.
2020-11-23T23:18:39.8961725+03:00 [INF] (Microsoft.Hosting.Lifetime) Now listening on: "https://localhost:5001"
2020-11-23T23:18:39.9064481+03:00 [INF] (Microsoft.Hosting.Lifetime) Now listening on: "http://localhost:5000"
2020-11-23T23:18:39.9115500+03:00 [INF] (Microsoft.Hosting.Lifetime) Application started. Press Ctrl+C to shut down.
2020-11-23T23:18:39.9132911+03:00 [INF] (Microsoft.Hosting.Lifetime) Hosting environment: "Development"
2020-11-23T23:18:39.9147681+03:00 [INF] (Microsoft.Hosting.Lifetime) Content root path: "D:\STUDY\ASP\Shop-asp.net-core\BakeryShop\BakeryShop"
2020-11-23T23:18:45.1779117+03:00 [INF] (Microsoft.EntityFrameworkCore.Database.Command) Executed DbCommand ("84"ms) [Parameters=[""], CommandType='Text', CommandTimeout='30']"
""SELECT [p].[PieId], [p].[AllergyInfo], [p].[CategoryId], [p].[ImageThumbnailUrl], [p].[ImageUrl], [p].[InStock], [p].[IsPieOfTheWeek], [p].[LongDescription], [p].[Name], [p].[Price], [p].[ShortDescription], [c].[CategoryId], [c].[CategoryName], [c].[Description]
FROM [Pies] AS [p]
INNER JOIN [Categories] AS [c] ON [p].[CategoryId] = [c].[CategoryId]
WHERE [p].[IsPieOfTheWeek] = CAST(1 AS bit)"
2020-11-23T23:18:45.7377364+03:00 [INF] (Microsoft.EntityFrameworkCore.Database.Command) Executed DbCommand ("15"ms) [Parameters=[""], CommandType='Text', CommandTimeout='30']"
""SELECT [c].[CategoryId], [c].[CategoryName], [c].[Description]
FROM [Categories] AS [c]"
2020-11-23T23:18:45.8825797+03:00 [INF] (Microsoft.EntityFrameworkCore.Database.Command) Executed DbCommand ("64"ms) [Parameters=["@__ShoppingCartId_0='?' (Size = 4000)"], CommandType='Text', CommandTimeout='30']"
""SELECT [s].[ShoppingCartItemId], [s].[Amount], [s].[PieId], [s].[ShoppingCartId], [p].[PieId], [p].[AllergyInfo], [p].[CategoryId], [p].[ImageThumbnailUrl], [p].[ImageUrl], [p].[InStock], [p].[IsPieOfTheWeek], [p].[LongDescription], [p].[Name], [p].[Price], [p].[ShortDescription]
FROM [ShoppingCartItems] AS [s]
LEFT JOIN [Pies] AS [p] ON [s].[PieId] = [p].[PieId]
WHERE [s].[ShoppingCartId] = @__ShoppingCartId_0"
2020-11-23T23:18:45.9696147+03:00 [INF] (Microsoft.EntityFrameworkCore.Database.Command) Executed DbCommand ("10"ms) [Parameters=["@__ShoppingCartId_0='?' (Size = 4000)"], CommandType='Text', CommandTimeout='30']"
""SELECT COALESCE(SUM([p].[Price] * CAST([s].[Amount] AS decimal(18,2))), 0.0)
FROM [ShoppingCartItems] AS [s]
LEFT JOIN [Pies] AS [p] ON [s].[PieId] = [p].[PieId]
WHERE [s].[ShoppingCartId] = @__ShoppingCartId_0"
2020-11-23T23:18:46.0414575+03:00 [INF] (Serilog.AspNetCore.RequestLoggingMiddleware) HTTP "GET" "/" responded 200 in 4584.1593 ms
2020-11-23T23:18:56.2108142+03:00 [INF] (Serilog.AspNetCore.RequestLoggingMiddleware) HTTP "GET" "/Comments" responded 400 in 20.9048 ms
2020-11-23T23:23:46.4342081+03:00 [INF] () Application Starting.
2020-11-23T23:23:49.4341850+03:00 [INF] (Microsoft.Hosting.Lifetime) Now listening on: "https://localhost:5001"
2020-11-23T23:23:49.4449495+03:00 [INF] (Microsoft.Hosting.Lifetime) Now listening on: "http://localhost:5000"
2020-11-23T23:23:49.4492315+03:00 [INF] (Microsoft.Hosting.Lifetime) Application started. Press Ctrl+C to shut down.
2020-11-23T23:23:49.4505856+03:00 [INF] (Microsoft.Hosting.Lifetime) Hosting environment: "Development"
2020-11-23T23:23:49.4518008+03:00 [INF] (Microsoft.Hosting.Lifetime) Content root path: "D:\STUDY\ASP\Shop-asp.net-core\BakeryShop\BakeryShop"
2020-11-23T23:23:54.6906895+03:00 [INF] (Microsoft.EntityFrameworkCore.Database.Command) Executed DbCommand ("98"ms) [Parameters=[""], CommandType='Text', CommandTimeout='30']"
""SELECT [p].[PieId], [p].[AllergyInfo], [p].[CategoryId], [p].[ImageThumbnailUrl], [p].[ImageUrl], [p].[InStock], [p].[IsPieOfTheWeek], [p].[LongDescription], [p].[Name], [p].[Price], [p].[ShortDescription], [c].[CategoryId], [c].[CategoryName], [c].[Description]
FROM [Pies] AS [p]
INNER JOIN [Categories] AS [c] ON [p].[CategoryId] = [c].[CategoryId]
WHERE [p].[IsPieOfTheWeek] = CAST(1 AS bit)"
2020-11-23T23:23:55.2176186+03:00 [INF] (Microsoft.EntityFrameworkCore.Database.Command) Executed DbCommand ("13"ms) [Parameters=[""], CommandType='Text', CommandTimeout='30']"
""SELECT [c].[CategoryId], [c].[CategoryName], [c].[Description]
FROM [Categories] AS [c]"
2020-11-23T23:23:55.4056268+03:00 [INF] (Microsoft.EntityFrameworkCore.Database.Command) Executed DbCommand ("58"ms) [Parameters=["@__ShoppingCartId_0='?' (Size = 4000)"], CommandType='Text', CommandTimeout='30']"
""SELECT [s].[ShoppingCartItemId], [s].[Amount], [s].[PieId], [s].[ShoppingCartId], [p].[PieId], [p].[AllergyInfo], [p].[CategoryId], [p].[ImageThumbnailUrl], [p].[ImageUrl], [p].[InStock], [p].[IsPieOfTheWeek], [p].[LongDescription], [p].[Name], [p].[Price], [p].[ShortDescription]
FROM [ShoppingCartItems] AS [s]
LEFT JOIN [Pies] AS [p] ON [s].[PieId] = [p].[PieId]
WHERE [s].[ShoppingCartId] = @__ShoppingCartId_0"
2020-11-23T23:23:55.4917029+03:00 [INF] (Microsoft.EntityFrameworkCore.Database.Command) Executed DbCommand ("13"ms) [Parameters=["@__ShoppingCartId_0='?' (Size = 4000)"], CommandType='Text', CommandTimeout='30']"
""SELECT COALESCE(SUM([p].[Price] * CAST([s].[Amount] AS decimal(18,2))), 0.0)
FROM [ShoppingCartItems] AS [s]
LEFT JOIN [Pies] AS [p] ON [s].[PieId] = [p].[PieId]
WHERE [s].[ShoppingCartId] = @__ShoppingCartId_0"
2020-11-23T23:23:55.5562312+03:00 [INF] (Serilog.AspNetCore.RequestLoggingMiddleware) HTTP "GET" "/" responded 200 in 4573.0027 ms
2020-11-23T23:24:03.7850768+03:00 [INF] (Serilog.AspNetCore.RequestLoggingMiddleware) HTTP "GET" "/Comments" responded 404 in 1.6529 ms
2020-11-23T23:26:25.7785396+03:00 [INF] () Application Starting.
2020-11-23T23:26:28.6248093+03:00 [INF] (Microsoft.Hosting.Lifetime) Now listening on: "https://localhost:5001"
2020-11-23T23:26:28.6366273+03:00 [INF] (Microsoft.Hosting.Lifetime) Now listening on: "http://localhost:5000"
2020-11-23T23:26:28.6440714+03:00 [INF] (Microsoft.Hosting.Lifetime) Application started. Press Ctrl+C to shut down.
2020-11-23T23:26:28.6454641+03:00 [INF] (Microsoft.Hosting.Lifetime) Hosting environment: "Development"
2020-11-23T23:26:28.6469367+03:00 [INF] (Microsoft.Hosting.Lifetime) Content root path: "D:\STUDY\ASP\Shop-asp.net-core\BakeryShop\BakeryShop"
2020-11-23T23:26:30.1165140+03:00 [INF] (Serilog.AspNetCore.RequestLoggingMiddleware) HTTP "GET" "/" responded 404 in 34.7487 ms
2020-11-23T23:26:36.4938955+03:00 [INF] (Serilog.AspNetCore.RequestLoggingMiddleware) HTTP "GET" "/Comments" responded 404 in 1.5394 ms
2020-11-23T23:30:43.7755901+03:00 [INF] () Application Starting.
2020-11-23T23:30:46.4798763+03:00 [INF] (Microsoft.Hosting.Lifetime) Now listening on: "https://localhost:5001"
2020-11-23T23:30:46.4881625+03:00 [INF] (Microsoft.Hosting.Lifetime) Now listening on: "http://localhost:5000"
2020-11-23T23:30:46.4935586+03:00 [INF] (Microsoft.Hosting.Lifetime) Application started. Press Ctrl+C to shut down.
2020-11-23T23:30:46.4946778+03:00 [INF] (Microsoft.Hosting.Lifetime) Hosting environment: "Development"
2020-11-23T23:30:46.4958480+03:00 [INF] (Microsoft.Hosting.Lifetime) Content root path: "D:\STUDY\ASP\Shop-asp.net-core\BakeryShop\BakeryShop"
2020-11-23T23:30:53.1474986+03:00 [INF] (Microsoft.EntityFrameworkCore.Database.Command) Executed DbCommand ("88"ms) [Parameters=[""], CommandType='Text', CommandTimeout='30']"
""SELECT [p].[PieId], [p].[AllergyInfo], [p].[CategoryId], [p].[ImageThumbnailUrl], [p].[ImageUrl], [p].[InStock], [p].[IsPieOfTheWeek], [p].[LongDescription], [p].[Name], [p].[Price], [p].[ShortDescription], [c].[CategoryId], [c].[CategoryName], [c].[Description]
FROM [Pies] AS [p]
INNER JOIN [Categories] AS [c] ON [p].[CategoryId] = [c].[CategoryId]
WHERE [p].[IsPieOfTheWeek] = CAST(1 AS bit)"
2020-11-23T23:30:53.7565855+03:00 [INF] (Microsoft.EntityFrameworkCore.Database.Command) Executed DbCommand ("10"ms) [Parameters=[""], CommandType='Text', CommandTimeout='30']"
""SELECT [c].[CategoryId], [c].[CategoryName], [c].[Description]
FROM [Categories] AS [c]"
2020-11-23T23:30:53.9379720+03:00 [INF] (Microsoft.EntityFrameworkCore.Database.Command) Executed DbCommand ("85"ms) [Parameters=["@__ShoppingCartId_0='?' (Size = 4000)"], CommandType='Text', CommandTimeout='30']"
""SELECT [s].[ShoppingCartItemId], [s].[Amount], [s].[PieId], [s].[ShoppingCartId], [p].[PieId], [p].[AllergyInfo], [p].[CategoryId], [p].[ImageThumbnailUrl], [p].[ImageUrl], [p].[InStock], [p].[IsPieOfTheWeek], [p].[LongDescription], [p].[Name], [p].[Price], [p].[ShortDescription]
FROM [ShoppingCartItems] AS [s]
LEFT JOIN [Pies] AS [p] ON [s].[PieId] = [p].[PieId]
WHERE [s].[ShoppingCartId] = @__ShoppingCartId_0"
2020-11-23T23:30:54.0197619+03:00 [INF] (Microsoft.EntityFrameworkCore.Database.Command) Executed DbCommand ("16"ms) [Parameters=["@__ShoppingCartId_0='?' (Size = 4000)"], CommandType='Text', CommandTimeout='30']"
""SELECT COALESCE(SUM([p].[Price] * CAST([s].[Amount] AS decimal(18,2))), 0.0)
FROM [ShoppingCartItems] AS [s]
LEFT JOIN [Pies] AS [p] ON [s].[PieId] = [p].[PieId]
WHERE [s].[ShoppingCartId] = @__ShoppingCartId_0"
2020-11-23T23:30:54.1160747+03:00 [INF] (Serilog.AspNetCore.RequestLoggingMiddleware) HTTP "GET" "/" responded 200 in 6274.1731 ms
2020-11-23T23:31:02.7417162+03:00 [INF] (Serilog.AspNetCore.RequestLoggingMiddleware) HTTP "GET" "/chat" responded 400 in 25.0057 ms
2020-11-23T23:34:06.6222144+03:00 [INF] () Application Starting.
2020-11-23T23:34:09.4016280+03:00 [INF] (Microsoft.Hosting.Lifetime) Now listening on: "https://localhost:5001"
2020-11-23T23:34:09.4156508+03:00 [INF] (Microsoft.Hosting.Lifetime) Now listening on: "http://localhost:5000"
2020-11-23T23:34:09.4239405+03:00 [INF] (Microsoft.Hosting.Lifetime) Application started. Press Ctrl+C to shut down.
2020-11-23T23:34:09.4292307+03:00 [INF] (Microsoft.Hosting.Lifetime) Hosting environment: "Development"
2020-11-23T23:34:09.4366797+03:00 [INF] (Microsoft.Hosting.Lifetime) Content root path: "D:\STUDY\ASP\Shop-asp.net-core\BakeryShop\BakeryShop"
2020-11-23T23:34:14.3187742+03:00 [INF] (Microsoft.EntityFrameworkCore.Database.Command) Executed DbCommand ("178"ms) [Parameters=[""], CommandType='Text', CommandTimeout='30']"
""SELECT [p].[PieId], [p].[AllergyInfo], [p].[CategoryId], [p].[ImageThumbnailUrl], [p].[ImageUrl], [p].[InStock], [p].[IsPieOfTheWeek], [p].[LongDescription], [p].[Name], [p].[Price], [p].[ShortDescription], [c].[CategoryId], [c].[CategoryName], [c].[Description]
FROM [Pies] AS [p]
INNER JOIN [Categories] AS [c] ON [p].[CategoryId] = [c].[CategoryId]
WHERE [p].[IsPieOfTheWeek] = CAST(1 AS bit)"
2020-11-23T23:34:14.8471057+03:00 [INF] (Microsoft.EntityFrameworkCore.Database.Command) Executed DbCommand ("14"ms) [Parameters=[""], CommandType='Text', CommandTimeout='30']"
""SELECT [c].[CategoryId], [c].[CategoryName], [c].[Description]
FROM [Categories] AS [c]"
2020-11-23T23:34:15.0212383+03:00 [INF] (Microsoft.EntityFrameworkCore.Database.Command) Executed DbCommand ("67"ms) [Parameters=["@__ShoppingCartId_0='?' (Size = 4000)"], CommandType='Text', CommandTimeout='30']"
""SELECT [s].[ShoppingCartItemId], [s].[Amount], [s].[PieId], [s].[ShoppingCartId], [p].[PieId], [p].[AllergyInfo], [p].[CategoryId], [p].[ImageThumbnailUrl], [p].[ImageUrl], [p].[InStock], [p].[IsPieOfTheWeek], [p].[LongDescription], [p].[Name], [p].[Price], [p].[ShortDescription]
FROM [ShoppingCartItems] AS [s]
LEFT JOIN [Pies] AS [p] ON [s].[PieId] = [p].[PieId]
WHERE [s].[ShoppingCartId] = @__ShoppingCartId_0"
2020-11-23T23:34:15.1312686+03:00 [INF] (Microsoft.EntityFrameworkCore.Database.Command) Executed DbCommand ("27"ms) [Parameters=["@__ShoppingCartId_0='?' (Size = 4000)"], CommandType='Text', CommandTimeout='30']"
""SELECT COALESCE(SUM([p].[Price] * CAST([s].[Amount] AS decimal(18,2))), 0.0)
FROM [ShoppingCartItems] AS [s]
LEFT JOIN [Pies] AS [p] ON [s].[PieId] = [p].[PieId]
WHERE [s].[ShoppingCartId] = @__ShoppingCartId_0"
2020-11-23T23:34:15.2146672+03:00 [INF] (Serilog.AspNetCore.RequestLoggingMiddleware) HTTP "GET" "/" responded 200 in 4661.9226 ms
2020-11-23T23:35:04.0198054+03:00 [INF] (Serilog.AspNetCore.RequestLoggingMiddleware) HTTP "GET" "/chat" responded 400 in 30.8836 ms
2020-11-23T23:35:49.8432611+03:00 [INF] (Microsoft.Hosting.Lifetime) Application is shutting down...
2020-11-23T23:37:49.0586965+03:00 [INF] () Application Starting.
2020-11-23T23:37:51.9411401+03:00 [INF] (Microsoft.Hosting.Lifetime) Now listening on: "https://localhost:5001"
2020-11-23T23:37:51.9799042+03:00 [INF] (Microsoft.Hosting.Lifetime) Now listening on: "http://localhost:5000"
2020-11-23T23:37:51.9898014+03:00 [INF] (Microsoft.Hosting.Lifetime) Application started. Press Ctrl+C to shut down.
2020-11-23T23:37:51.9917320+03:00 [INF] (Microsoft.Hosting.Lifetime) Hosting environment: "Production"
2020-11-23T23:37:51.9941793+03:00 [INF] (Microsoft.Hosting.Lifetime) Content root path: "D:\STUDY\ASP\Shop-asp.net-core\BakeryShop\BakeryShop"
2020-11-23T23:37:57.0681623+03:00 [INF] (Microsoft.EntityFrameworkCore.Database.Command) Executed DbCommand ("181"ms) [Parameters=[""], CommandType='Text', CommandTimeout='30']"
""SELECT [p].[PieId], [p].[AllergyInfo], [p].[CategoryId], [p].[ImageThumbnailUrl], [p].[ImageUrl], [p].[InStock], [p].[IsPieOfTheWeek], [p].[LongDescription], [p].[Name], [p].[Price], [p].[ShortDescription], [c].[CategoryId], [c].[CategoryName], [c].[Description]
FROM [Pies] AS [p]
INNER JOIN [Categories] AS [c] ON [p].[CategoryId] = [c].[CategoryId]
WHERE [p].[IsPieOfTheWeek] = CAST(1 AS bit)"
2020-11-23T23:37:57.5615815+03:00 [INF] (Microsoft.EntityFrameworkCore.Database.Command) Executed DbCommand ("9"ms) [Parameters=[""], CommandType='Text', CommandTimeout='30']"
""SELECT [c].[CategoryId], [c].[CategoryName], [c].[Description]
FROM [Categories] AS [c]"
2020-11-23T23:37:57.7255702+03:00 [INF] (Microsoft.EntityFrameworkCore.Database.Command) Executed DbCommand ("65"ms) [Parameters=["@__ShoppingCartId_0='?' (Size = 4000)"], CommandType='Text', CommandTimeout='30']"
""SELECT [s].[ShoppingCartItemId], [s].[Amount], [s].[PieId], [s].[ShoppingCartId], [p].[PieId], [p].[AllergyInfo], [p].[CategoryId], [p].[ImageThumbnailUrl], [p].[ImageUrl], [p].[InStock], [p].[IsPieOfTheWeek], [p].[LongDescription], [p].[Name], [p].[Price], [p].[ShortDescription]
FROM [ShoppingCartItems] AS [s]
LEFT JOIN [Pies] AS [p] ON [s].[PieId] = [p].[PieId]
WHERE [s].[ShoppingCartId] = @__ShoppingCartId_0"
2020-11-23T23:37:57.8038412+03:00 [INF] (Microsoft.EntityFrameworkCore.Database.Command) Executed DbCommand ("16"ms) [Parameters=["@__ShoppingCartId_0='?' (Size = 4000)"], CommandType='Text', CommandTimeout='30']"
""SELECT COALESCE(SUM([p].[Price] * CAST([s].[Amount] AS decimal(18,2))), 0.0)
FROM [ShoppingCartItems] AS [s]
LEFT JOIN [Pies] AS [p] ON [s].[PieId] = [p].[PieId]
WHERE [s].[ShoppingCartId] = @__ShoppingCartId_0"
2020-11-23T23:37:57.8760594+03:00 [INF] (Serilog.AspNetCore.RequestLoggingMiddleware) HTTP "GET" "/" responded 200 in 4539.9052 ms
2020-11-23T23:38:09.8862630+03:00 [INF] (Serilog.AspNetCore.RequestLoggingMiddleware) HTTP "GET" "/chat" responded 400 in 18.4175 ms
2020-11-23T23:45:54.1394697+03:00 [INF] () Application Starting.
2020-11-23T23:45:56.9045127+03:00 [INF] (Microsoft.Hosting.Lifetime) Now listening on: "https://localhost:5001"
2020-11-23T23:45:56.9137411+03:00 [INF] (Microsoft.Hosting.Lifetime) Now listening on: "http://localhost:5000"
2020-11-23T23:45:56.9197630+03:00 [INF] (Microsoft.Hosting.Lifetime) Application started. Press Ctrl+C to shut down.
2020-11-23T23:45:56.9211212+03:00 [INF] (Microsoft.Hosting.Lifetime) Hosting environment: "Production"
2020-11-23T23:45:56.9223389+03:00 [INF] (Microsoft.Hosting.Lifetime) Content root path: "D:\STUDY\ASP\Shop-asp.net-core\BakeryShop\BakeryShop"
2020-11-23T23:46:03.3822258+03:00 [INF] (Microsoft.EntityFrameworkCore.Database.Command) Executed DbCommand ("103"ms) [Parameters=[""], CommandType='Text', CommandTimeout='30']"
""SELECT [p].[PieId], [p].[AllergyInfo], [p].[CategoryId], [p].[ImageThumbnailUrl], [p].[ImageUrl], [p].[InStock], [p].[IsPieOfTheWeek], [p].[LongDescription], [p].[Name], [p].[Price], [p].[ShortDescription], [c].[CategoryId], [c].[CategoryName], [c].[Description]
FROM [Pies] AS [p]
INNER JOIN [Categories] AS [c] ON [p].[CategoryId] = [c].[CategoryId]
WHERE [p].[IsPieOfTheWeek] = CAST(1 AS bit)"
2020-11-23T23:46:04.0845703+03:00 [INF] (Microsoft.EntityFrameworkCore.Database.Command) Executed DbCommand ("30"ms) [Parameters=[""], CommandType='Text', CommandTimeout='30']"
""SELECT [c].[CategoryId], [c].[CategoryName], [c].[Description]
FROM [Categories] AS [c]"
2020-11-23T23:46:04.3528087+03:00 [INF] (Microsoft.EntityFrameworkCore.Database.Command) Executed DbCommand ("98"ms) [Parameters=["@__ShoppingCartId_0='?' (Size = 4000)"], CommandType='Text', CommandTimeout='30']"
""SELECT [s].[ShoppingCartItemId], [s].[Amount], [s].[PieId], [s].[ShoppingCartId], [p].[PieId], [p].[AllergyInfo], [p].[CategoryId], [p].[ImageThumbnailUrl], [p].[ImageUrl], [p].[InStock], [p].[IsPieOfTheWeek], [p].[LongDescription], [p].[Name], [p].[Price], [p].[ShortDescription]
FROM [ShoppingCartItems] AS [s]
LEFT JOIN [Pies] AS [p] ON [s].[PieId] = [p].[PieId]
WHERE [s].[ShoppingCartId] = @__ShoppingCartId_0"
2020-11-23T23:46:04.4481917+03:00 [INF] (Microsoft.EntityFrameworkCore.Database.Command) Executed DbCommand ("13"ms) [Parameters=["@__ShoppingCartId_0='?' (Size = 4000)"], CommandType='Text', CommandTimeout='30']"
""SELECT COALESCE(SUM([p].[Price] * CAST([s].[Amount] AS decimal(18,2))), 0.0)
FROM [ShoppingCartItems] AS [s]
LEFT JOIN [Pies] AS [p] ON [s].[PieId] = [p].[PieId]
WHERE [s].[ShoppingCartId] = @__ShoppingCartId_0"
2020-11-23T23:46:04.5402584+03:00 [INF] (Serilog.AspNetCore.RequestLoggingMiddleware) HTTP "GET" "/" responded 200 in 6359.1923 ms
2020-11-23T23:46:09.9965798+03:00 [INF] (Serilog.AspNetCore.RequestLoggingMiddleware) HTTP "GET" "/chat" responded 400 in 19.3615 ms
2020-11-23T23:54:01.5576065+03:00 [INF] (Microsoft.Hosting.Lifetime) Application is shutting down...
2020-11-23T23:55:44.3908040+03:00 [INF] () Application Starting.
2020-11-23T23:55:47.2771948+03:00 [INF] (Microsoft.Hosting.Lifetime) Now listening on: "https://localhost:5001"
2020-11-23T23:55:47.2876506+03:00 [INF] (Microsoft.Hosting.Lifetime) Now listening on: "http://localhost:5000"
2020-11-23T23:55:47.2927996+03:00 [INF] (Microsoft.Hosting.Lifetime) Application started. Press Ctrl+C to shut down.
2020-11-23T23:55:47.2940903+03:00 [INF] (Microsoft.Hosting.Lifetime) Hosting environment: "Production"
2020-11-23T23:55:47.2954913+03:00 [INF] (Microsoft.Hosting.Lifetime) Content root path: "D:\STUDY\ASP\Shop-asp.net-core\BakeryShop\BakeryShop"
2020-11-23T23:55:52.3829218+03:00 [INF] (Microsoft.EntityFrameworkCore.Database.Command) Executed DbCommand ("91"ms) [Parameters=[""], CommandType='Text', CommandTimeout='30']"
""SELECT [p].[PieId], [p].[AllergyInfo], [p].[CategoryId], [p].[ImageThumbnailUrl], [p].[ImageUrl], [p].[InStock], [p].[IsPieOfTheWeek], [p].[LongDescription], [p].[Name], [p].[Price], [p].[ShortDescription], [c].[CategoryId], [c].[CategoryName], [c].[Description]
FROM [Pies] AS [p]
INNER JOIN [Categories] AS [c] ON [p].[CategoryId] = [c].[CategoryId]
WHERE [p].[IsPieOfTheWeek] = CAST(1 AS bit)"
2020-11-23T23:55:52.8775645+03:00 [INF] (Microsoft.EntityFrameworkCore.Database.Command) Executed DbCommand ("16"ms) [Parameters=[""], CommandType='Text', CommandTimeout='30']"
""SELECT [c].[CategoryId], [c].[CategoryName], [c].[Description]
FROM [Categories] AS [c]"
2020-11-23T23:55:53.0319941+03:00 [INF] (Microsoft.EntityFrameworkCore.Database.Command) Executed DbCommand ("60"ms) [Parameters=["@__ShoppingCartId_0='?' (Size = 4000)"], CommandType='Text', CommandTimeout='30']"
""SELECT [s].[ShoppingCartItemId], [s].[Amount], [s].[PieId], [s].[ShoppingCartId], [p].[PieId], [p].[AllergyInfo], [p].[CategoryId], [p].[ImageThumbnailUrl], [p].[ImageUrl], [p].[InStock], [p].[IsPieOfTheWeek], [p].[LongDescription], [p].[Name], [p].[Price], [p].[ShortDescription]
FROM [ShoppingCartItems] AS [s]
LEFT JOIN [Pies] AS [p] ON [s].[PieId] = [p].[PieId]
WHERE [s].[ShoppingCartId] = @__ShoppingCartId_0"
2020-11-23T23:55:53.1247823+03:00 [INF] (Microsoft.EntityFrameworkCore.Database.Command) Executed DbCommand ("20"ms) [Parameters=["@__ShoppingCartId_0='?' (Size = 4000)"], CommandType='Text', CommandTimeout='30']"
""SELECT COALESCE(SUM([p].[Price] * CAST([s].[Amount] AS decimal(18,2))), 0.0)
FROM [ShoppingCartItems] AS [s]
LEFT JOIN [Pies] AS [p] ON [s].[PieId] = [p].[PieId]
WHERE [s].[ShoppingCartId] = @__ShoppingCartId_0"
2020-11-23T23:55:53.2004326+03:00 [INF] (Serilog.AspNetCore.RequestLoggingMiddleware) HTTP "GET" "/" responded 200 in 4493.1504 ms
2020-11-23T23:56:03.7712183+03:00 [INF] (Serilog.AspNetCore.RequestLoggingMiddleware) HTTP "GET" "/chat" responded 400 in 20.9300 ms
2020-11-23T23:56:34.0632924+03:00 [INF] () Application Starting.
2020-11-23T23:56:37.1681992+03:00 [INF] (Microsoft.Hosting.Lifetime) Now listening on: "https://localhost:5001"
2020-11-23T23:56:37.1783955+03:00 [INF] (Microsoft.Hosting.Lifetime) Now listening on: "http://localhost:5000"
2020-11-23T23:56:37.1829318+03:00 [INF] (Microsoft.Hosting.Lifetime) Application started. Press Ctrl+C to shut down.
2020-11-23T23:56:37.1841381+03:00 [INF] (Microsoft.Hosting.Lifetime) Hosting environment: "Production"
2020-11-23T23:56:37.1853803+03:00 [INF] (Microsoft.Hosting.Lifetime) Content root path: "D:\STUDY\ASP\Shop-asp.net-core\BakeryShop\BakeryShop"
2020-11-23T23:56:42.8696450+03:00 [INF] (Microsoft.EntityFrameworkCore.Database.Command) Executed DbCommand ("115"ms) [Parameters=[""], CommandType='Text', CommandTimeout='30']"
""SELECT [p].[PieId], [p].[AllergyInfo], [p].[CategoryId], [p].[ImageThumbnailUrl], [p].[ImageUrl], [p].[InStock], [p].[IsPieOfTheWeek], [p].[LongDescription], [p].[Name], [p].[Price], [p].[ShortDescription], [c].[CategoryId], [c].[CategoryName], [c].[Description]
FROM [Pies] AS [p]
INNER JOIN [Categories] AS [c] ON [p].[CategoryId] = [c].[CategoryId]
WHERE [p].[IsPieOfTheWeek] = CAST(1 AS bit)"
2020-11-23T23:56:43.3984908+03:00 [INF] (Microsoft.EntityFrameworkCore.Database.Command) Executed DbCommand ("11"ms) [Parameters=[""], CommandType='Text', CommandTimeout='30']"
""SELECT [c].[CategoryId], [c].[CategoryName], [c].[Description]
FROM [Categories] AS [c]"
2020-11-23T23:56:43.5614047+03:00 [INF] (Microsoft.EntityFrameworkCore.Database.Command) Executed DbCommand ("77"ms) [Parameters=["@__ShoppingCartId_0='?' (Size = 4000)"], CommandType='Text', CommandTimeout='30']"
""SELECT [s].[ShoppingCartItemId], [s].[Amount], [s].[PieId], [s].[ShoppingCartId], [p].[PieId], [p].[AllergyInfo], [p].[CategoryId], [p].[ImageThumbnailUrl], [p].[ImageUrl], [p].[InStock], [p].[IsPieOfTheWeek], [p].[LongDescription], [p].[Name], [p].[Price], [p].[ShortDescription]
FROM [ShoppingCartItems] AS [s]
LEFT JOIN [Pies] AS [p] ON [s].[PieId] = [p].[PieId]
WHERE [s].[ShoppingCartId] = @__ShoppingCartId_0"
2020-11-23T23:56:43.6432604+03:00 [INF] (Microsoft.EntityFrameworkCore.Database.Command) Executed DbCommand ("15"ms) [Parameters=["@__ShoppingCartId_0='?' (Size = 4000)"], CommandType='Text', CommandTimeout='30']"
""SELECT COALESCE(SUM([p].[Price] * CAST([s].[Amount] AS decimal(18,2))), 0.0)
FROM [ShoppingCartItems] AS [s]
LEFT JOIN [Pies] AS [p] ON [s].[PieId] = [p].[PieId]
WHERE [s].[ShoppingCartId] = @__ShoppingCartId_0"
2020-11-23T23:56:43.7357896+03:00 [INF] (Serilog.AspNetCore.RequestLoggingMiddleware) HTTP "GET" "/" responded 200 in 4923.0236 ms
2020-11-23T23:56:49.3367453+03:00 [INF] (Serilog.AspNetCore.RequestLoggingMiddleware) HTTP "GET" "/chat" responded 400 in 35.9794 ms
