2020-12-09T11:55:06.9704328+03:00 [WRN] (Microsoft.EntityFrameworkCore.Model.Validation) No type was specified for the decimal property '"OrderTotal"' on entity type '"Order"'. This will cause values to be silently truncated if they do not fit in the default precision and scale. Explicitly specify the SQL server column type that can accommodate all the values in 'OnModelCreating' using 'HasColumnType()', specify precision and scale using 'HasPrecision()' or configure a value converter using 'HasConversion()'.
2020-12-09T11:55:06.9904727+03:00 [WRN] (Microsoft.EntityFrameworkCore.Model.Validation) No type was specified for the decimal property '"Price"' on entity type '"OrderDetail"'. This will cause values to be silently truncated if they do not fit in the default precision and scale. Explicitly specify the SQL server column type that can accommodate all the values in 'OnModelCreating' using 'HasColumnType()', specify precision and scale using 'HasPrecision()' or configure a value converter using 'HasConversion()'.
2020-12-09T11:55:06.9965537+03:00 [WRN] (Microsoft.EntityFrameworkCore.Model.Validation) No type was specified for the decimal property '"Price"' on entity type '"Pie"'. This will cause values to be silently truncated if they do not fit in the default precision and scale. Explicitly specify the SQL server column type that can accommodate all the values in 'OnModelCreating' using 'HasColumnType()', specify precision and scale using 'HasPrecision()' or configure a value converter using 'HasConversion()'.
2020-12-09T11:55:15.0469266+03:00 [WRN] (BakeryShop.Controllers.ErrorController) 404 error occured.
2020-12-09T11:55:36.5404085+03:00 [WRN] (BakeryShop.Controllers.ErrorController) 404 error occured.
2020-12-09T11:55:43.5401400+03:00 [WRN] (Microsoft.AspNetCore.Identity.SignInManager) User "99e73360-2ea0-47ce-a5f4-368fadddbe1b" cannot sign in without a confirmed email.
2020-12-09T11:55:44.5262282+03:00 [WRN] (Microsoft.AspNetCore.Identity.UserManager) AddLogin for user failed because it was already associated with another user.
2020-12-09T11:55:46.8771220+03:00 [WRN] (BakeryShop.Controllers.ErrorController) 404 error occured.
2020-12-09T11:55:51.4366812+03:00 [WRN] (BakeryShop.Controllers.ErrorController) 404 error occured.
2020-12-09T11:55:55.0521955+03:00 [WRN] (BakeryShop.Controllers.ErrorController) 404 error occured.
2020-12-09T11:55:59.1319396+03:00 [WRN] (BakeryShop.Controllers.ErrorController) 404 error occured.
2020-12-09T11:56:07.6707475+03:00 [WRN] (BakeryShop.Controllers.ErrorController) 404 error occured.
2020-12-09T11:56:11.7520516+03:00 [WRN] (BakeryShop.Controllers.ErrorController) 404 error occured.
2020-12-09T14:11:45.1921716+03:00 [WRN] (Microsoft.EntityFrameworkCore.Model.Validation) No type was specified for the decimal property '"OrderTotal"' on entity type '"Order"'. This will cause values to be silently truncated if they do not fit in the default precision and scale. Explicitly specify the SQL server column type that can accommodate all the values in 'OnModelCreating' using 'HasColumnType()', specify precision and scale using 'HasPrecision()' or configure a value converter using 'HasConversion()'.
2020-12-09T14:11:45.2039279+03:00 [WRN] (Microsoft.EntityFrameworkCore.Model.Validation) No type was specified for the decimal property '"Price"' on entity type '"OrderDetail"'. This will cause values to be silently truncated if they do not fit in the default precision and scale. Explicitly specify the SQL server column type that can accommodate all the values in 'OnModelCreating' using 'HasColumnType()', specify precision and scale using 'HasPrecision()' or configure a value converter using 'HasConversion()'.
2020-12-09T14:11:45.2040613+03:00 [WRN] (Microsoft.EntityFrameworkCore.Model.Validation) No type was specified for the decimal property '"Price"' on entity type '"Pie"'. This will cause values to be silently truncated if they do not fit in the default precision and scale. Explicitly specify the SQL server column type that can accommodate all the values in 'OnModelCreating' using 'HasColumnType()', specify precision and scale using 'HasPrecision()' or configure a value converter using 'HasConversion()'.
2020-12-09T14:11:52.0151013+03:00 [WRN] (BakeryShop.Controllers.ErrorController) 404 error occured.
2020-12-09T14:12:22.0515110+03:00 [WRN] (BakeryShop.Controllers.ErrorController) 404 error occured.
2020-12-09T14:12:30.3106793+03:00 [WRN] (BakeryShop.Controllers.ErrorController) 404 error occured.
2020-12-09T14:19:15.5380220+03:00 [WRN] (Microsoft.EntityFrameworkCore.Model.Validation) No type was specified for the decimal property '"OrderTotal"' on entity type '"Order"'. This will cause values to be silently truncated if they do not fit in the default precision and scale. Explicitly specify the SQL server column type that can accommodate all the values in 'OnModelCreating' using 'HasColumnType()', specify precision and scale using 'HasPrecision()' or configure a value converter using 'HasConversion()'.
2020-12-09T14:19:15.5532045+03:00 [WRN] (Microsoft.EntityFrameworkCore.Model.Validation) No type was specified for the decimal property '"Price"' on entity type '"OrderDetail"'. This will cause values to be silently truncated if they do not fit in the default precision and scale. Explicitly specify the SQL server column type that can accommodate all the values in 'OnModelCreating' using 'HasColumnType()', specify precision and scale using 'HasPrecision()' or configure a value converter using 'HasConversion()'.
2020-12-09T14:19:15.5533634+03:00 [WRN] (Microsoft.EntityFrameworkCore.Model.Validation) No type was specified for the decimal property '"Price"' on entity type '"Pie"'. This will cause values to be silently truncated if they do not fit in the default precision and scale. Explicitly specify the SQL server column type that can accommodate all the values in 'OnModelCreating' using 'HasColumnType()', specify precision and scale using 'HasPrecision()' or configure a value converter using 'HasConversion()'.
2020-12-09T14:19:20.7054649+03:00 [WRN] (BakeryShop.Controllers.ErrorController) 404 error occured.
2020-12-09T14:19:24.4034252+03:00 [WRN] (BakeryShop.Controllers.ErrorController) 404 error occured.
2020-12-09T14:19:27.1677485+03:00 [WRN] (BakeryShop.Controllers.ErrorController) 404 error occured.
2020-12-09T14:27:58.3950406+03:00 [WRN] (Microsoft.EntityFrameworkCore.Model.Validation) No type was specified for the decimal property '"OrderTotal"' on entity type '"Order"'. This will cause values to be silently truncated if they do not fit in the default precision and scale. Explicitly specify the SQL server column type that can accommodate all the values in 'OnModelCreating' using 'HasColumnType()', specify precision and scale using 'HasPrecision()' or configure a value converter using 'HasConversion()'.
2020-12-09T14:27:58.4093942+03:00 [WRN] (Microsoft.EntityFrameworkCore.Model.Validation) No type was specified for the decimal property '"Price"' on entity type '"OrderDetail"'. This will cause values to be silently truncated if they do not fit in the default precision and scale. Explicitly specify the SQL server column type that can accommodate all the values in 'OnModelCreating' using 'HasColumnType()', specify precision and scale using 'HasPrecision()' or configure a value converter using 'HasConversion()'.
2020-12-09T14:27:58.4095712+03:00 [WRN] (Microsoft.EntityFrameworkCore.Model.Validation) No type was specified for the decimal property '"Price"' on entity type '"Pie"'. This will cause values to be silently truncated if they do not fit in the default precision and scale. Explicitly specify the SQL server column type that can accommodate all the values in 'OnModelCreating' using 'HasColumnType()', specify precision and scale using 'HasPrecision()' or configure a value converter using 'HasConversion()'.
2020-12-09T14:28:03.3572095+03:00 [WRN] (BakeryShop.Controllers.ErrorController) 404 error occured.
2020-12-09T14:28:08.8747195+03:00 [WRN] (BakeryShop.Controllers.ErrorController) 404 error occured.
2020-12-09T14:28:12.9455040+03:00 [WRN] (BakeryShop.Controllers.ErrorController) 404 error occured.
2020-12-09T15:06:51.1134712+03:00 [WRN] (Microsoft.EntityFrameworkCore.Model.Validation) No type was specified for the decimal property '"OrderTotal"' on entity type '"Order"'. This will cause values to be silently truncated if they do not fit in the default precision and scale. Explicitly specify the SQL server column type that can accommodate all the values in 'OnModelCreating' using 'HasColumnType()', specify precision and scale using 'HasPrecision()' or configure a value converter using 'HasConversion()'.
2020-12-09T15:06:51.1254258+03:00 [WRN] (Microsoft.EntityFrameworkCore.Model.Validation) No type was specified for the decimal property '"Price"' on entity type '"OrderDetail"'. This will cause values to be silently truncated if they do not fit in the default precision and scale. Explicitly specify the SQL server column type that can accommodate all the values in 'OnModelCreating' using 'HasColumnType()', specify precision and scale using 'HasPrecision()' or configure a value converter using 'HasConversion()'.
2020-12-09T15:06:51.1260022+03:00 [WRN] (Microsoft.EntityFrameworkCore.Model.Validation) No type was specified for the decimal property '"Price"' on entity type '"Pie"'. This will cause values to be silently truncated if they do not fit in the default precision and scale. Explicitly specify the SQL server column type that can accommodate all the values in 'OnModelCreating' using 'HasColumnType()', specify precision and scale using 'HasPrecision()' or configure a value converter using 'HasConversion()'.
2020-12-09T15:06:57.7045503+03:00 [WRN] (BakeryShop.Controllers.ErrorController) 404 error occured.
2020-12-09T15:07:04.8799237+03:00 [WRN] (BakeryShop.Controllers.ErrorController) 404 error occured.
2020-12-09T15:07:17.6262404+03:00 [WRN] (BakeryShop.Controllers.ErrorController) 404 error occured.
2020-12-09T15:07:21.2138568+03:00 [WRN] (BakeryShop.Controllers.ErrorController) 404 error occured.
2020-12-09T15:07:28.7144614+03:00 [WRN] (BakeryShop.Controllers.ErrorController) 404 error occured.
2020-12-09T15:07:31.8030280+03:00 [WRN] (BakeryShop.Controllers.ErrorController) 404 error occured.
2020-12-09T15:08:00.8506230+03:00 [WRN] (BakeryShop.Controllers.ErrorController) 404 error occured.
2020-12-09T15:08:04.7808535+03:00 [WRN] (BakeryShop.Controllers.ErrorController) 404 error occured.
2020-12-09T15:08:38.7697426+03:00 [WRN] (BakeryShop.Controllers.ErrorController) 404 error occured.
2020-12-09T15:08:43.9648496+03:00 [WRN] (BakeryShop.Controllers.ErrorController) 404 error occured.
2020-12-09T15:08:47.7405975+03:00 [WRN] (BakeryShop.Controllers.ErrorController) 404 error occured.
2020-12-09T15:08:52.3088334+03:00 [WRN] (BakeryShop.Controllers.ErrorController) 404 error occured.
2020-12-09T15:08:55.9584131+03:00 [WRN] (BakeryShop.Controllers.ErrorController) 404 error occured.
2020-12-09T15:12:07.9909038+03:00 [WRN] (Microsoft.EntityFrameworkCore.Model.Validation) No type was specified for the decimal property '"OrderTotal"' on entity type '"Order"'. This will cause values to be silently truncated if they do not fit in the default precision and scale. Explicitly specify the SQL server column type that can accommodate all the values in 'OnModelCreating' using 'HasColumnType()', specify precision and scale using 'HasPrecision()' or configure a value converter using 'HasConversion()'.
2020-12-09T15:12:08.0112780+03:00 [WRN] (Microsoft.EntityFrameworkCore.Model.Validation) No type was specified for the decimal property '"Price"' on entity type '"OrderDetail"'. This will cause values to be silently truncated if they do not fit in the default precision and scale. Explicitly specify the SQL server column type that can accommodate all the values in 'OnModelCreating' using 'HasColumnType()', specify precision and scale using 'HasPrecision()' or configure a value converter using 'HasConversion()'.
2020-12-09T15:12:08.0115294+03:00 [WRN] (Microsoft.EntityFrameworkCore.Model.Validation) No type was specified for the decimal property '"Price"' on entity type '"Pie"'. This will cause values to be silently truncated if they do not fit in the default precision and scale. Explicitly specify the SQL server column type that can accommodate all the values in 'OnModelCreating' using 'HasColumnType()', specify precision and scale using 'HasPrecision()' or configure a value converter using 'HasConversion()'.
2020-12-09T15:12:12.7282590+03:00 [WRN] (BakeryShop.Controllers.ErrorController) 404 error occured.
2020-12-09T15:12:18.0732728+03:00 [WRN] (BakeryShop.Controllers.ErrorController) 404 error occured.
2020-12-09T15:12:21.3373066+03:00 [WRN] (BakeryShop.Controllers.ErrorController) 404 error occured.
2020-12-09T15:25:09.2982436+03:00 [WRN] (Microsoft.EntityFrameworkCore.Model.Validation) No type was specified for the decimal property '"OrderTotal"' on entity type '"Order"'. This will cause values to be silently truncated if they do not fit in the default precision and scale. Explicitly specify the SQL server column type that can accommodate all the values in 'OnModelCreating' using 'HasColumnType()', specify precision and scale using 'HasPrecision()' or configure a value converter using 'HasConversion()'.
2020-12-09T15:25:09.3105518+03:00 [WRN] (Microsoft.EntityFrameworkCore.Model.Validation) No type was specified for the decimal property '"Price"' on entity type '"OrderDetail"'. This will cause values to be silently truncated if they do not fit in the default precision and scale. Explicitly specify the SQL server column type that can accommodate all the values in 'OnModelCreating' using 'HasColumnType()', specify precision and scale using 'HasPrecision()' or configure a value converter using 'HasConversion()'.
2020-12-09T15:25:09.3107565+03:00 [WRN] (Microsoft.EntityFrameworkCore.Model.Validation) No type was specified for the decimal property '"Price"' on entity type '"Pie"'. This will cause values to be silently truncated if they do not fit in the default precision and scale. Explicitly specify the SQL server column type that can accommodate all the values in 'OnModelCreating' using 'HasColumnType()', specify precision and scale using 'HasPrecision()' or configure a value converter using 'HasConversion()'.
2020-12-09T15:25:14.0996375+03:00 [WRN] (BakeryShop.Controllers.ErrorController) 404 error occured.
2020-12-09T15:25:17.4914704+03:00 [WRN] (BakeryShop.Controllers.ErrorController) 404 error occured.
2020-12-09T15:25:18.1114568+03:00 [WRN] (BakeryShop.Controllers.ErrorController) 404 error occured.
2020-12-09T15:25:22.7980630+03:00 [WRN] (BakeryShop.Controllers.ErrorController) 404 error occured.
2020-12-09T15:25:23.9594759+03:00 [WRN] (BakeryShop.Controllers.ErrorController) 404 error occured.
2020-12-09T15:27:22.7109595+03:00 [WRN] (Microsoft.EntityFrameworkCore.Model.Validation) No type was specified for the decimal property '"OrderTotal"' on entity type '"Order"'. This will cause values to be silently truncated if they do not fit in the default precision and scale. Explicitly specify the SQL server column type that can accommodate all the values in 'OnModelCreating' using 'HasColumnType()', specify precision and scale using 'HasPrecision()' or configure a value converter using 'HasConversion()'.
2020-12-09T15:27:22.7242912+03:00 [WRN] (Microsoft.EntityFrameworkCore.Model.Validation) No type was specified for the decimal property '"Price"' on entity type '"OrderDetail"'. This will cause values to be silently truncated if they do not fit in the default precision and scale. Explicitly specify the SQL server column type that can accommodate all the values in 'OnModelCreating' using 'HasColumnType()', specify precision and scale using 'HasPrecision()' or configure a value converter using 'HasConversion()'.
2020-12-09T15:27:22.7244796+03:00 [WRN] (Microsoft.EntityFrameworkCore.Model.Validation) No type was specified for the decimal property '"Price"' on entity type '"Pie"'. This will cause values to be silently truncated if they do not fit in the default precision and scale. Explicitly specify the SQL server column type that can accommodate all the values in 'OnModelCreating' using 'HasColumnType()', specify precision and scale using 'HasPrecision()' or configure a value converter using 'HasConversion()'.
2020-12-09T15:27:27.6690202+03:00 [WRN] (BakeryShop.Controllers.ErrorController) 404 error occured.
2020-12-09T15:27:42.8949737+03:00 [WRN] (BakeryShop.Controllers.ErrorController) 404 error occured.
2020-12-09T15:27:43.5024641+03:00 [WRN] (BakeryShop.Controllers.ErrorController) 404 error occured.
2020-12-09T15:33:58.8476453+03:00 [WRN] (Microsoft.EntityFrameworkCore.Model.Validation) No type was specified for the decimal property '"OrderTotal"' on entity type '"Order"'. This will cause values to be silently truncated if they do not fit in the default precision and scale. Explicitly specify the SQL server column type that can accommodate all the values in 'OnModelCreating' using 'HasColumnType()', specify precision and scale using 'HasPrecision()' or configure a value converter using 'HasConversion()'.
2020-12-09T15:33:58.8593505+03:00 [WRN] (Microsoft.EntityFrameworkCore.Model.Validation) No type was specified for the decimal property '"Price"' on entity type '"OrderDetail"'. This will cause values to be silently truncated if they do not fit in the default precision and scale. Explicitly specify the SQL server column type that can accommodate all the values in 'OnModelCreating' using 'HasColumnType()', specify precision and scale using 'HasPrecision()' or configure a value converter using 'HasConversion()'.
2020-12-09T15:33:58.8598411+03:00 [WRN] (Microsoft.EntityFrameworkCore.Model.Validation) No type was specified for the decimal property '"Price"' on entity type '"Pie"'. This will cause values to be silently truncated if they do not fit in the default precision and scale. Explicitly specify the SQL server column type that can accommodate all the values in 'OnModelCreating' using 'HasColumnType()', specify precision and scale using 'HasPrecision()' or configure a value converter using 'HasConversion()'.
2020-12-09T15:34:03.9786531+03:00 [WRN] (BakeryShop.Controllers.ErrorController) 404 error occured.
2020-12-09T15:34:15.5421367+03:00 [WRN] (BakeryShop.Controllers.ErrorController) 404 error occured.
2020-12-09T15:34:19.0825292+03:00 [WRN] (BakeryShop.Controllers.ErrorController) 404 error occured.
2020-12-09T15:34:21.7219629+03:00 [WRN] (BakeryShop.Controllers.ErrorController) 404 error occured.
2020-12-09T18:29:29.2830002+03:00 [WRN] (Microsoft.EntityFrameworkCore.Model.Validation) No type was specified for the decimal property '"OrderTotal"' on entity type '"Order"'. This will cause values to be silently truncated if they do not fit in the default precision and scale. Explicitly specify the SQL server column type that can accommodate all the values in 'OnModelCreating' using 'HasColumnType()', specify precision and scale using 'HasPrecision()' or configure a value converter using 'HasConversion()'.
2020-12-09T18:29:29.2954975+03:00 [WRN] (Microsoft.EntityFrameworkCore.Model.Validation) No type was specified for the decimal property '"Price"' on entity type '"OrderDetail"'. This will cause values to be silently truncated if they do not fit in the default precision and scale. Explicitly specify the SQL server column type that can accommodate all the values in 'OnModelCreating' using 'HasColumnType()', specify precision and scale using 'HasPrecision()' or configure a value converter using 'HasConversion()'.
2020-12-09T18:29:29.2959145+03:00 [WRN] (Microsoft.EntityFrameworkCore.Model.Validation) No type was specified for the decimal property '"Price"' on entity type '"Pie"'. This will cause values to be silently truncated if they do not fit in the default precision and scale. Explicitly specify the SQL server column type that can accommodate all the values in 'OnModelCreating' using 'HasColumnType()', specify precision and scale using 'HasPrecision()' or configure a value converter using 'HasConversion()'.
2020-12-09T18:29:37.2848838+03:00 [WRN] (BakeryShop.Controllers.ErrorController) 404 error occured.
2020-12-09T18:30:04.9712661+03:00 [WRN] (BakeryShop.Controllers.ErrorController) 404 error occured.
2020-12-09T21:17:49.8666010+03:00 [WRN] (Microsoft.EntityFrameworkCore.Model.Validation) No type was specified for the decimal property '"OrderTotal"' on entity type '"Order"'. This will cause values to be silently truncated if they do not fit in the default precision and scale. Explicitly specify the SQL server column type that can accommodate all the values in 'OnModelCreating' using 'HasColumnType()', specify precision and scale using 'HasPrecision()' or configure a value converter using 'HasConversion()'.
2020-12-09T21:17:49.8833423+03:00 [WRN] (Microsoft.EntityFrameworkCore.Model.Validation) No type was specified for the decimal property '"Price"' on entity type '"OrderDetail"'. This will cause values to be silently truncated if they do not fit in the default precision and scale. Explicitly specify the SQL server column type that can accommodate all the values in 'OnModelCreating' using 'HasColumnType()', specify precision and scale using 'HasPrecision()' or configure a value converter using 'HasConversion()'.
2020-12-09T21:17:49.8836647+03:00 [WRN] (Microsoft.EntityFrameworkCore.Model.Validation) No type was specified for the decimal property '"Price"' on entity type '"Pie"'. This will cause values to be silently truncated if they do not fit in the default precision and scale. Explicitly specify the SQL server column type that can accommodate all the values in 'OnModelCreating' using 'HasColumnType()', specify precision and scale using 'HasPrecision()' or configure a value converter using 'HasConversion()'.
2020-12-09T21:18:00.0710995+03:00 [WRN] (BakeryShop.Controllers.ErrorController) 404 error occured.
2020-12-09T21:18:16.9828244+03:00 [WRN] (BakeryShop.Controllers.ErrorController) 404 error occured.
2020-12-09T21:18:21.8028052+03:00 [WRN] (BakeryShop.Controllers.ErrorController) 404 error occured.
2020-12-09T21:19:54.4209013+03:00 [WRN] (BakeryShop.Controllers.ErrorController) 404 error occured.
2020-12-09T21:20:00.0835695+03:00 [WRN] (BakeryShop.Controllers.ErrorController) 404 error occured.
2020-12-09T21:20:07.0811874+03:00 [WRN] (BakeryShop.Controllers.ErrorController) 404 error occured.
2020-12-09T21:20:24.9166413+03:00 [WRN] (BakeryShop.Controllers.ErrorController) 404 error occured.
2020-12-09T21:20:31.1012833+03:00 [WRN] (BakeryShop.Controllers.ErrorController) 404 error occured.
2020-12-09T21:20:55.4323812+03:00 [WRN] (BakeryShop.Controllers.ErrorController) 404 error occured.
2020-12-09T21:20:59.2681662+03:00 [WRN] (BakeryShop.Controllers.ErrorController) 404 error occured.
2020-12-09T21:21:02.8588397+03:00 [WRN] (BakeryShop.Controllers.ErrorController) 404 error occured.
2020-12-09T21:21:06.5068493+03:00 [WRN] (BakeryShop.Controllers.ErrorController) 404 error occured.
2020-12-09T21:21:48.0271742+03:00 [WRN] (BakeryShop.Controllers.ErrorController) 404 error occured.
2020-12-09T21:21:52.0786267+03:00 [WRN] (BakeryShop.Controllers.ErrorController) 404 error occured.
2020-12-09T21:22:10.6491467+03:00 [WRN] (BakeryShop.Controllers.ErrorController) 404 error occured.
2020-12-09T21:22:17.1953485+03:00 [WRN] (BakeryShop.Controllers.ErrorController) 404 error occured.
2020-12-09T21:22:20.1787075+03:00 [WRN] (BakeryShop.Controllers.ErrorController) 404 error occured.
2020-12-09T21:22:26.0394703+03:00 [WRN] (BakeryShop.Controllers.ErrorController) 404 error occured.
2020-12-09T21:25:42.9948445+03:00 [WRN] (Microsoft.EntityFrameworkCore.Model.Validation) No type was specified for the decimal property '"OrderTotal"' on entity type '"Order"'. This will cause values to be silently truncated if they do not fit in the default precision and scale. Explicitly specify the SQL server column type that can accommodate all the values in 'OnModelCreating' using 'HasColumnType()', specify precision and scale using 'HasPrecision()' or configure a value converter using 'HasConversion()'.
2020-12-09T21:25:43.0259102+03:00 [WRN] (Microsoft.EntityFrameworkCore.Model.Validation) No type was specified for the decimal property '"Price"' on entity type '"OrderDetail"'. This will cause values to be silently truncated if they do not fit in the default precision and scale. Explicitly specify the SQL server column type that can accommodate all the values in 'OnModelCreating' using 'HasColumnType()', specify precision and scale using 'HasPrecision()' or configure a value converter using 'HasConversion()'.
2020-12-09T21:25:43.0263750+03:00 [WRN] (Microsoft.EntityFrameworkCore.Model.Validation) No type was specified for the decimal property '"Price"' on entity type '"Pie"'. This will cause values to be silently truncated if they do not fit in the default precision and scale. Explicitly specify the SQL server column type that can accommodate all the values in 'OnModelCreating' using 'HasColumnType()', specify precision and scale using 'HasPrecision()' or configure a value converter using 'HasConversion()'.
2020-12-09T21:25:51.0803885+03:00 [WRN] (BakeryShop.Controllers.ErrorController) 404 error occured.
2020-12-09T21:26:09.1348236+03:00 [WRN] (BakeryShop.Controllers.ErrorController) 404 error occured.
2020-12-09T21:26:13.9598266+03:00 [WRN] (BakeryShop.Controllers.ErrorController) 404 error occured.
2020-12-09T21:42:21.9084735+03:00 [WRN] (Microsoft.EntityFrameworkCore.Model.Validation) No type was specified for the decimal property '"OrderTotal"' on entity type '"Order"'. This will cause values to be silently truncated if they do not fit in the default precision and scale. Explicitly specify the SQL server column type that can accommodate all the values in 'OnModelCreating' using 'HasColumnType()', specify precision and scale using 'HasPrecision()' or configure a value converter using 'HasConversion()'.
2020-12-09T21:42:21.9305779+03:00 [WRN] (Microsoft.EntityFrameworkCore.Model.Validation) No type was specified for the decimal property '"Price"' on entity type '"OrderDetail"'. This will cause values to be silently truncated if they do not fit in the default precision and scale. Explicitly specify the SQL server column type that can accommodate all the values in 'OnModelCreating' using 'HasColumnType()', specify precision and scale using 'HasPrecision()' or configure a value converter using 'HasConversion()'.
2020-12-09T21:42:21.9312353+03:00 [WRN] (Microsoft.EntityFrameworkCore.Model.Validation) No type was specified for the decimal property '"Price"' on entity type '"Pie"'. This will cause values to be silently truncated if they do not fit in the default precision and scale. Explicitly specify the SQL server column type that can accommodate all the values in 'OnModelCreating' using 'HasColumnType()', specify precision and scale using 'HasPrecision()' or configure a value converter using 'HasConversion()'.
2020-12-09T21:42:28.6003857+03:00 [WRN] (BakeryShop.Controllers.ErrorController) 404 error occured.
2020-12-09T21:42:35.2354277+03:00 [WRN] (BakeryShop.Controllers.ErrorController) 404 error occured.
2020-12-09T21:42:43.6649067+03:00 [WRN] (BakeryShop.Controllers.ErrorController) 404 error occured.
2020-12-09T22:15:00.5710911+03:00 [WRN] (Microsoft.EntityFrameworkCore.Model.Validation) No type was specified for the decimal property '"OrderTotal"' on entity type '"Order"'. This will cause values to be silently truncated if they do not fit in the default precision and scale. Explicitly specify the SQL server column type that can accommodate all the values in 'OnModelCreating' using 'HasColumnType()', specify precision and scale using 'HasPrecision()' or configure a value converter using 'HasConversion()'.
2020-12-09T22:15:00.5875231+03:00 [WRN] (Microsoft.EntityFrameworkCore.Model.Validation) No type was specified for the decimal property '"Price"' on entity type '"OrderDetail"'. This will cause values to be silently truncated if they do not fit in the default precision and scale. Explicitly specify the SQL server column type that can accommodate all the values in 'OnModelCreating' using 'HasColumnType()', specify precision and scale using 'HasPrecision()' or configure a value converter using 'HasConversion()'.
2020-12-09T22:15:00.5877650+03:00 [WRN] (Microsoft.EntityFrameworkCore.Model.Validation) No type was specified for the decimal property '"Price"' on entity type '"Pie"'. This will cause values to be silently truncated if they do not fit in the default precision and scale. Explicitly specify the SQL server column type that can accommodate all the values in 'OnModelCreating' using 'HasColumnType()', specify precision and scale using 'HasPrecision()' or configure a value converter using 'HasConversion()'.
2020-12-09T22:15:12.6638000+03:00 [WRN] (BakeryShop.Controllers.ErrorController) 404 error occured.
2020-12-09T22:17:36.8465430+03:00 [WRN] (BakeryShop.Controllers.ErrorController) 404 error occured.
2020-12-09T22:17:41.0248157+03:00 [WRN] (BakeryShop.Controllers.ErrorController) 404 error occured.
2020-12-09T22:21:03.0856649+03:00 [WRN] (BakeryShop.Controllers.ErrorController) 404 error occured.
2020-12-09T22:21:07.9978514+03:00 [WRN] (BakeryShop.Controllers.ErrorController) 404 error occured.
2020-12-09T22:21:58.1174394+03:00 [WRN] (BakeryShop.Controllers.ErrorController) 404 error occured.
2020-12-09T22:22:06.1848190+03:00 [WRN] (BakeryShop.Controllers.ErrorController) 404 error occured.
2020-12-09T22:30:16.0455818+03:00 [WRN] (Microsoft.EntityFrameworkCore.Model.Validation) No type was specified for the decimal property '"OrderTotal"' on entity type '"Order"'. This will cause values to be silently truncated if they do not fit in the default precision and scale. Explicitly specify the SQL server column type that can accommodate all the values in 'OnModelCreating' using 'HasColumnType()', specify precision and scale using 'HasPrecision()' or configure a value converter using 'HasConversion()'.
2020-12-09T22:30:16.0615551+03:00 [WRN] (Microsoft.EntityFrameworkCore.Model.Validation) No type was specified for the decimal property '"Price"' on entity type '"OrderDetail"'. This will cause values to be silently truncated if they do not fit in the default precision and scale. Explicitly specify the SQL server column type that can accommodate all the values in 'OnModelCreating' using 'HasColumnType()', specify precision and scale using 'HasPrecision()' or configure a value converter using 'HasConversion()'.
2020-12-09T22:30:16.0617109+03:00 [WRN] (Microsoft.EntityFrameworkCore.Model.Validation) No type was specified for the decimal property '"Price"' on entity type '"Pie"'. This will cause values to be silently truncated if they do not fit in the default precision and scale. Explicitly specify the SQL server column type that can accommodate all the values in 'OnModelCreating' using 'HasColumnType()', specify precision and scale using 'HasPrecision()' or configure a value converter using 'HasConversion()'.
2020-12-09T22:30:24.6767430+03:00 [WRN] (BakeryShop.Controllers.ErrorController) 404 error occured.
2020-12-09T22:30:33.9344440+03:00 [WRN] (BakeryShop.Controllers.ErrorController) 404 error occured.
2020-12-09T22:30:38.4430300+03:00 [WRN] (BakeryShop.Controllers.ErrorController) 404 error occured.
2020-12-09T22:33:31.1194802+03:00 [WRN] (BakeryShop.Controllers.ErrorController) 404 error occured.
2020-12-09T22:33:37.3989034+03:00 [WRN] (BakeryShop.Controllers.ErrorController) 404 error occured.
2020-12-09T22:36:48.5964223+03:00 [WRN] (Microsoft.EntityFrameworkCore.Model.Validation) No type was specified for the decimal property '"OrderTotal"' on entity type '"Order"'. This will cause values to be silently truncated if they do not fit in the default precision and scale. Explicitly specify the SQL server column type that can accommodate all the values in 'OnModelCreating' using 'HasColumnType()', specify precision and scale using 'HasPrecision()' or configure a value converter using 'HasConversion()'.
2020-12-09T22:36:48.6092141+03:00 [WRN] (Microsoft.EntityFrameworkCore.Model.Validation) No type was specified for the decimal property '"Price"' on entity type '"OrderDetail"'. This will cause values to be silently truncated if they do not fit in the default precision and scale. Explicitly specify the SQL server column type that can accommodate all the values in 'OnModelCreating' using 'HasColumnType()', specify precision and scale using 'HasPrecision()' or configure a value converter using 'HasConversion()'.
2020-12-09T22:36:48.6096420+03:00 [WRN] (Microsoft.EntityFrameworkCore.Model.Validation) No type was specified for the decimal property '"Price"' on entity type '"Pie"'. This will cause values to be silently truncated if they do not fit in the default precision and scale. Explicitly specify the SQL server column type that can accommodate all the values in 'OnModelCreating' using 'HasColumnType()', specify precision and scale using 'HasPrecision()' or configure a value converter using 'HasConversion()'.
2020-12-09T22:36:53.6390958+03:00 [WRN] (BakeryShop.Controllers.ErrorController) 404 error occured.
2020-12-09T22:37:15.0909295+03:00 [WRN] (BakeryShop.Controllers.ErrorController) 404 error occured.
2020-12-09T22:37:20.4874712+03:00 [WRN] (BakeryShop.Controllers.ErrorController) 404 error occured.
2020-12-09T22:37:31.6578223+03:00 [WRN] (BakeryShop.Controllers.ErrorController) 404 error occured.
2020-12-09T22:37:36.8598718+03:00 [WRN] (BakeryShop.Controllers.ErrorController) 404 error occured.
2020-12-09T22:42:22.0334672+03:00 [WRN] (Microsoft.EntityFrameworkCore.Model.Validation) No type was specified for the decimal property '"OrderTotal"' on entity type '"Order"'. This will cause values to be silently truncated if they do not fit in the default precision and scale. Explicitly specify the SQL server column type that can accommodate all the values in 'OnModelCreating' using 'HasColumnType()', specify precision and scale using 'HasPrecision()' or configure a value converter using 'HasConversion()'.
2020-12-09T22:42:22.0461483+03:00 [WRN] (Microsoft.EntityFrameworkCore.Model.Validation) No type was specified for the decimal property '"Price"' on entity type '"OrderDetail"'. This will cause values to be silently truncated if they do not fit in the default precision and scale. Explicitly specify the SQL server column type that can accommodate all the values in 'OnModelCreating' using 'HasColumnType()', specify precision and scale using 'HasPrecision()' or configure a value converter using 'HasConversion()'.
2020-12-09T22:42:22.0463533+03:00 [WRN] (Microsoft.EntityFrameworkCore.Model.Validation) No type was specified for the decimal property '"Price"' on entity type '"Pie"'. This will cause values to be silently truncated if they do not fit in the default precision and scale. Explicitly specify the SQL server column type that can accommodate all the values in 'OnModelCreating' using 'HasColumnType()', specify precision and scale using 'HasPrecision()' or configure a value converter using 'HasConversion()'.
2020-12-09T22:42:29.8386655+03:00 [WRN] (BakeryShop.Controllers.ErrorController) 404 error occured.
2020-12-09T22:42:54.6889959+03:00 [WRN] (BakeryShop.Controllers.ErrorController) 404 error occured.
2020-12-09T22:43:07.8167779+03:00 [WRN] (BakeryShop.Controllers.ErrorController) 404 error occured.
2020-12-09T22:43:59.1338633+03:00 [WRN] (BakeryShop.Controllers.ErrorController) 404 error occured.
2020-12-09T22:53:09.9292218+03:00 [WRN] (Microsoft.EntityFrameworkCore.Model.Validation) No type was specified for the decimal property '"OrderTotal"' on entity type '"Order"'. This will cause values to be silently truncated if they do not fit in the default precision and scale. Explicitly specify the SQL server column type that can accommodate all the values in 'OnModelCreating' using 'HasColumnType()', specify precision and scale using 'HasPrecision()' or configure a value converter using 'HasConversion()'.
2020-12-09T22:53:09.9473546+03:00 [WRN] (Microsoft.EntityFrameworkCore.Model.Validation) No type was specified for the decimal property '"Price"' on entity type '"OrderDetail"'. This will cause values to be silently truncated if they do not fit in the default precision and scale. Explicitly specify the SQL server column type that can accommodate all the values in 'OnModelCreating' using 'HasColumnType()', specify precision and scale using 'HasPrecision()' or configure a value converter using 'HasConversion()'.
2020-12-09T22:53:09.9477676+03:00 [WRN] (Microsoft.EntityFrameworkCore.Model.Validation) No type was specified for the decimal property '"Price"' on entity type '"Pie"'. This will cause values to be silently truncated if they do not fit in the default precision and scale. Explicitly specify the SQL server column type that can accommodate all the values in 'OnModelCreating' using 'HasColumnType()', specify precision and scale using 'HasPrecision()' or configure a value converter using 'HasConversion()'.
2020-12-09T22:54:11.7270143+03:00 [WRN] (Microsoft.EntityFrameworkCore.Model.Validation) No type was specified for the decimal property '"OrderTotal"' on entity type '"Order"'. This will cause values to be silently truncated if they do not fit in the default precision and scale. Explicitly specify the SQL server column type that can accommodate all the values in 'OnModelCreating' using 'HasColumnType()', specify precision and scale using 'HasPrecision()' or configure a value converter using 'HasConversion()'.
2020-12-09T22:54:11.7409570+03:00 [WRN] (Microsoft.EntityFrameworkCore.Model.Validation) No type was specified for the decimal property '"Price"' on entity type '"OrderDetail"'. This will cause values to be silently truncated if they do not fit in the default precision and scale. Explicitly specify the SQL server column type that can accommodate all the values in 'OnModelCreating' using 'HasColumnType()', specify precision and scale using 'HasPrecision()' or configure a value converter using 'HasConversion()'.
2020-12-09T22:54:11.7430800+03:00 [WRN] (Microsoft.EntityFrameworkCore.Model.Validation) No type was specified for the decimal property '"Price"' on entity type '"Pie"'. This will cause values to be silently truncated if they do not fit in the default precision and scale. Explicitly specify the SQL server column type that can accommodate all the values in 'OnModelCreating' using 'HasColumnType()', specify precision and scale using 'HasPrecision()' or configure a value converter using 'HasConversion()'.
2020-12-09T22:54:16.6087143+03:00 [WRN] (BakeryShop.Controllers.ErrorController) 404 error occured.
2020-12-09T22:54:24.5399159+03:00 [WRN] (BakeryShop.Controllers.ErrorController) 404 error occured.
2020-12-09T22:54:27.4542789+03:00 [WRN] (BakeryShop.Controllers.ErrorController) 404 error occured.
2020-12-09T22:55:53.6462577+03:00 [WRN] (BakeryShop.Controllers.ErrorController) 404 error occured.
2020-12-09T23:02:22.1419631+03:00 [WRN] (Microsoft.EntityFrameworkCore.Model.Validation) No type was specified for the decimal property '"OrderTotal"' on entity type '"Order"'. This will cause values to be silently truncated if they do not fit in the default precision and scale. Explicitly specify the SQL server column type that can accommodate all the values in 'OnModelCreating' using 'HasColumnType()', specify precision and scale using 'HasPrecision()' or configure a value converter using 'HasConversion()'.
2020-12-09T23:02:22.1537040+03:00 [WRN] (Microsoft.EntityFrameworkCore.Model.Validation) No type was specified for the decimal property '"Price"' on entity type '"OrderDetail"'. This will cause values to be silently truncated if they do not fit in the default precision and scale. Explicitly specify the SQL server column type that can accommodate all the values in 'OnModelCreating' using 'HasColumnType()', specify precision and scale using 'HasPrecision()' or configure a value converter using 'HasConversion()'.
2020-12-09T23:02:22.1538669+03:00 [WRN] (Microsoft.EntityFrameworkCore.Model.Validation) No type was specified for the decimal property '"Price"' on entity type '"Pie"'. This will cause values to be silently truncated if they do not fit in the default precision and scale. Explicitly specify the SQL server column type that can accommodate all the values in 'OnModelCreating' using 'HasColumnType()', specify precision and scale using 'HasPrecision()' or configure a value converter using 'HasConversion()'.
2020-12-09T23:02:28.3253139+03:00 [WRN] (BakeryShop.Controllers.ErrorController) 404 error occured.
2020-12-09T23:02:39.1668201+03:00 [WRN] (BakeryShop.Controllers.ErrorController) 404 error occured.
2020-12-09T23:03:30.3024105+03:00 [WRN] (BakeryShop.Controllers.ErrorController) 404 error occured.
2020-12-09T23:08:38.4880376+03:00 [WRN] (Microsoft.EntityFrameworkCore.Model.Validation) No type was specified for the decimal property '"OrderTotal"' on entity type '"Order"'. This will cause values to be silently truncated if they do not fit in the default precision and scale. Explicitly specify the SQL server column type that can accommodate all the values in 'OnModelCreating' using 'HasColumnType()', specify precision and scale using 'HasPrecision()' or configure a value converter using 'HasConversion()'.
2020-12-09T23:08:38.5059260+03:00 [WRN] (Microsoft.EntityFrameworkCore.Model.Validation) No type was specified for the decimal property '"Price"' on entity type '"OrderDetail"'. This will cause values to be silently truncated if they do not fit in the default precision and scale. Explicitly specify the SQL server column type that can accommodate all the values in 'OnModelCreating' using 'HasColumnType()', specify precision and scale using 'HasPrecision()' or configure a value converter using 'HasConversion()'.
2020-12-09T23:08:38.5061965+03:00 [WRN] (Microsoft.EntityFrameworkCore.Model.Validation) No type was specified for the decimal property '"Price"' on entity type '"Pie"'. This will cause values to be silently truncated if they do not fit in the default precision and scale. Explicitly specify the SQL server column type that can accommodate all the values in 'OnModelCreating' using 'HasColumnType()', specify precision and scale using 'HasPrecision()' or configure a value converter using 'HasConversion()'.
2020-12-09T23:08:48.9538096+03:00 [WRN] (BakeryShop.Controllers.ErrorController) 404 error occured.
2020-12-09T23:09:00.7304936+03:00 [WRN] (BakeryShop.Controllers.ErrorController) 404 error occured.
2020-12-09T23:09:06.3864025+03:00 [WRN] (BakeryShop.Controllers.ErrorController) 404 error occured.
2020-12-09T23:09:18.4353920+03:00 [WRN] (BakeryShop.Controllers.ErrorController) 404 error occured.
2020-12-09T23:09:24.3222498+03:00 [ERR] (Microsoft.EntityFrameworkCore.Database.Command) Failed executing DbCommand ("218"ms) [Parameters=["@p0='?' (Size = 4000), @p1='?' (DbType = Int32), @p2='?' (Size = 4000), @p3='?' (Size = 4000), @p4='?' (DbType = Boolean), @p5='?' (DbType = Boolean), @p6='?' (Size = 4000), @p7='?' (Size = 4000), @p8='?' (Precision = 18) (Scale = 2) (DbType = Decimal), @p9='?' (Size = 4000)"], CommandType='Text', CommandTimeout='30']"
""SET NOCOUNT ON;
INSERT INTO [Pies] ([AllergyInfo], [CategoryId], [Image], [ImageThumbnail], [InStock], [IsPieOfTheWeek], [LongDescription], [Name], [Price], [ShortDescription])
VALUES (@p0, @p1, @p2, @p3, @p4, @p5, @p6, @p7, @p8, @p9);
SELECT [PieId]
FROM [Pies]
WHERE @@ROWCOUNT = 1 AND [PieId] = scope_identity();"
2020-12-09T23:09:24.9165257+03:00 [ERR] (Microsoft.EntityFrameworkCore.Update) An exception occurred in the database while saving changes for context type '"Infrastructure.Data.AppDbContext"'."
""Microsoft.EntityFrameworkCore.DbUpdateException: An error occurred while updating the entries. See the inner exception for details.
 ---> Microsoft.Data.SqlClient.SqlException (0x80131904): The INSERT statement conflicted with the FOREIGN KEY constraint \"FK_Pies_Categories_CategoryId\". The conflict occurred in database \"BakeryShop_db\", table \"dbo.Categories\", column 'CategoryId'.
The statement has been terminated.
   at Microsoft.Data.SqlClient.SqlConnection.OnError(SqlException exception, Boolean breakConnection, Action`1 wrapCloseInAction)
   at Microsoft.Data.SqlClient.SqlInternalConnection.OnError(SqlException exception, Boolean breakConnection, Action`1 wrapCloseInAction)
   at Microsoft.Data.SqlClient.TdsParser.ThrowExceptionAndWarning(TdsParserStateObject stateObj, Boolean callerHasConnectionLock, Boolean asyncClose)
   at Microsoft.Data.SqlClient.TdsParser.TryRun(RunBehavior runBehavior, SqlCommand cmdHandler, SqlDataReader dataStream, BulkCopySimpleResultSet bulkCopyHandler, TdsParserStateObject stateObj, Boolean& dataReady)
   at Microsoft.Data.SqlClient.SqlDataReader.TryConsumeMetaData()
   at Microsoft.Data.SqlClient.SqlDataReader.get_MetaData()
   at Microsoft.Data.SqlClient.SqlCommand.FinishExecuteReader(SqlDataReader ds, RunBehavior runBehavior, String resetOptionsString, Boolean isInternal, Boolean forDescribeParameterEncryption, Boolean shouldCacheForAlwaysEncrypted)
   at Microsoft.Data.SqlClient.SqlCommand.RunExecuteReaderTds(CommandBehavior cmdBehavior, RunBehavior runBehavior, Boolean returnStream, Boolean isAsync, Int32 timeout, Task& task, Boolean asyncWrite, Boolean inRetry, SqlDataReader ds, Boolean describeParameterEncryptionRequest)
   at Microsoft.Data.SqlClient.SqlCommand.RunExecuteReader(CommandBehavior cmdBehavior, RunBehavior runBehavior, Boolean returnStream, TaskCompletionSource`1 completion, Int32 timeout, Task& task, Boolean& usedCache, Boolean asyncWrite, Boolean inRetry, String method)
   at Microsoft.Data.SqlClient.SqlCommand.RunExecuteReader(CommandBehavior cmdBehavior, RunBehavior runBehavior, Boolean returnStream, String method)
   at Microsoft.Data.SqlClient.SqlCommand.ExecuteReader(CommandBehavior behavior)
   at Microsoft.Data.SqlClient.SqlCommand.ExecuteDbDataReader(CommandBehavior behavior)
   at System.Data.Common.DbCommand.ExecuteReader()
   at Microsoft.EntityFrameworkCore.Storage.RelationalCommand.ExecuteReader(RelationalCommandParameterObject parameterObject)
   at Microsoft.EntityFrameworkCore.Update.ReaderModificationCommandBatch.Execute(IRelationalConnection connection)
ClientConnectionId:d5a0de10-8fb9-4ebb-8cd3-0e8fe402556c
Error Number:547,State:0,Class:16
   --- End of inner exception stack trace ---
   at Microsoft.EntityFrameworkCore.Update.ReaderModificationCommandBatch.Execute(IRelationalConnection connection)
   at Microsoft.EntityFrameworkCore.Update.Internal.BatchExecutor.Execute(IEnumerable`1 commandBatches, IRelationalConnection connection)
   at Microsoft.EntityFrameworkCore.Storage.RelationalDatabase.SaveChanges(IList`1 entries)
   at Microsoft.EntityFrameworkCore.ChangeTracking.Internal.StateManager.SaveChanges(IList`1 entriesToSave)
   at Microsoft.EntityFrameworkCore.ChangeTracking.Internal.StateManager.SaveChanges(DbContext _, Boolean acceptAllChangesOnSuccess)
   at Microsoft.EntityFrameworkCore.SqlServer.Storage.Internal.SqlServerExecutionStrategy.Execute[TState,TResult](TState state, Func`3 operation, Func`3 verifySucceeded)
   at Microsoft.EntityFrameworkCore.ChangeTracking.Internal.StateManager.SaveChanges(Boolean acceptAllChangesOnSuccess)
   at Microsoft.EntityFrameworkCore.DbContext.SaveChanges(Boolean acceptAllChangesOnSuccess)"
Microsoft.EntityFrameworkCore.DbUpdateException: An error occurred while updating the entries. See the inner exception for details.
 ---> Microsoft.Data.SqlClient.SqlException (0x80131904): The INSERT statement conflicted with the FOREIGN KEY constraint "FK_Pies_Categories_CategoryId". The conflict occurred in database "BakeryShop_db", table "dbo.Categories", column 'CategoryId'.
The statement has been terminated.
   at Microsoft.Data.SqlClient.SqlConnection.OnError(SqlException exception, Boolean breakConnection, Action`1 wrapCloseInAction)
   at Microsoft.Data.SqlClient.SqlInternalConnection.OnError(SqlException exception, Boolean breakConnection, Action`1 wrapCloseInAction)
   at Microsoft.Data.SqlClient.TdsParser.ThrowExceptionAndWarning(TdsParserStateObject stateObj, Boolean callerHasConnectionLock, Boolean asyncClose)
   at Microsoft.Data.SqlClient.TdsParser.TryRun(RunBehavior runBehavior, SqlCommand cmdHandler, SqlDataReader dataStream, BulkCopySimpleResultSet bulkCopyHandler, TdsParserStateObject stateObj, Boolean& dataReady)
   at Microsoft.Data.SqlClient.SqlDataReader.TryConsumeMetaData()
   at Microsoft.Data.SqlClient.SqlDataReader.get_MetaData()
   at Microsoft.Data.SqlClient.SqlCommand.FinishExecuteReader(SqlDataReader ds, RunBehavior runBehavior, String resetOptionsString, Boolean isInternal, Boolean forDescribeParameterEncryption, Boolean shouldCacheForAlwaysEncrypted)
   at Microsoft.Data.SqlClient.SqlCommand.RunExecuteReaderTds(CommandBehavior cmdBehavior, RunBehavior runBehavior, Boolean returnStream, Boolean isAsync, Int32 timeout, Task& task, Boolean asyncWrite, Boolean inRetry, SqlDataReader ds, Boolean describeParameterEncryptionRequest)
   at Microsoft.Data.SqlClient.SqlCommand.RunExecuteReader(CommandBehavior cmdBehavior, RunBehavior runBehavior, Boolean returnStream, TaskCompletionSource`1 completion, Int32 timeout, Task& task, Boolean& usedCache, Boolean asyncWrite, Boolean inRetry, String method)
   at Microsoft.Data.SqlClient.SqlCommand.RunExecuteReader(CommandBehavior cmdBehavior, RunBehavior runBehavior, Boolean returnStream, String method)
   at Microsoft.Data.SqlClient.SqlCommand.ExecuteReader(CommandBehavior behavior)
   at Microsoft.Data.SqlClient.SqlCommand.ExecuteDbDataReader(CommandBehavior behavior)
   at System.Data.Common.DbCommand.ExecuteReader()
   at Microsoft.EntityFrameworkCore.Storage.RelationalCommand.ExecuteReader(RelationalCommandParameterObject parameterObject)
   at Microsoft.EntityFrameworkCore.Update.ReaderModificationCommandBatch.Execute(IRelationalConnection connection)
ClientConnectionId:d5a0de10-8fb9-4ebb-8cd3-0e8fe402556c
Error Number:547,State:0,Class:16
   --- End of inner exception stack trace ---
   at Microsoft.EntityFrameworkCore.Update.ReaderModificationCommandBatch.Execute(IRelationalConnection connection)
   at Microsoft.EntityFrameworkCore.Update.Internal.BatchExecutor.Execute(IEnumerable`1 commandBatches, IRelationalConnection connection)
   at Microsoft.EntityFrameworkCore.Storage.RelationalDatabase.SaveChanges(IList`1 entries)
   at Microsoft.EntityFrameworkCore.ChangeTracking.Internal.StateManager.SaveChanges(IList`1 entriesToSave)
   at Microsoft.EntityFrameworkCore.ChangeTracking.Internal.StateManager.SaveChanges(DbContext _, Boolean acceptAllChangesOnSuccess)
   at Microsoft.EntityFrameworkCore.SqlServer.Storage.Internal.SqlServerExecutionStrategy.Execute[TState,TResult](TState state, Func`3 operation, Func`3 verifySucceeded)
   at Microsoft.EntityFrameworkCore.ChangeTracking.Internal.StateManager.SaveChanges(Boolean acceptAllChangesOnSuccess)
   at Microsoft.EntityFrameworkCore.DbContext.SaveChanges(Boolean acceptAllChangesOnSuccess)
2020-12-09T23:28:15.5470592+03:00 [WRN] (Microsoft.EntityFrameworkCore.Model.Validation) No type was specified for the decimal property '"OrderTotal"' on entity type '"Order"'. This will cause values to be silently truncated if they do not fit in the default precision and scale. Explicitly specify the SQL server column type that can accommodate all the values in 'OnModelCreating' using 'HasColumnType()', specify precision and scale using 'HasPrecision()' or configure a value converter using 'HasConversion()'.
2020-12-09T23:28:15.5697729+03:00 [WRN] (Microsoft.EntityFrameworkCore.Model.Validation) No type was specified for the decimal property '"Price"' on entity type '"OrderDetail"'. This will cause values to be silently truncated if they do not fit in the default precision and scale. Explicitly specify the SQL server column type that can accommodate all the values in 'OnModelCreating' using 'HasColumnType()', specify precision and scale using 'HasPrecision()' or configure a value converter using 'HasConversion()'.
2020-12-09T23:28:15.5701231+03:00 [WRN] (Microsoft.EntityFrameworkCore.Model.Validation) No type was specified for the decimal property '"Price"' on entity type '"Pie"'. This will cause values to be silently truncated if they do not fit in the default precision and scale. Explicitly specify the SQL server column type that can accommodate all the values in 'OnModelCreating' using 'HasColumnType()', specify precision and scale using 'HasPrecision()' or configure a value converter using 'HasConversion()'.
2020-12-09T23:28:24.1247093+03:00 [WRN] (BakeryShop.Controllers.ErrorController) 404 error occured.
2020-12-09T23:28:27.7753115+03:00 [WRN] (BakeryShop.Controllers.ErrorController) 404 error occured.
2020-12-09T23:28:30.9130636+03:00 [WRN] (BakeryShop.Controllers.ErrorController) 404 error occured.
2020-12-09T23:28:36.9334129+03:00 [WRN] (BakeryShop.Controllers.ErrorController) 404 error occured.
2020-12-09T23:28:41.9623340+03:00 [WRN] (BakeryShop.Controllers.ErrorController) 404 error occured.
2020-12-09T23:28:44.1972054+03:00 [WRN] (BakeryShop.Controllers.ErrorController) 404 error occured.
2020-12-09T23:30:36.0668395+03:00 [WRN] (BakeryShop.Controllers.ErrorController) 404 error occured.
2020-12-09T23:36:42.9241937+03:00 [WRN] (Microsoft.EntityFrameworkCore.Model.Validation) No type was specified for the decimal property '"OrderTotal"' on entity type '"Order"'. This will cause values to be silently truncated if they do not fit in the default precision and scale. Explicitly specify the SQL server column type that can accommodate all the values in 'OnModelCreating' using 'HasColumnType()', specify precision and scale using 'HasPrecision()' or configure a value converter using 'HasConversion()'.
2020-12-09T23:36:42.9436755+03:00 [WRN] (Microsoft.EntityFrameworkCore.Model.Validation) No type was specified for the decimal property '"Price"' on entity type '"OrderDetail"'. This will cause values to be silently truncated if they do not fit in the default precision and scale. Explicitly specify the SQL server column type that can accommodate all the values in 'OnModelCreating' using 'HasColumnType()', specify precision and scale using 'HasPrecision()' or configure a value converter using 'HasConversion()'.
2020-12-09T23:36:42.9439623+03:00 [WRN] (Microsoft.EntityFrameworkCore.Model.Validation) No type was specified for the decimal property '"Price"' on entity type '"Pie"'. This will cause values to be silently truncated if they do not fit in the default precision and scale. Explicitly specify the SQL server column type that can accommodate all the values in 'OnModelCreating' using 'HasColumnType()', specify precision and scale using 'HasPrecision()' or configure a value converter using 'HasConversion()'.
2020-12-09T23:36:49.7354514+03:00 [WRN] (BakeryShop.Controllers.ErrorController) 404 error occured.
2020-12-09T23:36:57.8335450+03:00 [WRN] (BakeryShop.Controllers.ErrorController) 404 error occured.
2020-12-09T23:37:03.7532246+03:00 [WRN] (BakeryShop.Controllers.ErrorController) 404 error occured.
2020-12-09T23:43:38.1891114+03:00 [WRN] (Microsoft.EntityFrameworkCore.Model.Validation) No type was specified for the decimal property '"OrderTotal"' on entity type '"Order"'. This will cause values to be silently truncated if they do not fit in the default precision and scale. Explicitly specify the SQL server column type that can accommodate all the values in 'OnModelCreating' using 'HasColumnType()', specify precision and scale using 'HasPrecision()' or configure a value converter using 'HasConversion()'.
2020-12-09T23:43:38.2139175+03:00 [WRN] (Microsoft.EntityFrameworkCore.Model.Validation) No type was specified for the decimal property '"Price"' on entity type '"OrderDetail"'. This will cause values to be silently truncated if they do not fit in the default precision and scale. Explicitly specify the SQL server column type that can accommodate all the values in 'OnModelCreating' using 'HasColumnType()', specify precision and scale using 'HasPrecision()' or configure a value converter using 'HasConversion()'.
2020-12-09T23:43:38.2154139+03:00 [WRN] (Microsoft.EntityFrameworkCore.Model.Validation) No type was specified for the decimal property '"Price"' on entity type '"Pie"'. This will cause values to be silently truncated if they do not fit in the default precision and scale. Explicitly specify the SQL server column type that can accommodate all the values in 'OnModelCreating' using 'HasColumnType()', specify precision and scale using 'HasPrecision()' or configure a value converter using 'HasConversion()'.
2020-12-09T23:43:45.6604609+03:00 [WRN] (BakeryShop.Controllers.ErrorController) 404 error occured.
2020-12-09T23:43:51.5918518+03:00 [WRN] (BakeryShop.Controllers.ErrorController) 404 error occured.
2020-12-09T23:43:57.1310881+03:00 [WRN] (BakeryShop.Controllers.ErrorController) 404 error occured.
2020-12-09T23:46:43.1292201+03:00 [WRN] (Microsoft.EntityFrameworkCore.Model.Validation) No type was specified for the decimal property '"OrderTotal"' on entity type '"Order"'. This will cause values to be silently truncated if they do not fit in the default precision and scale. Explicitly specify the SQL server column type that can accommodate all the values in 'OnModelCreating' using 'HasColumnType()', specify precision and scale using 'HasPrecision()' or configure a value converter using 'HasConversion()'.
2020-12-09T23:46:43.1464849+03:00 [WRN] (Microsoft.EntityFrameworkCore.Model.Validation) No type was specified for the decimal property '"Price"' on entity type '"OrderDetail"'. This will cause values to be silently truncated if they do not fit in the default precision and scale. Explicitly specify the SQL server column type that can accommodate all the values in 'OnModelCreating' using 'HasColumnType()', specify precision and scale using 'HasPrecision()' or configure a value converter using 'HasConversion()'.
2020-12-09T23:46:43.1467398+03:00 [WRN] (Microsoft.EntityFrameworkCore.Model.Validation) No type was specified for the decimal property '"Price"' on entity type '"Pie"'. This will cause values to be silently truncated if they do not fit in the default precision and scale. Explicitly specify the SQL server column type that can accommodate all the values in 'OnModelCreating' using 'HasColumnType()', specify precision and scale using 'HasPrecision()' or configure a value converter using 'HasConversion()'.
2020-12-09T23:46:49.8450623+03:00 [WRN] (BakeryShop.Controllers.ErrorController) 404 error occured.
2020-12-09T23:46:53.9372803+03:00 [WRN] (BakeryShop.Controllers.ErrorController) 404 error occured.
2020-12-09T23:46:58.1785009+03:00 [WRN] (BakeryShop.Controllers.ErrorController) 404 error occured.
2020-12-09T23:47:25.6446909+03:00 [WRN] (BakeryShop.Controllers.ErrorController) 404 error occured.
2020-12-09T23:47:47.4814362+03:00 [WRN] (BakeryShop.Controllers.ErrorController) 404 error occured.
2020-12-09T23:51:43.3114412+03:00 [WRN] (Microsoft.EntityFrameworkCore.Model.Validation) No type was specified for the decimal property '"OrderTotal"' on entity type '"Order"'. This will cause values to be silently truncated if they do not fit in the default precision and scale. Explicitly specify the SQL server column type that can accommodate all the values in 'OnModelCreating' using 'HasColumnType()', specify precision and scale using 'HasPrecision()' or configure a value converter using 'HasConversion()'.
2020-12-09T23:51:43.3273120+03:00 [WRN] (Microsoft.EntityFrameworkCore.Model.Validation) No type was specified for the decimal property '"Price"' on entity type '"OrderDetail"'. This will cause values to be silently truncated if they do not fit in the default precision and scale. Explicitly specify the SQL server column type that can accommodate all the values in 'OnModelCreating' using 'HasColumnType()', specify precision and scale using 'HasPrecision()' or configure a value converter using 'HasConversion()'.
2020-12-09T23:51:43.3276242+03:00 [WRN] (Microsoft.EntityFrameworkCore.Model.Validation) No type was specified for the decimal property '"Price"' on entity type '"Pie"'. This will cause values to be silently truncated if they do not fit in the default precision and scale. Explicitly specify the SQL server column type that can accommodate all the values in 'OnModelCreating' using 'HasColumnType()', specify precision and scale using 'HasPrecision()' or configure a value converter using 'HasConversion()'.
2020-12-09T23:51:55.7572582+03:00 [WRN] (BakeryShop.Controllers.ErrorController) 404 error occured.
2020-12-09T23:52:04.0370111+03:00 [WRN] (BakeryShop.Controllers.ErrorController) 404 error occured.
2020-12-09T23:52:09.7410655+03:00 [WRN] (BakeryShop.Controllers.ErrorController) 404 error occured.
2020-12-09T23:53:31.4909572+03:00 [WRN] (BakeryShop.Controllers.ErrorController) 404 error occured.
2020-12-09T23:53:38.1497275+03:00 [WRN] (BakeryShop.Controllers.ErrorController) 404 error occured.
2020-12-09T23:53:45.7618977+03:00 [WRN] (BakeryShop.Controllers.ErrorController) 404 error occured.
2020-12-09T23:53:52.4749585+03:00 [WRN] (BakeryShop.Controllers.ErrorController) 404 error occured.
2020-12-09T23:53:56.1365596+03:00 [WRN] (BakeryShop.Controllers.ErrorController) 404 error occured.
2020-12-09T23:53:57.0740513+03:00 [WRN] (BakeryShop.Controllers.ErrorController) 404 error occured.
2020-12-09T23:55:18.8432522+03:00 [WRN] (Microsoft.EntityFrameworkCore.Model.Validation) No type was specified for the decimal property '"OrderTotal"' on entity type '"Order"'. This will cause values to be silently truncated if they do not fit in the default precision and scale. Explicitly specify the SQL server column type that can accommodate all the values in 'OnModelCreating' using 'HasColumnType()', specify precision and scale using 'HasPrecision()' or configure a value converter using 'HasConversion()'.
2020-12-09T23:55:18.8602043+03:00 [WRN] (Microsoft.EntityFrameworkCore.Model.Validation) No type was specified for the decimal property '"Price"' on entity type '"OrderDetail"'. This will cause values to be silently truncated if they do not fit in the default precision and scale. Explicitly specify the SQL server column type that can accommodate all the values in 'OnModelCreating' using 'HasColumnType()', specify precision and scale using 'HasPrecision()' or configure a value converter using 'HasConversion()'.
2020-12-09T23:55:18.8604580+03:00 [WRN] (Microsoft.EntityFrameworkCore.Model.Validation) No type was specified for the decimal property '"Price"' on entity type '"Pie"'. This will cause values to be silently truncated if they do not fit in the default precision and scale. Explicitly specify the SQL server column type that can accommodate all the values in 'OnModelCreating' using 'HasColumnType()', specify precision and scale using 'HasPrecision()' or configure a value converter using 'HasConversion()'.
2020-12-09T23:55:26.8685679+03:00 [WRN] (BakeryShop.Controllers.ErrorController) 404 error occured.
2020-12-09T23:55:44.2319268+03:00 [WRN] (BakeryShop.Controllers.ErrorController) 404 error occured.
2020-12-09T23:55:51.2818058+03:00 [WRN] (BakeryShop.Controllers.ErrorController) 404 error occured.
2020-12-09T23:56:06.5835481+03:00 [WRN] (BakeryShop.Controllers.ErrorController) 404 error occured.
2020-12-09T23:56:14.6201552+03:00 [WRN] (BakeryShop.Controllers.ErrorController) 404 error occured.
2020-12-09T23:56:22.6804477+03:00 [WRN] (BakeryShop.Controllers.ErrorController) 404 error occured.
2020-12-09T23:56:27.2507318+03:00 [WRN] (BakeryShop.Controllers.ErrorController) 404 error occured.
2020-12-09T23:56:27.9914374+03:00 [WRN] (BakeryShop.Controllers.ErrorController) 404 error occured.
