2020-12-12T00:01:24.3005823+03:00 [WRN] (Microsoft.EntityFrameworkCore.Model.Validation) No type was specified for the decimal property '"OrderTotal"' on entity type '"Order"'. This will cause values to be silently truncated if they do not fit in the default precision and scale. Explicitly specify the SQL server column type that can accommodate all the values in 'OnModelCreating' using 'HasColumnType()', specify precision and scale using 'HasPrecision()' or configure a value converter using 'HasConversion()'.
2020-12-12T00:01:24.3242177+03:00 [WRN] (Microsoft.EntityFrameworkCore.Model.Validation) No type was specified for the decimal property '"Price"' on entity type '"OrderDetail"'. This will cause values to be silently truncated if they do not fit in the default precision and scale. Explicitly specify the SQL server column type that can accommodate all the values in 'OnModelCreating' using 'HasColumnType()', specify precision and scale using 'HasPrecision()' or configure a value converter using 'HasConversion()'.
2020-12-12T00:01:24.3293261+03:00 [WRN] (Microsoft.EntityFrameworkCore.Model.Validation) No type was specified for the decimal property '"Price"' on entity type '"Pie"'. This will cause values to be silently truncated if they do not fit in the default precision and scale. Explicitly specify the SQL server column type that can accommodate all the values in 'OnModelCreating' using 'HasColumnType()', specify precision and scale using 'HasPrecision()' or configure a value converter using 'HasConversion()'.
2020-12-12T00:01:31.1887920+03:00 [WRN] (BakeryShop.Controllers.ErrorController) 404 error occured.
2020-12-12T00:01:35.9969022+03:00 [WRN] (BakeryShop.Controllers.ErrorController) 404 error occured.
2020-12-12T00:01:55.6286418+03:00 [WRN] (BakeryShop.Controllers.ErrorController) 404 error occured.
2020-12-12T00:02:51.7835843+03:00 [WRN] (Microsoft.EntityFrameworkCore.Model.Validation) No type was specified for the decimal property '"OrderTotal"' on entity type '"Order"'. This will cause values to be silently truncated if they do not fit in the default precision and scale. Explicitly specify the SQL server column type that can accommodate all the values in 'OnModelCreating' using 'HasColumnType()', specify precision and scale using 'HasPrecision()' or configure a value converter using 'HasConversion()'.
2020-12-12T00:02:51.7987101+03:00 [WRN] (Microsoft.EntityFrameworkCore.Model.Validation) No type was specified for the decimal property '"Price"' on entity type '"OrderDetail"'. This will cause values to be silently truncated if they do not fit in the default precision and scale. Explicitly specify the SQL server column type that can accommodate all the values in 'OnModelCreating' using 'HasColumnType()', specify precision and scale using 'HasPrecision()' or configure a value converter using 'HasConversion()'.
2020-12-12T00:02:51.7990722+03:00 [WRN] (Microsoft.EntityFrameworkCore.Model.Validation) No type was specified for the decimal property '"Price"' on entity type '"Pie"'. This will cause values to be silently truncated if they do not fit in the default precision and scale. Explicitly specify the SQL server column type that can accommodate all the values in 'OnModelCreating' using 'HasColumnType()', specify precision and scale using 'HasPrecision()' or configure a value converter using 'HasConversion()'.
2020-12-12T00:02:58.2070381+03:00 [WRN] (BakeryShop.Controllers.ErrorController) 404 error occured.
2020-12-12T00:03:03.1902042+03:00 [WRN] (BakeryShop.Controllers.ErrorController) 404 error occured.
2020-12-12T00:03:26.5096094+03:00 [WRN] (BakeryShop.Controllers.ErrorController) 404 error occured.
2020-12-12T00:03:57.5146318+03:00 [WRN] (Microsoft.EntityFrameworkCore.Model.Validation) No type was specified for the decimal property '"OrderTotal"' on entity type '"Order"'. This will cause values to be silently truncated if they do not fit in the default precision and scale. Explicitly specify the SQL server column type that can accommodate all the values in 'OnModelCreating' using 'HasColumnType()', specify precision and scale using 'HasPrecision()' or configure a value converter using 'HasConversion()'.
2020-12-12T00:03:57.5322314+03:00 [WRN] (Microsoft.EntityFrameworkCore.Model.Validation) No type was specified for the decimal property '"Price"' on entity type '"OrderDetail"'. This will cause values to be silently truncated if they do not fit in the default precision and scale. Explicitly specify the SQL server column type that can accommodate all the values in 'OnModelCreating' using 'HasColumnType()', specify precision and scale using 'HasPrecision()' or configure a value converter using 'HasConversion()'.
2020-12-12T00:03:57.5324357+03:00 [WRN] (Microsoft.EntityFrameworkCore.Model.Validation) No type was specified for the decimal property '"Price"' on entity type '"Pie"'. This will cause values to be silently truncated if they do not fit in the default precision and scale. Explicitly specify the SQL server column type that can accommodate all the values in 'OnModelCreating' using 'HasColumnType()', specify precision and scale using 'HasPrecision()' or configure a value converter using 'HasConversion()'.
2020-12-12T00:04:04.5654265+03:00 [WRN] (BakeryShop.Controllers.ErrorController) 404 error occured.
2020-12-12T00:04:13.0523294+03:00 [WRN] (BakeryShop.Controllers.ErrorController) 404 error occured.
2020-12-12T00:25:14.6454209+03:00 [WRN] (Microsoft.EntityFrameworkCore.Model.Validation) No type was specified for the decimal property '"OrderTotal"' on entity type '"Order"'. This will cause values to be silently truncated if they do not fit in the default precision and scale. Explicitly specify the SQL server column type that can accommodate all the values in 'OnModelCreating' using 'HasColumnType()', specify precision and scale using 'HasPrecision()' or configure a value converter using 'HasConversion()'.
2020-12-12T00:25:14.6679799+03:00 [WRN] (Microsoft.EntityFrameworkCore.Model.Validation) No type was specified for the decimal property '"Price"' on entity type '"OrderDetail"'. This will cause values to be silently truncated if they do not fit in the default precision and scale. Explicitly specify the SQL server column type that can accommodate all the values in 'OnModelCreating' using 'HasColumnType()', specify precision and scale using 'HasPrecision()' or configure a value converter using 'HasConversion()'.
2020-12-12T00:25:14.6682253+03:00 [WRN] (Microsoft.EntityFrameworkCore.Model.Validation) No type was specified for the decimal property '"Price"' on entity type '"Pie"'. This will cause values to be silently truncated if they do not fit in the default precision and scale. Explicitly specify the SQL server column type that can accommodate all the values in 'OnModelCreating' using 'HasColumnType()', specify precision and scale using 'HasPrecision()' or configure a value converter using 'HasConversion()'.
2020-12-12T00:25:28.4834527+03:00 [WRN] (BakeryShop.Controllers.ErrorController) 404 error occured.
2020-12-12T00:25:33.3471342+03:00 [WRN] (BakeryShop.Controllers.ErrorController) 404 error occured.
2020-12-12T00:26:15.3335339+03:00 [WRN] (BakeryShop.Controllers.ErrorController) 404 error occured.
2020-12-12T00:27:01.7072435+03:00 [WRN] (Microsoft.EntityFrameworkCore.Model.Validation) No type was specified for the decimal property '"OrderTotal"' on entity type '"Order"'. This will cause values to be silently truncated if they do not fit in the default precision and scale. Explicitly specify the SQL server column type that can accommodate all the values in 'OnModelCreating' using 'HasColumnType()', specify precision and scale using 'HasPrecision()' or configure a value converter using 'HasConversion()'.
2020-12-12T00:27:01.7206982+03:00 [WRN] (Microsoft.EntityFrameworkCore.Model.Validation) No type was specified for the decimal property '"Price"' on entity type '"OrderDetail"'. This will cause values to be silently truncated if they do not fit in the default precision and scale. Explicitly specify the SQL server column type that can accommodate all the values in 'OnModelCreating' using 'HasColumnType()', specify precision and scale using 'HasPrecision()' or configure a value converter using 'HasConversion()'.
2020-12-12T00:27:01.7212007+03:00 [WRN] (Microsoft.EntityFrameworkCore.Model.Validation) No type was specified for the decimal property '"Price"' on entity type '"Pie"'. This will cause values to be silently truncated if they do not fit in the default precision and scale. Explicitly specify the SQL server column type that can accommodate all the values in 'OnModelCreating' using 'HasColumnType()', specify precision and scale using 'HasPrecision()' or configure a value converter using 'HasConversion()'.
2020-12-12T00:27:07.9372634+03:00 [WRN] (BakeryShop.Controllers.ErrorController) 404 error occured.
2020-12-12T00:27:20.7009683+03:00 [WRN] (BakeryShop.Controllers.ErrorController) 404 error occured.
2020-12-12T00:27:24.5834921+03:00 [WRN] (Microsoft.AspNetCore.Identity.SignInManager) User "99e73360-2ea0-47ce-a5f4-368fadddbe1b" cannot sign in without a confirmed email.
2020-12-12T00:27:25.2015540+03:00 [WRN] (Microsoft.AspNetCore.Identity.UserManager) AddLogin for user failed because it was already associated with another user.
2020-12-12T00:27:28.3608765+03:00 [WRN] (BakeryShop.Controllers.ErrorController) 404 error occured.
2020-12-12T00:27:32.5233208+03:00 [WRN] (BakeryShop.Controllers.ErrorController) 404 error occured.
2020-12-12T00:31:16.0402576+03:00 [WRN] (Microsoft.EntityFrameworkCore.Model.Validation) No type was specified for the decimal property '"OrderTotal"' on entity type '"Order"'. This will cause values to be silently truncated if they do not fit in the default precision and scale. Explicitly specify the SQL server column type that can accommodate all the values in 'OnModelCreating' using 'HasColumnType()', specify precision and scale using 'HasPrecision()' or configure a value converter using 'HasConversion()'.
2020-12-12T00:31:16.0646584+03:00 [WRN] (Microsoft.EntityFrameworkCore.Model.Validation) No type was specified for the decimal property '"Price"' on entity type '"OrderDetail"'. This will cause values to be silently truncated if they do not fit in the default precision and scale. Explicitly specify the SQL server column type that can accommodate all the values in 'OnModelCreating' using 'HasColumnType()', specify precision and scale using 'HasPrecision()' or configure a value converter using 'HasConversion()'.
2020-12-12T00:31:16.0648990+03:00 [WRN] (Microsoft.EntityFrameworkCore.Model.Validation) No type was specified for the decimal property '"Price"' on entity type '"Pie"'. This will cause values to be silently truncated if they do not fit in the default precision and scale. Explicitly specify the SQL server column type that can accommodate all the values in 'OnModelCreating' using 'HasColumnType()', specify precision and scale using 'HasPrecision()' or configure a value converter using 'HasConversion()'.
2020-12-12T00:31:23.0062963+03:00 [WRN] (BakeryShop.Controllers.ErrorController) 404 error occured.
2020-12-12T00:31:56.9004853+03:00 [WRN] (BakeryShop.Controllers.ErrorController) 404 error occured.
2020-12-12T00:32:01.3470155+03:00 [WRN] (BakeryShop.Controllers.ErrorController) 404 error occured.
2020-12-12T00:32:05.3432916+03:00 [WRN] (Microsoft.AspNetCore.Identity.SignInManager) User "99e73360-2ea0-47ce-a5f4-368fadddbe1b" cannot sign in without a confirmed email.
2020-12-12T00:32:05.9920583+03:00 [WRN] (Microsoft.AspNetCore.Identity.UserManager) AddLogin for user failed because it was already associated with another user.
2020-12-12T00:32:08.5958233+03:00 [WRN] (BakeryShop.Controllers.ErrorController) 404 error occured.
2020-12-12T00:32:22.9363185+03:00 [WRN] (BakeryShop.Controllers.ErrorController) 404 error occured.
2020-12-12T00:35:00.3567998+03:00 [WRN] (BakeryShop.Controllers.ErrorController) 404 error occured.
2020-12-12T00:35:04.9756792+03:00 [WRN] (BakeryShop.Controllers.ErrorController) 404 error occured.
2020-12-12T00:37:32.3546212+03:00 [WRN] (Microsoft.EntityFrameworkCore.Model.Validation) No type was specified for the decimal property '"OrderTotal"' on entity type '"Order"'. This will cause values to be silently truncated if they do not fit in the default precision and scale. Explicitly specify the SQL server column type that can accommodate all the values in 'OnModelCreating' using 'HasColumnType()', specify precision and scale using 'HasPrecision()' or configure a value converter using 'HasConversion()'.
2020-12-12T00:37:32.3691080+03:00 [WRN] (Microsoft.EntityFrameworkCore.Model.Validation) No type was specified for the decimal property '"Price"' on entity type '"OrderDetail"'. This will cause values to be silently truncated if they do not fit in the default precision and scale. Explicitly specify the SQL server column type that can accommodate all the values in 'OnModelCreating' using 'HasColumnType()', specify precision and scale using 'HasPrecision()' or configure a value converter using 'HasConversion()'.
2020-12-12T00:37:32.3692637+03:00 [WRN] (Microsoft.EntityFrameworkCore.Model.Validation) No type was specified for the decimal property '"Price"' on entity type '"Pie"'. This will cause values to be silently truncated if they do not fit in the default precision and scale. Explicitly specify the SQL server column type that can accommodate all the values in 'OnModelCreating' using 'HasColumnType()', specify precision and scale using 'HasPrecision()' or configure a value converter using 'HasConversion()'.
2020-12-12T00:37:38.8074116+03:00 [WRN] (BakeryShop.Controllers.ErrorController) 404 error occured.
2020-12-12T00:38:06.2049791+03:00 [WRN] (BakeryShop.Controllers.ErrorController) 404 error occured.
2020-12-12T00:38:23.7345758+03:00 [WRN] (BakeryShop.Controllers.ErrorController) 404 error occured.
2020-12-12T01:00:48.1745761+03:00 [WRN] (Microsoft.EntityFrameworkCore.Model.Validation) No type was specified for the decimal property '"OrderTotal"' on entity type '"Order"'. This will cause values to be silently truncated if they do not fit in the default precision and scale. Explicitly specify the SQL server column type that can accommodate all the values in 'OnModelCreating' using 'HasColumnType()', specify precision and scale using 'HasPrecision()' or configure a value converter using 'HasConversion()'.
2020-12-12T01:00:48.1944330+03:00 [WRN] (Microsoft.EntityFrameworkCore.Model.Validation) No type was specified for the decimal property '"Price"' on entity type '"OrderDetail"'. This will cause values to be silently truncated if they do not fit in the default precision and scale. Explicitly specify the SQL server column type that can accommodate all the values in 'OnModelCreating' using 'HasColumnType()', specify precision and scale using 'HasPrecision()' or configure a value converter using 'HasConversion()'.
2020-12-12T01:00:48.1946904+03:00 [WRN] (Microsoft.EntityFrameworkCore.Model.Validation) No type was specified for the decimal property '"Price"' on entity type '"Pie"'. This will cause values to be silently truncated if they do not fit in the default precision and scale. Explicitly specify the SQL server column type that can accommodate all the values in 'OnModelCreating' using 'HasColumnType()', specify precision and scale using 'HasPrecision()' or configure a value converter using 'HasConversion()'.
2020-12-12T01:00:53.9865757+03:00 [WRN] (BakeryShop.Controllers.ErrorController) 404 error occured.
2020-12-12T01:01:05.4588108+03:00 [WRN] (BakeryShop.Controllers.ErrorController) 404 error occured.
2020-12-12T01:01:14.4589195+03:00 [WRN] (BakeryShop.Controllers.ErrorController) 404 error occured.
2020-12-12T01:01:21.0618985+03:00 [WRN] (Microsoft.AspNetCore.Identity.SignInManager) User "99e73360-2ea0-47ce-a5f4-368fadddbe1b" cannot sign in without a confirmed email.
2020-12-12T01:01:21.7622023+03:00 [WRN] (Microsoft.AspNetCore.Identity.UserManager) AddLogin for user failed because it was already associated with another user.
2020-12-12T01:01:24.1737896+03:00 [WRN] (BakeryShop.Controllers.ErrorController) 404 error occured.
2020-12-12T01:01:30.5285633+03:00 [WRN] (BakeryShop.Controllers.ErrorController) 404 error occured.
2020-12-12T01:05:43.3722486+03:00 [WRN] (Microsoft.EntityFrameworkCore.Model.Validation) No type was specified for the decimal property '"OrderTotal"' on entity type '"Order"'. This will cause values to be silently truncated if they do not fit in the default precision and scale. Explicitly specify the SQL server column type that can accommodate all the values in 'OnModelCreating' using 'HasColumnType()', specify precision and scale using 'HasPrecision()' or configure a value converter using 'HasConversion()'.
2020-12-12T01:05:43.3890558+03:00 [WRN] (Microsoft.EntityFrameworkCore.Model.Validation) No type was specified for the decimal property '"Price"' on entity type '"OrderDetail"'. This will cause values to be silently truncated if they do not fit in the default precision and scale. Explicitly specify the SQL server column type that can accommodate all the values in 'OnModelCreating' using 'HasColumnType()', specify precision and scale using 'HasPrecision()' or configure a value converter using 'HasConversion()'.
2020-12-12T01:05:43.3892945+03:00 [WRN] (Microsoft.EntityFrameworkCore.Model.Validation) No type was specified for the decimal property '"Price"' on entity type '"Pie"'. This will cause values to be silently truncated if they do not fit in the default precision and scale. Explicitly specify the SQL server column type that can accommodate all the values in 'OnModelCreating' using 'HasColumnType()', specify precision and scale using 'HasPrecision()' or configure a value converter using 'HasConversion()'.
2020-12-12T01:05:49.7595151+03:00 [WRN] (BakeryShop.Controllers.ErrorController) 404 error occured.
2020-12-12T01:06:04.0809896+03:00 [WRN] (BakeryShop.Controllers.ErrorController) 404 error occured.
2020-12-12T01:06:08.3353433+03:00 [WRN] (Microsoft.AspNetCore.Identity.SignInManager) User "99e73360-2ea0-47ce-a5f4-368fadddbe1b" cannot sign in without a confirmed email.
2020-12-12T01:06:08.9382569+03:00 [WRN] (Microsoft.AspNetCore.Identity.UserManager) AddLogin for user failed because it was already associated with another user.
2020-12-12T01:06:14.6158866+03:00 [WRN] (BakeryShop.Controllers.ErrorController) 404 error occured.
2020-12-12T01:06:19.2090475+03:00 [WRN] (BakeryShop.Controllers.ErrorController) 404 error occured.
2020-12-12T01:06:50.3754251+03:00 [WRN] (BakeryShop.Controllers.ErrorController) 404 error occured.
2020-12-12T01:07:41.5126322+03:00 [WRN] (Microsoft.EntityFrameworkCore.Model.Validation) No type was specified for the decimal property '"OrderTotal"' on entity type '"Order"'. This will cause values to be silently truncated if they do not fit in the default precision and scale. Explicitly specify the SQL server column type that can accommodate all the values in 'OnModelCreating' using 'HasColumnType()', specify precision and scale using 'HasPrecision()' or configure a value converter using 'HasConversion()'.
2020-12-12T01:07:41.5353345+03:00 [WRN] (Microsoft.EntityFrameworkCore.Model.Validation) No type was specified for the decimal property '"Price"' on entity type '"OrderDetail"'. This will cause values to be silently truncated if they do not fit in the default precision and scale. Explicitly specify the SQL server column type that can accommodate all the values in 'OnModelCreating' using 'HasColumnType()', specify precision and scale using 'HasPrecision()' or configure a value converter using 'HasConversion()'.
2020-12-12T01:07:41.5356902+03:00 [WRN] (Microsoft.EntityFrameworkCore.Model.Validation) No type was specified for the decimal property '"Price"' on entity type '"Pie"'. This will cause values to be silently truncated if they do not fit in the default precision and scale. Explicitly specify the SQL server column type that can accommodate all the values in 'OnModelCreating' using 'HasColumnType()', specify precision and scale using 'HasPrecision()' or configure a value converter using 'HasConversion()'.
2020-12-12T01:07:51.0716018+03:00 [WRN] (BakeryShop.Controllers.ErrorController) 404 error occured.
2020-12-12T01:08:05.2124003+03:00 [WRN] (BakeryShop.Controllers.ErrorController) 404 error occured.
2020-12-12T01:09:30.5612987+03:00 [WRN] (Microsoft.EntityFrameworkCore.Model.Validation) No type was specified for the decimal property '"OrderTotal"' on entity type '"Order"'. This will cause values to be silently truncated if they do not fit in the default precision and scale. Explicitly specify the SQL server column type that can accommodate all the values in 'OnModelCreating' using 'HasColumnType()', specify precision and scale using 'HasPrecision()' or configure a value converter using 'HasConversion()'.
2020-12-12T01:09:30.5783822+03:00 [WRN] (Microsoft.EntityFrameworkCore.Model.Validation) No type was specified for the decimal property '"Price"' on entity type '"OrderDetail"'. This will cause values to be silently truncated if they do not fit in the default precision and scale. Explicitly specify the SQL server column type that can accommodate all the values in 'OnModelCreating' using 'HasColumnType()', specify precision and scale using 'HasPrecision()' or configure a value converter using 'HasConversion()'.
2020-12-12T01:09:30.5787150+03:00 [WRN] (Microsoft.EntityFrameworkCore.Model.Validation) No type was specified for the decimal property '"Price"' on entity type '"Pie"'. This will cause values to be silently truncated if they do not fit in the default precision and scale. Explicitly specify the SQL server column type that can accommodate all the values in 'OnModelCreating' using 'HasColumnType()', specify precision and scale using 'HasPrecision()' or configure a value converter using 'HasConversion()'.
2020-12-12T01:09:47.1775607+03:00 [WRN] (BakeryShop.Controllers.ErrorController) 404 error occured.
2020-12-12T01:10:01.2736548+03:00 [WRN] (BakeryShop.Controllers.ErrorController) 404 error occured.
2020-12-12T01:10:18.3238610+03:00 [WRN] (BakeryShop.Controllers.ErrorController) 404 error occured.
2020-12-12T01:15:30.7848931+03:00 [WRN] (Microsoft.EntityFrameworkCore.Model.Validation) No type was specified for the decimal property '"OrderTotal"' on entity type '"Order"'. This will cause values to be silently truncated if they do not fit in the default precision and scale. Explicitly specify the SQL server column type that can accommodate all the values in 'OnModelCreating' using 'HasColumnType()', specify precision and scale using 'HasPrecision()' or configure a value converter using 'HasConversion()'.
2020-12-12T01:15:30.7984599+03:00 [WRN] (Microsoft.EntityFrameworkCore.Model.Validation) No type was specified for the decimal property '"Price"' on entity type '"OrderDetail"'. This will cause values to be silently truncated if they do not fit in the default precision and scale. Explicitly specify the SQL server column type that can accommodate all the values in 'OnModelCreating' using 'HasColumnType()', specify precision and scale using 'HasPrecision()' or configure a value converter using 'HasConversion()'.
2020-12-12T01:15:30.7986462+03:00 [WRN] (Microsoft.EntityFrameworkCore.Model.Validation) No type was specified for the decimal property '"Price"' on entity type '"Pie"'. This will cause values to be silently truncated if they do not fit in the default precision and scale. Explicitly specify the SQL server column type that can accommodate all the values in 'OnModelCreating' using 'HasColumnType()', specify precision and scale using 'HasPrecision()' or configure a value converter using 'HasConversion()'.
2020-12-12T01:15:40.1379213+03:00 [WRN] (BakeryShop.Controllers.ErrorController) 404 error occured.
2020-12-12T01:16:02.8816676+03:00 [WRN] (BakeryShop.Controllers.ErrorController) 404 error occured.
2020-12-12T01:16:17.9231489+03:00 [WRN] (BakeryShop.Controllers.ErrorController) 404 error occured.
2020-12-12T01:20:10.1441302+03:00 [WRN] (Microsoft.EntityFrameworkCore.Model.Validation) No type was specified for the decimal property '"OrderTotal"' on entity type '"Order"'. This will cause values to be silently truncated if they do not fit in the default precision and scale. Explicitly specify the SQL server column type that can accommodate all the values in 'OnModelCreating' using 'HasColumnType()', specify precision and scale using 'HasPrecision()' or configure a value converter using 'HasConversion()'.
2020-12-12T01:20:10.1597643+03:00 [WRN] (Microsoft.EntityFrameworkCore.Model.Validation) No type was specified for the decimal property '"Price"' on entity type '"OrderDetail"'. This will cause values to be silently truncated if they do not fit in the default precision and scale. Explicitly specify the SQL server column type that can accommodate all the values in 'OnModelCreating' using 'HasColumnType()', specify precision and scale using 'HasPrecision()' or configure a value converter using 'HasConversion()'.
2020-12-12T01:20:10.1599402+03:00 [WRN] (Microsoft.EntityFrameworkCore.Model.Validation) No type was specified for the decimal property '"Price"' on entity type '"Pie"'. This will cause values to be silently truncated if they do not fit in the default precision and scale. Explicitly specify the SQL server column type that can accommodate all the values in 'OnModelCreating' using 'HasColumnType()', specify precision and scale using 'HasPrecision()' or configure a value converter using 'HasConversion()'.
2020-12-12T01:20:16.6932662+03:00 [WRN] (BakeryShop.Controllers.ErrorController) 404 error occured.
2020-12-12T01:20:33.1666416+03:00 [WRN] (BakeryShop.Controllers.ErrorController) 404 error occured.
2020-12-12T01:20:38.4191987+03:00 [WRN] (Microsoft.AspNetCore.Identity.SignInManager) User "99e73360-2ea0-47ce-a5f4-368fadddbe1b" cannot sign in without a confirmed email.
2020-12-12T01:20:39.2153509+03:00 [WRN] (Microsoft.AspNetCore.Identity.UserManager) AddLogin for user failed because it was already associated with another user.
2020-12-12T01:20:42.7134144+03:00 [WRN] (BakeryShop.Controllers.ErrorController) 404 error occured.
2020-12-12T01:20:46.8698870+03:00 [WRN] (BakeryShop.Controllers.ErrorController) 404 error occured.
2020-12-12T01:23:01.4286716+03:00 [WRN] (Microsoft.EntityFrameworkCore.Model.Validation) No type was specified for the decimal property '"OrderTotal"' on entity type '"Order"'. This will cause values to be silently truncated if they do not fit in the default precision and scale. Explicitly specify the SQL server column type that can accommodate all the values in 'OnModelCreating' using 'HasColumnType()', specify precision and scale using 'HasPrecision()' or configure a value converter using 'HasConversion()'.
2020-12-12T01:23:01.4474702+03:00 [WRN] (Microsoft.EntityFrameworkCore.Model.Validation) No type was specified for the decimal property '"Price"' on entity type '"OrderDetail"'. This will cause values to be silently truncated if they do not fit in the default precision and scale. Explicitly specify the SQL server column type that can accommodate all the values in 'OnModelCreating' using 'HasColumnType()', specify precision and scale using 'HasPrecision()' or configure a value converter using 'HasConversion()'.
2020-12-12T01:23:01.4476955+03:00 [WRN] (Microsoft.EntityFrameworkCore.Model.Validation) No type was specified for the decimal property '"Price"' on entity type '"Pie"'. This will cause values to be silently truncated if they do not fit in the default precision and scale. Explicitly specify the SQL server column type that can accommodate all the values in 'OnModelCreating' using 'HasColumnType()', specify precision and scale using 'HasPrecision()' or configure a value converter using 'HasConversion()'.
2020-12-12T01:23:15.2114694+03:00 [WRN] (BakeryShop.Controllers.ErrorController) 404 error occured.
2020-12-12T01:23:32.6097672+03:00 [WRN] (BakeryShop.Controllers.ErrorController) 404 error occured.
2020-12-12T01:23:37.8249982+03:00 [WRN] (BakeryShop.Controllers.ErrorController) 404 error occured.
2020-12-12T01:23:41.4796491+03:00 [WRN] (Microsoft.AspNetCore.Identity.SignInManager) User "99e73360-2ea0-47ce-a5f4-368fadddbe1b" cannot sign in without a confirmed email.
2020-12-12T01:23:42.2905226+03:00 [WRN] (Microsoft.AspNetCore.Identity.UserManager) AddLogin for user failed because it was already associated with another user.
2020-12-12T01:23:45.4597454+03:00 [WRN] (BakeryShop.Controllers.ErrorController) 404 error occured.
2020-12-12T01:23:53.8588528+03:00 [WRN] (BakeryShop.Controllers.ErrorController) 404 error occured.
2020-12-12T01:24:34.9186991+03:00 [ERR] (Microsoft.EntityFrameworkCore.Database.Command) Failed executing DbCommand ("22,653"ms) [Parameters=["@__normalizedUserName_0='?' (Size = 256)"], CommandType='Text', CommandTimeout='30']"
""SELECT TOP(1) [a].[Id], [a].[AccessFailedCount], [a].[ConcurrencyStamp], [a].[Email], [a].[EmailConfirmed], [a].[LockoutEnabled], [a].[LockoutEnd], [a].[NormalizedEmail], [a].[NormalizedUserName], [a].[PasswordHash], [a].[PhoneNumber], [a].[PhoneNumberConfirmed], [a].[SecurityStamp], [a].[TwoFactorEnabled], [a].[UserName]
FROM [AspNetUsers] AS [a]
WHERE [a].[NormalizedUserName] = @__normalizedUserName_0"
2020-12-12T01:24:35.0529616+03:00 [ERR] (Microsoft.EntityFrameworkCore.Query) An exception occurred while iterating over the results of a query for context type '"Infrastructure.Data.AppDbContext"'."
""System.InvalidOperationException: An exception has been raised that is likely due to a transient failure. Consider enabling transient error resiliency by adding 'EnableRetryOnFailure()' to the 'UseSqlServer' call.
 ---> Microsoft.Data.SqlClient.SqlException (0x80131904): A transport-level error has occurred when receiving results from the server. (provider: TCP Provider, error: 0 - Превышен таймаут семафора.)
 ---> System.ComponentModel.Win32Exception (121): Превышен таймаут семафора.
   at Microsoft.Data.SqlClient.SqlCommand.<>c.<ExecuteDbDataReaderAsync>b__169_0(Task`1 result)
   at System.Threading.Tasks.ContinuationResultTaskFromResultTask`2.InnerInvoke()
   at System.Threading.ExecutionContext.RunInternal(ExecutionContext executionContext, ContextCallback callback, Object state)
--- End of stack trace from previous location where exception was thrown ---
   at System.Threading.Tasks.Task.ExecuteWithThreadLocal(Task& currentTaskSlot, Thread threadPoolThread)
--- End of stack trace from previous location where exception was thrown ---
   at Microsoft.EntityFrameworkCore.Storage.RelationalCommand.ExecuteReaderAsync(RelationalCommandParameterObject parameterObject, CancellationToken cancellationToken)
   at Microsoft.EntityFrameworkCore.Storage.RelationalCommand.ExecuteReaderAsync(RelationalCommandParameterObject parameterObject, CancellationToken cancellationToken)
   at Microsoft.EntityFrameworkCore.Query.Internal.SingleQueryingEnumerable`1.AsyncEnumerator.InitializeReaderAsync(DbContext _, Boolean result, CancellationToken cancellationToken)
   at Microsoft.EntityFrameworkCore.SqlServer.Storage.Internal.SqlServerExecutionStrategy.ExecuteAsync[TState,TResult](TState state, Func`4 operation, Func`4 verifySucceeded, CancellationToken cancellationToken)
ClientConnectionId:e3930e49-60a9-4ac0-9a11-339159413f34
Error Number:121,State:0,Class:20
   --- End of inner exception stack trace ---
   at Microsoft.EntityFrameworkCore.SqlServer.Storage.Internal.SqlServerExecutionStrategy.ExecuteAsync[TState,TResult](TState state, Func`4 operation, Func`4 verifySucceeded, CancellationToken cancellationToken)
   at Microsoft.EntityFrameworkCore.Query.Internal.SingleQueryingEnumerable`1.AsyncEnumerator.MoveNextAsync()"
System.InvalidOperationException: An exception has been raised that is likely due to a transient failure. Consider enabling transient error resiliency by adding 'EnableRetryOnFailure()' to the 'UseSqlServer' call.
 ---> Microsoft.Data.SqlClient.SqlException (0x80131904): A transport-level error has occurred when receiving results from the server. (provider: TCP Provider, error: 0 - Превышен таймаут семафора.)
 ---> System.ComponentModel.Win32Exception (121): Превышен таймаут семафора.
   at Microsoft.Data.SqlClient.SqlCommand.<>c.<ExecuteDbDataReaderAsync>b__169_0(Task`1 result)
   at System.Threading.Tasks.ContinuationResultTaskFromResultTask`2.InnerInvoke()
   at System.Threading.ExecutionContext.RunInternal(ExecutionContext executionContext, ContextCallback callback, Object state)
--- End of stack trace from previous location where exception was thrown ---
   at System.Threading.Tasks.Task.ExecuteWithThreadLocal(Task& currentTaskSlot, Thread threadPoolThread)
--- End of stack trace from previous location where exception was thrown ---
   at Microsoft.EntityFrameworkCore.Storage.RelationalCommand.ExecuteReaderAsync(RelationalCommandParameterObject parameterObject, CancellationToken cancellationToken)
   at Microsoft.EntityFrameworkCore.Storage.RelationalCommand.ExecuteReaderAsync(RelationalCommandParameterObject parameterObject, CancellationToken cancellationToken)
   at Microsoft.EntityFrameworkCore.Query.Internal.SingleQueryingEnumerable`1.AsyncEnumerator.InitializeReaderAsync(DbContext _, Boolean result, CancellationToken cancellationToken)
   at Microsoft.EntityFrameworkCore.SqlServer.Storage.Internal.SqlServerExecutionStrategy.ExecuteAsync[TState,TResult](TState state, Func`4 operation, Func`4 verifySucceeded, CancellationToken cancellationToken)
ClientConnectionId:e3930e49-60a9-4ac0-9a11-339159413f34
Error Number:121,State:0,Class:20
   --- End of inner exception stack trace ---
   at Microsoft.EntityFrameworkCore.SqlServer.Storage.Internal.SqlServerExecutionStrategy.ExecuteAsync[TState,TResult](TState state, Func`4 operation, Func`4 verifySucceeded, CancellationToken cancellationToken)
   at Microsoft.EntityFrameworkCore.Query.Internal.SingleQueryingEnumerable`1.AsyncEnumerator.MoveNextAsync()
2020-12-12T01:24:35.2158527+03:00 [ERR] (Microsoft.AspNetCore.SignalR.Internal.DefaultHubDispatcher) Failed to invoke hub method '"SendMessage"'.
System.InvalidOperationException: An exception has been raised that is likely due to a transient failure. Consider enabling transient error resiliency by adding 'EnableRetryOnFailure()' to the 'UseSqlServer' call.
 ---> Microsoft.Data.SqlClient.SqlException (0x80131904): A transport-level error has occurred when receiving results from the server. (provider: TCP Provider, error: 0 - Превышен таймаут семафора.)
 ---> System.ComponentModel.Win32Exception (121): Превышен таймаут семафора.
   at Microsoft.Data.SqlClient.SqlCommand.<>c.<ExecuteDbDataReaderAsync>b__169_0(Task`1 result)
   at System.Threading.Tasks.ContinuationResultTaskFromResultTask`2.InnerInvoke()
   at System.Threading.ExecutionContext.RunInternal(ExecutionContext executionContext, ContextCallback callback, Object state)
--- End of stack trace from previous location where exception was thrown ---
   at System.Threading.Tasks.Task.ExecuteWithThreadLocal(Task& currentTaskSlot, Thread threadPoolThread)
--- End of stack trace from previous location where exception was thrown ---
   at Microsoft.EntityFrameworkCore.Storage.RelationalCommand.ExecuteReaderAsync(RelationalCommandParameterObject parameterObject, CancellationToken cancellationToken)
   at Microsoft.EntityFrameworkCore.Storage.RelationalCommand.ExecuteReaderAsync(RelationalCommandParameterObject parameterObject, CancellationToken cancellationToken)
   at Microsoft.EntityFrameworkCore.Query.Internal.SingleQueryingEnumerable`1.AsyncEnumerator.InitializeReaderAsync(DbContext _, Boolean result, CancellationToken cancellationToken)
   at Microsoft.EntityFrameworkCore.SqlServer.Storage.Internal.SqlServerExecutionStrategy.ExecuteAsync[TState,TResult](TState state, Func`4 operation, Func`4 verifySucceeded, CancellationToken cancellationToken)
ClientConnectionId:e3930e49-60a9-4ac0-9a11-339159413f34
Error Number:121,State:0,Class:20
   --- End of inner exception stack trace ---
   at Microsoft.EntityFrameworkCore.SqlServer.Storage.Internal.SqlServerExecutionStrategy.ExecuteAsync[TState,TResult](TState state, Func`4 operation, Func`4 verifySucceeded, CancellationToken cancellationToken)
   at Microsoft.EntityFrameworkCore.Query.Internal.SingleQueryingEnumerable`1.AsyncEnumerator.MoveNextAsync()
   at Microsoft.EntityFrameworkCore.Query.ShapedQueryCompilingExpressionVisitor.SingleOrDefaultAsync[TSource](IAsyncEnumerable`1 asyncEnumerable, CancellationToken cancellationToken)
   at Microsoft.EntityFrameworkCore.Query.ShapedQueryCompilingExpressionVisitor.SingleOrDefaultAsync[TSource](IAsyncEnumerable`1 asyncEnumerable, CancellationToken cancellationToken)
   at Microsoft.AspNetCore.Identity.UserManager`1.FindByNameAsync(String userName)
   at Services.BusinessLogic.CommentHub.SendMessage(String pieId, String message) in D:\STUDY\ASP\Shop-asp.net-core\BakeryShop\Services.BusinessLogic\CommentHub.cs:line 25
   at Microsoft.AspNetCore.SignalR.Internal.DefaultHubDispatcher`1.ExecuteHubMethod(ObjectMethodExecutor methodExecutor, THub hub, Object[] arguments)
   at Microsoft.AspNetCore.SignalR.Internal.DefaultHubDispatcher`1.<>c__DisplayClass13_0.<<Invoke>g__ExecuteInvocation|0>d.MoveNext()
2020-12-12T01:24:47.4735186+03:00 [WRN] (BakeryShop.Controllers.ErrorController) 404 error occured.
2020-12-12T01:26:00.7856288+03:00 [WRN] (Microsoft.EntityFrameworkCore.Model.Validation) No type was specified for the decimal property '"OrderTotal"' on entity type '"Order"'. This will cause values to be silently truncated if they do not fit in the default precision and scale. Explicitly specify the SQL server column type that can accommodate all the values in 'OnModelCreating' using 'HasColumnType()', specify precision and scale using 'HasPrecision()' or configure a value converter using 'HasConversion()'.
2020-12-12T01:26:00.7998141+03:00 [WRN] (Microsoft.EntityFrameworkCore.Model.Validation) No type was specified for the decimal property '"Price"' on entity type '"OrderDetail"'. This will cause values to be silently truncated if they do not fit in the default precision and scale. Explicitly specify the SQL server column type that can accommodate all the values in 'OnModelCreating' using 'HasColumnType()', specify precision and scale using 'HasPrecision()' or configure a value converter using 'HasConversion()'.
2020-12-12T01:26:00.8006205+03:00 [WRN] (Microsoft.EntityFrameworkCore.Model.Validation) No type was specified for the decimal property '"Price"' on entity type '"Pie"'. This will cause values to be silently truncated if they do not fit in the default precision and scale. Explicitly specify the SQL server column type that can accommodate all the values in 'OnModelCreating' using 'HasColumnType()', specify precision and scale using 'HasPrecision()' or configure a value converter using 'HasConversion()'.
2020-12-12T01:26:06.8039152+03:00 [WRN] (BakeryShop.Controllers.ErrorController) 404 error occured.
2020-12-12T01:26:13.4189283+03:00 [WRN] (BakeryShop.Controllers.ErrorController) 404 error occured.
2020-12-12T01:26:21.2202964+03:00 [WRN] (BakeryShop.Controllers.ErrorController) 404 error occured.
2020-12-12T01:26:25.9279641+03:00 [WRN] (Microsoft.AspNetCore.Identity.SignInManager) User "99e73360-2ea0-47ce-a5f4-368fadddbe1b" cannot sign in without a confirmed email.
2020-12-12T01:26:26.7527009+03:00 [WRN] (Microsoft.AspNetCore.Identity.UserManager) AddLogin for user failed because it was already associated with another user.
2020-12-12T01:26:29.6546625+03:00 [WRN] (BakeryShop.Controllers.ErrorController) 404 error occured.
2020-12-12T01:26:33.8955480+03:00 [WRN] (BakeryShop.Controllers.ErrorController) 404 error occured.
2020-12-12T01:28:22.9219002+03:00 [WRN] (Microsoft.EntityFrameworkCore.Model.Validation) No type was specified for the decimal property '"OrderTotal"' on entity type '"Order"'. This will cause values to be silently truncated if they do not fit in the default precision and scale. Explicitly specify the SQL server column type that can accommodate all the values in 'OnModelCreating' using 'HasColumnType()', specify precision and scale using 'HasPrecision()' or configure a value converter using 'HasConversion()'.
2020-12-12T01:28:22.9500253+03:00 [WRN] (Microsoft.EntityFrameworkCore.Model.Validation) No type was specified for the decimal property '"Price"' on entity type '"OrderDetail"'. This will cause values to be silently truncated if they do not fit in the default precision and scale. Explicitly specify the SQL server column type that can accommodate all the values in 'OnModelCreating' using 'HasColumnType()', specify precision and scale using 'HasPrecision()' or configure a value converter using 'HasConversion()'.
2020-12-12T01:28:22.9505464+03:00 [WRN] (Microsoft.EntityFrameworkCore.Model.Validation) No type was specified for the decimal property '"Price"' on entity type '"Pie"'. This will cause values to be silently truncated if they do not fit in the default precision and scale. Explicitly specify the SQL server column type that can accommodate all the values in 'OnModelCreating' using 'HasColumnType()', specify precision and scale using 'HasPrecision()' or configure a value converter using 'HasConversion()'.
2020-12-12T01:28:28.9219448+03:00 [WRN] (BakeryShop.Controllers.ErrorController) 404 error occured.
2020-12-12T01:30:49.2859166+03:00 [WRN] (BakeryShop.Controllers.ErrorController) 404 error occured.
