2020-12-03T19:16:31.2130776+03:00 [WRN] (Microsoft.EntityFrameworkCore.Model.Validation) No type was specified for the decimal property '"OrderTotal"' on entity type '"Order"'. This will cause values to be silently truncated if they do not fit in the default precision and scale. Explicitly specify the SQL server column type that can accommodate all the values in 'OnModelCreating' using 'HasColumnType()', specify precision and scale using 'HasPrecision()' or configure a value converter using 'HasConversion()'.
2020-12-03T19:16:31.2585153+03:00 [WRN] (Microsoft.EntityFrameworkCore.Model.Validation) No type was specified for the decimal property '"Price"' on entity type '"OrderDetail"'. This will cause values to be silently truncated if they do not fit in the default precision and scale. Explicitly specify the SQL server column type that can accommodate all the values in 'OnModelCreating' using 'HasColumnType()', specify precision and scale using 'HasPrecision()' or configure a value converter using 'HasConversion()'.
2020-12-03T19:16:31.2643921+03:00 [WRN] (Microsoft.EntityFrameworkCore.Model.Validation) No type was specified for the decimal property '"Price"' on entity type '"Pie"'. This will cause values to be silently truncated if they do not fit in the default precision and scale. Explicitly specify the SQL server column type that can accommodate all the values in 'OnModelCreating' using 'HasColumnType()', specify precision and scale using 'HasPrecision()' or configure a value converter using 'HasConversion()'.
2020-12-03T19:16:36.9119289+03:00 [WRN] (BakeryShop.Controllers.ErrorController) 404 error occured.
2020-12-03T19:17:27.1247659+03:00 [WRN] (Microsoft.EntityFrameworkCore.Model.Validation) No type was specified for the decimal property '"OrderTotal"' on entity type '"Order"'. This will cause values to be silently truncated if they do not fit in the default precision and scale. Explicitly specify the SQL server column type that can accommodate all the values in 'OnModelCreating' using 'HasColumnType()', specify precision and scale using 'HasPrecision()' or configure a value converter using 'HasConversion()'.
2020-12-03T19:17:27.1447074+03:00 [WRN] (Microsoft.EntityFrameworkCore.Model.Validation) No type was specified for the decimal property '"Price"' on entity type '"OrderDetail"'. This will cause values to be silently truncated if they do not fit in the default precision and scale. Explicitly specify the SQL server column type that can accommodate all the values in 'OnModelCreating' using 'HasColumnType()', specify precision and scale using 'HasPrecision()' or configure a value converter using 'HasConversion()'.
2020-12-03T19:17:27.1450704+03:00 [WRN] (Microsoft.EntityFrameworkCore.Model.Validation) No type was specified for the decimal property '"Price"' on entity type '"Pie"'. This will cause values to be silently truncated if they do not fit in the default precision and scale. Explicitly specify the SQL server column type that can accommodate all the values in 'OnModelCreating' using 'HasColumnType()', specify precision and scale using 'HasPrecision()' or configure a value converter using 'HasConversion()'.
2020-12-03T19:17:36.9495482+03:00 [WRN] (BakeryShop.Controllers.ErrorController) 404 error occured.
2020-12-03T19:18:26.3588980+03:00 [WRN] (BakeryShop.Controllers.ErrorController) 404 error occured.
2020-12-03T19:18:28.3393606+03:00 [WRN] (BakeryShop.Controllers.ErrorController) 404 error occured.
2020-12-03T19:19:44.2328070+03:00 [WRN] (Microsoft.EntityFrameworkCore.Model.Validation) No type was specified for the decimal property '"OrderTotal"' on entity type '"Order"'. This will cause values to be silently truncated if they do not fit in the default precision and scale. Explicitly specify the SQL server column type that can accommodate all the values in 'OnModelCreating' using 'HasColumnType()', specify precision and scale using 'HasPrecision()' or configure a value converter using 'HasConversion()'.
2020-12-03T19:19:44.2575620+03:00 [WRN] (Microsoft.EntityFrameworkCore.Model.Validation) No type was specified for the decimal property '"Price"' on entity type '"OrderDetail"'. This will cause values to be silently truncated if they do not fit in the default precision and scale. Explicitly specify the SQL server column type that can accommodate all the values in 'OnModelCreating' using 'HasColumnType()', specify precision and scale using 'HasPrecision()' or configure a value converter using 'HasConversion()'.
2020-12-03T19:19:44.2578651+03:00 [WRN] (Microsoft.EntityFrameworkCore.Model.Validation) No type was specified for the decimal property '"Price"' on entity type '"Pie"'. This will cause values to be silently truncated if they do not fit in the default precision and scale. Explicitly specify the SQL server column type that can accommodate all the values in 'OnModelCreating' using 'HasColumnType()', specify precision and scale using 'HasPrecision()' or configure a value converter using 'HasConversion()'.
2020-12-03T19:19:49.2228345+03:00 [WRN] (BakeryShop.Controllers.ErrorController) 404 error occured.
2020-12-03T19:25:44.8198643+03:00 [WRN] (BakeryShop.Controllers.ErrorController) 404 error occured.
2020-12-03T19:25:47.0598054+03:00 [WRN] (BakeryShop.Controllers.ErrorController) 404 error occured.
2020-12-03T19:36:38.3579292+03:00 [WRN] (Microsoft.EntityFrameworkCore.Model.Validation) No type was specified for the decimal property '"OrderTotal"' on entity type '"Order"'. This will cause values to be silently truncated if they do not fit in the default precision and scale. Explicitly specify the SQL server column type that can accommodate all the values in 'OnModelCreating' using 'HasColumnType()', specify precision and scale using 'HasPrecision()' or configure a value converter using 'HasConversion()'.
2020-12-03T19:36:38.3723767+03:00 [WRN] (Microsoft.EntityFrameworkCore.Model.Validation) No type was specified for the decimal property '"Price"' on entity type '"OrderDetail"'. This will cause values to be silently truncated if they do not fit in the default precision and scale. Explicitly specify the SQL server column type that can accommodate all the values in 'OnModelCreating' using 'HasColumnType()', specify precision and scale using 'HasPrecision()' or configure a value converter using 'HasConversion()'.
2020-12-03T19:36:38.3725803+03:00 [WRN] (Microsoft.EntityFrameworkCore.Model.Validation) No type was specified for the decimal property '"Price"' on entity type '"Pie"'. This will cause values to be silently truncated if they do not fit in the default precision and scale. Explicitly specify the SQL server column type that can accommodate all the values in 'OnModelCreating' using 'HasColumnType()', specify precision and scale using 'HasPrecision()' or configure a value converter using 'HasConversion()'.
2020-12-03T19:36:42.1115624+03:00 [WRN] (BakeryShop.Controllers.ErrorController) 404 error occured.
2020-12-03T19:36:52.3496040+03:00 [WRN] (BakeryShop.Controllers.ErrorController) 404 error occured.
2020-12-03T19:36:56.5837103+03:00 [WRN] (BakeryShop.Controllers.ErrorController) 404 error occured.
2020-12-03T21:45:37.2616376+03:00 [WRN] (Microsoft.EntityFrameworkCore.Model.Validation) No type was specified for the decimal property '"OrderTotal"' on entity type '"Order"'. This will cause values to be silently truncated if they do not fit in the default precision and scale. Explicitly specify the SQL server column type that can accommodate all the values in 'OnModelCreating' using 'HasColumnType()', specify precision and scale using 'HasPrecision()' or configure a value converter using 'HasConversion()'.
2020-12-03T21:45:37.2829657+03:00 [WRN] (Microsoft.EntityFrameworkCore.Model.Validation) No type was specified for the decimal property '"Price"' on entity type '"OrderDetail"'. This will cause values to be silently truncated if they do not fit in the default precision and scale. Explicitly specify the SQL server column type that can accommodate all the values in 'OnModelCreating' using 'HasColumnType()', specify precision and scale using 'HasPrecision()' or configure a value converter using 'HasConversion()'.
2020-12-03T21:45:37.2833457+03:00 [WRN] (Microsoft.EntityFrameworkCore.Model.Validation) No type was specified for the decimal property '"Price"' on entity type '"Pie"'. This will cause values to be silently truncated if they do not fit in the default precision and scale. Explicitly specify the SQL server column type that can accommodate all the values in 'OnModelCreating' using 'HasColumnType()', specify precision and scale using 'HasPrecision()' or configure a value converter using 'HasConversion()'.
2020-12-03T21:45:42.0929263+03:00 [WRN] (BakeryShop.Controllers.ErrorController) 404 error occured.
2020-12-03T21:45:48.7584934+03:00 [WRN] (BakeryShop.Controllers.ErrorController) 404 error occured.
2020-12-03T21:57:50.4330671+03:00 [WRN] (Microsoft.EntityFrameworkCore.Model.Validation) No type was specified for the decimal property '"OrderTotal"' on entity type '"Order"'. This will cause values to be silently truncated if they do not fit in the default precision and scale. Explicitly specify the SQL server column type that can accommodate all the values in 'OnModelCreating' using 'HasColumnType()', specify precision and scale using 'HasPrecision()' or configure a value converter using 'HasConversion()'.
2020-12-03T21:57:50.4558307+03:00 [WRN] (Microsoft.EntityFrameworkCore.Model.Validation) No type was specified for the decimal property '"Price"' on entity type '"OrderDetail"'. This will cause values to be silently truncated if they do not fit in the default precision and scale. Explicitly specify the SQL server column type that can accommodate all the values in 'OnModelCreating' using 'HasColumnType()', specify precision and scale using 'HasPrecision()' or configure a value converter using 'HasConversion()'.
2020-12-03T21:57:50.4561123+03:00 [WRN] (Microsoft.EntityFrameworkCore.Model.Validation) No type was specified for the decimal property '"Price"' on entity type '"Pie"'. This will cause values to be silently truncated if they do not fit in the default precision and scale. Explicitly specify the SQL server column type that can accommodate all the values in 'OnModelCreating' using 'HasColumnType()', specify precision and scale using 'HasPrecision()' or configure a value converter using 'HasConversion()'.
2020-12-03T21:57:56.5613663+03:00 [WRN] (BakeryShop.Controllers.ErrorController) 404 error occured.
2020-12-03T21:58:01.9652793+03:00 [WRN] (BakeryShop.Controllers.ErrorController) 404 error occured.
2020-12-03T23:15:59.6257004+03:00 [WRN] (Microsoft.EntityFrameworkCore.Model.Validation) No type was specified for the decimal property '"OrderTotal"' on entity type '"Order"'. This will cause values to be silently truncated if they do not fit in the default precision and scale. Explicitly specify the SQL server column type that can accommodate all the values in 'OnModelCreating' using 'HasColumnType()', specify precision and scale using 'HasPrecision()' or configure a value converter using 'HasConversion()'.
2020-12-03T23:15:59.6390122+03:00 [WRN] (Microsoft.EntityFrameworkCore.Model.Validation) No type was specified for the decimal property '"Price"' on entity type '"OrderDetail"'. This will cause values to be silently truncated if they do not fit in the default precision and scale. Explicitly specify the SQL server column type that can accommodate all the values in 'OnModelCreating' using 'HasColumnType()', specify precision and scale using 'HasPrecision()' or configure a value converter using 'HasConversion()'.
2020-12-03T23:15:59.6391865+03:00 [WRN] (Microsoft.EntityFrameworkCore.Model.Validation) No type was specified for the decimal property '"Price"' on entity type '"Pie"'. This will cause values to be silently truncated if they do not fit in the default precision and scale. Explicitly specify the SQL server column type that can accommodate all the values in 'OnModelCreating' using 'HasColumnType()', specify precision and scale using 'HasPrecision()' or configure a value converter using 'HasConversion()'.
2020-12-03T23:16:04.4969597+03:00 [WRN] (BakeryShop.Controllers.ErrorController) 404 error occured.
2020-12-03T23:16:14.5086568+03:00 [WRN] (BakeryShop.Controllers.ErrorController) 404 error occured.
2020-12-03T23:16:17.2134071+03:00 [WRN] (BakeryShop.Controllers.ErrorController) 404 error occured.
2020-12-03T23:16:18.8765050+03:00 [WRN] (BakeryShop.Controllers.ErrorController) 404 error occured.
2020-12-03T23:16:21.4179525+03:00 [WRN] (BakeryShop.Controllers.ErrorController) 404 error occured.
2020-12-03T23:16:28.0858107+03:00 [WRN] (BakeryShop.Controllers.ErrorController) 404 error occured.
2020-12-03T23:16:45.4519058+03:00 [WRN] (BakeryShop.Controllers.ErrorController) 404 error occured.
2020-12-03T23:19:49.2889109+03:00 [WRN] (Microsoft.EntityFrameworkCore.Model.Validation) No type was specified for the decimal property '"OrderTotal"' on entity type '"Order"'. This will cause values to be silently truncated if they do not fit in the default precision and scale. Explicitly specify the SQL server column type that can accommodate all the values in 'OnModelCreating' using 'HasColumnType()', specify precision and scale using 'HasPrecision()' or configure a value converter using 'HasConversion()'.
2020-12-03T23:19:49.3010181+03:00 [WRN] (Microsoft.EntityFrameworkCore.Model.Validation) No type was specified for the decimal property '"Price"' on entity type '"OrderDetail"'. This will cause values to be silently truncated if they do not fit in the default precision and scale. Explicitly specify the SQL server column type that can accommodate all the values in 'OnModelCreating' using 'HasColumnType()', specify precision and scale using 'HasPrecision()' or configure a value converter using 'HasConversion()'.
2020-12-03T23:19:49.3012191+03:00 [WRN] (Microsoft.EntityFrameworkCore.Model.Validation) No type was specified for the decimal property '"Price"' on entity type '"Pie"'. This will cause values to be silently truncated if they do not fit in the default precision and scale. Explicitly specify the SQL server column type that can accommodate all the values in 'OnModelCreating' using 'HasColumnType()', specify precision and scale using 'HasPrecision()' or configure a value converter using 'HasConversion()'.
2020-12-03T23:19:52.5608293+03:00 [WRN] (BakeryShop.Controllers.ErrorController) 404 error occured.
2020-12-03T23:19:56.3625772+03:00 [WRN] (BakeryShop.Controllers.ErrorController) 404 error occured.
2020-12-03T23:19:58.3806071+03:00 [WRN] (BakeryShop.Controllers.ErrorController) 404 error occured.
2020-12-03T23:20:08.5490212+03:00 [WRN] (Microsoft.AspNetCore.Identity.SignInManager) User "c8fdc76b-41e3-4dba-a94e-f2a2bd9be6bc" cannot sign in without a confirmed email.
2020-12-03T23:20:08.6009727+03:00 [WRN] (Microsoft.AspNetCore.Identity.UserManager) AddLogin for user failed because it was already associated with another user.
2020-12-03T23:20:09.2065641+03:00 [WRN] (BakeryShop.Controllers.ErrorController) 404 error occured.
2020-12-03T23:21:04.5842260+03:00 [WRN] (BakeryShop.Controllers.ErrorController) 404 error occured.
2020-12-03T23:23:20.5732434+03:00 [WRN] (Microsoft.EntityFrameworkCore.Model.Validation) No type was specified for the decimal property '"OrderTotal"' on entity type '"Order"'. This will cause values to be silently truncated if they do not fit in the default precision and scale. Explicitly specify the SQL server column type that can accommodate all the values in 'OnModelCreating' using 'HasColumnType()', specify precision and scale using 'HasPrecision()' or configure a value converter using 'HasConversion()'.
2020-12-03T23:23:20.5866331+03:00 [WRN] (Microsoft.EntityFrameworkCore.Model.Validation) No type was specified for the decimal property '"Price"' on entity type '"OrderDetail"'. This will cause values to be silently truncated if they do not fit in the default precision and scale. Explicitly specify the SQL server column type that can accommodate all the values in 'OnModelCreating' using 'HasColumnType()', specify precision and scale using 'HasPrecision()' or configure a value converter using 'HasConversion()'.
2020-12-03T23:23:20.5867871+03:00 [WRN] (Microsoft.EntityFrameworkCore.Model.Validation) No type was specified for the decimal property '"Price"' on entity type '"Pie"'. This will cause values to be silently truncated if they do not fit in the default precision and scale. Explicitly specify the SQL server column type that can accommodate all the values in 'OnModelCreating' using 'HasColumnType()', specify precision and scale using 'HasPrecision()' or configure a value converter using 'HasConversion()'.
2020-12-03T23:23:23.4966919+03:00 [WRN] (BakeryShop.Controllers.ErrorController) 404 error occured.
2020-12-03T23:23:42.1326311+03:00 [WRN] (BakeryShop.Controllers.ErrorController) 404 error occured.
2020-12-03T23:23:43.9906594+03:00 [WRN] (BakeryShop.Controllers.ErrorController) 404 error occured.
2020-12-03T23:23:51.4354642+03:00 [WRN] (Microsoft.AspNetCore.Identity.SignInManager) User "c8fdc76b-41e3-4dba-a94e-f2a2bd9be6bc" cannot sign in without a confirmed email.
2020-12-03T23:23:51.4970988+03:00 [WRN] (Microsoft.AspNetCore.Identity.UserManager) AddLogin for user failed because it was already associated with another user.
2020-12-03T23:23:52.1307360+03:00 [WRN] (BakeryShop.Controllers.ErrorController) 404 error occured.
2020-12-03T23:24:02.5492843+03:00 [WRN] (BakeryShop.Controllers.ErrorController) 404 error occured.
2020-12-03T23:24:06.5186742+03:00 [WRN] (BakeryShop.Controllers.ErrorController) 404 error occured.
2020-12-03T23:29:28.1772323+03:00 [WRN] (Microsoft.EntityFrameworkCore.Model.Validation) No type was specified for the decimal property '"OrderTotal"' on entity type '"Order"'. This will cause values to be silently truncated if they do not fit in the default precision and scale. Explicitly specify the SQL server column type that can accommodate all the values in 'OnModelCreating' using 'HasColumnType()', specify precision and scale using 'HasPrecision()' or configure a value converter using 'HasConversion()'.
2020-12-03T23:29:28.1937298+03:00 [WRN] (Microsoft.EntityFrameworkCore.Model.Validation) No type was specified for the decimal property '"Price"' on entity type '"OrderDetail"'. This will cause values to be silently truncated if they do not fit in the default precision and scale. Explicitly specify the SQL server column type that can accommodate all the values in 'OnModelCreating' using 'HasColumnType()', specify precision and scale using 'HasPrecision()' or configure a value converter using 'HasConversion()'.
2020-12-03T23:29:28.1939274+03:00 [WRN] (Microsoft.EntityFrameworkCore.Model.Validation) No type was specified for the decimal property '"Price"' on entity type '"Pie"'. This will cause values to be silently truncated if they do not fit in the default precision and scale. Explicitly specify the SQL server column type that can accommodate all the values in 'OnModelCreating' using 'HasColumnType()', specify precision and scale using 'HasPrecision()' or configure a value converter using 'HasConversion()'.
2020-12-03T23:29:31.0918912+03:00 [WRN] (BakeryShop.Controllers.ErrorController) 404 error occured.
2020-12-03T23:29:34.5779481+03:00 [WRN] (BakeryShop.Controllers.ErrorController) 404 error occured.
2020-12-03T23:29:43.4872783+03:00 [WRN] (Microsoft.AspNetCore.Identity.SignInManager) User "c8fdc76b-41e3-4dba-a94e-f2a2bd9be6bc" cannot sign in without a confirmed email.
2020-12-03T23:29:43.5374726+03:00 [WRN] (Microsoft.AspNetCore.Identity.UserManager) AddLogin for user failed because it was already associated with another user.
2020-12-03T23:29:44.3877992+03:00 [WRN] (BakeryShop.Controllers.ErrorController) 404 error occured.
2020-12-03T23:29:50.3777918+03:00 [WRN] (BakeryShop.Controllers.ErrorController) 404 error occured.
2020-12-03T23:29:52.1480428+03:00 [WRN] (BakeryShop.Controllers.ErrorController) 404 error occured.
2020-12-03T23:30:02.1690803+03:00 [WRN] (BakeryShop.Controllers.ErrorController) 404 error occured.
2020-12-03T23:36:11.7244960+03:00 [WRN] (Microsoft.EntityFrameworkCore.Model.Validation) No type was specified for the decimal property '"OrderTotal"' on entity type '"Order"'. This will cause values to be silently truncated if they do not fit in the default precision and scale. Explicitly specify the SQL server column type that can accommodate all the values in 'OnModelCreating' using 'HasColumnType()', specify precision and scale using 'HasPrecision()' or configure a value converter using 'HasConversion()'.
2020-12-03T23:36:11.7407849+03:00 [WRN] (Microsoft.EntityFrameworkCore.Model.Validation) No type was specified for the decimal property '"Price"' on entity type '"OrderDetail"'. This will cause values to be silently truncated if they do not fit in the default precision and scale. Explicitly specify the SQL server column type that can accommodate all the values in 'OnModelCreating' using 'HasColumnType()', specify precision and scale using 'HasPrecision()' or configure a value converter using 'HasConversion()'.
2020-12-03T23:36:11.7410697+03:00 [WRN] (Microsoft.EntityFrameworkCore.Model.Validation) No type was specified for the decimal property '"Price"' on entity type '"Pie"'. This will cause values to be silently truncated if they do not fit in the default precision and scale. Explicitly specify the SQL server column type that can accommodate all the values in 'OnModelCreating' using 'HasColumnType()', specify precision and scale using 'HasPrecision()' or configure a value converter using 'HasConversion()'.
2020-12-03T23:36:14.6128984+03:00 [WRN] (BakeryShop.Controllers.ErrorController) 404 error occured.
2020-12-03T23:36:20.8353161+03:00 [WRN] (BakeryShop.Controllers.ErrorController) 404 error occured.
2020-12-03T23:36:22.2898565+03:00 [WRN] (BakeryShop.Controllers.ErrorController) 404 error occured.
2020-12-03T23:36:33.2000062+03:00 [WRN] (Microsoft.AspNetCore.Identity.SignInManager) User "c8fdc76b-41e3-4dba-a94e-f2a2bd9be6bc" cannot sign in without a confirmed email.
2020-12-03T23:36:33.2383192+03:00 [WRN] (Microsoft.AspNetCore.Identity.UserManager) AddLogin for user failed because it was already associated with another user.
2020-12-03T23:36:33.8016896+03:00 [WRN] (BakeryShop.Controllers.ErrorController) 404 error occured.
2020-12-03T23:41:24.9675323+03:00 [WRN] (Microsoft.EntityFrameworkCore.Model.Validation) No type was specified for the decimal property '"OrderTotal"' on entity type '"Order"'. This will cause values to be silently truncated if they do not fit in the default precision and scale. Explicitly specify the SQL server column type that can accommodate all the values in 'OnModelCreating' using 'HasColumnType()', specify precision and scale using 'HasPrecision()' or configure a value converter using 'HasConversion()'.
2020-12-03T23:41:24.9876498+03:00 [WRN] (Microsoft.EntityFrameworkCore.Model.Validation) No type was specified for the decimal property '"Price"' on entity type '"OrderDetail"'. This will cause values to be silently truncated if they do not fit in the default precision and scale. Explicitly specify the SQL server column type that can accommodate all the values in 'OnModelCreating' using 'HasColumnType()', specify precision and scale using 'HasPrecision()' or configure a value converter using 'HasConversion()'.
2020-12-03T23:41:24.9879304+03:00 [WRN] (Microsoft.EntityFrameworkCore.Model.Validation) No type was specified for the decimal property '"Price"' on entity type '"Pie"'. This will cause values to be silently truncated if they do not fit in the default precision and scale. Explicitly specify the SQL server column type that can accommodate all the values in 'OnModelCreating' using 'HasColumnType()', specify precision and scale using 'HasPrecision()' or configure a value converter using 'HasConversion()'.
2020-12-03T23:41:28.0419518+03:00 [WRN] (BakeryShop.Controllers.ErrorController) 404 error occured.
2020-12-03T23:41:30.6976795+03:00 [WRN] (BakeryShop.Controllers.ErrorController) 404 error occured.
2020-12-03T23:41:32.0883137+03:00 [WRN] (BakeryShop.Controllers.ErrorController) 404 error occured.
2020-12-03T23:41:38.9808370+03:00 [WRN] (Microsoft.AspNetCore.Identity.SignInManager) User "c8fdc76b-41e3-4dba-a94e-f2a2bd9be6bc" cannot sign in without a confirmed email.
2020-12-03T23:41:39.0606083+03:00 [WRN] (Microsoft.AspNetCore.Identity.UserManager) AddLogin for user failed because it was already associated with another user.
2020-12-03T23:41:39.7219086+03:00 [WRN] (BakeryShop.Controllers.ErrorController) 404 error occured.
