2020-11-29T16:40:58.5958434+03:00 [WRN] (Microsoft.EntityFrameworkCore.Model.Validation) No type was specified for the decimal property '"OrderTotal"' on entity type '"Order"'. This will cause values to be silently truncated if they do not fit in the default precision and scale. Explicitly specify the SQL server column type that can accommodate all the values in 'OnModelCreating' using 'HasColumnType()', specify precision and scale using 'HasPrecision()' or configure a value converter using 'HasConversion()'.
2020-11-29T16:40:58.6186513+03:00 [WRN] (Microsoft.EntityFrameworkCore.Model.Validation) No type was specified for the decimal property '"Price"' on entity type '"OrderDetail"'. This will cause values to be silently truncated if they do not fit in the default precision and scale. Explicitly specify the SQL server column type that can accommodate all the values in 'OnModelCreating' using 'HasColumnType()', specify precision and scale using 'HasPrecision()' or configure a value converter using 'HasConversion()'.
2020-11-29T16:40:58.6243809+03:00 [WRN] (Microsoft.EntityFrameworkCore.Model.Validation) No type was specified for the decimal property '"Price"' on entity type '"Pie"'. This will cause values to be silently truncated if they do not fit in the default precision and scale. Explicitly specify the SQL server column type that can accommodate all the values in 'OnModelCreating' using 'HasColumnType()', specify precision and scale using 'HasPrecision()' or configure a value converter using 'HasConversion()'.
2020-11-29T16:41:17.1855727+03:00 [WRN] (BakeryShop.Controllers.ErrorController) 404 error occured.
2020-11-29T16:43:59.9602973+03:00 [WRN] (Microsoft.EntityFrameworkCore.Model.Validation) No type was specified for the decimal property '"OrderTotal"' on entity type '"Order"'. This will cause values to be silently truncated if they do not fit in the default precision and scale. Explicitly specify the SQL server column type that can accommodate all the values in 'OnModelCreating' using 'HasColumnType()', specify precision and scale using 'HasPrecision()' or configure a value converter using 'HasConversion()'.
2020-11-29T16:43:59.9775485+03:00 [WRN] (Microsoft.EntityFrameworkCore.Model.Validation) No type was specified for the decimal property '"Price"' on entity type '"OrderDetail"'. This will cause values to be silently truncated if they do not fit in the default precision and scale. Explicitly specify the SQL server column type that can accommodate all the values in 'OnModelCreating' using 'HasColumnType()', specify precision and scale using 'HasPrecision()' or configure a value converter using 'HasConversion()'.
2020-11-29T16:43:59.9779934+03:00 [WRN] (Microsoft.EntityFrameworkCore.Model.Validation) No type was specified for the decimal property '"Price"' on entity type '"Pie"'. This will cause values to be silently truncated if they do not fit in the default precision and scale. Explicitly specify the SQL server column type that can accommodate all the values in 'OnModelCreating' using 'HasColumnType()', specify precision and scale using 'HasPrecision()' or configure a value converter using 'HasConversion()'.
2020-11-29T16:44:04.1825635+03:00 [WRN] (BakeryShop.Controllers.ErrorController) 404 error occured.
2020-11-29T16:44:20.3764963+03:00 [WRN] (BakeryShop.Controllers.ErrorController) 404 error occured.
2020-11-29T16:44:28.7397229+03:00 [WRN] (BakeryShop.Controllers.ErrorController) 404 error occured.
2020-11-29T16:44:32.3906861+03:00 [WRN] (BakeryShop.Controllers.ErrorController) 404 error occured.
2020-11-29T16:44:38.3845851+03:00 [WRN] (BakeryShop.Controllers.ErrorController) 404 error occured.
2020-11-29T16:44:39.8480222+03:00 [WRN] (BakeryShop.Controllers.ErrorController) 404 error occured.
2020-11-29T16:44:46.8101837+03:00 [WRN] (BakeryShop.Controllers.ErrorController) 404 error occured.
2020-11-29T16:44:49.0510124+03:00 [WRN] (BakeryShop.Controllers.ErrorController) 404 error occured.
2020-11-29T16:44:54.1414831+03:00 [WRN] (BakeryShop.Controllers.ErrorController) 404 error occured.
2020-11-29T16:45:16.8314619+03:00 [WRN] (BakeryShop.Controllers.ErrorController) 404 error occured.
2020-11-29T16:48:02.7330295+03:00 [WRN] (Microsoft.EntityFrameworkCore.Model.Validation) No type was specified for the decimal property '"OrderTotal"' on entity type '"Order"'. This will cause values to be silently truncated if they do not fit in the default precision and scale. Explicitly specify the SQL server column type that can accommodate all the values in 'OnModelCreating' using 'HasColumnType()', specify precision and scale using 'HasPrecision()' or configure a value converter using 'HasConversion()'.
2020-11-29T16:48:02.7444110+03:00 [WRN] (Microsoft.EntityFrameworkCore.Model.Validation) No type was specified for the decimal property '"Price"' on entity type '"OrderDetail"'. This will cause values to be silently truncated if they do not fit in the default precision and scale. Explicitly specify the SQL server column type that can accommodate all the values in 'OnModelCreating' using 'HasColumnType()', specify precision and scale using 'HasPrecision()' or configure a value converter using 'HasConversion()'.
2020-11-29T16:48:02.7445414+03:00 [WRN] (Microsoft.EntityFrameworkCore.Model.Validation) No type was specified for the decimal property '"Price"' on entity type '"Pie"'. This will cause values to be silently truncated if they do not fit in the default precision and scale. Explicitly specify the SQL server column type that can accommodate all the values in 'OnModelCreating' using 'HasColumnType()', specify precision and scale using 'HasPrecision()' or configure a value converter using 'HasConversion()'.
2020-11-29T16:48:05.8849464+03:00 [WRN] (BakeryShop.Controllers.ErrorController) 404 error occured.
2020-11-29T16:48:21.8640704+03:00 [WRN] (BakeryShop.Controllers.ErrorController) 404 error occured.
2020-11-29T16:54:05.0679426+03:00 [WRN] (Microsoft.EntityFrameworkCore.Model.Validation) No type was specified for the decimal property '"OrderTotal"' on entity type '"Order"'. This will cause values to be silently truncated if they do not fit in the default precision and scale. Explicitly specify the SQL server column type that can accommodate all the values in 'OnModelCreating' using 'HasColumnType()', specify precision and scale using 'HasPrecision()' or configure a value converter using 'HasConversion()'.
2020-11-29T16:54:05.0830396+03:00 [WRN] (Microsoft.EntityFrameworkCore.Model.Validation) No type was specified for the decimal property '"Price"' on entity type '"OrderDetail"'. This will cause values to be silently truncated if they do not fit in the default precision and scale. Explicitly specify the SQL server column type that can accommodate all the values in 'OnModelCreating' using 'HasColumnType()', specify precision and scale using 'HasPrecision()' or configure a value converter using 'HasConversion()'.
2020-11-29T16:54:05.0833956+03:00 [WRN] (Microsoft.EntityFrameworkCore.Model.Validation) No type was specified for the decimal property '"Price"' on entity type '"Pie"'. This will cause values to be silently truncated if they do not fit in the default precision and scale. Explicitly specify the SQL server column type that can accommodate all the values in 'OnModelCreating' using 'HasColumnType()', specify precision and scale using 'HasPrecision()' or configure a value converter using 'HasConversion()'.
2020-11-29T16:54:09.9338808+03:00 [WRN] (BakeryShop.Controllers.ErrorController) 404 error occured.
2020-11-29T16:54:10.9814088+03:00 [WRN] (BakeryShop.Controllers.ErrorController) 404 error occured.
2020-11-29T16:56:42.5173249+03:00 [WRN] (Microsoft.EntityFrameworkCore.Model.Validation) No type was specified for the decimal property '"OrderTotal"' on entity type '"Order"'. This will cause values to be silently truncated if they do not fit in the default precision and scale. Explicitly specify the SQL server column type that can accommodate all the values in 'OnModelCreating' using 'HasColumnType()', specify precision and scale using 'HasPrecision()' or configure a value converter using 'HasConversion()'.
2020-11-29T16:56:42.5303607+03:00 [WRN] (Microsoft.EntityFrameworkCore.Model.Validation) No type was specified for the decimal property '"Price"' on entity type '"OrderDetail"'. This will cause values to be silently truncated if they do not fit in the default precision and scale. Explicitly specify the SQL server column type that can accommodate all the values in 'OnModelCreating' using 'HasColumnType()', specify precision and scale using 'HasPrecision()' or configure a value converter using 'HasConversion()'.
2020-11-29T16:56:42.5305156+03:00 [WRN] (Microsoft.EntityFrameworkCore.Model.Validation) No type was specified for the decimal property '"Price"' on entity type '"Pie"'. This will cause values to be silently truncated if they do not fit in the default precision and scale. Explicitly specify the SQL server column type that can accommodate all the values in 'OnModelCreating' using 'HasColumnType()', specify precision and scale using 'HasPrecision()' or configure a value converter using 'HasConversion()'.
2020-11-29T16:56:45.4912696+03:00 [WRN] (BakeryShop.Controllers.ErrorController) 404 error occured.
2020-11-29T16:56:50.4455788+03:00 [WRN] (BakeryShop.Controllers.ErrorController) 404 error occured.
2020-11-29T16:56:57.3964330+03:00 [WRN] (BakeryShop.Controllers.ErrorController) 404 error occured.
2020-11-29T16:56:57.4898618+03:00 [WRN] (BakeryShop.Controllers.ErrorController) 404 error occured.
2020-11-29T16:57:01.3615922+03:00 [WRN] (BakeryShop.Controllers.ErrorController) 404 error occured.
2020-11-29T17:00:30.2917051+03:00 [WRN] (Microsoft.EntityFrameworkCore.Model.Validation) No type was specified for the decimal property '"OrderTotal"' on entity type '"Order"'. This will cause values to be silently truncated if they do not fit in the default precision and scale. Explicitly specify the SQL server column type that can accommodate all the values in 'OnModelCreating' using 'HasColumnType()', specify precision and scale using 'HasPrecision()' or configure a value converter using 'HasConversion()'.
2020-11-29T17:00:30.3102729+03:00 [WRN] (Microsoft.EntityFrameworkCore.Model.Validation) No type was specified for the decimal property '"Price"' on entity type '"OrderDetail"'. This will cause values to be silently truncated if they do not fit in the default precision and scale. Explicitly specify the SQL server column type that can accommodate all the values in 'OnModelCreating' using 'HasColumnType()', specify precision and scale using 'HasPrecision()' or configure a value converter using 'HasConversion()'.
2020-11-29T17:00:30.3105321+03:00 [WRN] (Microsoft.EntityFrameworkCore.Model.Validation) No type was specified for the decimal property '"Price"' on entity type '"Pie"'. This will cause values to be silently truncated if they do not fit in the default precision and scale. Explicitly specify the SQL server column type that can accommodate all the values in 'OnModelCreating' using 'HasColumnType()', specify precision and scale using 'HasPrecision()' or configure a value converter using 'HasConversion()'.
2020-11-29T17:00:33.6889721+03:00 [WRN] (BakeryShop.Controllers.ErrorController) 404 error occured.
2020-11-29T17:00:39.8627003+03:00 [WRN] (BakeryShop.Controllers.ErrorController) 404 error occured.
2020-11-29T17:00:44.7350075+03:00 [WRN] (BakeryShop.Controllers.ErrorController) 404 error occured.
2020-11-29T17:00:46.0594133+03:00 [WRN] (BakeryShop.Controllers.ErrorController) 404 error occured.
2020-11-29T17:00:48.5316364+03:00 [WRN] (BakeryShop.Controllers.ErrorController) 404 error occured.
2020-11-29T17:03:35.7820322+03:00 [WRN] (Microsoft.EntityFrameworkCore.Model.Validation) No type was specified for the decimal property '"OrderTotal"' on entity type '"Order"'. This will cause values to be silently truncated if they do not fit in the default precision and scale. Explicitly specify the SQL server column type that can accommodate all the values in 'OnModelCreating' using 'HasColumnType()', specify precision and scale using 'HasPrecision()' or configure a value converter using 'HasConversion()'.
2020-11-29T17:03:35.8011870+03:00 [WRN] (Microsoft.EntityFrameworkCore.Model.Validation) No type was specified for the decimal property '"Price"' on entity type '"OrderDetail"'. This will cause values to be silently truncated if they do not fit in the default precision and scale. Explicitly specify the SQL server column type that can accommodate all the values in 'OnModelCreating' using 'HasColumnType()', specify precision and scale using 'HasPrecision()' or configure a value converter using 'HasConversion()'.
2020-11-29T17:03:35.8014757+03:00 [WRN] (Microsoft.EntityFrameworkCore.Model.Validation) No type was specified for the decimal property '"Price"' on entity type '"Pie"'. This will cause values to be silently truncated if they do not fit in the default precision and scale. Explicitly specify the SQL server column type that can accommodate all the values in 'OnModelCreating' using 'HasColumnType()', specify precision and scale using 'HasPrecision()' or configure a value converter using 'HasConversion()'.
2020-11-29T17:03:38.7736642+03:00 [WRN] (BakeryShop.Controllers.ErrorController) 404 error occured.
2020-11-29T17:03:55.2785976+03:00 [WRN] (BakeryShop.Controllers.ErrorController) 404 error occured.
2020-11-29T17:04:01.5221238+03:00 [WRN] (BakeryShop.Controllers.ErrorController) 404 error occured.
2020-11-29T17:04:01.6354615+03:00 [WRN] (BakeryShop.Controllers.ErrorController) 404 error occured.
2020-11-29T17:09:55.8694514+03:00 [WRN] (Microsoft.EntityFrameworkCore.Model.Validation) No type was specified for the decimal property '"OrderTotal"' on entity type '"Order"'. This will cause values to be silently truncated if they do not fit in the default precision and scale. Explicitly specify the SQL server column type that can accommodate all the values in 'OnModelCreating' using 'HasColumnType()', specify precision and scale using 'HasPrecision()' or configure a value converter using 'HasConversion()'.
2020-11-29T17:09:55.8936337+03:00 [WRN] (Microsoft.EntityFrameworkCore.Model.Validation) No type was specified for the decimal property '"Price"' on entity type '"OrderDetail"'. This will cause values to be silently truncated if they do not fit in the default precision and scale. Explicitly specify the SQL server column type that can accommodate all the values in 'OnModelCreating' using 'HasColumnType()', specify precision and scale using 'HasPrecision()' or configure a value converter using 'HasConversion()'.
2020-11-29T17:09:55.8941103+03:00 [WRN] (Microsoft.EntityFrameworkCore.Model.Validation) No type was specified for the decimal property '"Price"' on entity type '"Pie"'. This will cause values to be silently truncated if they do not fit in the default precision and scale. Explicitly specify the SQL server column type that can accommodate all the values in 'OnModelCreating' using 'HasColumnType()', specify precision and scale using 'HasPrecision()' or configure a value converter using 'HasConversion()'.
2020-11-29T17:10:02.4818066+03:00 [WRN] (BakeryShop.Controllers.ErrorController) 404 error occured.
2020-11-29T17:10:47.8749706+03:00 [WRN] (BakeryShop.Controllers.ErrorController) 404 error occured.
2020-11-29T17:10:52.3701361+03:00 [WRN] (BakeryShop.Controllers.ErrorController) 404 error occured.
2020-11-29T17:11:37.9066162+03:00 [WRN] (Microsoft.EntityFrameworkCore.Model.Validation) No type was specified for the decimal property '"OrderTotal"' on entity type '"Order"'. This will cause values to be silently truncated if they do not fit in the default precision and scale. Explicitly specify the SQL server column type that can accommodate all the values in 'OnModelCreating' using 'HasColumnType()', specify precision and scale using 'HasPrecision()' or configure a value converter using 'HasConversion()'.
2020-11-29T17:11:37.9178877+03:00 [WRN] (Microsoft.EntityFrameworkCore.Model.Validation) No type was specified for the decimal property '"Price"' on entity type '"OrderDetail"'. This will cause values to be silently truncated if they do not fit in the default precision and scale. Explicitly specify the SQL server column type that can accommodate all the values in 'OnModelCreating' using 'HasColumnType()', specify precision and scale using 'HasPrecision()' or configure a value converter using 'HasConversion()'.
2020-11-29T17:11:37.9181372+03:00 [WRN] (Microsoft.EntityFrameworkCore.Model.Validation) No type was specified for the decimal property '"Price"' on entity type '"Pie"'. This will cause values to be silently truncated if they do not fit in the default precision and scale. Explicitly specify the SQL server column type that can accommodate all the values in 'OnModelCreating' using 'HasColumnType()', specify precision and scale using 'HasPrecision()' or configure a value converter using 'HasConversion()'.
2020-11-29T17:11:40.7698811+03:00 [WRN] (BakeryShop.Controllers.ErrorController) 404 error occured.
2020-11-29T17:11:46.2280429+03:00 [WRN] (BakeryShop.Controllers.ErrorController) 404 error occured.
2020-11-29T17:11:49.3540574+03:00 [WRN] (BakeryShop.Controllers.ErrorController) 404 error occured.
2020-11-29T17:11:51.9368259+03:00 [WRN] (BakeryShop.Controllers.ErrorController) 404 error occured.
2020-11-29T17:11:57.5185464+03:00 [WRN] (BakeryShop.Controllers.ErrorController) 404 error occured.
2020-11-29T17:14:09.2882341+03:00 [WRN] (Microsoft.EntityFrameworkCore.Model.Validation) No type was specified for the decimal property '"OrderTotal"' on entity type '"Order"'. This will cause values to be silently truncated if they do not fit in the default precision and scale. Explicitly specify the SQL server column type that can accommodate all the values in 'OnModelCreating' using 'HasColumnType()', specify precision and scale using 'HasPrecision()' or configure a value converter using 'HasConversion()'.
2020-11-29T17:14:09.3011139+03:00 [WRN] (Microsoft.EntityFrameworkCore.Model.Validation) No type was specified for the decimal property '"Price"' on entity type '"OrderDetail"'. This will cause values to be silently truncated if they do not fit in the default precision and scale. Explicitly specify the SQL server column type that can accommodate all the values in 'OnModelCreating' using 'HasColumnType()', specify precision and scale using 'HasPrecision()' or configure a value converter using 'HasConversion()'.
2020-11-29T17:14:09.3012723+03:00 [WRN] (Microsoft.EntityFrameworkCore.Model.Validation) No type was specified for the decimal property '"Price"' on entity type '"Pie"'. This will cause values to be silently truncated if they do not fit in the default precision and scale. Explicitly specify the SQL server column type that can accommodate all the values in 'OnModelCreating' using 'HasColumnType()', specify precision and scale using 'HasPrecision()' or configure a value converter using 'HasConversion()'.
2020-11-29T17:14:12.2366622+03:00 [WRN] (BakeryShop.Controllers.ErrorController) 404 error occured.
2020-11-29T17:14:21.6356845+03:00 [WRN] (BakeryShop.Controllers.ErrorController) 404 error occured.
2020-11-29T17:14:25.5571410+03:00 [WRN] (BakeryShop.Controllers.ErrorController) 404 error occured.
2020-11-29T17:15:26.6407845+03:00 [WRN] (Microsoft.EntityFrameworkCore.Model.Validation) No type was specified for the decimal property '"OrderTotal"' on entity type '"Order"'. This will cause values to be silently truncated if they do not fit in the default precision and scale. Explicitly specify the SQL server column type that can accommodate all the values in 'OnModelCreating' using 'HasColumnType()', specify precision and scale using 'HasPrecision()' or configure a value converter using 'HasConversion()'.
2020-11-29T17:15:26.6562401+03:00 [WRN] (Microsoft.EntityFrameworkCore.Model.Validation) No type was specified for the decimal property '"Price"' on entity type '"OrderDetail"'. This will cause values to be silently truncated if they do not fit in the default precision and scale. Explicitly specify the SQL server column type that can accommodate all the values in 'OnModelCreating' using 'HasColumnType()', specify precision and scale using 'HasPrecision()' or configure a value converter using 'HasConversion()'.
2020-11-29T17:15:26.6568667+03:00 [WRN] (Microsoft.EntityFrameworkCore.Model.Validation) No type was specified for the decimal property '"Price"' on entity type '"Pie"'. This will cause values to be silently truncated if they do not fit in the default precision and scale. Explicitly specify the SQL server column type that can accommodate all the values in 'OnModelCreating' using 'HasColumnType()', specify precision and scale using 'HasPrecision()' or configure a value converter using 'HasConversion()'.
2020-11-29T17:15:29.8026226+03:00 [WRN] (BakeryShop.Controllers.ErrorController) 404 error occured.
2020-11-29T17:15:32.9145197+03:00 [WRN] (BakeryShop.Controllers.ErrorController) 404 error occured.
2020-11-29T17:15:36.6398195+03:00 [WRN] (BakeryShop.Controllers.ErrorController) 404 error occured.
2020-11-29T17:16:10.5421570+03:00 [WRN] (Microsoft.EntityFrameworkCore.Model.Validation) No type was specified for the decimal property '"OrderTotal"' on entity type '"Order"'. This will cause values to be silently truncated if they do not fit in the default precision and scale. Explicitly specify the SQL server column type that can accommodate all the values in 'OnModelCreating' using 'HasColumnType()', specify precision and scale using 'HasPrecision()' or configure a value converter using 'HasConversion()'.
2020-11-29T17:16:10.5590610+03:00 [WRN] (Microsoft.EntityFrameworkCore.Model.Validation) No type was specified for the decimal property '"Price"' on entity type '"OrderDetail"'. This will cause values to be silently truncated if they do not fit in the default precision and scale. Explicitly specify the SQL server column type that can accommodate all the values in 'OnModelCreating' using 'HasColumnType()', specify precision and scale using 'HasPrecision()' or configure a value converter using 'HasConversion()'.
2020-11-29T17:16:10.5616545+03:00 [WRN] (Microsoft.EntityFrameworkCore.Model.Validation) No type was specified for the decimal property '"Price"' on entity type '"Pie"'. This will cause values to be silently truncated if they do not fit in the default precision and scale. Explicitly specify the SQL server column type that can accommodate all the values in 'OnModelCreating' using 'HasColumnType()', specify precision and scale using 'HasPrecision()' or configure a value converter using 'HasConversion()'.
2020-11-29T17:23:37.0798266+03:00 [WRN] (Microsoft.EntityFrameworkCore.Model.Validation) No type was specified for the decimal property '"OrderTotal"' on entity type '"Order"'. This will cause values to be silently truncated if they do not fit in the default precision and scale. Explicitly specify the SQL server column type that can accommodate all the values in 'OnModelCreating' using 'HasColumnType()', specify precision and scale using 'HasPrecision()' or configure a value converter using 'HasConversion()'.
2020-11-29T17:23:37.0950295+03:00 [WRN] (Microsoft.EntityFrameworkCore.Model.Validation) No type was specified for the decimal property '"Price"' on entity type '"OrderDetail"'. This will cause values to be silently truncated if they do not fit in the default precision and scale. Explicitly specify the SQL server column type that can accommodate all the values in 'OnModelCreating' using 'HasColumnType()', specify precision and scale using 'HasPrecision()' or configure a value converter using 'HasConversion()'.
2020-11-29T17:23:37.0978915+03:00 [WRN] (Microsoft.EntityFrameworkCore.Model.Validation) No type was specified for the decimal property '"Price"' on entity type '"Pie"'. This will cause values to be silently truncated if they do not fit in the default precision and scale. Explicitly specify the SQL server column type that can accommodate all the values in 'OnModelCreating' using 'HasColumnType()', specify precision and scale using 'HasPrecision()' or configure a value converter using 'HasConversion()'.
2020-11-29T17:23:51.5669930+03:00 [ERR] (Microsoft.EntityFrameworkCore.Database.Command) Failed executing DbCommand ("24"ms) [Parameters=["@p0='?' (DbType = Int32)"], CommandType='Text', CommandTimeout='30']"
""SET NOCOUNT ON;
DELETE FROM [Pies]
WHERE [PieId] = @p0;
SELECT @@ROWCOUNT;"
2020-11-29T17:23:51.7159506+03:00 [ERR] (Microsoft.EntityFrameworkCore.Update) An exception occurred in the database while saving changes for context type '"BakeryShop.Models.AppDbContext"'."
""Microsoft.EntityFrameworkCore.DbUpdateException: An error occurred while updating the entries. See the inner exception for details.
 ---> Microsoft.Data.SqlClient.SqlException (0x80131904): The DELETE statement conflicted with the REFERENCE constraint \"FK_ShoppingCartItems_Pies_PieId\". The conflict occurred in database \"BethanysPieShop-1ED06986-5F07-4A1C-85B9-D9F3F477BFF5\", table \"dbo.ShoppingCartItems\", column 'PieId'.
The statement has been terminated.
   at Microsoft.Data.SqlClient.SqlConnection.OnError(SqlException exception, Boolean breakConnection, Action`1 wrapCloseInAction)
   at Microsoft.Data.SqlClient.SqlInternalConnection.OnError(SqlException exception, Boolean breakConnection, Action`1 wrapCloseInAction)
   at Microsoft.Data.SqlClient.TdsParser.ThrowExceptionAndWarning(TdsParserStateObject stateObj, Boolean callerHasConnectionLock, Boolean asyncClose)
   at Microsoft.Data.SqlClient.TdsParser.TryRun(RunBehavior runBehavior, SqlCommand cmdHandler, SqlDataReader dataStream, BulkCopySimpleResultSet bulkCopyHandler, TdsParserStateObject stateObj, Boolean& dataReady)
   at Microsoft.Data.SqlClient.SqlDataReader.TryConsumeMetaData()
   at Microsoft.Data.SqlClient.SqlDataReader.get_MetaData()
   at Microsoft.Data.SqlClient.SqlCommand.FinishExecuteReader(SqlDataReader ds, RunBehavior runBehavior, String resetOptionsString, Boolean isInternal, Boolean forDescribeParameterEncryption, Boolean shouldCacheForAlwaysEncrypted)
   at Microsoft.Data.SqlClient.SqlCommand.RunExecuteReaderTds(CommandBehavior cmdBehavior, RunBehavior runBehavior, Boolean returnStream, Boolean isAsync, Int32 timeout, Task& task, Boolean asyncWrite, Boolean inRetry, SqlDataReader ds, Boolean describeParameterEncryptionRequest)
   at Microsoft.Data.SqlClient.SqlCommand.RunExecuteReader(CommandBehavior cmdBehavior, RunBehavior runBehavior, Boolean returnStream, TaskCompletionSource`1 completion, Int32 timeout, Task& task, Boolean& usedCache, Boolean asyncWrite, Boolean inRetry, String method)
   at Microsoft.Data.SqlClient.SqlCommand.RunExecuteReader(CommandBehavior cmdBehavior, RunBehavior runBehavior, Boolean returnStream, String method)
   at Microsoft.Data.SqlClient.SqlCommand.ExecuteReader(CommandBehavior behavior)
   at Microsoft.Data.SqlClient.SqlCommand.ExecuteDbDataReader(CommandBehavior behavior)
   at System.Data.Common.DbCommand.ExecuteReader()
   at Microsoft.EntityFrameworkCore.Storage.RelationalCommand.ExecuteReader(RelationalCommandParameterObject parameterObject)
   at Microsoft.EntityFrameworkCore.Update.ReaderModificationCommandBatch.Execute(IRelationalConnection connection)
ClientConnectionId:aceed042-2805-4d2e-bf87-e6781d3451a5
Error Number:547,State:0,Class:16
   --- End of inner exception stack trace ---
   at Microsoft.EntityFrameworkCore.Update.ReaderModificationCommandBatch.Execute(IRelationalConnection connection)
   at Microsoft.EntityFrameworkCore.Update.Internal.BatchExecutor.Execute(IEnumerable`1 commandBatches, IRelationalConnection connection)
   at Microsoft.EntityFrameworkCore.Storage.RelationalDatabase.SaveChanges(IList`1 entries)
   at Microsoft.EntityFrameworkCore.ChangeTracking.Internal.StateManager.SaveChanges(IList`1 entriesToSave)
   at Microsoft.EntityFrameworkCore.ChangeTracking.Internal.StateManager.SaveChanges(DbContext _, Boolean acceptAllChangesOnSuccess)
   at Microsoft.EntityFrameworkCore.SqlServer.Storage.Internal.SqlServerExecutionStrategy.Execute[TState,TResult](TState state, Func`3 operation, Func`3 verifySucceeded)
   at Microsoft.EntityFrameworkCore.ChangeTracking.Internal.StateManager.SaveChanges(Boolean acceptAllChangesOnSuccess)
   at Microsoft.EntityFrameworkCore.DbContext.SaveChanges(Boolean acceptAllChangesOnSuccess)"
Microsoft.EntityFrameworkCore.DbUpdateException: An error occurred while updating the entries. See the inner exception for details.
 ---> Microsoft.Data.SqlClient.SqlException (0x80131904): The DELETE statement conflicted with the REFERENCE constraint "FK_ShoppingCartItems_Pies_PieId". The conflict occurred in database "BethanysPieShop-1ED06986-5F07-4A1C-85B9-D9F3F477BFF5", table "dbo.ShoppingCartItems", column 'PieId'.
The statement has been terminated.
   at Microsoft.Data.SqlClient.SqlConnection.OnError(SqlException exception, Boolean breakConnection, Action`1 wrapCloseInAction)
   at Microsoft.Data.SqlClient.SqlInternalConnection.OnError(SqlException exception, Boolean breakConnection, Action`1 wrapCloseInAction)
   at Microsoft.Data.SqlClient.TdsParser.ThrowExceptionAndWarning(TdsParserStateObject stateObj, Boolean callerHasConnectionLock, Boolean asyncClose)
   at Microsoft.Data.SqlClient.TdsParser.TryRun(RunBehavior runBehavior, SqlCommand cmdHandler, SqlDataReader dataStream, BulkCopySimpleResultSet bulkCopyHandler, TdsParserStateObject stateObj, Boolean& dataReady)
   at Microsoft.Data.SqlClient.SqlDataReader.TryConsumeMetaData()
   at Microsoft.Data.SqlClient.SqlDataReader.get_MetaData()
   at Microsoft.Data.SqlClient.SqlCommand.FinishExecuteReader(SqlDataReader ds, RunBehavior runBehavior, String resetOptionsString, Boolean isInternal, Boolean forDescribeParameterEncryption, Boolean shouldCacheForAlwaysEncrypted)
   at Microsoft.Data.SqlClient.SqlCommand.RunExecuteReaderTds(CommandBehavior cmdBehavior, RunBehavior runBehavior, Boolean returnStream, Boolean isAsync, Int32 timeout, Task& task, Boolean asyncWrite, Boolean inRetry, SqlDataReader ds, Boolean describeParameterEncryptionRequest)
   at Microsoft.Data.SqlClient.SqlCommand.RunExecuteReader(CommandBehavior cmdBehavior, RunBehavior runBehavior, Boolean returnStream, TaskCompletionSource`1 completion, Int32 timeout, Task& task, Boolean& usedCache, Boolean asyncWrite, Boolean inRetry, String method)
   at Microsoft.Data.SqlClient.SqlCommand.RunExecuteReader(CommandBehavior cmdBehavior, RunBehavior runBehavior, Boolean returnStream, String method)
   at Microsoft.Data.SqlClient.SqlCommand.ExecuteReader(CommandBehavior behavior)
   at Microsoft.Data.SqlClient.SqlCommand.ExecuteDbDataReader(CommandBehavior behavior)
   at System.Data.Common.DbCommand.ExecuteReader()
   at Microsoft.EntityFrameworkCore.Storage.RelationalCommand.ExecuteReader(RelationalCommandParameterObject parameterObject)
   at Microsoft.EntityFrameworkCore.Update.ReaderModificationCommandBatch.Execute(IRelationalConnection connection)
ClientConnectionId:aceed042-2805-4d2e-bf87-e6781d3451a5
Error Number:547,State:0,Class:16
   --- End of inner exception stack trace ---
   at Microsoft.EntityFrameworkCore.Update.ReaderModificationCommandBatch.Execute(IRelationalConnection connection)
   at Microsoft.EntityFrameworkCore.Update.Internal.BatchExecutor.Execute(IEnumerable`1 commandBatches, IRelationalConnection connection)
   at Microsoft.EntityFrameworkCore.Storage.RelationalDatabase.SaveChanges(IList`1 entries)
   at Microsoft.EntityFrameworkCore.ChangeTracking.Internal.StateManager.SaveChanges(IList`1 entriesToSave)
   at Microsoft.EntityFrameworkCore.ChangeTracking.Internal.StateManager.SaveChanges(DbContext _, Boolean acceptAllChangesOnSuccess)
   at Microsoft.EntityFrameworkCore.SqlServer.Storage.Internal.SqlServerExecutionStrategy.Execute[TState,TResult](TState state, Func`3 operation, Func`3 verifySucceeded)
   at Microsoft.EntityFrameworkCore.ChangeTracking.Internal.StateManager.SaveChanges(Boolean acceptAllChangesOnSuccess)
   at Microsoft.EntityFrameworkCore.DbContext.SaveChanges(Boolean acceptAllChangesOnSuccess)
2020-11-29T17:44:45.1711406+03:00 [WRN] (Microsoft.EntityFrameworkCore.Model.Validation) No type was specified for the decimal property '"OrderTotal"' on entity type '"Order"'. This will cause values to be silently truncated if they do not fit in the default precision and scale. Explicitly specify the SQL server column type that can accommodate all the values in 'OnModelCreating' using 'HasColumnType()', specify precision and scale using 'HasPrecision()' or configure a value converter using 'HasConversion()'.
2020-11-29T17:44:45.1873855+03:00 [WRN] (Microsoft.EntityFrameworkCore.Model.Validation) No type was specified for the decimal property '"Price"' on entity type '"OrderDetail"'. This will cause values to be silently truncated if they do not fit in the default precision and scale. Explicitly specify the SQL server column type that can accommodate all the values in 'OnModelCreating' using 'HasColumnType()', specify precision and scale using 'HasPrecision()' or configure a value converter using 'HasConversion()'.
2020-11-29T17:44:45.1909359+03:00 [WRN] (Microsoft.EntityFrameworkCore.Model.Validation) No type was specified for the decimal property '"Price"' on entity type '"Pie"'. This will cause values to be silently truncated if they do not fit in the default precision and scale. Explicitly specify the SQL server column type that can accommodate all the values in 'OnModelCreating' using 'HasColumnType()', specify precision and scale using 'HasPrecision()' or configure a value converter using 'HasConversion()'.
2020-11-29T17:45:08.6372455+03:00 [ERR] (Microsoft.EntityFrameworkCore.Database.Command) Failed executing DbCommand ("19"ms) [Parameters=["@p0='?' (DbType = Int32)"], CommandType='Text', CommandTimeout='30']"
""SET NOCOUNT ON;
DELETE FROM [Pies]
WHERE [PieId] = @p0;
SELECT @@ROWCOUNT;"
2020-11-29T17:45:08.7359071+03:00 [ERR] (Microsoft.EntityFrameworkCore.Update) An exception occurred in the database while saving changes for context type '"BakeryShop.Models.AppDbContext"'."
""Microsoft.EntityFrameworkCore.DbUpdateException: An error occurred while updating the entries. See the inner exception for details.
 ---> Microsoft.Data.SqlClient.SqlException (0x80131904): The DELETE statement conflicted with the REFERENCE constraint \"FK_ShoppingCartItems_Pies_PieId\". The conflict occurred in database \"BethanysPieShop-1ED06986-5F07-4A1C-85B9-D9F3F477BFF5\", table \"dbo.ShoppingCartItems\", column 'PieId'.
The statement has been terminated.
   at Microsoft.Data.SqlClient.SqlConnection.OnError(SqlException exception, Boolean breakConnection, Action`1 wrapCloseInAction)
   at Microsoft.Data.SqlClient.SqlInternalConnection.OnError(SqlException exception, Boolean breakConnection, Action`1 wrapCloseInAction)
   at Microsoft.Data.SqlClient.TdsParser.ThrowExceptionAndWarning(TdsParserStateObject stateObj, Boolean callerHasConnectionLock, Boolean asyncClose)
   at Microsoft.Data.SqlClient.TdsParser.TryRun(RunBehavior runBehavior, SqlCommand cmdHandler, SqlDataReader dataStream, BulkCopySimpleResultSet bulkCopyHandler, TdsParserStateObject stateObj, Boolean& dataReady)
   at Microsoft.Data.SqlClient.SqlDataReader.TryConsumeMetaData()
   at Microsoft.Data.SqlClient.SqlDataReader.get_MetaData()
   at Microsoft.Data.SqlClient.SqlCommand.FinishExecuteReader(SqlDataReader ds, RunBehavior runBehavior, String resetOptionsString, Boolean isInternal, Boolean forDescribeParameterEncryption, Boolean shouldCacheForAlwaysEncrypted)
   at Microsoft.Data.SqlClient.SqlCommand.RunExecuteReaderTds(CommandBehavior cmdBehavior, RunBehavior runBehavior, Boolean returnStream, Boolean isAsync, Int32 timeout, Task& task, Boolean asyncWrite, Boolean inRetry, SqlDataReader ds, Boolean describeParameterEncryptionRequest)
   at Microsoft.Data.SqlClient.SqlCommand.RunExecuteReader(CommandBehavior cmdBehavior, RunBehavior runBehavior, Boolean returnStream, TaskCompletionSource`1 completion, Int32 timeout, Task& task, Boolean& usedCache, Boolean asyncWrite, Boolean inRetry, String method)
   at Microsoft.Data.SqlClient.SqlCommand.RunExecuteReader(CommandBehavior cmdBehavior, RunBehavior runBehavior, Boolean returnStream, String method)
   at Microsoft.Data.SqlClient.SqlCommand.ExecuteReader(CommandBehavior behavior)
   at Microsoft.Data.SqlClient.SqlCommand.ExecuteDbDataReader(CommandBehavior behavior)
   at System.Data.Common.DbCommand.ExecuteReader()
   at Microsoft.EntityFrameworkCore.Storage.RelationalCommand.ExecuteReader(RelationalCommandParameterObject parameterObject)
   at Microsoft.EntityFrameworkCore.Update.ReaderModificationCommandBatch.Execute(IRelationalConnection connection)
ClientConnectionId:8b5a49fe-ed57-4e82-a152-ddf43dd6c29c
Error Number:547,State:0,Class:16
   --- End of inner exception stack trace ---
   at Microsoft.EntityFrameworkCore.Update.ReaderModificationCommandBatch.Execute(IRelationalConnection connection)
   at Microsoft.EntityFrameworkCore.Update.Internal.BatchExecutor.Execute(IEnumerable`1 commandBatches, IRelationalConnection connection)
   at Microsoft.EntityFrameworkCore.Storage.RelationalDatabase.SaveChanges(IList`1 entries)
   at Microsoft.EntityFrameworkCore.ChangeTracking.Internal.StateManager.SaveChanges(IList`1 entriesToSave)
   at Microsoft.EntityFrameworkCore.ChangeTracking.Internal.StateManager.SaveChanges(DbContext _, Boolean acceptAllChangesOnSuccess)
   at Microsoft.EntityFrameworkCore.SqlServer.Storage.Internal.SqlServerExecutionStrategy.Execute[TState,TResult](TState state, Func`3 operation, Func`3 verifySucceeded)
   at Microsoft.EntityFrameworkCore.ChangeTracking.Internal.StateManager.SaveChanges(Boolean acceptAllChangesOnSuccess)
   at Microsoft.EntityFrameworkCore.DbContext.SaveChanges(Boolean acceptAllChangesOnSuccess)"
Microsoft.EntityFrameworkCore.DbUpdateException: An error occurred while updating the entries. See the inner exception for details.
 ---> Microsoft.Data.SqlClient.SqlException (0x80131904): The DELETE statement conflicted with the REFERENCE constraint "FK_ShoppingCartItems_Pies_PieId". The conflict occurred in database "BethanysPieShop-1ED06986-5F07-4A1C-85B9-D9F3F477BFF5", table "dbo.ShoppingCartItems", column 'PieId'.
The statement has been terminated.
   at Microsoft.Data.SqlClient.SqlConnection.OnError(SqlException exception, Boolean breakConnection, Action`1 wrapCloseInAction)
   at Microsoft.Data.SqlClient.SqlInternalConnection.OnError(SqlException exception, Boolean breakConnection, Action`1 wrapCloseInAction)
   at Microsoft.Data.SqlClient.TdsParser.ThrowExceptionAndWarning(TdsParserStateObject stateObj, Boolean callerHasConnectionLock, Boolean asyncClose)
   at Microsoft.Data.SqlClient.TdsParser.TryRun(RunBehavior runBehavior, SqlCommand cmdHandler, SqlDataReader dataStream, BulkCopySimpleResultSet bulkCopyHandler, TdsParserStateObject stateObj, Boolean& dataReady)
   at Microsoft.Data.SqlClient.SqlDataReader.TryConsumeMetaData()
   at Microsoft.Data.SqlClient.SqlDataReader.get_MetaData()
   at Microsoft.Data.SqlClient.SqlCommand.FinishExecuteReader(SqlDataReader ds, RunBehavior runBehavior, String resetOptionsString, Boolean isInternal, Boolean forDescribeParameterEncryption, Boolean shouldCacheForAlwaysEncrypted)
   at Microsoft.Data.SqlClient.SqlCommand.RunExecuteReaderTds(CommandBehavior cmdBehavior, RunBehavior runBehavior, Boolean returnStream, Boolean isAsync, Int32 timeout, Task& task, Boolean asyncWrite, Boolean inRetry, SqlDataReader ds, Boolean describeParameterEncryptionRequest)
   at Microsoft.Data.SqlClient.SqlCommand.RunExecuteReader(CommandBehavior cmdBehavior, RunBehavior runBehavior, Boolean returnStream, TaskCompletionSource`1 completion, Int32 timeout, Task& task, Boolean& usedCache, Boolean asyncWrite, Boolean inRetry, String method)
   at Microsoft.Data.SqlClient.SqlCommand.RunExecuteReader(CommandBehavior cmdBehavior, RunBehavior runBehavior, Boolean returnStream, String method)
   at Microsoft.Data.SqlClient.SqlCommand.ExecuteReader(CommandBehavior behavior)
   at Microsoft.Data.SqlClient.SqlCommand.ExecuteDbDataReader(CommandBehavior behavior)
   at System.Data.Common.DbCommand.ExecuteReader()
   at Microsoft.EntityFrameworkCore.Storage.RelationalCommand.ExecuteReader(RelationalCommandParameterObject parameterObject)
   at Microsoft.EntityFrameworkCore.Update.ReaderModificationCommandBatch.Execute(IRelationalConnection connection)
ClientConnectionId:8b5a49fe-ed57-4e82-a152-ddf43dd6c29c
Error Number:547,State:0,Class:16
   --- End of inner exception stack trace ---
   at Microsoft.EntityFrameworkCore.Update.ReaderModificationCommandBatch.Execute(IRelationalConnection connection)
   at Microsoft.EntityFrameworkCore.Update.Internal.BatchExecutor.Execute(IEnumerable`1 commandBatches, IRelationalConnection connection)
   at Microsoft.EntityFrameworkCore.Storage.RelationalDatabase.SaveChanges(IList`1 entries)
   at Microsoft.EntityFrameworkCore.ChangeTracking.Internal.StateManager.SaveChanges(IList`1 entriesToSave)
   at Microsoft.EntityFrameworkCore.ChangeTracking.Internal.StateManager.SaveChanges(DbContext _, Boolean acceptAllChangesOnSuccess)
   at Microsoft.EntityFrameworkCore.SqlServer.Storage.Internal.SqlServerExecutionStrategy.Execute[TState,TResult](TState state, Func`3 operation, Func`3 verifySucceeded)
   at Microsoft.EntityFrameworkCore.ChangeTracking.Internal.StateManager.SaveChanges(Boolean acceptAllChangesOnSuccess)
   at Microsoft.EntityFrameworkCore.DbContext.SaveChanges(Boolean acceptAllChangesOnSuccess)
2020-11-29T17:48:28.3188361+03:00 [WRN] (Microsoft.EntityFrameworkCore.Model.Validation) No type was specified for the decimal property '"OrderTotal"' on entity type '"Order"'. This will cause values to be silently truncated if they do not fit in the default precision and scale. Explicitly specify the SQL server column type that can accommodate all the values in 'OnModelCreating' using 'HasColumnType()', specify precision and scale using 'HasPrecision()' or configure a value converter using 'HasConversion()'.
2020-11-29T17:48:28.3348942+03:00 [WRN] (Microsoft.EntityFrameworkCore.Model.Validation) No type was specified for the decimal property '"Price"' on entity type '"OrderDetail"'. This will cause values to be silently truncated if they do not fit in the default precision and scale. Explicitly specify the SQL server column type that can accommodate all the values in 'OnModelCreating' using 'HasColumnType()', specify precision and scale using 'HasPrecision()' or configure a value converter using 'HasConversion()'.
2020-11-29T17:48:28.3404051+03:00 [WRN] (Microsoft.EntityFrameworkCore.Model.Validation) No type was specified for the decimal property '"Price"' on entity type '"Pie"'. This will cause values to be silently truncated if they do not fit in the default precision and scale. Explicitly specify the SQL server column type that can accommodate all the values in 'OnModelCreating' using 'HasColumnType()', specify precision and scale using 'HasPrecision()' or configure a value converter using 'HasConversion()'.
2020-11-29T17:48:54.5793452+03:00 [ERR] (Microsoft.EntityFrameworkCore.Database.Command) Failed executing DbCommand ("16"ms) [Parameters=["@p0='?' (DbType = Int32)"], CommandType='Text', CommandTimeout='30']"
""SET NOCOUNT ON;
DELETE FROM [Pies]
WHERE [PieId] = @p0;
SELECT @@ROWCOUNT;"
2020-11-29T17:48:54.6862822+03:00 [ERR] (Microsoft.EntityFrameworkCore.Update) An exception occurred in the database while saving changes for context type '"BakeryShop.Models.AppDbContext"'."
""Microsoft.EntityFrameworkCore.DbUpdateException: An error occurred while updating the entries. See the inner exception for details.
 ---> Microsoft.Data.SqlClient.SqlException (0x80131904): The DELETE statement conflicted with the REFERENCE constraint \"FK_ShoppingCartItems_Pies_PieId\". The conflict occurred in database \"BethanysPieShop-1ED06986-5F07-4A1C-85B9-D9F3F477BFF5\", table \"dbo.ShoppingCartItems\", column 'PieId'.
The statement has been terminated.
   at Microsoft.Data.SqlClient.SqlConnection.OnError(SqlException exception, Boolean breakConnection, Action`1 wrapCloseInAction)
   at Microsoft.Data.SqlClient.SqlInternalConnection.OnError(SqlException exception, Boolean breakConnection, Action`1 wrapCloseInAction)
   at Microsoft.Data.SqlClient.TdsParser.ThrowExceptionAndWarning(TdsParserStateObject stateObj, Boolean callerHasConnectionLock, Boolean asyncClose)
   at Microsoft.Data.SqlClient.TdsParser.TryRun(RunBehavior runBehavior, SqlCommand cmdHandler, SqlDataReader dataStream, BulkCopySimpleResultSet bulkCopyHandler, TdsParserStateObject stateObj, Boolean& dataReady)
   at Microsoft.Data.SqlClient.SqlDataReader.TryConsumeMetaData()
   at Microsoft.Data.SqlClient.SqlDataReader.get_MetaData()
   at Microsoft.Data.SqlClient.SqlCommand.FinishExecuteReader(SqlDataReader ds, RunBehavior runBehavior, String resetOptionsString, Boolean isInternal, Boolean forDescribeParameterEncryption, Boolean shouldCacheForAlwaysEncrypted)
   at Microsoft.Data.SqlClient.SqlCommand.RunExecuteReaderTds(CommandBehavior cmdBehavior, RunBehavior runBehavior, Boolean returnStream, Boolean isAsync, Int32 timeout, Task& task, Boolean asyncWrite, Boolean inRetry, SqlDataReader ds, Boolean describeParameterEncryptionRequest)
   at Microsoft.Data.SqlClient.SqlCommand.RunExecuteReader(CommandBehavior cmdBehavior, RunBehavior runBehavior, Boolean returnStream, TaskCompletionSource`1 completion, Int32 timeout, Task& task, Boolean& usedCache, Boolean asyncWrite, Boolean inRetry, String method)
   at Microsoft.Data.SqlClient.SqlCommand.RunExecuteReader(CommandBehavior cmdBehavior, RunBehavior runBehavior, Boolean returnStream, String method)
   at Microsoft.Data.SqlClient.SqlCommand.ExecuteReader(CommandBehavior behavior)
   at Microsoft.Data.SqlClient.SqlCommand.ExecuteDbDataReader(CommandBehavior behavior)
   at System.Data.Common.DbCommand.ExecuteReader()
   at Microsoft.EntityFrameworkCore.Storage.RelationalCommand.ExecuteReader(RelationalCommandParameterObject parameterObject)
   at Microsoft.EntityFrameworkCore.Update.ReaderModificationCommandBatch.Execute(IRelationalConnection connection)
ClientConnectionId:c2f8de0b-0acd-41dc-b169-73e136444104
Error Number:547,State:0,Class:16
   --- End of inner exception stack trace ---
   at Microsoft.EntityFrameworkCore.Update.ReaderModificationCommandBatch.Execute(IRelationalConnection connection)
   at Microsoft.EntityFrameworkCore.Update.Internal.BatchExecutor.Execute(IEnumerable`1 commandBatches, IRelationalConnection connection)
   at Microsoft.EntityFrameworkCore.Storage.RelationalDatabase.SaveChanges(IList`1 entries)
   at Microsoft.EntityFrameworkCore.ChangeTracking.Internal.StateManager.SaveChanges(IList`1 entriesToSave)
   at Microsoft.EntityFrameworkCore.ChangeTracking.Internal.StateManager.SaveChanges(DbContext _, Boolean acceptAllChangesOnSuccess)
   at Microsoft.EntityFrameworkCore.SqlServer.Storage.Internal.SqlServerExecutionStrategy.Execute[TState,TResult](TState state, Func`3 operation, Func`3 verifySucceeded)
   at Microsoft.EntityFrameworkCore.ChangeTracking.Internal.StateManager.SaveChanges(Boolean acceptAllChangesOnSuccess)
   at Microsoft.EntityFrameworkCore.DbContext.SaveChanges(Boolean acceptAllChangesOnSuccess)"
Microsoft.EntityFrameworkCore.DbUpdateException: An error occurred while updating the entries. See the inner exception for details.
 ---> Microsoft.Data.SqlClient.SqlException (0x80131904): The DELETE statement conflicted with the REFERENCE constraint "FK_ShoppingCartItems_Pies_PieId". The conflict occurred in database "BethanysPieShop-1ED06986-5F07-4A1C-85B9-D9F3F477BFF5", table "dbo.ShoppingCartItems", column 'PieId'.
The statement has been terminated.
   at Microsoft.Data.SqlClient.SqlConnection.OnError(SqlException exception, Boolean breakConnection, Action`1 wrapCloseInAction)
   at Microsoft.Data.SqlClient.SqlInternalConnection.OnError(SqlException exception, Boolean breakConnection, Action`1 wrapCloseInAction)
   at Microsoft.Data.SqlClient.TdsParser.ThrowExceptionAndWarning(TdsParserStateObject stateObj, Boolean callerHasConnectionLock, Boolean asyncClose)
   at Microsoft.Data.SqlClient.TdsParser.TryRun(RunBehavior runBehavior, SqlCommand cmdHandler, SqlDataReader dataStream, BulkCopySimpleResultSet bulkCopyHandler, TdsParserStateObject stateObj, Boolean& dataReady)
   at Microsoft.Data.SqlClient.SqlDataReader.TryConsumeMetaData()
   at Microsoft.Data.SqlClient.SqlDataReader.get_MetaData()
   at Microsoft.Data.SqlClient.SqlCommand.FinishExecuteReader(SqlDataReader ds, RunBehavior runBehavior, String resetOptionsString, Boolean isInternal, Boolean forDescribeParameterEncryption, Boolean shouldCacheForAlwaysEncrypted)
   at Microsoft.Data.SqlClient.SqlCommand.RunExecuteReaderTds(CommandBehavior cmdBehavior, RunBehavior runBehavior, Boolean returnStream, Boolean isAsync, Int32 timeout, Task& task, Boolean asyncWrite, Boolean inRetry, SqlDataReader ds, Boolean describeParameterEncryptionRequest)
   at Microsoft.Data.SqlClient.SqlCommand.RunExecuteReader(CommandBehavior cmdBehavior, RunBehavior runBehavior, Boolean returnStream, TaskCompletionSource`1 completion, Int32 timeout, Task& task, Boolean& usedCache, Boolean asyncWrite, Boolean inRetry, String method)
   at Microsoft.Data.SqlClient.SqlCommand.RunExecuteReader(CommandBehavior cmdBehavior, RunBehavior runBehavior, Boolean returnStream, String method)
   at Microsoft.Data.SqlClient.SqlCommand.ExecuteReader(CommandBehavior behavior)
   at Microsoft.Data.SqlClient.SqlCommand.ExecuteDbDataReader(CommandBehavior behavior)
   at System.Data.Common.DbCommand.ExecuteReader()
   at Microsoft.EntityFrameworkCore.Storage.RelationalCommand.ExecuteReader(RelationalCommandParameterObject parameterObject)
   at Microsoft.EntityFrameworkCore.Update.ReaderModificationCommandBatch.Execute(IRelationalConnection connection)
ClientConnectionId:c2f8de0b-0acd-41dc-b169-73e136444104
Error Number:547,State:0,Class:16
   --- End of inner exception stack trace ---
   at Microsoft.EntityFrameworkCore.Update.ReaderModificationCommandBatch.Execute(IRelationalConnection connection)
   at Microsoft.EntityFrameworkCore.Update.Internal.BatchExecutor.Execute(IEnumerable`1 commandBatches, IRelationalConnection connection)
   at Microsoft.EntityFrameworkCore.Storage.RelationalDatabase.SaveChanges(IList`1 entries)
   at Microsoft.EntityFrameworkCore.ChangeTracking.Internal.StateManager.SaveChanges(IList`1 entriesToSave)
   at Microsoft.EntityFrameworkCore.ChangeTracking.Internal.StateManager.SaveChanges(DbContext _, Boolean acceptAllChangesOnSuccess)
   at Microsoft.EntityFrameworkCore.SqlServer.Storage.Internal.SqlServerExecutionStrategy.Execute[TState,TResult](TState state, Func`3 operation, Func`3 verifySucceeded)
   at Microsoft.EntityFrameworkCore.ChangeTracking.Internal.StateManager.SaveChanges(Boolean acceptAllChangesOnSuccess)
   at Microsoft.EntityFrameworkCore.DbContext.SaveChanges(Boolean acceptAllChangesOnSuccess)
2020-11-29T18:16:42.9483793+03:00 [WRN] (Microsoft.EntityFrameworkCore.Model.Validation) No type was specified for the decimal property '"OrderTotal"' on entity type '"Order"'. This will cause values to be silently truncated if they do not fit in the default precision and scale. Explicitly specify the SQL server column type that can accommodate all the values in 'OnModelCreating' using 'HasColumnType()', specify precision and scale using 'HasPrecision()' or configure a value converter using 'HasConversion()'.
2020-11-29T18:16:42.9661106+03:00 [WRN] (Microsoft.EntityFrameworkCore.Model.Validation) No type was specified for the decimal property '"Price"' on entity type '"OrderDetail"'. This will cause values to be silently truncated if they do not fit in the default precision and scale. Explicitly specify the SQL server column type that can accommodate all the values in 'OnModelCreating' using 'HasColumnType()', specify precision and scale using 'HasPrecision()' or configure a value converter using 'HasConversion()'.
2020-11-29T18:16:42.9685594+03:00 [WRN] (Microsoft.EntityFrameworkCore.Model.Validation) No type was specified for the decimal property '"Price"' on entity type '"Pie"'. This will cause values to be silently truncated if they do not fit in the default precision and scale. Explicitly specify the SQL server column type that can accommodate all the values in 'OnModelCreating' using 'HasColumnType()', specify precision and scale using 'HasPrecision()' or configure a value converter using 'HasConversion()'.
2020-11-29T18:17:19.3763837+03:00 [ERR] (Microsoft.EntityFrameworkCore.Database.Command) Failed executing DbCommand ("23"ms) [Parameters=["@p0='?' (DbType = Int32)"], CommandType='Text', CommandTimeout='30']"
""SET NOCOUNT ON;
DELETE FROM [Pies]
WHERE [PieId] = @p0;
SELECT @@ROWCOUNT;"
2020-11-29T18:17:19.4717250+03:00 [ERR] (Microsoft.EntityFrameworkCore.Update) An exception occurred in the database while saving changes for context type '"BakeryShop.Models.AppDbContext"'."
""Microsoft.EntityFrameworkCore.DbUpdateException: An error occurred while updating the entries. See the inner exception for details.
 ---> Microsoft.Data.SqlClient.SqlException (0x80131904): The DELETE statement conflicted with the REFERENCE constraint \"FK_ShoppingCartItems_Pies_PieId\". The conflict occurred in database \"BethanysPieShop-1ED06986-5F07-4A1C-85B9-D9F3F477BFF5\", table \"dbo.ShoppingCartItems\", column 'PieId'.
The statement has been terminated.
   at Microsoft.Data.SqlClient.SqlConnection.OnError(SqlException exception, Boolean breakConnection, Action`1 wrapCloseInAction)
   at Microsoft.Data.SqlClient.SqlInternalConnection.OnError(SqlException exception, Boolean breakConnection, Action`1 wrapCloseInAction)
   at Microsoft.Data.SqlClient.TdsParser.ThrowExceptionAndWarning(TdsParserStateObject stateObj, Boolean callerHasConnectionLock, Boolean asyncClose)
   at Microsoft.Data.SqlClient.TdsParser.TryRun(RunBehavior runBehavior, SqlCommand cmdHandler, SqlDataReader dataStream, BulkCopySimpleResultSet bulkCopyHandler, TdsParserStateObject stateObj, Boolean& dataReady)
   at Microsoft.Data.SqlClient.SqlDataReader.TryConsumeMetaData()
   at Microsoft.Data.SqlClient.SqlDataReader.get_MetaData()
   at Microsoft.Data.SqlClient.SqlCommand.FinishExecuteReader(SqlDataReader ds, RunBehavior runBehavior, String resetOptionsString, Boolean isInternal, Boolean forDescribeParameterEncryption, Boolean shouldCacheForAlwaysEncrypted)
   at Microsoft.Data.SqlClient.SqlCommand.RunExecuteReaderTds(CommandBehavior cmdBehavior, RunBehavior runBehavior, Boolean returnStream, Boolean isAsync, Int32 timeout, Task& task, Boolean asyncWrite, Boolean inRetry, SqlDataReader ds, Boolean describeParameterEncryptionRequest)
   at Microsoft.Data.SqlClient.SqlCommand.RunExecuteReader(CommandBehavior cmdBehavior, RunBehavior runBehavior, Boolean returnStream, TaskCompletionSource`1 completion, Int32 timeout, Task& task, Boolean& usedCache, Boolean asyncWrite, Boolean inRetry, String method)
   at Microsoft.Data.SqlClient.SqlCommand.RunExecuteReader(CommandBehavior cmdBehavior, RunBehavior runBehavior, Boolean returnStream, String method)
   at Microsoft.Data.SqlClient.SqlCommand.ExecuteReader(CommandBehavior behavior)
   at Microsoft.Data.SqlClient.SqlCommand.ExecuteDbDataReader(CommandBehavior behavior)
   at System.Data.Common.DbCommand.ExecuteReader()
   at Microsoft.EntityFrameworkCore.Storage.RelationalCommand.ExecuteReader(RelationalCommandParameterObject parameterObject)
   at Microsoft.EntityFrameworkCore.Update.ReaderModificationCommandBatch.Execute(IRelationalConnection connection)
ClientConnectionId:374688d7-e012-4c50-a983-8987f77ed4a8
Error Number:547,State:0,Class:16
   --- End of inner exception stack trace ---
   at Microsoft.EntityFrameworkCore.Update.ReaderModificationCommandBatch.Execute(IRelationalConnection connection)
   at Microsoft.EntityFrameworkCore.Update.Internal.BatchExecutor.Execute(IEnumerable`1 commandBatches, IRelationalConnection connection)
   at Microsoft.EntityFrameworkCore.Storage.RelationalDatabase.SaveChanges(IList`1 entries)
   at Microsoft.EntityFrameworkCore.ChangeTracking.Internal.StateManager.SaveChanges(IList`1 entriesToSave)
   at Microsoft.EntityFrameworkCore.ChangeTracking.Internal.StateManager.SaveChanges(DbContext _, Boolean acceptAllChangesOnSuccess)
   at Microsoft.EntityFrameworkCore.SqlServer.Storage.Internal.SqlServerExecutionStrategy.Execute[TState,TResult](TState state, Func`3 operation, Func`3 verifySucceeded)
   at Microsoft.EntityFrameworkCore.ChangeTracking.Internal.StateManager.SaveChanges(Boolean acceptAllChangesOnSuccess)
   at Microsoft.EntityFrameworkCore.DbContext.SaveChanges(Boolean acceptAllChangesOnSuccess)"
Microsoft.EntityFrameworkCore.DbUpdateException: An error occurred while updating the entries. See the inner exception for details.
 ---> Microsoft.Data.SqlClient.SqlException (0x80131904): The DELETE statement conflicted with the REFERENCE constraint "FK_ShoppingCartItems_Pies_PieId". The conflict occurred in database "BethanysPieShop-1ED06986-5F07-4A1C-85B9-D9F3F477BFF5", table "dbo.ShoppingCartItems", column 'PieId'.
The statement has been terminated.
   at Microsoft.Data.SqlClient.SqlConnection.OnError(SqlException exception, Boolean breakConnection, Action`1 wrapCloseInAction)
   at Microsoft.Data.SqlClient.SqlInternalConnection.OnError(SqlException exception, Boolean breakConnection, Action`1 wrapCloseInAction)
   at Microsoft.Data.SqlClient.TdsParser.ThrowExceptionAndWarning(TdsParserStateObject stateObj, Boolean callerHasConnectionLock, Boolean asyncClose)
   at Microsoft.Data.SqlClient.TdsParser.TryRun(RunBehavior runBehavior, SqlCommand cmdHandler, SqlDataReader dataStream, BulkCopySimpleResultSet bulkCopyHandler, TdsParserStateObject stateObj, Boolean& dataReady)
   at Microsoft.Data.SqlClient.SqlDataReader.TryConsumeMetaData()
   at Microsoft.Data.SqlClient.SqlDataReader.get_MetaData()
   at Microsoft.Data.SqlClient.SqlCommand.FinishExecuteReader(SqlDataReader ds, RunBehavior runBehavior, String resetOptionsString, Boolean isInternal, Boolean forDescribeParameterEncryption, Boolean shouldCacheForAlwaysEncrypted)
   at Microsoft.Data.SqlClient.SqlCommand.RunExecuteReaderTds(CommandBehavior cmdBehavior, RunBehavior runBehavior, Boolean returnStream, Boolean isAsync, Int32 timeout, Task& task, Boolean asyncWrite, Boolean inRetry, SqlDataReader ds, Boolean describeParameterEncryptionRequest)
   at Microsoft.Data.SqlClient.SqlCommand.RunExecuteReader(CommandBehavior cmdBehavior, RunBehavior runBehavior, Boolean returnStream, TaskCompletionSource`1 completion, Int32 timeout, Task& task, Boolean& usedCache, Boolean asyncWrite, Boolean inRetry, String method)
   at Microsoft.Data.SqlClient.SqlCommand.RunExecuteReader(CommandBehavior cmdBehavior, RunBehavior runBehavior, Boolean returnStream, String method)
   at Microsoft.Data.SqlClient.SqlCommand.ExecuteReader(CommandBehavior behavior)
   at Microsoft.Data.SqlClient.SqlCommand.ExecuteDbDataReader(CommandBehavior behavior)
   at System.Data.Common.DbCommand.ExecuteReader()
   at Microsoft.EntityFrameworkCore.Storage.RelationalCommand.ExecuteReader(RelationalCommandParameterObject parameterObject)
   at Microsoft.EntityFrameworkCore.Update.ReaderModificationCommandBatch.Execute(IRelationalConnection connection)
ClientConnectionId:374688d7-e012-4c50-a983-8987f77ed4a8
Error Number:547,State:0,Class:16
   --- End of inner exception stack trace ---
   at Microsoft.EntityFrameworkCore.Update.ReaderModificationCommandBatch.Execute(IRelationalConnection connection)
   at Microsoft.EntityFrameworkCore.Update.Internal.BatchExecutor.Execute(IEnumerable`1 commandBatches, IRelationalConnection connection)
   at Microsoft.EntityFrameworkCore.Storage.RelationalDatabase.SaveChanges(IList`1 entries)
   at Microsoft.EntityFrameworkCore.ChangeTracking.Internal.StateManager.SaveChanges(IList`1 entriesToSave)
   at Microsoft.EntityFrameworkCore.ChangeTracking.Internal.StateManager.SaveChanges(DbContext _, Boolean acceptAllChangesOnSuccess)
   at Microsoft.EntityFrameworkCore.SqlServer.Storage.Internal.SqlServerExecutionStrategy.Execute[TState,TResult](TState state, Func`3 operation, Func`3 verifySucceeded)
   at Microsoft.EntityFrameworkCore.ChangeTracking.Internal.StateManager.SaveChanges(Boolean acceptAllChangesOnSuccess)
   at Microsoft.EntityFrameworkCore.DbContext.SaveChanges(Boolean acceptAllChangesOnSuccess)
2020-11-29T18:36:21.5903634+03:00 [WRN] (Microsoft.EntityFrameworkCore.Model.Validation) No type was specified for the decimal property '"OrderTotal"' on entity type '"Order"'. This will cause values to be silently truncated if they do not fit in the default precision and scale. Explicitly specify the SQL server column type that can accommodate all the values in 'OnModelCreating' using 'HasColumnType()', specify precision and scale using 'HasPrecision()' or configure a value converter using 'HasConversion()'.
2020-11-29T18:36:21.6095188+03:00 [WRN] (Microsoft.EntityFrameworkCore.Model.Validation) No type was specified for the decimal property '"Price"' on entity type '"OrderDetail"'. This will cause values to be silently truncated if they do not fit in the default precision and scale. Explicitly specify the SQL server column type that can accommodate all the values in 'OnModelCreating' using 'HasColumnType()', specify precision and scale using 'HasPrecision()' or configure a value converter using 'HasConversion()'.
2020-11-29T18:36:21.6127531+03:00 [WRN] (Microsoft.EntityFrameworkCore.Model.Validation) No type was specified for the decimal property '"Price"' on entity type '"Pie"'. This will cause values to be silently truncated if they do not fit in the default precision and scale. Explicitly specify the SQL server column type that can accommodate all the values in 'OnModelCreating' using 'HasColumnType()', specify precision and scale using 'HasPrecision()' or configure a value converter using 'HasConversion()'.
2020-11-29T18:40:02.0152970+03:00 [WRN] (Microsoft.EntityFrameworkCore.Model.Validation) No type was specified for the decimal property '"OrderTotal"' on entity type '"Order"'. This will cause values to be silently truncated if they do not fit in the default precision and scale. Explicitly specify the SQL server column type that can accommodate all the values in 'OnModelCreating' using 'HasColumnType()', specify precision and scale using 'HasPrecision()' or configure a value converter using 'HasConversion()'.
2020-11-29T18:40:02.0356214+03:00 [WRN] (Microsoft.EntityFrameworkCore.Model.Validation) No type was specified for the decimal property '"Price"' on entity type '"OrderDetail"'. This will cause values to be silently truncated if they do not fit in the default precision and scale. Explicitly specify the SQL server column type that can accommodate all the values in 'OnModelCreating' using 'HasColumnType()', specify precision and scale using 'HasPrecision()' or configure a value converter using 'HasConversion()'.
2020-11-29T18:40:02.0387921+03:00 [WRN] (Microsoft.EntityFrameworkCore.Model.Validation) No type was specified for the decimal property '"Price"' on entity type '"Pie"'. This will cause values to be silently truncated if they do not fit in the default precision and scale. Explicitly specify the SQL server column type that can accommodate all the values in 'OnModelCreating' using 'HasColumnType()', specify precision and scale using 'HasPrecision()' or configure a value converter using 'HasConversion()'.
2020-11-29T18:40:50.4356353+03:00 [WRN] (Microsoft.EntityFrameworkCore.Model.Validation) No type was specified for the decimal property '"OrderTotal"' on entity type '"Order"'. This will cause values to be silently truncated if they do not fit in the default precision and scale. Explicitly specify the SQL server column type that can accommodate all the values in 'OnModelCreating' using 'HasColumnType()', specify precision and scale using 'HasPrecision()' or configure a value converter using 'HasConversion()'.
2020-11-29T18:40:50.4507849+03:00 [WRN] (Microsoft.EntityFrameworkCore.Model.Validation) No type was specified for the decimal property '"Price"' on entity type '"OrderDetail"'. This will cause values to be silently truncated if they do not fit in the default precision and scale. Explicitly specify the SQL server column type that can accommodate all the values in 'OnModelCreating' using 'HasColumnType()', specify precision and scale using 'HasPrecision()' or configure a value converter using 'HasConversion()'.
2020-11-29T18:40:50.4533382+03:00 [WRN] (Microsoft.EntityFrameworkCore.Model.Validation) No type was specified for the decimal property '"Price"' on entity type '"Pie"'. This will cause values to be silently truncated if they do not fit in the default precision and scale. Explicitly specify the SQL server column type that can accommodate all the values in 'OnModelCreating' using 'HasColumnType()', specify precision and scale using 'HasPrecision()' or configure a value converter using 'HasConversion()'.
2020-11-29T18:43:32.1228296+03:00 [WRN] (Microsoft.EntityFrameworkCore.Model.Validation) No type was specified for the decimal property '"OrderTotal"' on entity type '"Order"'. This will cause values to be silently truncated if they do not fit in the default precision and scale. Explicitly specify the SQL server column type that can accommodate all the values in 'OnModelCreating' using 'HasColumnType()', specify precision and scale using 'HasPrecision()' or configure a value converter using 'HasConversion()'.
2020-11-29T18:43:32.1349996+03:00 [WRN] (Microsoft.EntityFrameworkCore.Model.Validation) No type was specified for the decimal property '"Price"' on entity type '"OrderDetail"'. This will cause values to be silently truncated if they do not fit in the default precision and scale. Explicitly specify the SQL server column type that can accommodate all the values in 'OnModelCreating' using 'HasColumnType()', specify precision and scale using 'HasPrecision()' or configure a value converter using 'HasConversion()'.
2020-11-29T18:43:32.1351650+03:00 [WRN] (Microsoft.EntityFrameworkCore.Model.Validation) No type was specified for the decimal property '"Price"' on entity type '"Pie"'. This will cause values to be silently truncated if they do not fit in the default precision and scale. Explicitly specify the SQL server column type that can accommodate all the values in 'OnModelCreating' using 'HasColumnType()', specify precision and scale using 'HasPrecision()' or configure a value converter using 'HasConversion()'.
2020-11-29T18:43:35.1382424+03:00 [WRN] (BakeryShop.Controllers.ErrorController) 404 error occured.
2020-11-29T18:43:43.3988325+03:00 [WRN] (BakeryShop.Controllers.ErrorController) 404 error occured.
2020-11-29T18:44:58.5203138+03:00 [WRN] (Microsoft.EntityFrameworkCore.Model.Validation) No type was specified for the decimal property '"OrderTotal"' on entity type '"Order"'. This will cause values to be silently truncated if they do not fit in the default precision and scale. Explicitly specify the SQL server column type that can accommodate all the values in 'OnModelCreating' using 'HasColumnType()', specify precision and scale using 'HasPrecision()' or configure a value converter using 'HasConversion()'.
2020-11-29T18:44:58.5436998+03:00 [WRN] (Microsoft.EntityFrameworkCore.Model.Validation) No type was specified for the decimal property '"Price"' on entity type '"OrderDetail"'. This will cause values to be silently truncated if they do not fit in the default precision and scale. Explicitly specify the SQL server column type that can accommodate all the values in 'OnModelCreating' using 'HasColumnType()', specify precision and scale using 'HasPrecision()' or configure a value converter using 'HasConversion()'.
2020-11-29T18:44:58.5441619+03:00 [WRN] (Microsoft.EntityFrameworkCore.Model.Validation) No type was specified for the decimal property '"Price"' on entity type '"Pie"'. This will cause values to be silently truncated if they do not fit in the default precision and scale. Explicitly specify the SQL server column type that can accommodate all the values in 'OnModelCreating' using 'HasColumnType()', specify precision and scale using 'HasPrecision()' or configure a value converter using 'HasConversion()'.
2020-11-29T18:45:02.4644053+03:00 [WRN] (BakeryShop.Controllers.ErrorController) 404 error occured.
2020-11-29T18:57:06.0145680+03:00 [WRN] (Microsoft.EntityFrameworkCore.Model.Validation) No type was specified for the decimal property '"OrderTotal"' on entity type '"Order"'. This will cause values to be silently truncated if they do not fit in the default precision and scale. Explicitly specify the SQL server column type that can accommodate all the values in 'OnModelCreating' using 'HasColumnType()', specify precision and scale using 'HasPrecision()' or configure a value converter using 'HasConversion()'.
2020-11-29T18:57:06.0262834+03:00 [WRN] (Microsoft.EntityFrameworkCore.Model.Validation) No type was specified for the decimal property '"Price"' on entity type '"OrderDetail"'. This will cause values to be silently truncated if they do not fit in the default precision and scale. Explicitly specify the SQL server column type that can accommodate all the values in 'OnModelCreating' using 'HasColumnType()', specify precision and scale using 'HasPrecision()' or configure a value converter using 'HasConversion()'.
2020-11-29T18:57:06.0267025+03:00 [WRN] (Microsoft.EntityFrameworkCore.Model.Validation) No type was specified for the decimal property '"Price"' on entity type '"Pie"'. This will cause values to be silently truncated if they do not fit in the default precision and scale. Explicitly specify the SQL server column type that can accommodate all the values in 'OnModelCreating' using 'HasColumnType()', specify precision and scale using 'HasPrecision()' or configure a value converter using 'HasConversion()'.
2020-11-29T18:57:11.1367996+03:00 [WRN] (BakeryShop.Controllers.ErrorController) 404 error occured.
2020-11-29T18:57:15.7963175+03:00 [WRN] (BakeryShop.Controllers.ErrorController) 404 error occured.
2020-11-29T18:57:17.3144398+03:00 [WRN] (BakeryShop.Controllers.ErrorController) 404 error occured.
2020-11-29T18:57:33.0750650+03:00 [WRN] (BakeryShop.Controllers.ErrorController) 404 error occured.
2020-11-29T19:05:14.9010715+03:00 [WRN] (Microsoft.EntityFrameworkCore.Model.Validation) No type was specified for the decimal property '"OrderTotal"' on entity type '"Order"'. This will cause values to be silently truncated if they do not fit in the default precision and scale. Explicitly specify the SQL server column type that can accommodate all the values in 'OnModelCreating' using 'HasColumnType()', specify precision and scale using 'HasPrecision()' or configure a value converter using 'HasConversion()'.
2020-11-29T19:05:14.9217380+03:00 [WRN] (Microsoft.EntityFrameworkCore.Model.Validation) No type was specified for the decimal property '"Price"' on entity type '"OrderDetail"'. This will cause values to be silently truncated if they do not fit in the default precision and scale. Explicitly specify the SQL server column type that can accommodate all the values in 'OnModelCreating' using 'HasColumnType()', specify precision and scale using 'HasPrecision()' or configure a value converter using 'HasConversion()'.
2020-11-29T19:05:14.9219271+03:00 [WRN] (Microsoft.EntityFrameworkCore.Model.Validation) No type was specified for the decimal property '"Price"' on entity type '"Pie"'. This will cause values to be silently truncated if they do not fit in the default precision and scale. Explicitly specify the SQL server column type that can accommodate all the values in 'OnModelCreating' using 'HasColumnType()', specify precision and scale using 'HasPrecision()' or configure a value converter using 'HasConversion()'.
2020-11-29T19:05:18.0372325+03:00 [WRN] (BakeryShop.Controllers.ErrorController) 404 error occured.
2020-11-29T19:05:39.5684563+03:00 [WRN] (BakeryShop.Controllers.ErrorController) 404 error occured.
2020-11-29T19:05:57.8630745+03:00 [WRN] (BakeryShop.Controllers.ErrorController) 404 error occured.
2020-11-29T19:06:01.0693628+03:00 [WRN] (BakeryShop.Controllers.ErrorController) 404 error occured.
2020-11-29T19:06:05.6894441+03:00 [WRN] (BakeryShop.Controllers.ErrorController) 404 error occured.
2020-11-29T19:06:15.6438978+03:00 [WRN] (BakeryShop.Controllers.ErrorController) 404 error occured.
2020-11-29T19:06:20.9650780+03:00 [WRN] (BakeryShop.Controllers.ErrorController) 404 error occured.
2020-11-29T19:07:54.8387368+03:00 [WRN] (Microsoft.EntityFrameworkCore.Model.Validation) No type was specified for the decimal property '"OrderTotal"' on entity type '"Order"'. This will cause values to be silently truncated if they do not fit in the default precision and scale. Explicitly specify the SQL server column type that can accommodate all the values in 'OnModelCreating' using 'HasColumnType()', specify precision and scale using 'HasPrecision()' or configure a value converter using 'HasConversion()'.
2020-11-29T19:07:54.8520508+03:00 [WRN] (Microsoft.EntityFrameworkCore.Model.Validation) No type was specified for the decimal property '"Price"' on entity type '"OrderDetail"'. This will cause values to be silently truncated if they do not fit in the default precision and scale. Explicitly specify the SQL server column type that can accommodate all the values in 'OnModelCreating' using 'HasColumnType()', specify precision and scale using 'HasPrecision()' or configure a value converter using 'HasConversion()'.
2020-11-29T19:07:54.8523615+03:00 [WRN] (Microsoft.EntityFrameworkCore.Model.Validation) No type was specified for the decimal property '"Price"' on entity type '"Pie"'. This will cause values to be silently truncated if they do not fit in the default precision and scale. Explicitly specify the SQL server column type that can accommodate all the values in 'OnModelCreating' using 'HasColumnType()', specify precision and scale using 'HasPrecision()' or configure a value converter using 'HasConversion()'.
2020-11-29T19:07:57.9334350+03:00 [WRN] (BakeryShop.Controllers.ErrorController) 404 error occured.
2020-11-29T19:08:14.4979113+03:00 [WRN] (BakeryShop.Controllers.ErrorController) 404 error occured.
2020-11-29T19:08:15.8594257+03:00 [WRN] (BakeryShop.Controllers.ErrorController) 404 error occured.
2020-11-29T19:08:21.7869216+03:00 [WRN] (BakeryShop.Controllers.ErrorController) 404 error occured.
2020-11-29T19:08:39.8771716+03:00 [WRN] (BakeryShop.Controllers.ErrorController) 404 error occured.
2020-11-29T19:09:31.0581547+03:00 [WRN] (BakeryShop.Controllers.ErrorController) 404 error occured.
2020-11-29T19:09:32.9491989+03:00 [WRN] (BakeryShop.Controllers.ErrorController) 404 error occured.
2020-11-29T19:13:01.8091037+03:00 [WRN] (BakeryShop.Controllers.ErrorController) 404 error occured.
2020-11-29T19:13:12.6928853+03:00 [WRN] (BakeryShop.Controllers.ErrorController) 404 error occured.
2020-11-29T19:13:16.8855447+03:00 [WRN] (BakeryShop.Controllers.ErrorController) 404 error occured.
