2020-11-19T13:43:06.3980130+03:00 [WRN] (Microsoft.EntityFrameworkCore.Model.Validation) No type was specified for the decimal property '"OrderTotal"' on entity type '"Order"'. This will cause values to be silently truncated if they do not fit in the default precision and scale. Explicitly specify the SQL server column type that can accommodate all the values in 'OnModelCreating' using 'HasColumnType()', specify precision and scale using 'HasPrecision()' or configure a value converter using 'HasConversion()'.
2020-11-19T13:43:06.4233389+03:00 [WRN] (Microsoft.EntityFrameworkCore.Model.Validation) No type was specified for the decimal property '"Price"' on entity type '"OrderDetail"'. This will cause values to be silently truncated if they do not fit in the default precision and scale. Explicitly specify the SQL server column type that can accommodate all the values in 'OnModelCreating' using 'HasColumnType()', specify precision and scale using 'HasPrecision()' or configure a value converter using 'HasConversion()'.
2020-11-19T13:43:06.4248654+03:00 [WRN] (Microsoft.EntityFrameworkCore.Model.Validation) No type was specified for the decimal property '"Price"' on entity type '"Pie"'. This will cause values to be silently truncated if they do not fit in the default precision and scale. Explicitly specify the SQL server column type that can accommodate all the values in 'OnModelCreating' using 'HasColumnType()', specify precision and scale using 'HasPrecision()' or configure a value converter using 'HasConversion()'.
2020-11-19T13:43:41.2639411+03:00 [ERR] (Microsoft.EntityFrameworkCore.Database.Command) Failed executing DbCommand ("69"ms) [Parameters=["@p0='?' (Size = 450), @p1='?' (DbType = Int32), @p2='?' (Size = 4000), @p3='?' (Size = 256), @p4='?' (DbType = Boolean), @p5='?' (DbType = Boolean), @p6='?' (DbType = DateTimeOffset), @p7='?' (Size = 256), @p8='?' (Size = 256), @p9='?' (Size = 4000), @p10='?' (Size = 4000), @p11='?' (DbType = Boolean), @p12='?' (Size = 4000), @p13='?' (DbType = Boolean), @p14='?' (Size = 256)"], CommandType='Text', CommandTimeout='30']"
""SET NOCOUNT ON;
INSERT INTO [AspNetUsers] ([Id], [AccessFailedCount], [ConcurrencyStamp], [Email], [EmailConfirmed], [LockoutEnabled], [LockoutEnd], [NormalizedEmail], [NormalizedUserName], [PasswordHash], [PhoneNumber], [PhoneNumberConfirmed], [SecurityStamp], [TwoFactorEnabled], [UserName])
VALUES (@p0, @p1, @p2, @p3, @p4, @p5, @p6, @p7, @p8, @p9, @p10, @p11, @p12, @p13, @p14);"
2020-11-19T13:43:41.7448295+03:00 [ERR] (Microsoft.EntityFrameworkCore.Update) An exception occurred in the database while saving changes for context type '"BakeryShop.Models.AppDbContext"'."
""Microsoft.EntityFrameworkCore.DbUpdateException: An error occurred while updating the entries. See the inner exception for details.
 ---> Microsoft.Data.SqlClient.SqlException (0x80131904): Cannot insert duplicate key row in object 'dbo.AspNetUsers' with unique index 'UserNameIndex'. The duplicate key value is (HF@GMAIL.COM).
The statement has been terminated.
   at Microsoft.Data.SqlClient.SqlCommand.<>c.<ExecuteDbDataReaderAsync>b__169_0(Task`1 result)
   at System.Threading.Tasks.ContinuationResultTaskFromResultTask`2.InnerInvoke()
   at System.Threading.Tasks.Task.<>c.<.cctor>b__274_0(Object obj)
   at System.Threading.ExecutionContext.RunInternal(ExecutionContext executionContext, ContextCallback callback, Object state)
--- End of stack trace from previous location where exception was thrown ---
   at System.Threading.ExecutionContext.RunInternal(ExecutionContext executionContext, ContextCallback callback, Object state)
   at System.Threading.Tasks.Task.ExecuteWithThreadLocal(Task& currentTaskSlot, Thread threadPoolThread)
--- End of stack trace from previous location where exception was thrown ---
   at Microsoft.EntityFrameworkCore.Storage.RelationalCommand.ExecuteReaderAsync(RelationalCommandParameterObject parameterObject, CancellationToken cancellationToken)
   at Microsoft.EntityFrameworkCore.Storage.RelationalCommand.ExecuteReaderAsync(RelationalCommandParameterObject parameterObject, CancellationToken cancellationToken)
   at Microsoft.EntityFrameworkCore.Update.ReaderModificationCommandBatch.ExecuteAsync(IRelationalConnection connection, CancellationToken cancellationToken)
ClientConnectionId:db2c7230-d2f0-4cde-8a2e-5ed356472293
Error Number:2601,State:1,Class:14
   --- End of inner exception stack trace ---
   at Microsoft.EntityFrameworkCore.Update.ReaderModificationCommandBatch.ExecuteAsync(IRelationalConnection connection, CancellationToken cancellationToken)
   at Microsoft.EntityFrameworkCore.Update.Internal.BatchExecutor.ExecuteAsync(IEnumerable`1 commandBatches, IRelationalConnection connection, CancellationToken cancellationToken)
   at Microsoft.EntityFrameworkCore.Update.Internal.BatchExecutor.ExecuteAsync(IEnumerable`1 commandBatches, IRelationalConnection connection, CancellationToken cancellationToken)
   at Microsoft.EntityFrameworkCore.Update.Internal.BatchExecutor.ExecuteAsync(IEnumerable`1 commandBatches, IRelationalConnection connection, CancellationToken cancellationToken)
   at Microsoft.EntityFrameworkCore.ChangeTracking.Internal.StateManager.SaveChangesAsync(IList`1 entriesToSave, CancellationToken cancellationToken)
   at Microsoft.EntityFrameworkCore.ChangeTracking.Internal.StateManager.SaveChangesAsync(DbContext _, Boolean acceptAllChangesOnSuccess, CancellationToken cancellationToken)
   at Microsoft.EntityFrameworkCore.SqlServer.Storage.Internal.SqlServerExecutionStrategy.ExecuteAsync[TState,TResult](TState state, Func`4 operation, Func`4 verifySucceeded, CancellationToken cancellationToken)
   at Microsoft.EntityFrameworkCore.DbContext.SaveChangesAsync(Boolean acceptAllChangesOnSuccess, CancellationToken cancellationToken)"
Microsoft.EntityFrameworkCore.DbUpdateException: An error occurred while updating the entries. See the inner exception for details.
 ---> Microsoft.Data.SqlClient.SqlException (0x80131904): Cannot insert duplicate key row in object 'dbo.AspNetUsers' with unique index 'UserNameIndex'. The duplicate key value is (HF@GMAIL.COM).
The statement has been terminated.
   at Microsoft.Data.SqlClient.SqlCommand.<>c.<ExecuteDbDataReaderAsync>b__169_0(Task`1 result)
   at System.Threading.Tasks.ContinuationResultTaskFromResultTask`2.InnerInvoke()
   at System.Threading.Tasks.Task.<>c.<.cctor>b__274_0(Object obj)
   at System.Threading.ExecutionContext.RunInternal(ExecutionContext executionContext, ContextCallback callback, Object state)
--- End of stack trace from previous location where exception was thrown ---
   at System.Threading.ExecutionContext.RunInternal(ExecutionContext executionContext, ContextCallback callback, Object state)
   at System.Threading.Tasks.Task.ExecuteWithThreadLocal(Task& currentTaskSlot, Thread threadPoolThread)
--- End of stack trace from previous location where exception was thrown ---
   at Microsoft.EntityFrameworkCore.Storage.RelationalCommand.ExecuteReaderAsync(RelationalCommandParameterObject parameterObject, CancellationToken cancellationToken)
   at Microsoft.EntityFrameworkCore.Storage.RelationalCommand.ExecuteReaderAsync(RelationalCommandParameterObject parameterObject, CancellationToken cancellationToken)
   at Microsoft.EntityFrameworkCore.Update.ReaderModificationCommandBatch.ExecuteAsync(IRelationalConnection connection, CancellationToken cancellationToken)
ClientConnectionId:db2c7230-d2f0-4cde-8a2e-5ed356472293
Error Number:2601,State:1,Class:14
   --- End of inner exception stack trace ---
   at Microsoft.EntityFrameworkCore.Update.ReaderModificationCommandBatch.ExecuteAsync(IRelationalConnection connection, CancellationToken cancellationToken)
   at Microsoft.EntityFrameworkCore.Update.Internal.BatchExecutor.ExecuteAsync(IEnumerable`1 commandBatches, IRelationalConnection connection, CancellationToken cancellationToken)
   at Microsoft.EntityFrameworkCore.Update.Internal.BatchExecutor.ExecuteAsync(IEnumerable`1 commandBatches, IRelationalConnection connection, CancellationToken cancellationToken)
   at Microsoft.EntityFrameworkCore.Update.Internal.BatchExecutor.ExecuteAsync(IEnumerable`1 commandBatches, IRelationalConnection connection, CancellationToken cancellationToken)
   at Microsoft.EntityFrameworkCore.ChangeTracking.Internal.StateManager.SaveChangesAsync(IList`1 entriesToSave, CancellationToken cancellationToken)
   at Microsoft.EntityFrameworkCore.ChangeTracking.Internal.StateManager.SaveChangesAsync(DbContext _, Boolean acceptAllChangesOnSuccess, CancellationToken cancellationToken)
   at Microsoft.EntityFrameworkCore.SqlServer.Storage.Internal.SqlServerExecutionStrategy.ExecuteAsync[TState,TResult](TState state, Func`4 operation, Func`4 verifySucceeded, CancellationToken cancellationToken)
   at Microsoft.EntityFrameworkCore.DbContext.SaveChangesAsync(Boolean acceptAllChangesOnSuccess, CancellationToken cancellationToken)
2020-11-19T13:43:42.1733573+03:00 [ERR] (Serilog.AspNetCore.RequestLoggingMiddleware) HTTP "POST" "/Identity/Account/Register" responded 500 in 1990.0088 ms
Microsoft.EntityFrameworkCore.DbUpdateException: An error occurred while updating the entries. See the inner exception for details.
 ---> Microsoft.Data.SqlClient.SqlException (0x80131904): Cannot insert duplicate key row in object 'dbo.AspNetUsers' with unique index 'UserNameIndex'. The duplicate key value is (HF@GMAIL.COM).
The statement has been terminated.
   at Microsoft.Data.SqlClient.SqlCommand.<>c.<ExecuteDbDataReaderAsync>b__169_0(Task`1 result)
   at System.Threading.Tasks.ContinuationResultTaskFromResultTask`2.InnerInvoke()
   at System.Threading.Tasks.Task.<>c.<.cctor>b__274_0(Object obj)
   at System.Threading.ExecutionContext.RunInternal(ExecutionContext executionContext, ContextCallback callback, Object state)
--- End of stack trace from previous location where exception was thrown ---
   at System.Threading.ExecutionContext.RunInternal(ExecutionContext executionContext, ContextCallback callback, Object state)
   at System.Threading.Tasks.Task.ExecuteWithThreadLocal(Task& currentTaskSlot, Thread threadPoolThread)
--- End of stack trace from previous location where exception was thrown ---
   at Microsoft.EntityFrameworkCore.Storage.RelationalCommand.ExecuteReaderAsync(RelationalCommandParameterObject parameterObject, CancellationToken cancellationToken)
   at Microsoft.EntityFrameworkCore.Storage.RelationalCommand.ExecuteReaderAsync(RelationalCommandParameterObject parameterObject, CancellationToken cancellationToken)
   at Microsoft.EntityFrameworkCore.Update.ReaderModificationCommandBatch.ExecuteAsync(IRelationalConnection connection, CancellationToken cancellationToken)
ClientConnectionId:db2c7230-d2f0-4cde-8a2e-5ed356472293
Error Number:2601,State:1,Class:14
   --- End of inner exception stack trace ---
   at Microsoft.EntityFrameworkCore.Update.ReaderModificationCommandBatch.ExecuteAsync(IRelationalConnection connection, CancellationToken cancellationToken)
   at Microsoft.EntityFrameworkCore.Update.Internal.BatchExecutor.ExecuteAsync(IEnumerable`1 commandBatches, IRelationalConnection connection, CancellationToken cancellationToken)
   at Microsoft.EntityFrameworkCore.Update.Internal.BatchExecutor.ExecuteAsync(IEnumerable`1 commandBatches, IRelationalConnection connection, CancellationToken cancellationToken)
   at Microsoft.EntityFrameworkCore.Update.Internal.BatchExecutor.ExecuteAsync(IEnumerable`1 commandBatches, IRelationalConnection connection, CancellationToken cancellationToken)
   at Microsoft.EntityFrameworkCore.ChangeTracking.Internal.StateManager.SaveChangesAsync(IList`1 entriesToSave, CancellationToken cancellationToken)
   at Microsoft.EntityFrameworkCore.ChangeTracking.Internal.StateManager.SaveChangesAsync(DbContext _, Boolean acceptAllChangesOnSuccess, CancellationToken cancellationToken)
   at Microsoft.EntityFrameworkCore.SqlServer.Storage.Internal.SqlServerExecutionStrategy.ExecuteAsync[TState,TResult](TState state, Func`4 operation, Func`4 verifySucceeded, CancellationToken cancellationToken)
   at Microsoft.EntityFrameworkCore.DbContext.SaveChangesAsync(Boolean acceptAllChangesOnSuccess, CancellationToken cancellationToken)
   at Microsoft.EntityFrameworkCore.DbContext.SaveChangesAsync(Boolean acceptAllChangesOnSuccess, CancellationToken cancellationToken)
   at Microsoft.AspNetCore.Identity.EntityFrameworkCore.UserOnlyStore`6.CreateAsync(TUser user, CancellationToken cancellationToken)
   at Microsoft.AspNetCore.Identity.UserManager`1.CreateAsync(TUser user)
   at Microsoft.AspNetCore.Identity.UserManager`1.CreateAsync(TUser user, String password)
   at BakeryShop.Areas.Identity.Pages.Account.RegisterModel.OnPostAsync(String returnUrl) in D:\STUDY\ASP\Shop-asp.net-core\BakeryShop\BakeryShop\Areas\Identity\Pages\Account\Register.cshtml.cs:line 78
   at Microsoft.AspNetCore.Mvc.RazorPages.Infrastructure.ExecutorFactory.GenericTaskHandlerMethod.Convert[T](Object taskAsObject)
   at Microsoft.AspNetCore.Mvc.RazorPages.Infrastructure.ExecutorFactory.GenericTaskHandlerMethod.Execute(Object receiver, Object[] arguments)
   at Microsoft.AspNetCore.Mvc.RazorPages.Infrastructure.PageActionInvoker.InvokeHandlerMethodAsync()
   at Microsoft.AspNetCore.Mvc.RazorPages.Infrastructure.PageActionInvoker.InvokeNextPageFilterAsync()
   at Microsoft.AspNetCore.Mvc.RazorPages.Infrastructure.PageActionInvoker.Rethrow(PageHandlerExecutedContext context)
   at Microsoft.AspNetCore.Mvc.RazorPages.Infrastructure.PageActionInvoker.Next(State& next, Scope& scope, Object& state, Boolean& isCompleted)
   at Microsoft.AspNetCore.Mvc.RazorPages.Infrastructure.PageActionInvoker.InvokeInnerFilterAsync()
   at Microsoft.AspNetCore.Mvc.Infrastructure.ResourceInvoker.<InvokeNextResourceFilter>g__Awaited|24_0(ResourceInvoker invoker, Task lastTask, State next, Scope scope, Object state, Boolean isCompleted)
   at Microsoft.AspNetCore.Mvc.Infrastructure.ResourceInvoker.Rethrow(ResourceExecutedContextSealed context)
   at Microsoft.AspNetCore.Mvc.Infrastructure.ResourceInvoker.Next(State& next, Scope& scope, Object& state, Boolean& isCompleted)
   at Microsoft.AspNetCore.Mvc.Infrastructure.ResourceInvoker.<InvokeFilterPipelineAsync>g__Awaited|19_0(ResourceInvoker invoker, Task lastTask, State next, Scope scope, Object state, Boolean isCompleted)
   at Microsoft.AspNetCore.Mvc.Infrastructure.ResourceInvoker.<InvokeAsync>g__Awaited|17_0(ResourceInvoker invoker, Task task, IDisposable scope)
   at Microsoft.AspNetCore.Routing.EndpointMiddleware.<Invoke>g__AwaitRequestTask|6_0(Endpoint endpoint, Task requestTask, ILogger logger)
   at Microsoft.AspNetCore.Authorization.AuthorizationMiddleware.Invoke(HttpContext context)
   at Microsoft.AspNetCore.Authentication.AuthenticationMiddleware.Invoke(HttpContext context)
   at Serilog.AspNetCore.RequestLoggingMiddleware.Invoke(HttpContext httpContext)
2020-11-19T13:43:42.2712037+03:00 [ERR] (Microsoft.AspNetCore.Diagnostics.DeveloperExceptionPageMiddleware) An unhandled exception has occurred while executing the request.
Microsoft.EntityFrameworkCore.DbUpdateException: An error occurred while updating the entries. See the inner exception for details.
 ---> Microsoft.Data.SqlClient.SqlException (0x80131904): Cannot insert duplicate key row in object 'dbo.AspNetUsers' with unique index 'UserNameIndex'. The duplicate key value is (HF@GMAIL.COM).
The statement has been terminated.
   at Microsoft.Data.SqlClient.SqlCommand.<>c.<ExecuteDbDataReaderAsync>b__169_0(Task`1 result)
   at System.Threading.Tasks.ContinuationResultTaskFromResultTask`2.InnerInvoke()
   at System.Threading.Tasks.Task.<>c.<.cctor>b__274_0(Object obj)
   at System.Threading.ExecutionContext.RunInternal(ExecutionContext executionContext, ContextCallback callback, Object state)
--- End of stack trace from previous location where exception was thrown ---
   at System.Threading.ExecutionContext.RunInternal(ExecutionContext executionContext, ContextCallback callback, Object state)
   at System.Threading.Tasks.Task.ExecuteWithThreadLocal(Task& currentTaskSlot, Thread threadPoolThread)
--- End of stack trace from previous location where exception was thrown ---
   at Microsoft.EntityFrameworkCore.Storage.RelationalCommand.ExecuteReaderAsync(RelationalCommandParameterObject parameterObject, CancellationToken cancellationToken)
   at Microsoft.EntityFrameworkCore.Storage.RelationalCommand.ExecuteReaderAsync(RelationalCommandParameterObject parameterObject, CancellationToken cancellationToken)
   at Microsoft.EntityFrameworkCore.Update.ReaderModificationCommandBatch.ExecuteAsync(IRelationalConnection connection, CancellationToken cancellationToken)
ClientConnectionId:db2c7230-d2f0-4cde-8a2e-5ed356472293
Error Number:2601,State:1,Class:14
   --- End of inner exception stack trace ---
   at Microsoft.EntityFrameworkCore.Update.ReaderModificationCommandBatch.ExecuteAsync(IRelationalConnection connection, CancellationToken cancellationToken)
   at Microsoft.EntityFrameworkCore.Update.Internal.BatchExecutor.ExecuteAsync(IEnumerable`1 commandBatches, IRelationalConnection connection, CancellationToken cancellationToken)
   at Microsoft.EntityFrameworkCore.Update.Internal.BatchExecutor.ExecuteAsync(IEnumerable`1 commandBatches, IRelationalConnection connection, CancellationToken cancellationToken)
   at Microsoft.EntityFrameworkCore.Update.Internal.BatchExecutor.ExecuteAsync(IEnumerable`1 commandBatches, IRelationalConnection connection, CancellationToken cancellationToken)
   at Microsoft.EntityFrameworkCore.ChangeTracking.Internal.StateManager.SaveChangesAsync(IList`1 entriesToSave, CancellationToken cancellationToken)
   at Microsoft.EntityFrameworkCore.ChangeTracking.Internal.StateManager.SaveChangesAsync(DbContext _, Boolean acceptAllChangesOnSuccess, CancellationToken cancellationToken)
   at Microsoft.EntityFrameworkCore.SqlServer.Storage.Internal.SqlServerExecutionStrategy.ExecuteAsync[TState,TResult](TState state, Func`4 operation, Func`4 verifySucceeded, CancellationToken cancellationToken)
   at Microsoft.EntityFrameworkCore.DbContext.SaveChangesAsync(Boolean acceptAllChangesOnSuccess, CancellationToken cancellationToken)
   at Microsoft.EntityFrameworkCore.DbContext.SaveChangesAsync(Boolean acceptAllChangesOnSuccess, CancellationToken cancellationToken)
   at Microsoft.AspNetCore.Identity.EntityFrameworkCore.UserOnlyStore`6.CreateAsync(TUser user, CancellationToken cancellationToken)
   at Microsoft.AspNetCore.Identity.UserManager`1.CreateAsync(TUser user)
   at Microsoft.AspNetCore.Identity.UserManager`1.CreateAsync(TUser user, String password)
   at BakeryShop.Areas.Identity.Pages.Account.RegisterModel.OnPostAsync(String returnUrl) in D:\STUDY\ASP\Shop-asp.net-core\BakeryShop\BakeryShop\Areas\Identity\Pages\Account\Register.cshtml.cs:line 78
   at Microsoft.AspNetCore.Mvc.RazorPages.Infrastructure.ExecutorFactory.GenericTaskHandlerMethod.Convert[T](Object taskAsObject)
   at Microsoft.AspNetCore.Mvc.RazorPages.Infrastructure.ExecutorFactory.GenericTaskHandlerMethod.Execute(Object receiver, Object[] arguments)
   at Microsoft.AspNetCore.Mvc.RazorPages.Infrastructure.PageActionInvoker.InvokeHandlerMethodAsync()
   at Microsoft.AspNetCore.Mvc.RazorPages.Infrastructure.PageActionInvoker.InvokeNextPageFilterAsync()
   at Microsoft.AspNetCore.Mvc.RazorPages.Infrastructure.PageActionInvoker.Rethrow(PageHandlerExecutedContext context)
   at Microsoft.AspNetCore.Mvc.RazorPages.Infrastructure.PageActionInvoker.Next(State& next, Scope& scope, Object& state, Boolean& isCompleted)
   at Microsoft.AspNetCore.Mvc.RazorPages.Infrastructure.PageActionInvoker.InvokeInnerFilterAsync()
   at Microsoft.AspNetCore.Mvc.Infrastructure.ResourceInvoker.<InvokeNextResourceFilter>g__Awaited|24_0(ResourceInvoker invoker, Task lastTask, State next, Scope scope, Object state, Boolean isCompleted)
   at Microsoft.AspNetCore.Mvc.Infrastructure.ResourceInvoker.Rethrow(ResourceExecutedContextSealed context)
   at Microsoft.AspNetCore.Mvc.Infrastructure.ResourceInvoker.Next(State& next, Scope& scope, Object& state, Boolean& isCompleted)
   at Microsoft.AspNetCore.Mvc.Infrastructure.ResourceInvoker.<InvokeFilterPipelineAsync>g__Awaited|19_0(ResourceInvoker invoker, Task lastTask, State next, Scope scope, Object state, Boolean isCompleted)
   at Microsoft.AspNetCore.Mvc.Infrastructure.ResourceInvoker.<InvokeAsync>g__Awaited|17_0(ResourceInvoker invoker, Task task, IDisposable scope)
   at Microsoft.AspNetCore.Routing.EndpointMiddleware.<Invoke>g__AwaitRequestTask|6_0(Endpoint endpoint, Task requestTask, ILogger logger)
   at Microsoft.AspNetCore.Authorization.AuthorizationMiddleware.Invoke(HttpContext context)
   at Microsoft.AspNetCore.Authentication.AuthenticationMiddleware.Invoke(HttpContext context)
   at Serilog.AspNetCore.RequestLoggingMiddleware.Invoke(HttpContext httpContext)
   at Microsoft.AspNetCore.Session.SessionMiddleware.Invoke(HttpContext context)
   at Microsoft.AspNetCore.Session.SessionMiddleware.Invoke(HttpContext context)
   at Microsoft.AspNetCore.Diagnostics.DeveloperExceptionPageMiddleware.Invoke(HttpContext context)
2020-11-19T13:43:46.7621991+03:00 [ERR] (Serilog.AspNetCore.RequestLoggingMiddleware) HTTP "POST" "/Identity/Account/Register" responded 500 in 6743.9950 ms
MailKit.Net.Smtp.SmtpCommandException: 5.7.1 [2] Message rejected under suspicion of SPAM; https://ya.cc/1IrBc 1605782625-NxmPoy2fcW-hiI4P5nn
   at MailKit.Net.Smtp.SmtpClient.DataAsync(FormatOptions options, MimeMessage message, Int64 size, Boolean doAsync, CancellationToken cancellationToken, ITransferProgress progress)
   at MailKit.Net.Smtp.SmtpClient.SendAsync(FormatOptions options, MimeMessage message, MailboxAddress sender, IList`1 recipients, Boolean doAsync, CancellationToken cancellationToken, ITransferProgress progress)
   at MailKit.Net.Smtp.SmtpClient.SendAsync(FormatOptions options, MimeMessage message, MailboxAddress sender, IList`1 recipients, Boolean doAsync, CancellationToken cancellationToken, ITransferProgress progress)
   at BakeryShop.Areas.Identity.EmailSender.SendEmailAsync(String email, String subject, String message) in D:\STUDY\ASP\Shop-asp.net-core\BakeryShop\BakeryShop\Areas\Identity\EmailSender.cs:line 30
   at BakeryShop.Areas.Identity.Pages.Account.RegisterModel.OnPostAsync(String returnUrl) in D:\STUDY\ASP\Shop-asp.net-core\BakeryShop\BakeryShop\Areas\Identity\Pages\Account\Register.cshtml.cs:line 90
   at Microsoft.AspNetCore.Mvc.RazorPages.Infrastructure.ExecutorFactory.GenericTaskHandlerMethod.Convert[T](Object taskAsObject)
   at Microsoft.AspNetCore.Mvc.RazorPages.Infrastructure.ExecutorFactory.GenericTaskHandlerMethod.Execute(Object receiver, Object[] arguments)
   at Microsoft.AspNetCore.Mvc.RazorPages.Infrastructure.PageActionInvoker.InvokeHandlerMethodAsync()
   at Microsoft.AspNetCore.Mvc.RazorPages.Infrastructure.PageActionInvoker.InvokeNextPageFilterAsync()
   at Microsoft.AspNetCore.Mvc.RazorPages.Infrastructure.PageActionInvoker.Rethrow(PageHandlerExecutedContext context)
   at Microsoft.AspNetCore.Mvc.RazorPages.Infrastructure.PageActionInvoker.Next(State& next, Scope& scope, Object& state, Boolean& isCompleted)
   at Microsoft.AspNetCore.Mvc.RazorPages.Infrastructure.PageActionInvoker.InvokeInnerFilterAsync()
   at Microsoft.AspNetCore.Mvc.Infrastructure.ResourceInvoker.<InvokeNextResourceFilter>g__Awaited|24_0(ResourceInvoker invoker, Task lastTask, State next, Scope scope, Object state, Boolean isCompleted)
   at Microsoft.AspNetCore.Mvc.Infrastructure.ResourceInvoker.Rethrow(ResourceExecutedContextSealed context)
   at Microsoft.AspNetCore.Mvc.Infrastructure.ResourceInvoker.Next(State& next, Scope& scope, Object& state, Boolean& isCompleted)
   at Microsoft.AspNetCore.Mvc.Infrastructure.ResourceInvoker.<InvokeFilterPipelineAsync>g__Awaited|19_0(ResourceInvoker invoker, Task lastTask, State next, Scope scope, Object state, Boolean isCompleted)
   at Microsoft.AspNetCore.Mvc.Infrastructure.ResourceInvoker.<InvokeAsync>g__Awaited|17_0(ResourceInvoker invoker, Task task, IDisposable scope)
   at Microsoft.AspNetCore.Routing.EndpointMiddleware.<Invoke>g__AwaitRequestTask|6_0(Endpoint endpoint, Task requestTask, ILogger logger)
   at Microsoft.AspNetCore.Authorization.AuthorizationMiddleware.Invoke(HttpContext context)
   at Microsoft.AspNetCore.Authentication.AuthenticationMiddleware.Invoke(HttpContext context)
   at Serilog.AspNetCore.RequestLoggingMiddleware.Invoke(HttpContext httpContext)
2020-11-19T13:43:46.7829874+03:00 [ERR] (Microsoft.AspNetCore.Diagnostics.DeveloperExceptionPageMiddleware) An unhandled exception has occurred while executing the request.
MailKit.Net.Smtp.SmtpCommandException: 5.7.1 [2] Message rejected under suspicion of SPAM; https://ya.cc/1IrBc 1605782625-NxmPoy2fcW-hiI4P5nn
   at MailKit.Net.Smtp.SmtpClient.DataAsync(FormatOptions options, MimeMessage message, Int64 size, Boolean doAsync, CancellationToken cancellationToken, ITransferProgress progress)
   at MailKit.Net.Smtp.SmtpClient.SendAsync(FormatOptions options, MimeMessage message, MailboxAddress sender, IList`1 recipients, Boolean doAsync, CancellationToken cancellationToken, ITransferProgress progress)
   at MailKit.Net.Smtp.SmtpClient.SendAsync(FormatOptions options, MimeMessage message, MailboxAddress sender, IList`1 recipients, Boolean doAsync, CancellationToken cancellationToken, ITransferProgress progress)
   at BakeryShop.Areas.Identity.EmailSender.SendEmailAsync(String email, String subject, String message) in D:\STUDY\ASP\Shop-asp.net-core\BakeryShop\BakeryShop\Areas\Identity\EmailSender.cs:line 30
   at BakeryShop.Areas.Identity.Pages.Account.RegisterModel.OnPostAsync(String returnUrl) in D:\STUDY\ASP\Shop-asp.net-core\BakeryShop\BakeryShop\Areas\Identity\Pages\Account\Register.cshtml.cs:line 90
   at Microsoft.AspNetCore.Mvc.RazorPages.Infrastructure.ExecutorFactory.GenericTaskHandlerMethod.Convert[T](Object taskAsObject)
   at Microsoft.AspNetCore.Mvc.RazorPages.Infrastructure.ExecutorFactory.GenericTaskHandlerMethod.Execute(Object receiver, Object[] arguments)
   at Microsoft.AspNetCore.Mvc.RazorPages.Infrastructure.PageActionInvoker.InvokeHandlerMethodAsync()
   at Microsoft.AspNetCore.Mvc.RazorPages.Infrastructure.PageActionInvoker.InvokeNextPageFilterAsync()
   at Microsoft.AspNetCore.Mvc.RazorPages.Infrastructure.PageActionInvoker.Rethrow(PageHandlerExecutedContext context)
   at Microsoft.AspNetCore.Mvc.RazorPages.Infrastructure.PageActionInvoker.Next(State& next, Scope& scope, Object& state, Boolean& isCompleted)
   at Microsoft.AspNetCore.Mvc.RazorPages.Infrastructure.PageActionInvoker.InvokeInnerFilterAsync()
   at Microsoft.AspNetCore.Mvc.Infrastructure.ResourceInvoker.<InvokeNextResourceFilter>g__Awaited|24_0(ResourceInvoker invoker, Task lastTask, State next, Scope scope, Object state, Boolean isCompleted)
   at Microsoft.AspNetCore.Mvc.Infrastructure.ResourceInvoker.Rethrow(ResourceExecutedContextSealed context)
   at Microsoft.AspNetCore.Mvc.Infrastructure.ResourceInvoker.Next(State& next, Scope& scope, Object& state, Boolean& isCompleted)
   at Microsoft.AspNetCore.Mvc.Infrastructure.ResourceInvoker.<InvokeFilterPipelineAsync>g__Awaited|19_0(ResourceInvoker invoker, Task lastTask, State next, Scope scope, Object state, Boolean isCompleted)
   at Microsoft.AspNetCore.Mvc.Infrastructure.ResourceInvoker.<InvokeAsync>g__Awaited|17_0(ResourceInvoker invoker, Task task, IDisposable scope)
   at Microsoft.AspNetCore.Routing.EndpointMiddleware.<Invoke>g__AwaitRequestTask|6_0(Endpoint endpoint, Task requestTask, ILogger logger)
   at Microsoft.AspNetCore.Authorization.AuthorizationMiddleware.Invoke(HttpContext context)
   at Microsoft.AspNetCore.Authentication.AuthenticationMiddleware.Invoke(HttpContext context)
   at Serilog.AspNetCore.RequestLoggingMiddleware.Invoke(HttpContext httpContext)
   at Microsoft.AspNetCore.Session.SessionMiddleware.Invoke(HttpContext context)
   at Microsoft.AspNetCore.Session.SessionMiddleware.Invoke(HttpContext context)
   at Microsoft.AspNetCore.Diagnostics.DeveloperExceptionPageMiddleware.Invoke(HttpContext context)
2020-11-19T13:44:52.8624634+03:00 [WRN] (Microsoft.AspNetCore.Identity.UserManager) User validation failed: "DuplicateUserName;DuplicateEmail".
2020-11-19T13:49:15.6601018+03:00 [WRN] (Microsoft.EntityFrameworkCore.Model.Validation) No type was specified for the decimal property '"OrderTotal"' on entity type '"Order"'. This will cause values to be silently truncated if they do not fit in the default precision and scale. Explicitly specify the SQL server column type that can accommodate all the values in 'OnModelCreating' using 'HasColumnType()', specify precision and scale using 'HasPrecision()' or configure a value converter using 'HasConversion()'.
2020-11-19T13:49:15.6754242+03:00 [WRN] (Microsoft.EntityFrameworkCore.Model.Validation) No type was specified for the decimal property '"Price"' on entity type '"OrderDetail"'. This will cause values to be silently truncated if they do not fit in the default precision and scale. Explicitly specify the SQL server column type that can accommodate all the values in 'OnModelCreating' using 'HasColumnType()', specify precision and scale using 'HasPrecision()' or configure a value converter using 'HasConversion()'.
2020-11-19T13:49:15.6757293+03:00 [WRN] (Microsoft.EntityFrameworkCore.Model.Validation) No type was specified for the decimal property '"Price"' on entity type '"Pie"'. This will cause values to be silently truncated if they do not fit in the default precision and scale. Explicitly specify the SQL server column type that can accommodate all the values in 'OnModelCreating' using 'HasColumnType()', specify precision and scale using 'HasPrecision()' or configure a value converter using 'HasConversion()'.
2020-11-19T15:08:51.0735057+03:00 [WRN] (Microsoft.EntityFrameworkCore.Model.Validation) No type was specified for the decimal property '"OrderTotal"' on entity type '"Order"'. This will cause values to be silently truncated if they do not fit in the default precision and scale. Explicitly specify the SQL server column type that can accommodate all the values in 'OnModelCreating' using 'HasColumnType()', specify precision and scale using 'HasPrecision()' or configure a value converter using 'HasConversion()'.
2020-11-19T15:08:51.0956615+03:00 [WRN] (Microsoft.EntityFrameworkCore.Model.Validation) No type was specified for the decimal property '"Price"' on entity type '"OrderDetail"'. This will cause values to be silently truncated if they do not fit in the default precision and scale. Explicitly specify the SQL server column type that can accommodate all the values in 'OnModelCreating' using 'HasColumnType()', specify precision and scale using 'HasPrecision()' or configure a value converter using 'HasConversion()'.
2020-11-19T15:08:51.0958852+03:00 [WRN] (Microsoft.EntityFrameworkCore.Model.Validation) No type was specified for the decimal property '"Price"' on entity type '"Pie"'. This will cause values to be silently truncated if they do not fit in the default precision and scale. Explicitly specify the SQL server column type that can accommodate all the values in 'OnModelCreating' using 'HasColumnType()', specify precision and scale using 'HasPrecision()' or configure a value converter using 'HasConversion()'.
2020-11-19T15:10:53.2876415+03:00 [ERR] (Serilog.AspNetCore.RequestLoggingMiddleware) HTTP "POST" "/Identity/Account/Register" responded 500 in 3474.0571 ms
MailKit.Net.Smtp.SmtpCommandException: 5.7.1 [2] Message rejected under suspicion of SPAM; https://ya.cc/1IrBc 1605787853-cFGExvF8V8-AqI42PoH
   at MailKit.Net.Smtp.SmtpClient.DataAsync(FormatOptions options, MimeMessage message, Int64 size, Boolean doAsync, CancellationToken cancellationToken, ITransferProgress progress)
   at MailKit.Net.Smtp.SmtpClient.SendAsync(FormatOptions options, MimeMessage message, MailboxAddress sender, IList`1 recipients, Boolean doAsync, CancellationToken cancellationToken, ITransferProgress progress)
   at MailKit.Net.Smtp.SmtpClient.SendAsync(FormatOptions options, MimeMessage message, MailboxAddress sender, IList`1 recipients, Boolean doAsync, CancellationToken cancellationToken, ITransferProgress progress)
   at BakeryShop.Areas.Identity.EmailSender.SendEmailAsync(String email, String subject, String message) in D:\STUDY\ASP\Shop-asp.net-core\BakeryShop\BakeryShop\Areas\Identity\EmailSender.cs:line 30
   at BakeryShop.Areas.Identity.Pages.Account.RegisterModel.OnPostAsync(String returnUrl) in D:\STUDY\ASP\Shop-asp.net-core\BakeryShop\BakeryShop\Areas\Identity\Pages\Account\Register.cshtml.cs:line 90
   at Microsoft.AspNetCore.Mvc.RazorPages.Infrastructure.ExecutorFactory.GenericTaskHandlerMethod.Convert[T](Object taskAsObject)
   at Microsoft.AspNetCore.Mvc.RazorPages.Infrastructure.ExecutorFactory.GenericTaskHandlerMethod.Execute(Object receiver, Object[] arguments)
   at Microsoft.AspNetCore.Mvc.RazorPages.Infrastructure.PageActionInvoker.InvokeHandlerMethodAsync()
   at Microsoft.AspNetCore.Mvc.RazorPages.Infrastructure.PageActionInvoker.InvokeNextPageFilterAsync()
   at Microsoft.AspNetCore.Mvc.RazorPages.Infrastructure.PageActionInvoker.Rethrow(PageHandlerExecutedContext context)
   at Microsoft.AspNetCore.Mvc.RazorPages.Infrastructure.PageActionInvoker.Next(State& next, Scope& scope, Object& state, Boolean& isCompleted)
   at Microsoft.AspNetCore.Mvc.RazorPages.Infrastructure.PageActionInvoker.InvokeInnerFilterAsync()
   at Microsoft.AspNetCore.Mvc.Infrastructure.ResourceInvoker.<InvokeNextResourceFilter>g__Awaited|24_0(ResourceInvoker invoker, Task lastTask, State next, Scope scope, Object state, Boolean isCompleted)
   at Microsoft.AspNetCore.Mvc.Infrastructure.ResourceInvoker.Rethrow(ResourceExecutedContextSealed context)
   at Microsoft.AspNetCore.Mvc.Infrastructure.ResourceInvoker.Next(State& next, Scope& scope, Object& state, Boolean& isCompleted)
   at Microsoft.AspNetCore.Mvc.Infrastructure.ResourceInvoker.<InvokeFilterPipelineAsync>g__Awaited|19_0(ResourceInvoker invoker, Task lastTask, State next, Scope scope, Object state, Boolean isCompleted)
   at Microsoft.AspNetCore.Mvc.Infrastructure.ResourceInvoker.<InvokeAsync>g__Awaited|17_0(ResourceInvoker invoker, Task task, IDisposable scope)
   at Microsoft.AspNetCore.Routing.EndpointMiddleware.<Invoke>g__AwaitRequestTask|6_0(Endpoint endpoint, Task requestTask, ILogger logger)
   at Microsoft.AspNetCore.Authorization.AuthorizationMiddleware.Invoke(HttpContext context)
   at Microsoft.AspNetCore.Authentication.AuthenticationMiddleware.Invoke(HttpContext context)
   at Serilog.AspNetCore.RequestLoggingMiddleware.Invoke(HttpContext httpContext)
2020-11-19T15:10:53.4417440+03:00 [ERR] (Microsoft.AspNetCore.Diagnostics.DeveloperExceptionPageMiddleware) An unhandled exception has occurred while executing the request.
MailKit.Net.Smtp.SmtpCommandException: 5.7.1 [2] Message rejected under suspicion of SPAM; https://ya.cc/1IrBc 1605787853-cFGExvF8V8-AqI42PoH
   at MailKit.Net.Smtp.SmtpClient.DataAsync(FormatOptions options, MimeMessage message, Int64 size, Boolean doAsync, CancellationToken cancellationToken, ITransferProgress progress)
   at MailKit.Net.Smtp.SmtpClient.SendAsync(FormatOptions options, MimeMessage message, MailboxAddress sender, IList`1 recipients, Boolean doAsync, CancellationToken cancellationToken, ITransferProgress progress)
   at MailKit.Net.Smtp.SmtpClient.SendAsync(FormatOptions options, MimeMessage message, MailboxAddress sender, IList`1 recipients, Boolean doAsync, CancellationToken cancellationToken, ITransferProgress progress)
   at BakeryShop.Areas.Identity.EmailSender.SendEmailAsync(String email, String subject, String message) in D:\STUDY\ASP\Shop-asp.net-core\BakeryShop\BakeryShop\Areas\Identity\EmailSender.cs:line 30
   at BakeryShop.Areas.Identity.Pages.Account.RegisterModel.OnPostAsync(String returnUrl) in D:\STUDY\ASP\Shop-asp.net-core\BakeryShop\BakeryShop\Areas\Identity\Pages\Account\Register.cshtml.cs:line 90
   at Microsoft.AspNetCore.Mvc.RazorPages.Infrastructure.ExecutorFactory.GenericTaskHandlerMethod.Convert[T](Object taskAsObject)
   at Microsoft.AspNetCore.Mvc.RazorPages.Infrastructure.ExecutorFactory.GenericTaskHandlerMethod.Execute(Object receiver, Object[] arguments)
   at Microsoft.AspNetCore.Mvc.RazorPages.Infrastructure.PageActionInvoker.InvokeHandlerMethodAsync()
   at Microsoft.AspNetCore.Mvc.RazorPages.Infrastructure.PageActionInvoker.InvokeNextPageFilterAsync()
   at Microsoft.AspNetCore.Mvc.RazorPages.Infrastructure.PageActionInvoker.Rethrow(PageHandlerExecutedContext context)
   at Microsoft.AspNetCore.Mvc.RazorPages.Infrastructure.PageActionInvoker.Next(State& next, Scope& scope, Object& state, Boolean& isCompleted)
   at Microsoft.AspNetCore.Mvc.RazorPages.Infrastructure.PageActionInvoker.InvokeInnerFilterAsync()
   at Microsoft.AspNetCore.Mvc.Infrastructure.ResourceInvoker.<InvokeNextResourceFilter>g__Awaited|24_0(ResourceInvoker invoker, Task lastTask, State next, Scope scope, Object state, Boolean isCompleted)
   at Microsoft.AspNetCore.Mvc.Infrastructure.ResourceInvoker.Rethrow(ResourceExecutedContextSealed context)
   at Microsoft.AspNetCore.Mvc.Infrastructure.ResourceInvoker.Next(State& next, Scope& scope, Object& state, Boolean& isCompleted)
   at Microsoft.AspNetCore.Mvc.Infrastructure.ResourceInvoker.<InvokeFilterPipelineAsync>g__Awaited|19_0(ResourceInvoker invoker, Task lastTask, State next, Scope scope, Object state, Boolean isCompleted)
   at Microsoft.AspNetCore.Mvc.Infrastructure.ResourceInvoker.<InvokeAsync>g__Awaited|17_0(ResourceInvoker invoker, Task task, IDisposable scope)
   at Microsoft.AspNetCore.Routing.EndpointMiddleware.<Invoke>g__AwaitRequestTask|6_0(Endpoint endpoint, Task requestTask, ILogger logger)
   at Microsoft.AspNetCore.Authorization.AuthorizationMiddleware.Invoke(HttpContext context)
   at Microsoft.AspNetCore.Authentication.AuthenticationMiddleware.Invoke(HttpContext context)
   at Serilog.AspNetCore.RequestLoggingMiddleware.Invoke(HttpContext httpContext)
   at Microsoft.AspNetCore.Session.SessionMiddleware.Invoke(HttpContext context)
   at Microsoft.AspNetCore.Session.SessionMiddleware.Invoke(HttpContext context)
   at Microsoft.AspNetCore.Diagnostics.DeveloperExceptionPageMiddleware.Invoke(HttpContext context)
2020-11-19T15:18:15.7344119+03:00 [WRN] (Microsoft.AspNetCore.Identity.SignInManager) User "489edf9c-0d2c-4f76-b9ea-8722b6cd51f3" cannot sign in without a confirmed account.
2020-11-19T15:18:28.1812110+03:00 [WRN] (Microsoft.AspNetCore.Identity.SignInManager) User "489edf9c-0d2c-4f76-b9ea-8722b6cd51f3" cannot sign in without a confirmed account.
2020-11-19T16:46:56.4498976+03:00 [WRN] (Microsoft.EntityFrameworkCore.Model.Validation) No type was specified for the decimal property '"OrderTotal"' on entity type '"Order"'. This will cause values to be silently truncated if they do not fit in the default precision and scale. Explicitly specify the SQL server column type that can accommodate all the values in 'OnModelCreating' using 'HasColumnType()', specify precision and scale using 'HasPrecision()' or configure a value converter using 'HasConversion()'.
2020-11-19T16:46:56.4734591+03:00 [WRN] (Microsoft.EntityFrameworkCore.Model.Validation) No type was specified for the decimal property '"Price"' on entity type '"OrderDetail"'. This will cause values to be silently truncated if they do not fit in the default precision and scale. Explicitly specify the SQL server column type that can accommodate all the values in 'OnModelCreating' using 'HasColumnType()', specify precision and scale using 'HasPrecision()' or configure a value converter using 'HasConversion()'.
2020-11-19T16:46:56.4737897+03:00 [WRN] (Microsoft.EntityFrameworkCore.Model.Validation) No type was specified for the decimal property '"Price"' on entity type '"Pie"'. This will cause values to be silently truncated if they do not fit in the default precision and scale. Explicitly specify the SQL server column type that can accommodate all the values in 'OnModelCreating' using 'HasColumnType()', specify precision and scale using 'HasPrecision()' or configure a value converter using 'HasConversion()'.
2020-11-19T16:50:20.5524639+03:00 [WRN] (Microsoft.EntityFrameworkCore.Model.Validation) No type was specified for the decimal property '"OrderTotal"' on entity type '"Order"'. This will cause values to be silently truncated if they do not fit in the default precision and scale. Explicitly specify the SQL server column type that can accommodate all the values in 'OnModelCreating' using 'HasColumnType()', specify precision and scale using 'HasPrecision()' or configure a value converter using 'HasConversion()'.
2020-11-19T16:50:20.5673760+03:00 [WRN] (Microsoft.EntityFrameworkCore.Model.Validation) No type was specified for the decimal property '"Price"' on entity type '"OrderDetail"'. This will cause values to be silently truncated if they do not fit in the default precision and scale. Explicitly specify the SQL server column type that can accommodate all the values in 'OnModelCreating' using 'HasColumnType()', specify precision and scale using 'HasPrecision()' or configure a value converter using 'HasConversion()'.
2020-11-19T16:50:20.5676301+03:00 [WRN] (Microsoft.EntityFrameworkCore.Model.Validation) No type was specified for the decimal property '"Price"' on entity type '"Pie"'. This will cause values to be silently truncated if they do not fit in the default precision and scale. Explicitly specify the SQL server column type that can accommodate all the values in 'OnModelCreating' using 'HasColumnType()', specify precision and scale using 'HasPrecision()' or configure a value converter using 'HasConversion()'.
2020-11-19T16:52:22.7337119+03:00 [WRN] (Microsoft.AspNetCore.Identity.SignInManager) User "f92799f3-ad9a-461d-926d-da9b11d8c26f" cannot sign in without a confirmed account.
2020-11-19T16:52:35.8477729+03:00 [WRN] (Microsoft.AspNetCore.Identity.SignInManager) User "f92799f3-ad9a-461d-926d-da9b11d8c26f" cannot sign in without a confirmed account.
2020-11-19T16:52:42.1530437+03:00 [WRN] (Microsoft.AspNetCore.Identity.SignInManager) User "f92799f3-ad9a-461d-926d-da9b11d8c26f" cannot sign in without a confirmed account.
2020-11-19T17:02:29.0855429+03:00 [WRN] (Microsoft.EntityFrameworkCore.Model.Validation) No type was specified for the decimal property '"OrderTotal"' on entity type '"Order"'. This will cause values to be silently truncated if they do not fit in the default precision and scale. Explicitly specify the SQL server column type that can accommodate all the values in 'OnModelCreating' using 'HasColumnType()', specify precision and scale using 'HasPrecision()' or configure a value converter using 'HasConversion()'.
2020-11-19T17:02:29.1079419+03:00 [WRN] (Microsoft.EntityFrameworkCore.Model.Validation) No type was specified for the decimal property '"Price"' on entity type '"OrderDetail"'. This will cause values to be silently truncated if they do not fit in the default precision and scale. Explicitly specify the SQL server column type that can accommodate all the values in 'OnModelCreating' using 'HasColumnType()', specify precision and scale using 'HasPrecision()' or configure a value converter using 'HasConversion()'.
2020-11-19T17:02:29.1082065+03:00 [WRN] (Microsoft.EntityFrameworkCore.Model.Validation) No type was specified for the decimal property '"Price"' on entity type '"Pie"'. This will cause values to be silently truncated if they do not fit in the default precision and scale. Explicitly specify the SQL server column type that can accommodate all the values in 'OnModelCreating' using 'HasColumnType()', specify precision and scale using 'HasPrecision()' or configure a value converter using 'HasConversion()'.
2020-11-19T17:11:38.3811298+03:00 [WRN] (Microsoft.EntityFrameworkCore.Model.Validation) No type was specified for the decimal property '"OrderTotal"' on entity type '"Order"'. This will cause values to be silently truncated if they do not fit in the default precision and scale. Explicitly specify the SQL server column type that can accommodate all the values in 'OnModelCreating' using 'HasColumnType()', specify precision and scale using 'HasPrecision()' or configure a value converter using 'HasConversion()'.
2020-11-19T17:11:38.3978043+03:00 [WRN] (Microsoft.EntityFrameworkCore.Model.Validation) No type was specified for the decimal property '"Price"' on entity type '"OrderDetail"'. This will cause values to be silently truncated if they do not fit in the default precision and scale. Explicitly specify the SQL server column type that can accommodate all the values in 'OnModelCreating' using 'HasColumnType()', specify precision and scale using 'HasPrecision()' or configure a value converter using 'HasConversion()'.
2020-11-19T17:11:38.3981233+03:00 [WRN] (Microsoft.EntityFrameworkCore.Model.Validation) No type was specified for the decimal property '"Price"' on entity type '"Pie"'. This will cause values to be silently truncated if they do not fit in the default precision and scale. Explicitly specify the SQL server column type that can accommodate all the values in 'OnModelCreating' using 'HasColumnType()', specify precision and scale using 'HasPrecision()' or configure a value converter using 'HasConversion()'.
2020-11-19T17:12:24.6118257+03:00 [WRN] (Microsoft.AspNetCore.Identity.SignInManager) User "8f900a6b-b73f-40f7-a08b-24555ea937f8" cannot sign in without a confirmed account.
2020-11-19T17:12:24.6464340+03:00 [WRN] (BakeryShop.Areas.Identity.Pages.Account.LoginModel) User invalid login attempt.
2020-11-19T17:15:08.2541917+03:00 [WRN] (Microsoft.EntityFrameworkCore.Model.Validation) No type was specified for the decimal property '"OrderTotal"' on entity type '"Order"'. This will cause values to be silently truncated if they do not fit in the default precision and scale. Explicitly specify the SQL server column type that can accommodate all the values in 'OnModelCreating' using 'HasColumnType()', specify precision and scale using 'HasPrecision()' or configure a value converter using 'HasConversion()'.
2020-11-19T17:15:08.2707039+03:00 [WRN] (Microsoft.EntityFrameworkCore.Model.Validation) No type was specified for the decimal property '"Price"' on entity type '"OrderDetail"'. This will cause values to be silently truncated if they do not fit in the default precision and scale. Explicitly specify the SQL server column type that can accommodate all the values in 'OnModelCreating' using 'HasColumnType()', specify precision and scale using 'HasPrecision()' or configure a value converter using 'HasConversion()'.
2020-11-19T17:15:08.2708939+03:00 [WRN] (Microsoft.EntityFrameworkCore.Model.Validation) No type was specified for the decimal property '"Price"' on entity type '"Pie"'. This will cause values to be silently truncated if they do not fit in the default precision and scale. Explicitly specify the SQL server column type that can accommodate all the values in 'OnModelCreating' using 'HasColumnType()', specify precision and scale using 'HasPrecision()' or configure a value converter using 'HasConversion()'.
2020-11-19T17:16:16.2384878+03:00 [WRN] (Microsoft.AspNetCore.Identity.SignInManager) User "32c59871-bc32-42b8-b0dd-a9b84661b4a6" cannot sign in without a confirmed account.
2020-11-19T17:16:16.2449644+03:00 [WRN] (BakeryShop.Areas.Identity.Pages.Account.LoginModel) User invalid login attempt.
2020-11-19T17:21:02.0554698+03:00 [WRN] (Microsoft.EntityFrameworkCore.Model.Validation) No type was specified for the decimal property '"OrderTotal"' on entity type '"Order"'. This will cause values to be silently truncated if they do not fit in the default precision and scale. Explicitly specify the SQL server column type that can accommodate all the values in 'OnModelCreating' using 'HasColumnType()', specify precision and scale using 'HasPrecision()' or configure a value converter using 'HasConversion()'.
2020-11-19T17:21:02.0781470+03:00 [WRN] (Microsoft.EntityFrameworkCore.Model.Validation) No type was specified for the decimal property '"Price"' on entity type '"OrderDetail"'. This will cause values to be silently truncated if they do not fit in the default precision and scale. Explicitly specify the SQL server column type that can accommodate all the values in 'OnModelCreating' using 'HasColumnType()', specify precision and scale using 'HasPrecision()' or configure a value converter using 'HasConversion()'.
2020-11-19T17:21:02.0783377+03:00 [WRN] (Microsoft.EntityFrameworkCore.Model.Validation) No type was specified for the decimal property '"Price"' on entity type '"Pie"'. This will cause values to be silently truncated if they do not fit in the default precision and scale. Explicitly specify the SQL server column type that can accommodate all the values in 'OnModelCreating' using 'HasColumnType()', specify precision and scale using 'HasPrecision()' or configure a value converter using 'HasConversion()'.
2020-11-19T17:23:19.5746460+03:00 [WRN] (Microsoft.EntityFrameworkCore.Model.Validation) No type was specified for the decimal property '"OrderTotal"' on entity type '"Order"'. This will cause values to be silently truncated if they do not fit in the default precision and scale. Explicitly specify the SQL server column type that can accommodate all the values in 'OnModelCreating' using 'HasColumnType()', specify precision and scale using 'HasPrecision()' or configure a value converter using 'HasConversion()'.
2020-11-19T17:23:19.5935762+03:00 [WRN] (Microsoft.EntityFrameworkCore.Model.Validation) No type was specified for the decimal property '"Price"' on entity type '"OrderDetail"'. This will cause values to be silently truncated if they do not fit in the default precision and scale. Explicitly specify the SQL server column type that can accommodate all the values in 'OnModelCreating' using 'HasColumnType()', specify precision and scale using 'HasPrecision()' or configure a value converter using 'HasConversion()'.
2020-11-19T17:23:19.5946593+03:00 [WRN] (Microsoft.EntityFrameworkCore.Model.Validation) No type was specified for the decimal property '"Price"' on entity type '"Pie"'. This will cause values to be silently truncated if they do not fit in the default precision and scale. Explicitly specify the SQL server column type that can accommodate all the values in 'OnModelCreating' using 'HasColumnType()', specify precision and scale using 'HasPrecision()' or configure a value converter using 'HasConversion()'.
2020-11-19T18:38:28.0653007+03:00 [WRN] (Microsoft.EntityFrameworkCore.Model.Validation) No type was specified for the decimal property '"OrderTotal"' on entity type '"Order"'. This will cause values to be silently truncated if they do not fit in the default precision and scale. Explicitly specify the SQL server column type that can accommodate all the values in 'OnModelCreating' using 'HasColumnType()', specify precision and scale using 'HasPrecision()' or configure a value converter using 'HasConversion()'.
2020-11-19T18:38:28.0774579+03:00 [WRN] (Microsoft.EntityFrameworkCore.Model.Validation) No type was specified for the decimal property '"Price"' on entity type '"OrderDetail"'. This will cause values to be silently truncated if they do not fit in the default precision and scale. Explicitly specify the SQL server column type that can accommodate all the values in 'OnModelCreating' using 'HasColumnType()', specify precision and scale using 'HasPrecision()' or configure a value converter using 'HasConversion()'.
2020-11-19T18:38:28.0776334+03:00 [WRN] (Microsoft.EntityFrameworkCore.Model.Validation) No type was specified for the decimal property '"Price"' on entity type '"Pie"'. This will cause values to be silently truncated if they do not fit in the default precision and scale. Explicitly specify the SQL server column type that can accommodate all the values in 'OnModelCreating' using 'HasColumnType()', specify precision and scale using 'HasPrecision()' or configure a value converter using 'HasConversion()'.
2020-11-19T18:38:51.5965175+03:00 [ERR] (Serilog.AspNetCore.RequestLoggingMiddleware) HTTP "POST" "/Identity/Account/Register" responded 500 in 2481.5406 ms
MailKit.Net.Smtp.SmtpCommandException: 5.7.1 [2] Message rejected under suspicion of SPAM; https://ya.cc/1IrBc 1605800331-D9byBovyZW-cpI42tm0
   at MailKit.Net.Smtp.SmtpClient.DataAsync(FormatOptions options, MimeMessage message, Int64 size, Boolean doAsync, CancellationToken cancellationToken, ITransferProgress progress)
   at MailKit.Net.Smtp.SmtpClient.SendAsync(FormatOptions options, MimeMessage message, MailboxAddress sender, IList`1 recipients, Boolean doAsync, CancellationToken cancellationToken, ITransferProgress progress)
   at MailKit.Net.Smtp.SmtpClient.SendAsync(FormatOptions options, MimeMessage message, MailboxAddress sender, IList`1 recipients, Boolean doAsync, CancellationToken cancellationToken, ITransferProgress progress)
   at BakeryShop.Areas.Identity.EmailSender.SendEmailAsync(String email, String subject, String message) in D:\STUDY\ASP\Shop-asp.net-core\BakeryShop\BakeryShop\Areas\Identity\EmailSender.cs:line 30
   at BakeryShop.Areas.Identity.Pages.Account.RegisterModel.OnPostAsync(String returnUrl) in D:\STUDY\ASP\Shop-asp.net-core\BakeryShop\BakeryShop\Areas\Identity\Pages\Account\Register.cshtml.cs:line 90
   at Microsoft.AspNetCore.Mvc.RazorPages.Infrastructure.ExecutorFactory.GenericTaskHandlerMethod.Convert[T](Object taskAsObject)
   at Microsoft.AspNetCore.Mvc.RazorPages.Infrastructure.ExecutorFactory.GenericTaskHandlerMethod.Execute(Object receiver, Object[] arguments)
   at Microsoft.AspNetCore.Mvc.RazorPages.Infrastructure.PageActionInvoker.InvokeHandlerMethodAsync()
   at Microsoft.AspNetCore.Mvc.RazorPages.Infrastructure.PageActionInvoker.InvokeNextPageFilterAsync()
   at Microsoft.AspNetCore.Mvc.RazorPages.Infrastructure.PageActionInvoker.Rethrow(PageHandlerExecutedContext context)
   at Microsoft.AspNetCore.Mvc.RazorPages.Infrastructure.PageActionInvoker.Next(State& next, Scope& scope, Object& state, Boolean& isCompleted)
   at Microsoft.AspNetCore.Mvc.RazorPages.Infrastructure.PageActionInvoker.InvokeInnerFilterAsync()
   at Microsoft.AspNetCore.Mvc.Infrastructure.ResourceInvoker.<InvokeNextResourceFilter>g__Awaited|24_0(ResourceInvoker invoker, Task lastTask, State next, Scope scope, Object state, Boolean isCompleted)
   at Microsoft.AspNetCore.Mvc.Infrastructure.ResourceInvoker.Rethrow(ResourceExecutedContextSealed context)
   at Microsoft.AspNetCore.Mvc.Infrastructure.ResourceInvoker.Next(State& next, Scope& scope, Object& state, Boolean& isCompleted)
   at Microsoft.AspNetCore.Mvc.Infrastructure.ResourceInvoker.<InvokeFilterPipelineAsync>g__Awaited|19_0(ResourceInvoker invoker, Task lastTask, State next, Scope scope, Object state, Boolean isCompleted)
   at Microsoft.AspNetCore.Mvc.Infrastructure.ResourceInvoker.<InvokeAsync>g__Awaited|17_0(ResourceInvoker invoker, Task task, IDisposable scope)
   at Microsoft.AspNetCore.Routing.EndpointMiddleware.<Invoke>g__AwaitRequestTask|6_0(Endpoint endpoint, Task requestTask, ILogger logger)
   at Microsoft.AspNetCore.Authorization.AuthorizationMiddleware.Invoke(HttpContext context)
   at Microsoft.AspNetCore.Authentication.AuthenticationMiddleware.Invoke(HttpContext context)
   at Serilog.AspNetCore.RequestLoggingMiddleware.Invoke(HttpContext httpContext)
2020-11-19T18:38:51.7860179+03:00 [ERR] (Microsoft.AspNetCore.Diagnostics.ExceptionHandlerMiddleware) An unhandled exception has occurred while executing the request.
MailKit.Net.Smtp.SmtpCommandException: 5.7.1 [2] Message rejected under suspicion of SPAM; https://ya.cc/1IrBc 1605800331-D9byBovyZW-cpI42tm0
   at MailKit.Net.Smtp.SmtpClient.DataAsync(FormatOptions options, MimeMessage message, Int64 size, Boolean doAsync, CancellationToken cancellationToken, ITransferProgress progress)
   at MailKit.Net.Smtp.SmtpClient.SendAsync(FormatOptions options, MimeMessage message, MailboxAddress sender, IList`1 recipients, Boolean doAsync, CancellationToken cancellationToken, ITransferProgress progress)
   at MailKit.Net.Smtp.SmtpClient.SendAsync(FormatOptions options, MimeMessage message, MailboxAddress sender, IList`1 recipients, Boolean doAsync, CancellationToken cancellationToken, ITransferProgress progress)
   at BakeryShop.Areas.Identity.EmailSender.SendEmailAsync(String email, String subject, String message) in D:\STUDY\ASP\Shop-asp.net-core\BakeryShop\BakeryShop\Areas\Identity\EmailSender.cs:line 30
   at BakeryShop.Areas.Identity.Pages.Account.RegisterModel.OnPostAsync(String returnUrl) in D:\STUDY\ASP\Shop-asp.net-core\BakeryShop\BakeryShop\Areas\Identity\Pages\Account\Register.cshtml.cs:line 90
   at Microsoft.AspNetCore.Mvc.RazorPages.Infrastructure.ExecutorFactory.GenericTaskHandlerMethod.Convert[T](Object taskAsObject)
   at Microsoft.AspNetCore.Mvc.RazorPages.Infrastructure.ExecutorFactory.GenericTaskHandlerMethod.Execute(Object receiver, Object[] arguments)
   at Microsoft.AspNetCore.Mvc.RazorPages.Infrastructure.PageActionInvoker.InvokeHandlerMethodAsync()
   at Microsoft.AspNetCore.Mvc.RazorPages.Infrastructure.PageActionInvoker.InvokeNextPageFilterAsync()
   at Microsoft.AspNetCore.Mvc.RazorPages.Infrastructure.PageActionInvoker.Rethrow(PageHandlerExecutedContext context)
   at Microsoft.AspNetCore.Mvc.RazorPages.Infrastructure.PageActionInvoker.Next(State& next, Scope& scope, Object& state, Boolean& isCompleted)
   at Microsoft.AspNetCore.Mvc.RazorPages.Infrastructure.PageActionInvoker.InvokeInnerFilterAsync()
   at Microsoft.AspNetCore.Mvc.Infrastructure.ResourceInvoker.<InvokeNextResourceFilter>g__Awaited|24_0(ResourceInvoker invoker, Task lastTask, State next, Scope scope, Object state, Boolean isCompleted)
   at Microsoft.AspNetCore.Mvc.Infrastructure.ResourceInvoker.Rethrow(ResourceExecutedContextSealed context)
   at Microsoft.AspNetCore.Mvc.Infrastructure.ResourceInvoker.Next(State& next, Scope& scope, Object& state, Boolean& isCompleted)
   at Microsoft.AspNetCore.Mvc.Infrastructure.ResourceInvoker.<InvokeFilterPipelineAsync>g__Awaited|19_0(ResourceInvoker invoker, Task lastTask, State next, Scope scope, Object state, Boolean isCompleted)
   at Microsoft.AspNetCore.Mvc.Infrastructure.ResourceInvoker.<InvokeAsync>g__Awaited|17_0(ResourceInvoker invoker, Task task, IDisposable scope)
   at Microsoft.AspNetCore.Routing.EndpointMiddleware.<Invoke>g__AwaitRequestTask|6_0(Endpoint endpoint, Task requestTask, ILogger logger)
   at Microsoft.AspNetCore.Authorization.AuthorizationMiddleware.Invoke(HttpContext context)
   at Microsoft.AspNetCore.Authentication.AuthenticationMiddleware.Invoke(HttpContext context)
   at Serilog.AspNetCore.RequestLoggingMiddleware.Invoke(HttpContext httpContext)
   at Microsoft.AspNetCore.Session.SessionMiddleware.Invoke(HttpContext context)
   at Microsoft.AspNetCore.Session.SessionMiddleware.Invoke(HttpContext context)
   at Microsoft.AspNetCore.Diagnostics.ExceptionHandlerMiddleware.<Invoke>g__Awaited|6_0(ExceptionHandlerMiddleware middleware, HttpContext context, Task task)
2020-11-19T18:45:23.0334537+03:00 [WRN] (Microsoft.EntityFrameworkCore.Model.Validation) No type was specified for the decimal property '"OrderTotal"' on entity type '"Order"'. This will cause values to be silently truncated if they do not fit in the default precision and scale. Explicitly specify the SQL server column type that can accommodate all the values in 'OnModelCreating' using 'HasColumnType()', specify precision and scale using 'HasPrecision()' or configure a value converter using 'HasConversion()'.
2020-11-19T18:45:23.0443557+03:00 [WRN] (Microsoft.EntityFrameworkCore.Model.Validation) No type was specified for the decimal property '"Price"' on entity type '"OrderDetail"'. This will cause values to be silently truncated if they do not fit in the default precision and scale. Explicitly specify the SQL server column type that can accommodate all the values in 'OnModelCreating' using 'HasColumnType()', specify precision and scale using 'HasPrecision()' or configure a value converter using 'HasConversion()'.
2020-11-19T18:45:23.0447352+03:00 [WRN] (Microsoft.EntityFrameworkCore.Model.Validation) No type was specified for the decimal property '"Price"' on entity type '"Pie"'. This will cause values to be silently truncated if they do not fit in the default precision and scale. Explicitly specify the SQL server column type that can accommodate all the values in 'OnModelCreating' using 'HasColumnType()', specify precision and scale using 'HasPrecision()' or configure a value converter using 'HasConversion()'.
2020-11-19T18:46:00.0227135+03:00 [ERR] (Serilog.AspNetCore.RequestLoggingMiddleware) HTTP "POST" "/Identity/Account/Register" responded 500 in 2399.5838 ms
MailKit.Net.Smtp.SmtpCommandException: 5.7.1 [2] Message rejected under suspicion of SPAM; https://ya.cc/1IrBc 1605800759-CrIoJYvAof-jxIScUus
   at MailKit.Net.Smtp.SmtpClient.DataAsync(FormatOptions options, MimeMessage message, Int64 size, Boolean doAsync, CancellationToken cancellationToken, ITransferProgress progress)
   at MailKit.Net.Smtp.SmtpClient.SendAsync(FormatOptions options, MimeMessage message, MailboxAddress sender, IList`1 recipients, Boolean doAsync, CancellationToken cancellationToken, ITransferProgress progress)
   at MailKit.Net.Smtp.SmtpClient.SendAsync(FormatOptions options, MimeMessage message, MailboxAddress sender, IList`1 recipients, Boolean doAsync, CancellationToken cancellationToken, ITransferProgress progress)
   at BakeryShop.Areas.Identity.EmailSender.SendEmailAsync(String email, String subject, String message) in D:\STUDY\ASP\Shop-asp.net-core\BakeryShop\BakeryShop\Areas\Identity\EmailSender.cs:line 30
   at BakeryShop.Areas.Identity.Pages.Account.RegisterModel.OnPostAsync(String returnUrl) in D:\STUDY\ASP\Shop-asp.net-core\BakeryShop\BakeryShop\Areas\Identity\Pages\Account\Register.cshtml.cs:line 90
   at Microsoft.AspNetCore.Mvc.RazorPages.Infrastructure.ExecutorFactory.GenericTaskHandlerMethod.Convert[T](Object taskAsObject)
   at Microsoft.AspNetCore.Mvc.RazorPages.Infrastructure.ExecutorFactory.GenericTaskHandlerMethod.Execute(Object receiver, Object[] arguments)
   at Microsoft.AspNetCore.Mvc.RazorPages.Infrastructure.PageActionInvoker.InvokeHandlerMethodAsync()
   at Microsoft.AspNetCore.Mvc.RazorPages.Infrastructure.PageActionInvoker.InvokeNextPageFilterAsync()
   at Microsoft.AspNetCore.Mvc.RazorPages.Infrastructure.PageActionInvoker.Rethrow(PageHandlerExecutedContext context)
   at Microsoft.AspNetCore.Mvc.RazorPages.Infrastructure.PageActionInvoker.Next(State& next, Scope& scope, Object& state, Boolean& isCompleted)
   at Microsoft.AspNetCore.Mvc.RazorPages.Infrastructure.PageActionInvoker.InvokeInnerFilterAsync()
   at Microsoft.AspNetCore.Mvc.Infrastructure.ResourceInvoker.<InvokeNextResourceFilter>g__Awaited|24_0(ResourceInvoker invoker, Task lastTask, State next, Scope scope, Object state, Boolean isCompleted)
   at Microsoft.AspNetCore.Mvc.Infrastructure.ResourceInvoker.Rethrow(ResourceExecutedContextSealed context)
   at Microsoft.AspNetCore.Mvc.Infrastructure.ResourceInvoker.Next(State& next, Scope& scope, Object& state, Boolean& isCompleted)
   at Microsoft.AspNetCore.Mvc.Infrastructure.ResourceInvoker.<InvokeFilterPipelineAsync>g__Awaited|19_0(ResourceInvoker invoker, Task lastTask, State next, Scope scope, Object state, Boolean isCompleted)
   at Microsoft.AspNetCore.Mvc.Infrastructure.ResourceInvoker.<InvokeAsync>g__Awaited|17_0(ResourceInvoker invoker, Task task, IDisposable scope)
   at Microsoft.AspNetCore.Routing.EndpointMiddleware.<Invoke>g__AwaitRequestTask|6_0(Endpoint endpoint, Task requestTask, ILogger logger)
   at Microsoft.AspNetCore.Authorization.AuthorizationMiddleware.Invoke(HttpContext context)
   at Microsoft.AspNetCore.Authentication.AuthenticationMiddleware.Invoke(HttpContext context)
   at Serilog.AspNetCore.RequestLoggingMiddleware.Invoke(HttpContext httpContext)
2020-11-19T18:46:00.1502809+03:00 [ERR] (Microsoft.AspNetCore.Diagnostics.ExceptionHandlerMiddleware) An unhandled exception has occurred while executing the request.
MailKit.Net.Smtp.SmtpCommandException: 5.7.1 [2] Message rejected under suspicion of SPAM; https://ya.cc/1IrBc 1605800759-CrIoJYvAof-jxIScUus
   at MailKit.Net.Smtp.SmtpClient.DataAsync(FormatOptions options, MimeMessage message, Int64 size, Boolean doAsync, CancellationToken cancellationToken, ITransferProgress progress)
   at MailKit.Net.Smtp.SmtpClient.SendAsync(FormatOptions options, MimeMessage message, MailboxAddress sender, IList`1 recipients, Boolean doAsync, CancellationToken cancellationToken, ITransferProgress progress)
   at MailKit.Net.Smtp.SmtpClient.SendAsync(FormatOptions options, MimeMessage message, MailboxAddress sender, IList`1 recipients, Boolean doAsync, CancellationToken cancellationToken, ITransferProgress progress)
   at BakeryShop.Areas.Identity.EmailSender.SendEmailAsync(String email, String subject, String message) in D:\STUDY\ASP\Shop-asp.net-core\BakeryShop\BakeryShop\Areas\Identity\EmailSender.cs:line 30
   at BakeryShop.Areas.Identity.Pages.Account.RegisterModel.OnPostAsync(String returnUrl) in D:\STUDY\ASP\Shop-asp.net-core\BakeryShop\BakeryShop\Areas\Identity\Pages\Account\Register.cshtml.cs:line 90
   at Microsoft.AspNetCore.Mvc.RazorPages.Infrastructure.ExecutorFactory.GenericTaskHandlerMethod.Convert[T](Object taskAsObject)
   at Microsoft.AspNetCore.Mvc.RazorPages.Infrastructure.ExecutorFactory.GenericTaskHandlerMethod.Execute(Object receiver, Object[] arguments)
   at Microsoft.AspNetCore.Mvc.RazorPages.Infrastructure.PageActionInvoker.InvokeHandlerMethodAsync()
   at Microsoft.AspNetCore.Mvc.RazorPages.Infrastructure.PageActionInvoker.InvokeNextPageFilterAsync()
   at Microsoft.AspNetCore.Mvc.RazorPages.Infrastructure.PageActionInvoker.Rethrow(PageHandlerExecutedContext context)
   at Microsoft.AspNetCore.Mvc.RazorPages.Infrastructure.PageActionInvoker.Next(State& next, Scope& scope, Object& state, Boolean& isCompleted)
   at Microsoft.AspNetCore.Mvc.RazorPages.Infrastructure.PageActionInvoker.InvokeInnerFilterAsync()
   at Microsoft.AspNetCore.Mvc.Infrastructure.ResourceInvoker.<InvokeNextResourceFilter>g__Awaited|24_0(ResourceInvoker invoker, Task lastTask, State next, Scope scope, Object state, Boolean isCompleted)
   at Microsoft.AspNetCore.Mvc.Infrastructure.ResourceInvoker.Rethrow(ResourceExecutedContextSealed context)
   at Microsoft.AspNetCore.Mvc.Infrastructure.ResourceInvoker.Next(State& next, Scope& scope, Object& state, Boolean& isCompleted)
   at Microsoft.AspNetCore.Mvc.Infrastructure.ResourceInvoker.<InvokeFilterPipelineAsync>g__Awaited|19_0(ResourceInvoker invoker, Task lastTask, State next, Scope scope, Object state, Boolean isCompleted)
   at Microsoft.AspNetCore.Mvc.Infrastructure.ResourceInvoker.<InvokeAsync>g__Awaited|17_0(ResourceInvoker invoker, Task task, IDisposable scope)
   at Microsoft.AspNetCore.Routing.EndpointMiddleware.<Invoke>g__AwaitRequestTask|6_0(Endpoint endpoint, Task requestTask, ILogger logger)
   at Microsoft.AspNetCore.Authorization.AuthorizationMiddleware.Invoke(HttpContext context)
   at Microsoft.AspNetCore.Authentication.AuthenticationMiddleware.Invoke(HttpContext context)
   at Serilog.AspNetCore.RequestLoggingMiddleware.Invoke(HttpContext httpContext)
   at Microsoft.AspNetCore.Session.SessionMiddleware.Invoke(HttpContext context)
   at Microsoft.AspNetCore.Session.SessionMiddleware.Invoke(HttpContext context)
   at Microsoft.AspNetCore.Diagnostics.ExceptionHandlerMiddleware.<Invoke>g__Awaited|6_0(ExceptionHandlerMiddleware middleware, HttpContext context, Task task)
2020-11-19T18:48:10.6351462+03:00 [WRN] (Microsoft.EntityFrameworkCore.Model.Validation) No type was specified for the decimal property '"OrderTotal"' on entity type '"Order"'. This will cause values to be silently truncated if they do not fit in the default precision and scale. Explicitly specify the SQL server column type that can accommodate all the values in 'OnModelCreating' using 'HasColumnType()', specify precision and scale using 'HasPrecision()' or configure a value converter using 'HasConversion()'.
2020-11-19T18:48:10.6482976+03:00 [WRN] (Microsoft.EntityFrameworkCore.Model.Validation) No type was specified for the decimal property '"Price"' on entity type '"OrderDetail"'. This will cause values to be silently truncated if they do not fit in the default precision and scale. Explicitly specify the SQL server column type that can accommodate all the values in 'OnModelCreating' using 'HasColumnType()', specify precision and scale using 'HasPrecision()' or configure a value converter using 'HasConversion()'.
2020-11-19T18:48:10.6489419+03:00 [WRN] (Microsoft.EntityFrameworkCore.Model.Validation) No type was specified for the decimal property '"Price"' on entity type '"Pie"'. This will cause values to be silently truncated if they do not fit in the default precision and scale. Explicitly specify the SQL server column type that can accommodate all the values in 'OnModelCreating' using 'HasColumnType()', specify precision and scale using 'HasPrecision()' or configure a value converter using 'HasConversion()'.
2020-11-19T18:48:41.5161865+03:00 [ERR] (Serilog.AspNetCore.RequestLoggingMiddleware) HTTP "POST" "/Identity/Account/Register" responded 500 in 2327.5157 ms
MailKit.Net.Smtp.SmtpCommandException: 5.7.1 [2] Message rejected under suspicion of SPAM; https://ya.cc/1IrBc 1605800921-6d2rHxww7z-meHSYJrD
   at MailKit.Net.Smtp.SmtpClient.DataAsync(FormatOptions options, MimeMessage message, Int64 size, Boolean doAsync, CancellationToken cancellationToken, ITransferProgress progress)
   at MailKit.Net.Smtp.SmtpClient.SendAsync(FormatOptions options, MimeMessage message, MailboxAddress sender, IList`1 recipients, Boolean doAsync, CancellationToken cancellationToken, ITransferProgress progress)
   at MailKit.Net.Smtp.SmtpClient.SendAsync(FormatOptions options, MimeMessage message, MailboxAddress sender, IList`1 recipients, Boolean doAsync, CancellationToken cancellationToken, ITransferProgress progress)
   at BakeryShop.Areas.Identity.EmailSender.SendEmailAsync(String email, String subject, String message) in D:\STUDY\ASP\Shop-asp.net-core\BakeryShop\BakeryShop\Areas\Identity\EmailSender.cs:line 30
   at BakeryShop.Areas.Identity.Pages.Account.RegisterModel.OnPostAsync(String returnUrl) in D:\STUDY\ASP\Shop-asp.net-core\BakeryShop\BakeryShop\Areas\Identity\Pages\Account\Register.cshtml.cs:line 90
   at Microsoft.AspNetCore.Mvc.RazorPages.Infrastructure.ExecutorFactory.GenericTaskHandlerMethod.Convert[T](Object taskAsObject)
   at Microsoft.AspNetCore.Mvc.RazorPages.Infrastructure.ExecutorFactory.GenericTaskHandlerMethod.Execute(Object receiver, Object[] arguments)
   at Microsoft.AspNetCore.Mvc.RazorPages.Infrastructure.PageActionInvoker.InvokeHandlerMethodAsync()
   at Microsoft.AspNetCore.Mvc.RazorPages.Infrastructure.PageActionInvoker.InvokeNextPageFilterAsync()
   at Microsoft.AspNetCore.Mvc.RazorPages.Infrastructure.PageActionInvoker.Rethrow(PageHandlerExecutedContext context)
   at Microsoft.AspNetCore.Mvc.RazorPages.Infrastructure.PageActionInvoker.Next(State& next, Scope& scope, Object& state, Boolean& isCompleted)
   at Microsoft.AspNetCore.Mvc.RazorPages.Infrastructure.PageActionInvoker.InvokeInnerFilterAsync()
   at Microsoft.AspNetCore.Mvc.Infrastructure.ResourceInvoker.<InvokeNextResourceFilter>g__Awaited|24_0(ResourceInvoker invoker, Task lastTask, State next, Scope scope, Object state, Boolean isCompleted)
   at Microsoft.AspNetCore.Mvc.Infrastructure.ResourceInvoker.Rethrow(ResourceExecutedContextSealed context)
   at Microsoft.AspNetCore.Mvc.Infrastructure.ResourceInvoker.Next(State& next, Scope& scope, Object& state, Boolean& isCompleted)
   at Microsoft.AspNetCore.Mvc.Infrastructure.ResourceInvoker.<InvokeFilterPipelineAsync>g__Awaited|19_0(ResourceInvoker invoker, Task lastTask, State next, Scope scope, Object state, Boolean isCompleted)
   at Microsoft.AspNetCore.Mvc.Infrastructure.ResourceInvoker.<InvokeAsync>g__Awaited|17_0(ResourceInvoker invoker, Task task, IDisposable scope)
   at Microsoft.AspNetCore.Routing.EndpointMiddleware.<Invoke>g__AwaitRequestTask|6_0(Endpoint endpoint, Task requestTask, ILogger logger)
   at Microsoft.AspNetCore.Authorization.AuthorizationMiddleware.Invoke(HttpContext context)
   at Microsoft.AspNetCore.Authentication.AuthenticationMiddleware.Invoke(HttpContext context)
   at Serilog.AspNetCore.RequestLoggingMiddleware.Invoke(HttpContext httpContext)
2020-11-19T18:48:41.6228848+03:00 [ERR] (Microsoft.AspNetCore.Diagnostics.ExceptionHandlerMiddleware) An unhandled exception has occurred while executing the request.
MailKit.Net.Smtp.SmtpCommandException: 5.7.1 [2] Message rejected under suspicion of SPAM; https://ya.cc/1IrBc 1605800921-6d2rHxww7z-meHSYJrD
   at MailKit.Net.Smtp.SmtpClient.DataAsync(FormatOptions options, MimeMessage message, Int64 size, Boolean doAsync, CancellationToken cancellationToken, ITransferProgress progress)
   at MailKit.Net.Smtp.SmtpClient.SendAsync(FormatOptions options, MimeMessage message, MailboxAddress sender, IList`1 recipients, Boolean doAsync, CancellationToken cancellationToken, ITransferProgress progress)
   at MailKit.Net.Smtp.SmtpClient.SendAsync(FormatOptions options, MimeMessage message, MailboxAddress sender, IList`1 recipients, Boolean doAsync, CancellationToken cancellationToken, ITransferProgress progress)
   at BakeryShop.Areas.Identity.EmailSender.SendEmailAsync(String email, String subject, String message) in D:\STUDY\ASP\Shop-asp.net-core\BakeryShop\BakeryShop\Areas\Identity\EmailSender.cs:line 30
   at BakeryShop.Areas.Identity.Pages.Account.RegisterModel.OnPostAsync(String returnUrl) in D:\STUDY\ASP\Shop-asp.net-core\BakeryShop\BakeryShop\Areas\Identity\Pages\Account\Register.cshtml.cs:line 90
   at Microsoft.AspNetCore.Mvc.RazorPages.Infrastructure.ExecutorFactory.GenericTaskHandlerMethod.Convert[T](Object taskAsObject)
   at Microsoft.AspNetCore.Mvc.RazorPages.Infrastructure.ExecutorFactory.GenericTaskHandlerMethod.Execute(Object receiver, Object[] arguments)
   at Microsoft.AspNetCore.Mvc.RazorPages.Infrastructure.PageActionInvoker.InvokeHandlerMethodAsync()
   at Microsoft.AspNetCore.Mvc.RazorPages.Infrastructure.PageActionInvoker.InvokeNextPageFilterAsync()
   at Microsoft.AspNetCore.Mvc.RazorPages.Infrastructure.PageActionInvoker.Rethrow(PageHandlerExecutedContext context)
   at Microsoft.AspNetCore.Mvc.RazorPages.Infrastructure.PageActionInvoker.Next(State& next, Scope& scope, Object& state, Boolean& isCompleted)
   at Microsoft.AspNetCore.Mvc.RazorPages.Infrastructure.PageActionInvoker.InvokeInnerFilterAsync()
   at Microsoft.AspNetCore.Mvc.Infrastructure.ResourceInvoker.<InvokeNextResourceFilter>g__Awaited|24_0(ResourceInvoker invoker, Task lastTask, State next, Scope scope, Object state, Boolean isCompleted)
   at Microsoft.AspNetCore.Mvc.Infrastructure.ResourceInvoker.Rethrow(ResourceExecutedContextSealed context)
   at Microsoft.AspNetCore.Mvc.Infrastructure.ResourceInvoker.Next(State& next, Scope& scope, Object& state, Boolean& isCompleted)
   at Microsoft.AspNetCore.Mvc.Infrastructure.ResourceInvoker.<InvokeFilterPipelineAsync>g__Awaited|19_0(ResourceInvoker invoker, Task lastTask, State next, Scope scope, Object state, Boolean isCompleted)
   at Microsoft.AspNetCore.Mvc.Infrastructure.ResourceInvoker.<InvokeAsync>g__Awaited|17_0(ResourceInvoker invoker, Task task, IDisposable scope)
   at Microsoft.AspNetCore.Routing.EndpointMiddleware.<Invoke>g__AwaitRequestTask|6_0(Endpoint endpoint, Task requestTask, ILogger logger)
   at Microsoft.AspNetCore.Authorization.AuthorizationMiddleware.Invoke(HttpContext context)
   at Microsoft.AspNetCore.Authentication.AuthenticationMiddleware.Invoke(HttpContext context)
   at Serilog.AspNetCore.RequestLoggingMiddleware.Invoke(HttpContext httpContext)
   at Microsoft.AspNetCore.Session.SessionMiddleware.Invoke(HttpContext context)
   at Microsoft.AspNetCore.Session.SessionMiddleware.Invoke(HttpContext context)
   at Microsoft.AspNetCore.Diagnostics.ExceptionHandlerMiddleware.<Invoke>g__Awaited|6_0(ExceptionHandlerMiddleware middleware, HttpContext context, Task task)
2020-11-19T18:53:16.5019847+03:00 [WRN] (Microsoft.EntityFrameworkCore.Model.Validation) No type was specified for the decimal property '"OrderTotal"' on entity type '"Order"'. This will cause values to be silently truncated if they do not fit in the default precision and scale. Explicitly specify the SQL server column type that can accommodate all the values in 'OnModelCreating' using 'HasColumnType()', specify precision and scale using 'HasPrecision()' or configure a value converter using 'HasConversion()'.
2020-11-19T18:53:16.5200641+03:00 [WRN] (Microsoft.EntityFrameworkCore.Model.Validation) No type was specified for the decimal property '"Price"' on entity type '"OrderDetail"'. This will cause values to be silently truncated if they do not fit in the default precision and scale. Explicitly specify the SQL server column type that can accommodate all the values in 'OnModelCreating' using 'HasColumnType()', specify precision and scale using 'HasPrecision()' or configure a value converter using 'HasConversion()'.
2020-11-19T18:53:16.5203255+03:00 [WRN] (Microsoft.EntityFrameworkCore.Model.Validation) No type was specified for the decimal property '"Price"' on entity type '"Pie"'. This will cause values to be silently truncated if they do not fit in the default precision and scale. Explicitly specify the SQL server column type that can accommodate all the values in 'OnModelCreating' using 'HasColumnType()', specify precision and scale using 'HasPrecision()' or configure a value converter using 'HasConversion()'.
2020-11-19T18:53:47.0069649+03:00 [ERR] (Serilog.AspNetCore.RequestLoggingMiddleware) HTTP "POST" "/Identity/Account/Register" responded 500 in 2549.2983 ms
MailKit.Net.Smtp.SmtpCommandException: 5.7.1 [2] Message rejected under suspicion of SPAM; https://ya.cc/1IrBc 1605801226-EV46CCPDtZ-rkIWSxp5
   at MailKit.Net.Smtp.SmtpClient.DataAsync(FormatOptions options, MimeMessage message, Int64 size, Boolean doAsync, CancellationToken cancellationToken, ITransferProgress progress)
   at MailKit.Net.Smtp.SmtpClient.SendAsync(FormatOptions options, MimeMessage message, MailboxAddress sender, IList`1 recipients, Boolean doAsync, CancellationToken cancellationToken, ITransferProgress progress)
   at MailKit.Net.Smtp.SmtpClient.SendAsync(FormatOptions options, MimeMessage message, MailboxAddress sender, IList`1 recipients, Boolean doAsync, CancellationToken cancellationToken, ITransferProgress progress)
   at BakeryShop.Areas.Identity.EmailSender.SendEmailAsync(String email, String subject, String message) in D:\STUDY\ASP\Shop-asp.net-core\BakeryShop\BakeryShop\Areas\Identity\EmailSender.cs:line 30
   at BakeryShop.Areas.Identity.Pages.Account.RegisterModel.OnPostAsync(String returnUrl) in D:\STUDY\ASP\Shop-asp.net-core\BakeryShop\BakeryShop\Areas\Identity\Pages\Account\Register.cshtml.cs:line 90
   at Microsoft.AspNetCore.Mvc.RazorPages.Infrastructure.ExecutorFactory.GenericTaskHandlerMethod.Convert[T](Object taskAsObject)
   at Microsoft.AspNetCore.Mvc.RazorPages.Infrastructure.ExecutorFactory.GenericTaskHandlerMethod.Execute(Object receiver, Object[] arguments)
   at Microsoft.AspNetCore.Mvc.RazorPages.Infrastructure.PageActionInvoker.InvokeHandlerMethodAsync()
   at Microsoft.AspNetCore.Mvc.RazorPages.Infrastructure.PageActionInvoker.InvokeNextPageFilterAsync()
   at Microsoft.AspNetCore.Mvc.RazorPages.Infrastructure.PageActionInvoker.Rethrow(PageHandlerExecutedContext context)
   at Microsoft.AspNetCore.Mvc.RazorPages.Infrastructure.PageActionInvoker.Next(State& next, Scope& scope, Object& state, Boolean& isCompleted)
   at Microsoft.AspNetCore.Mvc.RazorPages.Infrastructure.PageActionInvoker.InvokeInnerFilterAsync()
   at Microsoft.AspNetCore.Mvc.Infrastructure.ResourceInvoker.<InvokeNextResourceFilter>g__Awaited|24_0(ResourceInvoker invoker, Task lastTask, State next, Scope scope, Object state, Boolean isCompleted)
   at Microsoft.AspNetCore.Mvc.Infrastructure.ResourceInvoker.Rethrow(ResourceExecutedContextSealed context)
   at Microsoft.AspNetCore.Mvc.Infrastructure.ResourceInvoker.Next(State& next, Scope& scope, Object& state, Boolean& isCompleted)
   at Microsoft.AspNetCore.Mvc.Infrastructure.ResourceInvoker.<InvokeFilterPipelineAsync>g__Awaited|19_0(ResourceInvoker invoker, Task lastTask, State next, Scope scope, Object state, Boolean isCompleted)
   at Microsoft.AspNetCore.Mvc.Infrastructure.ResourceInvoker.<InvokeAsync>g__Awaited|17_0(ResourceInvoker invoker, Task task, IDisposable scope)
   at Microsoft.AspNetCore.Routing.EndpointMiddleware.<Invoke>g__AwaitRequestTask|6_0(Endpoint endpoint, Task requestTask, ILogger logger)
   at Microsoft.AspNetCore.Authorization.AuthorizationMiddleware.Invoke(HttpContext context)
   at Microsoft.AspNetCore.Authentication.AuthenticationMiddleware.Invoke(HttpContext context)
   at Serilog.AspNetCore.RequestLoggingMiddleware.Invoke(HttpContext httpContext)
2020-11-19T18:53:47.1252441+03:00 [ERR] (Microsoft.AspNetCore.Diagnostics.ExceptionHandlerMiddleware) An unhandled exception has occurred while executing the request.
MailKit.Net.Smtp.SmtpCommandException: 5.7.1 [2] Message rejected under suspicion of SPAM; https://ya.cc/1IrBc 1605801226-EV46CCPDtZ-rkIWSxp5
   at MailKit.Net.Smtp.SmtpClient.DataAsync(FormatOptions options, MimeMessage message, Int64 size, Boolean doAsync, CancellationToken cancellationToken, ITransferProgress progress)
   at MailKit.Net.Smtp.SmtpClient.SendAsync(FormatOptions options, MimeMessage message, MailboxAddress sender, IList`1 recipients, Boolean doAsync, CancellationToken cancellationToken, ITransferProgress progress)
   at MailKit.Net.Smtp.SmtpClient.SendAsync(FormatOptions options, MimeMessage message, MailboxAddress sender, IList`1 recipients, Boolean doAsync, CancellationToken cancellationToken, ITransferProgress progress)
   at BakeryShop.Areas.Identity.EmailSender.SendEmailAsync(String email, String subject, String message) in D:\STUDY\ASP\Shop-asp.net-core\BakeryShop\BakeryShop\Areas\Identity\EmailSender.cs:line 30
   at BakeryShop.Areas.Identity.Pages.Account.RegisterModel.OnPostAsync(String returnUrl) in D:\STUDY\ASP\Shop-asp.net-core\BakeryShop\BakeryShop\Areas\Identity\Pages\Account\Register.cshtml.cs:line 90
   at Microsoft.AspNetCore.Mvc.RazorPages.Infrastructure.ExecutorFactory.GenericTaskHandlerMethod.Convert[T](Object taskAsObject)
   at Microsoft.AspNetCore.Mvc.RazorPages.Infrastructure.ExecutorFactory.GenericTaskHandlerMethod.Execute(Object receiver, Object[] arguments)
   at Microsoft.AspNetCore.Mvc.RazorPages.Infrastructure.PageActionInvoker.InvokeHandlerMethodAsync()
   at Microsoft.AspNetCore.Mvc.RazorPages.Infrastructure.PageActionInvoker.InvokeNextPageFilterAsync()
   at Microsoft.AspNetCore.Mvc.RazorPages.Infrastructure.PageActionInvoker.Rethrow(PageHandlerExecutedContext context)
   at Microsoft.AspNetCore.Mvc.RazorPages.Infrastructure.PageActionInvoker.Next(State& next, Scope& scope, Object& state, Boolean& isCompleted)
   at Microsoft.AspNetCore.Mvc.RazorPages.Infrastructure.PageActionInvoker.InvokeInnerFilterAsync()
   at Microsoft.AspNetCore.Mvc.Infrastructure.ResourceInvoker.<InvokeNextResourceFilter>g__Awaited|24_0(ResourceInvoker invoker, Task lastTask, State next, Scope scope, Object state, Boolean isCompleted)
   at Microsoft.AspNetCore.Mvc.Infrastructure.ResourceInvoker.Rethrow(ResourceExecutedContextSealed context)
   at Microsoft.AspNetCore.Mvc.Infrastructure.ResourceInvoker.Next(State& next, Scope& scope, Object& state, Boolean& isCompleted)
   at Microsoft.AspNetCore.Mvc.Infrastructure.ResourceInvoker.<InvokeFilterPipelineAsync>g__Awaited|19_0(ResourceInvoker invoker, Task lastTask, State next, Scope scope, Object state, Boolean isCompleted)
   at Microsoft.AspNetCore.Mvc.Infrastructure.ResourceInvoker.<InvokeAsync>g__Awaited|17_0(ResourceInvoker invoker, Task task, IDisposable scope)
   at Microsoft.AspNetCore.Routing.EndpointMiddleware.<Invoke>g__AwaitRequestTask|6_0(Endpoint endpoint, Task requestTask, ILogger logger)
   at Microsoft.AspNetCore.Authorization.AuthorizationMiddleware.Invoke(HttpContext context)
   at Microsoft.AspNetCore.Authentication.AuthenticationMiddleware.Invoke(HttpContext context)
   at Serilog.AspNetCore.RequestLoggingMiddleware.Invoke(HttpContext httpContext)
   at Microsoft.AspNetCore.Session.SessionMiddleware.Invoke(HttpContext context)
   at Microsoft.AspNetCore.Session.SessionMiddleware.Invoke(HttpContext context)
   at Microsoft.AspNetCore.Diagnostics.ExceptionHandlerMiddleware.<Invoke>g__Awaited|6_0(ExceptionHandlerMiddleware middleware, HttpContext context, Task task)
2020-11-19T18:55:25.3029182+03:00 [WRN] (Microsoft.EntityFrameworkCore.Model.Validation) No type was specified for the decimal property '"OrderTotal"' on entity type '"Order"'. This will cause values to be silently truncated if they do not fit in the default precision and scale. Explicitly specify the SQL server column type that can accommodate all the values in 'OnModelCreating' using 'HasColumnType()', specify precision and scale using 'HasPrecision()' or configure a value converter using 'HasConversion()'.
2020-11-19T18:55:25.3143175+03:00 [WRN] (Microsoft.EntityFrameworkCore.Model.Validation) No type was specified for the decimal property '"Price"' on entity type '"OrderDetail"'. This will cause values to be silently truncated if they do not fit in the default precision and scale. Explicitly specify the SQL server column type that can accommodate all the values in 'OnModelCreating' using 'HasColumnType()', specify precision and scale using 'HasPrecision()' or configure a value converter using 'HasConversion()'.
2020-11-19T18:55:25.3145546+03:00 [WRN] (Microsoft.EntityFrameworkCore.Model.Validation) No type was specified for the decimal property '"Price"' on entity type '"Pie"'. This will cause values to be silently truncated if they do not fit in the default precision and scale. Explicitly specify the SQL server column type that can accommodate all the values in 'OnModelCreating' using 'HasColumnType()', specify precision and scale using 'HasPrecision()' or configure a value converter using 'HasConversion()'.
2020-11-19T18:56:43.1042599+03:00 [WRN] (Microsoft.AspNetCore.Identity.SignInManager) User "e6486ce8-4bd2-45c4-a27a-87781f95923a" cannot sign in without a confirmed account.
2020-11-19T18:56:43.1096022+03:00 [WRN] (BakeryShop.Areas.Identity.Pages.Account.LoginModel) User account not confirmed.
2020-11-19T19:06:13.1160040+03:00 [WRN] (Microsoft.EntityFrameworkCore.Model.Validation) No type was specified for the decimal property '"OrderTotal"' on entity type '"Order"'. This will cause values to be silently truncated if they do not fit in the default precision and scale. Explicitly specify the SQL server column type that can accommodate all the values in 'OnModelCreating' using 'HasColumnType()', specify precision and scale using 'HasPrecision()' or configure a value converter using 'HasConversion()'.
2020-11-19T19:06:13.1282702+03:00 [WRN] (Microsoft.EntityFrameworkCore.Model.Validation) No type was specified for the decimal property '"Price"' on entity type '"OrderDetail"'. This will cause values to be silently truncated if they do not fit in the default precision and scale. Explicitly specify the SQL server column type that can accommodate all the values in 'OnModelCreating' using 'HasColumnType()', specify precision and scale using 'HasPrecision()' or configure a value converter using 'HasConversion()'.
2020-11-19T19:06:13.1284681+03:00 [WRN] (Microsoft.EntityFrameworkCore.Model.Validation) No type was specified for the decimal property '"Price"' on entity type '"Pie"'. This will cause values to be silently truncated if they do not fit in the default precision and scale. Explicitly specify the SQL server column type that can accommodate all the values in 'OnModelCreating' using 'HasColumnType()', specify precision and scale using 'HasPrecision()' or configure a value converter using 'HasConversion()'.
2020-11-19T19:10:21.6076094+03:00 [WRN] (Microsoft.EntityFrameworkCore.Model.Validation) No type was specified for the decimal property '"OrderTotal"' on entity type '"Order"'. This will cause values to be silently truncated if they do not fit in the default precision and scale. Explicitly specify the SQL server column type that can accommodate all the values in 'OnModelCreating' using 'HasColumnType()', specify precision and scale using 'HasPrecision()' or configure a value converter using 'HasConversion()'.
2020-11-19T19:10:21.6267604+03:00 [WRN] (Microsoft.EntityFrameworkCore.Model.Validation) No type was specified for the decimal property '"Price"' on entity type '"OrderDetail"'. This will cause values to be silently truncated if they do not fit in the default precision and scale. Explicitly specify the SQL server column type that can accommodate all the values in 'OnModelCreating' using 'HasColumnType()', specify precision and scale using 'HasPrecision()' or configure a value converter using 'HasConversion()'.
2020-11-19T19:10:21.6270012+03:00 [WRN] (Microsoft.EntityFrameworkCore.Model.Validation) No type was specified for the decimal property '"Price"' on entity type '"Pie"'. This will cause values to be silently truncated if they do not fit in the default precision and scale. Explicitly specify the SQL server column type that can accommodate all the values in 'OnModelCreating' using 'HasColumnType()', specify precision and scale using 'HasPrecision()' or configure a value converter using 'HasConversion()'.
2020-11-19T19:10:41.1897603+03:00 [WRN] (Microsoft.AspNetCore.Identity.UserManager) User validation failed: "DuplicateUserName;DuplicateEmail".
2020-11-19T19:15:32.9713412+03:00 [WRN] (Microsoft.EntityFrameworkCore.Model.Validation) No type was specified for the decimal property '"OrderTotal"' on entity type '"Order"'. This will cause values to be silently truncated if they do not fit in the default precision and scale. Explicitly specify the SQL server column type that can accommodate all the values in 'OnModelCreating' using 'HasColumnType()', specify precision and scale using 'HasPrecision()' or configure a value converter using 'HasConversion()'.
2020-11-19T19:15:32.9835301+03:00 [WRN] (Microsoft.EntityFrameworkCore.Model.Validation) No type was specified for the decimal property '"Price"' on entity type '"OrderDetail"'. This will cause values to be silently truncated if they do not fit in the default precision and scale. Explicitly specify the SQL server column type that can accommodate all the values in 'OnModelCreating' using 'HasColumnType()', specify precision and scale using 'HasPrecision()' or configure a value converter using 'HasConversion()'.
2020-11-19T19:15:32.9836989+03:00 [WRN] (Microsoft.EntityFrameworkCore.Model.Validation) No type was specified for the decimal property '"Price"' on entity type '"Pie"'. This will cause values to be silently truncated if they do not fit in the default precision and scale. Explicitly specify the SQL server column type that can accommodate all the values in 'OnModelCreating' using 'HasColumnType()', specify precision and scale using 'HasPrecision()' or configure a value converter using 'HasConversion()'.
2020-11-19T21:22:58.9592043+03:00 [WRN] (Microsoft.EntityFrameworkCore.Model.Validation) No type was specified for the decimal property '"OrderTotal"' on entity type '"Order"'. This will cause values to be silently truncated if they do not fit in the default precision and scale. Explicitly specify the SQL server column type that can accommodate all the values in 'OnModelCreating' using 'HasColumnType()', specify precision and scale using 'HasPrecision()' or configure a value converter using 'HasConversion()'.
2020-11-19T21:22:58.9700932+03:00 [WRN] (Microsoft.EntityFrameworkCore.Model.Validation) No type was specified for the decimal property '"Price"' on entity type '"OrderDetail"'. This will cause values to be silently truncated if they do not fit in the default precision and scale. Explicitly specify the SQL server column type that can accommodate all the values in 'OnModelCreating' using 'HasColumnType()', specify precision and scale using 'HasPrecision()' or configure a value converter using 'HasConversion()'.
2020-11-19T21:22:58.9705920+03:00 [WRN] (Microsoft.EntityFrameworkCore.Model.Validation) No type was specified for the decimal property '"Price"' on entity type '"Pie"'. This will cause values to be silently truncated if they do not fit in the default precision and scale. Explicitly specify the SQL server column type that can accommodate all the values in 'OnModelCreating' using 'HasColumnType()', specify precision and scale using 'HasPrecision()' or configure a value converter using 'HasConversion()'.
2020-11-19T21:23:38.2400095+03:00 [WRN] (Microsoft.EntityFrameworkCore.Model.Validation) No type was specified for the decimal property '"OrderTotal"' on entity type '"Order"'. This will cause values to be silently truncated if they do not fit in the default precision and scale. Explicitly specify the SQL server column type that can accommodate all the values in 'OnModelCreating' using 'HasColumnType()', specify precision and scale using 'HasPrecision()' or configure a value converter using 'HasConversion()'.
2020-11-19T21:23:38.2517482+03:00 [WRN] (Microsoft.EntityFrameworkCore.Model.Validation) No type was specified for the decimal property '"Price"' on entity type '"OrderDetail"'. This will cause values to be silently truncated if they do not fit in the default precision and scale. Explicitly specify the SQL server column type that can accommodate all the values in 'OnModelCreating' using 'HasColumnType()', specify precision and scale using 'HasPrecision()' or configure a value converter using 'HasConversion()'.
2020-11-19T21:23:38.2522809+03:00 [WRN] (Microsoft.EntityFrameworkCore.Model.Validation) No type was specified for the decimal property '"Price"' on entity type '"Pie"'. This will cause values to be silently truncated if they do not fit in the default precision and scale. Explicitly specify the SQL server column type that can accommodate all the values in 'OnModelCreating' using 'HasColumnType()', specify precision and scale using 'HasPrecision()' or configure a value converter using 'HasConversion()'.
